

================================================================
== Vitis HLS Report for 'fir'
================================================================
* Date:           Sat May  9 16:31:00 2026

* Version:        2023.2 (Build 4023990 on Oct 11 2023)
* Project:        fir128
* Solution:       solution1 (Vivado IP Flow Target)
* Product family: zynq
* Target device:  xc7z010-clg400-1


================================================================
== Performance Estimates
================================================================
+ Timing: 
    * Summary: 
    +--------+----------+----------+------------+
    |  Clock |  Target  | Estimated| Uncertainty|
    +--------+----------+----------+------------+
    |ap_clk  |  10.00 ns|  6.712 ns|     2.70 ns|
    +--------+----------+----------+------------+

+ Latency: 
    * Summary: 
    +---------+---------+----------+----------+-----+-----+---------+
    |  Latency (cycles) |  Latency (absolute) |  Interval | Pipeline|
    |   min   |   max   |    min   |    max   | min | max |   Type  |
    +---------+---------+----------+----------+-----+-----+---------+
    |      273|      273|  2.730 us|  2.730 us|  274|  274|       no|
    +---------+---------+----------+----------+-----+-----+---------+

    + Detail: 
        * Instance: 
        +------------------------------------+-------------------------+---------+---------+----------+----------+-----+-----+---------+
        |                                    |                         |  Latency (cycles) |  Latency (absolute) |  Interval | Pipeline|
        |              Instance              |          Module         |   min   |   max   |    min   |    max   | min | max |   Type  |
        +------------------------------------+-------------------------+---------+---------+----------+----------+-----+-----+---------+
        |grp_fir_Pipeline_MAC_Loop_0_fu_191  |fir_Pipeline_MAC_Loop_0  |      133|      133|  1.330 us|  1.330 us|  133|  133|       no|
        |grp_fir_Pipeline_MAC_Loop_1_fu_204  |fir_Pipeline_MAC_Loop_1  |      133|      133|  1.330 us|  1.330 us|  133|  133|       no|
        +------------------------------------+-------------------------+---------+---------+----------+----------+-----+-----+---------+

        * Loop: 
        N/A



================================================================
== Utilization Estimates
================================================================
* Summary: 
+-----------------+---------+----+-------+-------+-----+
|       Name      | BRAM_18K| DSP|   FF  |  LUT  | URAM|
+-----------------+---------+----+-------+-------+-----+
|DSP              |        -|   -|      -|      -|    -|
|Expression       |        -|   -|      0|     30|    -|
|FIFO             |        -|   -|      -|      -|    -|
|Instance         |        -|   4|    424|    398|    -|
|Memory           |        2|   -|      5|     10|    -|
|Multiplexer      |        -|   -|      -|    206|    -|
|Register         |        -|   -|    136|      -|    -|
+-----------------+---------+----+-------+-------+-----+
|Total            |        2|   4|    565|    644|    0|
+-----------------+---------+----+-------+-------+-----+
|Available        |      120|  80|  35200|  17600|    0|
+-----------------+---------+----+-------+-------+-----+
|Utilization (%)  |        1|   5|      1|      3|    0|
+-----------------+---------+----+-------+-------+-----+

+ Detail: 
    * Instance: 
    +------------------------------------+-------------------------+---------+----+-----+-----+-----+
    |              Instance              |          Module         | BRAM_18K| DSP|  FF | LUT | URAM|
    +------------------------------------+-------------------------+---------+----+-----+-----+-----+
    |grp_fir_Pipeline_MAC_Loop_0_fu_191  |fir_Pipeline_MAC_Loop_0  |        0|   2|  212|  199|    0|
    |grp_fir_Pipeline_MAC_Loop_1_fu_204  |fir_Pipeline_MAC_Loop_1  |        0|   2|  212|  199|    0|
    +------------------------------------+-------------------------+---------+----+-----+-----+-----+
    |Total                               |                         |        0|   4|  424|  398|    0|
    +------------------------------------+-------------------------+---------+----+-----+-----+-----+

    * DSP: 
    N/A

    * Memory: 
    +-----------+--------------------------+---------+---+----+-----+------+-----+------+-------------+
    |   Memory  |          Module          | BRAM_18K| FF| LUT| URAM| Words| Bits| Banks| W*Bits*Banks|
    +-----------+--------------------------+---------+---+----+-----+------+-----+------+-------------+
    |c_U        |c_ROM_AUTO_1R             |        0|  5|  10|    0|   128|    5|     1|          640|
    |shift_i_U  |shift_i_RAM_2P_BRAM_1R1W  |        1|  0|   0|    0|   128|   16|     1|         2048|
    |shift_q_U  |shift_i_RAM_2P_BRAM_1R1W  |        1|  0|   0|    0|   128|   16|     1|         2048|
    +-----------+--------------------------+---------+---+----+-----+------+-----+------+-------------+
    |Total      |                          |        2|  5|  10|    0|   384|   37|     3|         4736|
    +-----------+--------------------------+---------+---+----+-----+------+-----+------+-------------+

    * FIFO: 
    N/A

    * Expression: 
    +--------------------+----------+----+---+----+------------+------------+
    |    Variable Name   | Operation| DSP| FF| LUT| Bitwidth P0| Bitwidth P1|
    +--------------------+----------+----+---+----+------------+------------+
    |add_ln53_fu_287_p2  |         +|   0|  0|  14|           7|           1|
    |add_ln71_fu_275_p2  |         +|   0|  0|  14|           7|           2|
    |ap_block_state8     |        or|   0|  0|   2|           1|           1|
    +--------------------+----------+----+---+----+------------+------------+
    |Total               |          |   0|  0|  30|          15|           4|
    +--------------------+----------+----+---+----+------------+------------+

    * Multiplexer: 
    +------------------+----+-----------+-----+-----------+
    |       Name       | LUT| Input Size| Bits| Total Bits|
    +------------------+----+-----------+-----+-----------+
    |ap_NS_fsm         |  48|          9|    1|          9|
    |c_address0        |  14|          3|    7|         21|
    |c_ce0             |  14|          3|    1|          3|
    |shift_i_address0  |  14|          3|    7|         21|
    |shift_i_address1  |  14|          3|    7|         21|
    |shift_i_ce0       |  14|          3|    1|          3|
    |shift_i_d1        |  14|          3|   16|         48|
    |shift_q_address0  |  14|          3|    7|         21|
    |shift_q_address1  |  14|          3|    7|         21|
    |shift_q_ce0       |  14|          3|    1|          3|
    |shift_q_d1        |  14|          3|   16|         48|
    |x_TDATA_blk_n     |   9|          2|    1|          2|
    |y_TDATA_blk_n     |   9|          2|    1|          2|
    +------------------+----+-----------+-----+-----------+
    |Total             | 206|         43|   73|        223|
    +------------------+----+-----------+-----+-----------+

    * Register: 
    +-------------------------------------------------+----+----+-----+-----------+
    |                       Name                      | FF | LUT| Bits| Const Bits|
    +-------------------------------------------------+----+----+-----+-----------+
    |acc_i0_loc_fu_104                                |  16|   0|   16|          0|
    |acc_i1_loc_fu_96                                 |  16|   0|   16|          0|
    |acc_q0_loc_fu_108                                |  16|   0|   16|          0|
    |acc_q1_loc_fu_100                                |  16|   0|   16|          0|
    |add_ln53_reg_373                                 |   7|   0|    7|          0|
    |ap_CS_fsm                                        |   8|   0|    8|          0|
    |grp_fir_Pipeline_MAC_Loop_0_fu_191_ap_start_reg  |   1|   0|    1|          0|
    |grp_fir_Pipeline_MAC_Loop_1_fu_204_ap_start_reg  |   1|   0|    1|          0|
    |i1_reg_363                                       |  16|   0|   16|          0|
    |in_sample_keep_reg_347                           |   8|   0|    8|          0|
    |in_sample_last_reg_352                           |   1|   0|    1|          0|
    |ptr                                              |   7|   0|    7|          0|
    |ptr_load_reg_357                                 |   7|   0|    7|          0|
    |q1_reg_368                                       |  16|   0|   16|          0|
    +-------------------------------------------------+----+----+-----+-----------+
    |Total                                            | 136|   0|  136|          0|
    +-------------------------------------------------+----+----+-----+-----------+



================================================================
== Interface
================================================================
* Summary: 
+----------+-----+-----+--------------+--------------+--------------+
| RTL Ports| Dir | Bits|   Protocol   | Source Object|    C Type    |
+----------+-----+-----+--------------+--------------+--------------+
|ap_clk    |   in|    1|  ap_ctrl_none|           fir|  return value|
|ap_rst_n  |   in|    1|  ap_ctrl_none|           fir|  return value|
|y_TDATA   |  out|   64|          axis|    y_V_data_V|       pointer|
|y_TVALID  |  out|    1|          axis|    y_V_last_V|       pointer|
|y_TREADY  |   in|    1|          axis|    y_V_last_V|       pointer|
|y_TLAST   |  out|    1|          axis|    y_V_last_V|       pointer|
|y_TKEEP   |  out|    8|          axis|    y_V_keep_V|       pointer|
|y_TSTRB   |  out|    8|          axis|    y_V_strb_V|       pointer|
|x_TDATA   |   in|   64|          axis|    x_V_data_V|       pointer|
|x_TVALID  |   in|    1|          axis|    x_V_last_V|       pointer|
|x_TREADY  |  out|    1|          axis|    x_V_last_V|       pointer|
|x_TLAST   |   in|    1|          axis|    x_V_last_V|       pointer|
|x_TKEEP   |   in|    8|          axis|    x_V_keep_V|       pointer|
|x_TSTRB   |   in|    8|          axis|    x_V_strb_V|       pointer|
+----------+-----+-----+--------------+--------------+--------------+

============================================================
+ Verbose Summary: Synthesis Manager
============================================================
InlineROM: 1
ExposeGlobal: 0
============================================================
+ Verbose Summary: CDFG Model
============================================================
IsTopModel: 1
ResetActiveHigh: 1
IsCombinational: 2
IsDatapathOnly: 2
HasWiredReturn: 1
HasMFsm: 0
HasVarLatency: 1
IsPipeline: 0
IsRtlPipelined: 0
IsInstanceOverlapped: 0
IsDontTouch: 0
HasImplIP: 0
IsGatedGlobalClock: 0


============================================================
+ Verbose Summary: Schedule
============================================================
* Number of FSM states : 8
* Pipeline : 0
* Dataflow Pipeline: 0

* FSM state transitions: 
1 --> 2 
2 --> 3 
3 --> 4 
4 --> 5 
5 --> 6 
6 --> 7 
7 --> 8 
8 --> 

* FSM state operations: 

State 1 <SV = 0> <Delay = 4.25>
ST_1 : Operation 9 [1/1] (0.00ns)   --->   "%acc_i1_loc = alloca i64 1"   --->   Operation 9 'alloca' 'acc_i1_loc' <Predicate = true> <Delay = 0.00>
ST_1 : Operation 10 [1/1] (0.00ns)   --->   "%acc_q1_loc = alloca i64 1"   --->   Operation 10 'alloca' 'acc_q1_loc' <Predicate = true> <Delay = 0.00>
ST_1 : Operation 11 [1/1] (0.00ns)   --->   "%acc_i0_loc = alloca i64 1"   --->   Operation 11 'alloca' 'acc_i0_loc' <Predicate = true> <Delay = 0.00>
ST_1 : Operation 12 [1/1] (0.00ns)   --->   "%acc_q0_loc = alloca i64 1"   --->   Operation 12 'alloca' 'acc_q0_loc' <Predicate = true> <Delay = 0.00>
ST_1 : Operation 13 [1/1] (1.00ns)   --->   "%empty = read i81 @_ssdm_op_Read.axis.volatile.i64P0A.i8P0A.i8P0A.i1P0A, i64 %x_V_data_V, i8 %x_V_keep_V, i8 %x_V_strb_V, i1 %x_V_last_V" [fir.cpp:28]   --->   Operation 13 'read' 'empty' <Predicate = true> <Delay = 1.00> <CoreInst = "axis">   --->   Core 115 'axis' <Latency = 0> <II = 1> <Delay = 1.00> <Adapter> <Opcode : >
ST_1 : Operation 14 [1/1] (0.00ns)   --->   "%in_sample_data = extractvalue i81 %empty" [fir.cpp:28]   --->   Operation 14 'extractvalue' 'in_sample_data' <Predicate = true> <Delay = 0.00>
ST_1 : Operation 15 [1/1] (0.00ns)   --->   "%in_sample_keep = extractvalue i81 %empty" [fir.cpp:28]   --->   Operation 15 'extractvalue' 'in_sample_keep' <Predicate = true> <Delay = 0.00>
ST_1 : Operation 16 [1/1] (0.00ns)   --->   "%in_sample_last = extractvalue i81 %empty" [fir.cpp:28]   --->   Operation 16 'extractvalue' 'in_sample_last' <Predicate = true> <Delay = 0.00>
ST_1 : Operation 17 [1/1] (0.00ns)   --->   "%i0 = trunc i64 %in_sample_data" [fir.cpp:32]   --->   Operation 17 'trunc' 'i0' <Predicate = true> <Delay = 0.00>
ST_1 : Operation 18 [1/1] (0.00ns)   --->   "%q0 = partselect i16 @_ssdm_op_PartSelect.i16.i64.i32.i32, i64 %in_sample_data, i32 16, i32 31" [fir.cpp:33]   --->   Operation 18 'partselect' 'q0' <Predicate = true> <Delay = 0.00>
ST_1 : Operation 19 [1/1] (0.00ns)   --->   "%ptr_load = load i7 %ptr" [fir.cpp:38]   --->   Operation 19 'load' 'ptr_load' <Predicate = true> <Delay = 0.00>
ST_1 : Operation 20 [1/1] (0.00ns)   --->   "%zext_ln38 = zext i7 %ptr_load" [fir.cpp:38]   --->   Operation 20 'zext' 'zext_ln38' <Predicate = true> <Delay = 0.00>
ST_1 : Operation 21 [1/1] (0.00ns)   --->   "%shift_i_addr = getelementptr i16 %shift_i, i64 0, i64 %zext_ln38" [fir.cpp:38]   --->   Operation 21 'getelementptr' 'shift_i_addr' <Predicate = true> <Delay = 0.00>
ST_1 : Operation 22 [1/1] (3.25ns)   --->   "%store_ln38 = store i16 %i0, i7 %shift_i_addr" [fir.cpp:38]   --->   Operation 22 'store' 'store_ln38' <Predicate = true> <Delay = 3.25> <CoreInst = "RAM_2P_BRAM">   --->   Core 91 'RAM_2P_BRAM' <Latency = 1> <II = 1> <Delay = 3.25> <Storage> <Opcode : 'load' 'store'> <Ports = 2> <Width = 16> <Depth = 128> <RAM>
ST_1 : Operation 23 [1/1] (0.00ns)   --->   "%shift_q_addr = getelementptr i16 %shift_q, i64 0, i64 %zext_ln38" [fir.cpp:39]   --->   Operation 23 'getelementptr' 'shift_q_addr' <Predicate = true> <Delay = 0.00>
ST_1 : Operation 24 [1/1] (3.25ns)   --->   "%store_ln39 = store i16 %q0, i7 %shift_q_addr" [fir.cpp:39]   --->   Operation 24 'store' 'store_ln39' <Predicate = true> <Delay = 3.25> <CoreInst = "RAM_2P_BRAM">   --->   Core 91 'RAM_2P_BRAM' <Latency = 1> <II = 1> <Delay = 3.25> <Storage> <Opcode : 'load' 'store'> <Ports = 2> <Width = 16> <Depth = 128> <RAM>
ST_1 : Operation 25 [1/1] (0.00ns)   --->   "%i1 = partselect i16 @_ssdm_op_PartSelect.i16.i64.i32.i32, i64 %in_sample_data, i32 32, i32 47" [fir.cpp:34]   --->   Operation 25 'partselect' 'i1' <Predicate = true> <Delay = 0.00>
ST_1 : Operation 26 [1/1] (0.00ns)   --->   "%q1 = partselect i16 @_ssdm_op_PartSelect.i16.i64.i32.i32, i64 %in_sample_data, i32 48, i32 63" [fir.cpp:35]   --->   Operation 26 'partselect' 'q1' <Predicate = true> <Delay = 0.00>
ST_1 : Operation 27 [1/1] (1.87ns)   --->   "%add_ln71 = add i7 %ptr_load, i7 2" [fir.cpp:71]   --->   Operation 27 'add' 'add_ln71' <Predicate = true> <Delay = 1.87> <CoreInst = "Adder">   --->   Core 1 'Adder' <Latency = 0> <II = 1> <Delay = 1.87> <FuncUnit> <Opcode : 'add' 'sub'> <InPorts = 2> <OutPorts = 1>
ST_1 : Operation 28 [1/1] (0.00ns)   --->   "%store_ln71 = store i7 %add_ln71, i7 %ptr" [fir.cpp:71]   --->   Operation 28 'store' 'store_ln71' <Predicate = true> <Delay = 0.00>

State 2 <SV = 1> <Delay = 5.12>
ST_2 : Operation 29 [2/2] (5.12ns)   --->   "%call_ln38 = call void @fir_Pipeline_MAC_Loop_0, i7 %ptr_load, i16 %acc_q0_loc, i16 %acc_i0_loc, i16 %shift_i, i5 %c, i16 %shift_q" [fir.cpp:38]   --->   Operation 29 'call' 'call_ln38' <Predicate = true> <Delay = 5.12> <CoreType = "Generic">   --->   Core 0 '' <Latency = 0> <II = 1> <Delay = 1.00> <Generic> <Opcode : >

State 3 <SV = 2> <Delay = 0.00>
ST_3 : Operation 30 [1/2] (0.00ns)   --->   "%call_ln38 = call void @fir_Pipeline_MAC_Loop_0, i7 %ptr_load, i16 %acc_q0_loc, i16 %acc_i0_loc, i16 %shift_i, i5 %c, i16 %shift_q" [fir.cpp:38]   --->   Operation 30 'call' 'call_ln38' <Predicate = true> <Delay = 0.00> <CoreType = "Generic">   --->   Core 0 '' <Latency = 0> <II = 1> <Delay = 1.00> <Generic> <Opcode : >

State 4 <SV = 3> <Delay = 5.12>
ST_4 : Operation 31 [1/1] (1.87ns)   --->   "%add_ln53 = add i7 %ptr_load, i7 1" [fir.cpp:53]   --->   Operation 31 'add' 'add_ln53' <Predicate = true> <Delay = 1.87> <CoreInst = "Adder">   --->   Core 1 'Adder' <Latency = 0> <II = 1> <Delay = 1.87> <FuncUnit> <Opcode : 'add' 'sub'> <InPorts = 2> <OutPorts = 1>
ST_4 : Operation 32 [1/1] (0.00ns)   --->   "%zext_ln56 = zext i7 %add_ln53" [fir.cpp:56]   --->   Operation 32 'zext' 'zext_ln56' <Predicate = true> <Delay = 0.00>
ST_4 : Operation 33 [1/1] (0.00ns)   --->   "%shift_i_addr_1 = getelementptr i16 %shift_i, i64 0, i64 %zext_ln56" [fir.cpp:56]   --->   Operation 33 'getelementptr' 'shift_i_addr_1' <Predicate = true> <Delay = 0.00>
ST_4 : Operation 34 [1/1] (3.25ns)   --->   "%store_ln56 = store i16 %i1, i7 %shift_i_addr_1" [fir.cpp:56]   --->   Operation 34 'store' 'store_ln56' <Predicate = true> <Delay = 3.25> <CoreInst = "RAM_2P_BRAM">   --->   Core 91 'RAM_2P_BRAM' <Latency = 1> <II = 1> <Delay = 3.25> <Storage> <Opcode : 'load' 'store'> <Ports = 2> <Width = 16> <Depth = 128> <RAM>
ST_4 : Operation 35 [1/1] (0.00ns)   --->   "%shift_q_addr_1 = getelementptr i16 %shift_q, i64 0, i64 %zext_ln56" [fir.cpp:57]   --->   Operation 35 'getelementptr' 'shift_q_addr_1' <Predicate = true> <Delay = 0.00>
ST_4 : Operation 36 [1/1] (3.25ns)   --->   "%store_ln57 = store i16 %q1, i7 %shift_q_addr_1" [fir.cpp:57]   --->   Operation 36 'store' 'store_ln57' <Predicate = true> <Delay = 3.25> <CoreInst = "RAM_2P_BRAM">   --->   Core 91 'RAM_2P_BRAM' <Latency = 1> <II = 1> <Delay = 3.25> <Storage> <Opcode : 'load' 'store'> <Ports = 2> <Width = 16> <Depth = 128> <RAM>

State 5 <SV = 4> <Delay = 5.12>
ST_5 : Operation 37 [2/2] (5.12ns)   --->   "%call_ln53 = call void @fir_Pipeline_MAC_Loop_1, i7 %add_ln53, i16 %acc_q1_loc, i16 %acc_i1_loc, i16 %shift_i, i5 %c, i16 %shift_q" [fir.cpp:53]   --->   Operation 37 'call' 'call_ln53' <Predicate = true> <Delay = 5.12> <CoreType = "Generic">   --->   Core 0 '' <Latency = 0> <II = 1> <Delay = 1.00> <Generic> <Opcode : >

State 6 <SV = 5> <Delay = 0.00>
ST_6 : Operation 38 [1/2] (0.00ns)   --->   "%call_ln53 = call void @fir_Pipeline_MAC_Loop_1, i7 %add_ln53, i16 %acc_q1_loc, i16 %acc_i1_loc, i16 %shift_i, i5 %c, i16 %shift_q" [fir.cpp:53]   --->   Operation 38 'call' 'call_ln53' <Predicate = true> <Delay = 0.00> <CoreType = "Generic">   --->   Core 0 '' <Latency = 0> <II = 1> <Delay = 1.00> <Generic> <Opcode : >

State 7 <SV = 6> <Delay = 1.00>
ST_7 : Operation 39 [1/1] (0.00ns)   --->   "%acc_q0_loc_load = load i16 %acc_q0_loc" [fir.cpp:76]   --->   Operation 39 'load' 'acc_q0_loc_load' <Predicate = true> <Delay = 0.00>
ST_7 : Operation 40 [1/1] (0.00ns)   --->   "%acc_i0_loc_load = load i16 %acc_i0_loc" [fir.cpp:75]   --->   Operation 40 'load' 'acc_i0_loc_load' <Predicate = true> <Delay = 0.00>
ST_7 : Operation 41 [1/1] (0.00ns)   --->   "%acc_q1_loc_load = load i16 %acc_q1_loc" [fir.cpp:78]   --->   Operation 41 'load' 'acc_q1_loc_load' <Predicate = true> <Delay = 0.00>
ST_7 : Operation 42 [1/1] (0.00ns)   --->   "%acc_i1_loc_load = load i16 %acc_i1_loc" [fir.cpp:77]   --->   Operation 42 'load' 'acc_i1_loc_load' <Predicate = true> <Delay = 0.00>
ST_7 : Operation 43 [1/1] (0.00ns)   --->   "%result = bitconcatenate i64 @_ssdm_op_BitConcatenate.i64.i16.i16.i16.i16, i16 %acc_q1_loc_load, i16 %acc_i1_loc_load, i16 %acc_q0_loc_load, i16 %acc_i0_loc_load" [fir.cpp:78]   --->   Operation 43 'bitconcatenate' 'result' <Predicate = true> <Delay = 0.00>
ST_7 : Operation 44 [2/2] (1.00ns)   --->   "%write_ln84 = write void @_ssdm_op_Write.axis.volatile.i64P0A.i8P0A.i8P0A.i1P0A, i64 %y_V_data_V, i8 %y_V_keep_V, i8 %y_V_strb_V, i1 %y_V_last_V, i64 %result, i8 %in_sample_keep, i8 0, i1 %in_sample_last" [fir.cpp:84]   --->   Operation 44 'write' 'write_ln84' <Predicate = true> <Delay = 1.00> <CoreInst = "axis">   --->   Core 115 'axis' <Latency = 0> <II = 1> <Delay = 1.00> <Adapter> <Opcode : >

State 8 <SV = 7> <Delay = 1.00>
ST_8 : Operation 45 [1/1] (0.00ns)   --->   "%spectopmodule_ln3 = spectopmodule void @_ssdm_op_SpecTopModule, void @empty_4" [fir.cpp:3]   --->   Operation 45 'spectopmodule' 'spectopmodule_ln3' <Predicate = true> <Delay = 0.00>
ST_8 : Operation 46 [1/1] (0.00ns)   --->   "%specinterface_ln3 = specinterface void @_ssdm_op_SpecInterface, i32 0, void @empty_7, i32 0, i32 0, void @empty_0, i32 0, i32 0, void @empty_0, void @empty_0, void @empty_0, i32 0, i32 0, i32 0, i32 0, void @empty_0, void @empty_0, i32 4294967295, i32 0" [fir.cpp:3]   --->   Operation 46 'specinterface' 'specinterface_ln3' <Predicate = true> <Delay = 0.00>
ST_8 : Operation 47 [1/1] (0.00ns)   --->   "%specinterface_ln0 = specinterface void @_ssdm_op_SpecInterface, i64 %y_V_data_V, i8 %y_V_keep_V, i8 %y_V_strb_V, i1 %y_V_last_V, void @empty_5, i32 1, i32 1, void @empty_1, i32 0, i32 0, void @empty_0, void @empty_0, void @empty_0, i32 0, i32 0, i32 0, i32 0, void @empty_0, void @empty_0, i32 4294967295, i32 0"   --->   Operation 47 'specinterface' 'specinterface_ln0' <Predicate = true> <Delay = 0.00>
ST_8 : Operation 48 [1/1] (0.00ns)   --->   "%specbitsmap_ln0 = specbitsmap void @_ssdm_op_SpecBitsMap, i64 %y_V_data_V"   --->   Operation 48 'specbitsmap' 'specbitsmap_ln0' <Predicate = true> <Delay = 0.00>
ST_8 : Operation 49 [1/1] (0.00ns)   --->   "%specbitsmap_ln0 = specbitsmap void @_ssdm_op_SpecBitsMap, i8 %y_V_keep_V"   --->   Operation 49 'specbitsmap' 'specbitsmap_ln0' <Predicate = true> <Delay = 0.00>
ST_8 : Operation 50 [1/1] (0.00ns)   --->   "%specbitsmap_ln0 = specbitsmap void @_ssdm_op_SpecBitsMap, i8 %y_V_strb_V"   --->   Operation 50 'specbitsmap' 'specbitsmap_ln0' <Predicate = true> <Delay = 0.00>
ST_8 : Operation 51 [1/1] (0.00ns)   --->   "%specbitsmap_ln0 = specbitsmap void @_ssdm_op_SpecBitsMap, i1 %y_V_last_V"   --->   Operation 51 'specbitsmap' 'specbitsmap_ln0' <Predicate = true> <Delay = 0.00>
ST_8 : Operation 52 [1/1] (0.00ns)   --->   "%specinterface_ln0 = specinterface void @_ssdm_op_SpecInterface, i64 %x_V_data_V, i8 %x_V_keep_V, i8 %x_V_strb_V, i1 %x_V_last_V, void @empty_5, i32 1, i32 1, void @empty_1, i32 0, i32 0, void @empty_0, void @empty_0, void @empty_0, i32 0, i32 0, i32 0, i32 0, void @empty_0, void @empty_0, i32 4294967295, i32 0"   --->   Operation 52 'specinterface' 'specinterface_ln0' <Predicate = true> <Delay = 0.00>
ST_8 : Operation 53 [1/1] (0.00ns)   --->   "%specbitsmap_ln0 = specbitsmap void @_ssdm_op_SpecBitsMap, i64 %x_V_data_V"   --->   Operation 53 'specbitsmap' 'specbitsmap_ln0' <Predicate = true> <Delay = 0.00>
ST_8 : Operation 54 [1/1] (0.00ns)   --->   "%specbitsmap_ln0 = specbitsmap void @_ssdm_op_SpecBitsMap, i8 %x_V_keep_V"   --->   Operation 54 'specbitsmap' 'specbitsmap_ln0' <Predicate = true> <Delay = 0.00>
ST_8 : Operation 55 [1/1] (0.00ns)   --->   "%specbitsmap_ln0 = specbitsmap void @_ssdm_op_SpecBitsMap, i8 %x_V_strb_V"   --->   Operation 55 'specbitsmap' 'specbitsmap_ln0' <Predicate = true> <Delay = 0.00>
ST_8 : Operation 56 [1/1] (0.00ns)   --->   "%specbitsmap_ln0 = specbitsmap void @_ssdm_op_SpecBitsMap, i1 %x_V_last_V"   --->   Operation 56 'specbitsmap' 'specbitsmap_ln0' <Predicate = true> <Delay = 0.00>
ST_8 : Operation 57 [1/1] (0.00ns)   --->   "%specmemcore_ln22 = specmemcore void @_ssdm_op_SpecMemCore, i16 %shift_i, i64 666, i64 22, i64 18446744073709551615" [fir.cpp:22]   --->   Operation 57 'specmemcore' 'specmemcore_ln22' <Predicate = true> <Delay = 0.00>
ST_8 : Operation 58 [1/1] (0.00ns)   --->   "%specmemcore_ln23 = specmemcore void @_ssdm_op_SpecMemCore, i16 %shift_q, i64 666, i64 22, i64 18446744073709551615" [fir.cpp:23]   --->   Operation 58 'specmemcore' 'specmemcore_ln23' <Predicate = true> <Delay = 0.00>
ST_8 : Operation 59 [1/1] (0.00ns)   --->   "%specaxissidechannel_ln45 = specaxissidechannel void @_ssdm_op_SpecAXISSideChannel, i64 %y_V_data_V, i8 %y_V_keep_V, i8 %y_V_strb_V, i1 0, i1 %y_V_last_V, i1 0, i1 0, void @empty" [fir.cpp:45]   --->   Operation 59 'specaxissidechannel' 'specaxissidechannel_ln45' <Predicate = true> <Delay = 0.00>
ST_8 : Operation 60 [1/1] (0.00ns)   --->   "%specaxissidechannel_ln45 = specaxissidechannel void @_ssdm_op_SpecAXISSideChannel, i64 %x_V_data_V, i8 %x_V_keep_V, i8 %x_V_strb_V, i1 0, i1 %x_V_last_V, i1 0, i1 0, void @empty_3" [fir.cpp:45]   --->   Operation 60 'specaxissidechannel' 'specaxissidechannel_ln45' <Predicate = true> <Delay = 0.00>
ST_8 : Operation 61 [1/2] (1.00ns)   --->   "%write_ln84 = write void @_ssdm_op_Write.axis.volatile.i64P0A.i8P0A.i8P0A.i1P0A, i64 %y_V_data_V, i8 %y_V_keep_V, i8 %y_V_strb_V, i1 %y_V_last_V, i64 %result, i8 %in_sample_keep, i8 0, i1 %in_sample_last" [fir.cpp:84]   --->   Operation 61 'write' 'write_ln84' <Predicate = true> <Delay = 1.00> <CoreInst = "axis">   --->   Core 115 'axis' <Latency = 0> <II = 1> <Delay = 1.00> <Adapter> <Opcode : >
ST_8 : Operation 62 [1/1] (0.00ns)   --->   "%ret_ln85 = ret" [fir.cpp:85]   --->   Operation 62 'ret' 'ret_ln85' <Predicate = true> <Delay = 0.00>


============================================================
+ Verbose Summary: Binding
============================================================
STG Binding: 
---------------- STG Properties BEGIN ----------------
- Is combinational: 0
- Is one-state seq: 0
- Is datapath-only: 0
- Is pipelined: 0
- Is top level: 1
Port [ Return ] is wired: 1; IO mode=ap_ctrl_none:ce=0
Port [ y_V_data_V]:  wired=1; compound=1; hidden=0; nouse=0; global=0; static=0; extern=0; dir=1; type=0; pingpong=0; private_global=0; IO mode=axis:ce=0
Port [ y_V_keep_V]:  wired=1; compound=1; hidden=0; nouse=0; global=0; static=0; extern=0; dir=1; type=0; pingpong=0; private_global=0; IO mode=axis:ce=0
Port [ y_V_strb_V]:  wired=1; compound=1; hidden=0; nouse=0; global=0; static=0; extern=0; dir=1; type=0; pingpong=0; private_global=0; IO mode=axis:ce=0
Port [ y_V_last_V]:  wired=1; compound=1; hidden=0; nouse=0; global=0; static=0; extern=0; dir=1; type=0; pingpong=0; private_global=0; IO mode=axis:ce=0
Port [ x_V_data_V]:  wired=1; compound=1; hidden=0; nouse=0; global=0; static=0; extern=0; dir=0; type=0; pingpong=0; private_global=0; IO mode=axis:ce=0
Port [ x_V_keep_V]:  wired=1; compound=1; hidden=0; nouse=0; global=0; static=0; extern=0; dir=0; type=0; pingpong=0; private_global=0; IO mode=axis:ce=0
Port [ x_V_strb_V]:  wired=1; compound=1; hidden=0; nouse=0; global=0; static=0; extern=0; dir=0; type=0; pingpong=0; private_global=0; IO mode=axis:ce=0
Port [ x_V_last_V]:  wired=1; compound=1; hidden=0; nouse=0; global=0; static=0; extern=0; dir=0; type=0; pingpong=0; private_global=0; IO mode=axis:ce=0
Port [ ptr]:  wired=0; compound=0; hidden=1; nouse=0; global=1; static=1; extern=0; dir=2; type=0; pingpong=0; private_global=1; IO mode=ap_ovld:ce=0
Port [ shift_i]:  wired=0; compound=1; hidden=1; nouse=0; global=1; static=1; extern=0; dir=2; type=1; pingpong=0; private_global=1; MemPort=[10]; IO mode=ap_memory:ce=0
Port [ shift_q]:  wired=0; compound=1; hidden=1; nouse=0; global=1; static=1; extern=0; dir=2; type=1; pingpong=0; private_global=1; MemPort=[10]; IO mode=ap_memory:ce=0
Port [ c]:  wired=0; compound=1; hidden=1; nouse=0; global=1; static=1; extern=0; dir=0; type=1; pingpong=0; private_global=1; MemPort=[1]; IO mode=ap_memory:ce=0
---------------- STG Properties END ------------------

---------------- Datapath Model BEGIN ----------------

<LifeTime>
<method=bitvector/>
acc_i1_loc               (alloca             ) [ 001111110]
acc_q1_loc               (alloca             ) [ 001111110]
acc_i0_loc               (alloca             ) [ 001111110]
acc_q0_loc               (alloca             ) [ 001111110]
empty                    (read               ) [ 000000000]
in_sample_data           (extractvalue       ) [ 000000000]
in_sample_keep           (extractvalue       ) [ 001111111]
in_sample_last           (extractvalue       ) [ 001111111]
i0                       (trunc              ) [ 000000000]
q0                       (partselect         ) [ 000000000]
ptr_load                 (load               ) [ 001110000]
zext_ln38                (zext               ) [ 000000000]
shift_i_addr             (getelementptr      ) [ 000000000]
store_ln38               (store              ) [ 000000000]
shift_q_addr             (getelementptr      ) [ 000000000]
store_ln39               (store              ) [ 000000000]
i1                       (partselect         ) [ 001110000]
q1                       (partselect         ) [ 001110000]
add_ln71                 (add                ) [ 000000000]
store_ln71               (store              ) [ 000000000]
call_ln38                (call               ) [ 000000000]
add_ln53                 (add                ) [ 000001100]
zext_ln56                (zext               ) [ 000000000]
shift_i_addr_1           (getelementptr      ) [ 000000000]
store_ln56               (store              ) [ 000000000]
shift_q_addr_1           (getelementptr      ) [ 000000000]
store_ln57               (store              ) [ 000000000]
call_ln53                (call               ) [ 000000000]
acc_q0_loc_load          (load               ) [ 000000000]
acc_i0_loc_load          (load               ) [ 000000000]
acc_q1_loc_load          (load               ) [ 000000000]
acc_i1_loc_load          (load               ) [ 000000000]
result                   (bitconcatenate     ) [ 000000001]
spectopmodule_ln3        (spectopmodule      ) [ 000000000]
specinterface_ln3        (specinterface      ) [ 000000000]
specinterface_ln0        (specinterface      ) [ 000000000]
specbitsmap_ln0          (specbitsmap        ) [ 000000000]
specbitsmap_ln0          (specbitsmap        ) [ 000000000]
specbitsmap_ln0          (specbitsmap        ) [ 000000000]
specbitsmap_ln0          (specbitsmap        ) [ 000000000]
specinterface_ln0        (specinterface      ) [ 000000000]
specbitsmap_ln0          (specbitsmap        ) [ 000000000]
specbitsmap_ln0          (specbitsmap        ) [ 000000000]
specbitsmap_ln0          (specbitsmap        ) [ 000000000]
specbitsmap_ln0          (specbitsmap        ) [ 000000000]
specmemcore_ln22         (specmemcore        ) [ 000000000]
specmemcore_ln23         (specmemcore        ) [ 000000000]
specaxissidechannel_ln45 (specaxissidechannel) [ 000000000]
specaxissidechannel_ln45 (specaxissidechannel) [ 000000000]
write_ln84               (write              ) [ 000000000]
ret_ln85                 (ret                ) [ 000000000]
</LifeTime>

<model>

<comp_list>
<comp id="0" class="1000" name="y_V_data_V">
<pin_list>
<pin id="1" dir="1" index="0" bw="1" slack="0"/>
</pin_list>
<bind>
<StgValue><ssdm name="y_V_data_V"/></StgValue>
</bind>
</comp>

<comp id="2" class="1000" name="y_V_keep_V">
<pin_list>
<pin id="3" dir="1" index="0" bw="1" slack="0"/>
</pin_list>
<bind>
<StgValue><ssdm name="y_V_keep_V"/></StgValue>
</bind>
</comp>

<comp id="4" class="1000" name="y_V_strb_V">
<pin_list>
<pin id="5" dir="1" index="0" bw="1" slack="0"/>
</pin_list>
<bind>
<StgValue><ssdm name="y_V_strb_V"/></StgValue>
</bind>
</comp>

<comp id="6" class="1000" name="y_V_last_V">
<pin_list>
<pin id="7" dir="1" index="0" bw="1" slack="0"/>
</pin_list>
<bind>
<StgValue><ssdm name="y_V_last_V"/></StgValue>
</bind>
</comp>

<comp id="8" class="1000" name="x_V_data_V">
<pin_list>
<pin id="9" dir="1" index="0" bw="1" slack="0"/>
</pin_list>
<bind>
<StgValue><ssdm name="x_V_data_V"/></StgValue>
</bind>
</comp>

<comp id="10" class="1000" name="x_V_keep_V">
<pin_list>
<pin id="11" dir="1" index="0" bw="1" slack="0"/>
</pin_list>
<bind>
<StgValue><ssdm name="x_V_keep_V"/></StgValue>
</bind>
</comp>

<comp id="12" class="1000" name="x_V_strb_V">
<pin_list>
<pin id="13" dir="1" index="0" bw="1" slack="0"/>
</pin_list>
<bind>
<StgValue><ssdm name="x_V_strb_V"/></StgValue>
</bind>
</comp>

<comp id="14" class="1000" name="x_V_last_V">
<pin_list>
<pin id="15" dir="1" index="0" bw="1" slack="0"/>
</pin_list>
<bind>
<StgValue><ssdm name="x_V_last_V"/></StgValue>
</bind>
</comp>

<comp id="16" class="1000" name="ptr">
<pin_list>
<pin id="17" dir="1" index="0" bw="1" slack="0"/>
</pin_list>
<bind>
<StgValue><ssdm name="ptr"/></StgValue>
</bind>
</comp>

<comp id="18" class="1000" name="shift_i">
<pin_list>
<pin id="19" dir="1" index="0" bw="1" slack="0"/>
</pin_list>
<bind>
<StgValue><ssdm name="shift_i"/><MemPortTyVec>1 0 </MemPortTyVec>
</StgValue>
</bind>
</comp>

<comp id="20" class="1000" name="shift_q">
<pin_list>
<pin id="21" dir="1" index="0" bw="1" slack="0"/>
</pin_list>
<bind>
<StgValue><ssdm name="shift_q"/><MemPortTyVec>1 0 </MemPortTyVec>
</StgValue>
</bind>
</comp>

<comp id="22" class="1000" name="c">
<pin_list>
<pin id="23" dir="1" index="0" bw="1" slack="0"/>
</pin_list>
<bind>
<StgValue><ssdm name="c"/><MemPortTyVec>1 </MemPortTyVec>
</StgValue>
</bind>
</comp>

<comp id="24" class="1001" name="const_24">
<pin_list>
<pin id="25" dir="1" index="0" bw="1" slack="0"/>
</pin_list>
<bind>
<StgValue><ssdm name=""/></StgValue>
</bind>
</comp>

<comp id="26" class="1001" name="const_26">
<pin_list>
<pin id="27" dir="1" index="0" bw="1" slack="0"/>
</pin_list>
<bind>
<StgValue><ssdm name="_ssdm_op_Read.axis.volatile.i64P0A.i8P0A.i8P0A.i1P0A"/></StgValue>
</bind>
</comp>

<comp id="28" class="1001" name="const_28">
<pin_list>
<pin id="29" dir="1" index="0" bw="1" slack="0"/>
</pin_list>
<bind>
<StgValue><ssdm name="_ssdm_op_PartSelect.i16.i64.i32.i32"/></StgValue>
</bind>
</comp>

<comp id="30" class="1001" name="const_30">
<pin_list>
<pin id="31" dir="1" index="0" bw="1" slack="0"/>
</pin_list>
<bind>
<StgValue><ssdm name=""/></StgValue>
</bind>
</comp>

<comp id="32" class="1001" name="const_32">
<pin_list>
<pin id="33" dir="1" index="0" bw="1" slack="0"/>
</pin_list>
<bind>
<StgValue><ssdm name=""/></StgValue>
</bind>
</comp>

<comp id="34" class="1001" name="const_34">
<pin_list>
<pin id="35" dir="1" index="0" bw="1" slack="0"/>
</pin_list>
<bind>
<StgValue><ssdm name=""/></StgValue>
</bind>
</comp>

<comp id="36" class="1001" name="const_36">
<pin_list>
<pin id="37" dir="1" index="0" bw="1" slack="0"/>
</pin_list>
<bind>
<StgValue><ssdm name=""/></StgValue>
</bind>
</comp>

<comp id="38" class="1001" name="const_38">
<pin_list>
<pin id="39" dir="1" index="0" bw="1" slack="0"/>
</pin_list>
<bind>
<StgValue><ssdm name=""/></StgValue>
</bind>
</comp>

<comp id="40" class="1001" name="const_40">
<pin_list>
<pin id="41" dir="1" index="0" bw="1" slack="0"/>
</pin_list>
<bind>
<StgValue><ssdm name=""/></StgValue>
</bind>
</comp>

<comp id="42" class="1001" name="const_42">
<pin_list>
<pin id="43" dir="1" index="0" bw="1" slack="0"/>
</pin_list>
<bind>
<StgValue><ssdm name=""/></StgValue>
</bind>
</comp>

<comp id="44" class="1001" name="const_44">
<pin_list>
<pin id="45" dir="1" index="0" bw="1" slack="0"/>
</pin_list>
<bind>
<StgValue><ssdm name=""/></StgValue>
</bind>
</comp>

<comp id="46" class="1001" name="const_46">
<pin_list>
<pin id="47" dir="1" index="0" bw="1" slack="0"/>
</pin_list>
<bind>
<StgValue><ssdm name="fir_Pipeline_MAC_Loop_0"/></StgValue>
</bind>
</comp>

<comp id="48" class="1001" name="const_48">
<pin_list>
<pin id="49" dir="1" index="0" bw="1" slack="0"/>
</pin_list>
<bind>
<StgValue><ssdm name=""/></StgValue>
</bind>
</comp>

<comp id="50" class="1001" name="const_50">
<pin_list>
<pin id="51" dir="1" index="0" bw="1" slack="0"/>
</pin_list>
<bind>
<StgValue><ssdm name="fir_Pipeline_MAC_Loop_1"/></StgValue>
</bind>
</comp>

<comp id="52" class="1001" name="const_52">
<pin_list>
<pin id="53" dir="1" index="0" bw="1" slack="0"/>
</pin_list>
<bind>
<StgValue><ssdm name="_ssdm_op_BitConcatenate.i64.i16.i16.i16.i16"/></StgValue>
</bind>
</comp>

<comp id="54" class="1001" name="const_54">
<pin_list>
<pin id="55" dir="1" index="0" bw="1" slack="0"/>
</pin_list>
<bind>
<StgValue><ssdm name="_ssdm_op_Write.axis.volatile.i64P0A.i8P0A.i8P0A.i1P0A"/></StgValue>
</bind>
</comp>

<comp id="56" class="1001" name="const_56">
<pin_list>
<pin id="57" dir="1" index="0" bw="1" slack="0"/>
</pin_list>
<bind>
<StgValue><ssdm name=""/></StgValue>
</bind>
</comp>

<comp id="58" class="1001" name="const_58">
<pin_list>
<pin id="59" dir="1" index="0" bw="1" slack="2147483647"/>
</pin_list>
<bind>
<StgValue><ssdm name="_ssdm_op_SpecTopModule"/></StgValue>
</bind>
</comp>

<comp id="60" class="1001" name="const_60">
<pin_list>
<pin id="61" dir="1" index="0" bw="1" slack="2147483647"/>
</pin_list>
<bind>
<StgValue><ssdm name="empty_4"/></StgValue>
</bind>
</comp>

<comp id="62" class="1001" name="const_62">
<pin_list>
<pin id="63" dir="1" index="0" bw="1" slack="2147483647"/>
</pin_list>
<bind>
<StgValue><ssdm name="_ssdm_op_SpecInterface"/></StgValue>
</bind>
</comp>

<comp id="64" class="1001" name="const_64">
<pin_list>
<pin id="65" dir="1" index="0" bw="1" slack="2147483647"/>
</pin_list>
<bind>
<StgValue><ssdm name=""/></StgValue>
</bind>
</comp>

<comp id="66" class="1001" name="const_66">
<pin_list>
<pin id="67" dir="1" index="0" bw="1" slack="2147483647"/>
</pin_list>
<bind>
<StgValue><ssdm name="empty_7"/></StgValue>
</bind>
</comp>

<comp id="68" class="1001" name="const_68">
<pin_list>
<pin id="69" dir="1" index="0" bw="1" slack="2147483647"/>
</pin_list>
<bind>
<StgValue><ssdm name="empty_0"/></StgValue>
</bind>
</comp>

<comp id="70" class="1001" name="const_70">
<pin_list>
<pin id="71" dir="1" index="0" bw="1" slack="2147483647"/>
</pin_list>
<bind>
<StgValue><ssdm name=""/></StgValue>
</bind>
</comp>

<comp id="72" class="1001" name="const_72">
<pin_list>
<pin id="73" dir="1" index="0" bw="1" slack="2147483647"/>
</pin_list>
<bind>
<StgValue><ssdm name="empty_5"/></StgValue>
</bind>
</comp>

<comp id="74" class="1001" name="const_74">
<pin_list>
<pin id="75" dir="1" index="0" bw="1" slack="2147483647"/>
</pin_list>
<bind>
<StgValue><ssdm name=""/></StgValue>
</bind>
</comp>

<comp id="76" class="1001" name="const_76">
<pin_list>
<pin id="77" dir="1" index="0" bw="1" slack="2147483647"/>
</pin_list>
<bind>
<StgValue><ssdm name="empty_1"/></StgValue>
</bind>
</comp>

<comp id="78" class="1001" name="const_78">
<pin_list>
<pin id="79" dir="1" index="0" bw="1" slack="2147483647"/>
</pin_list>
<bind>
<StgValue><ssdm name="_ssdm_op_SpecBitsMap"/></StgValue>
</bind>
</comp>

<comp id="80" class="1001" name="const_80">
<pin_list>
<pin id="81" dir="1" index="0" bw="1" slack="2147483647"/>
</pin_list>
<bind>
<StgValue><ssdm name="_ssdm_op_SpecMemCore"/></StgValue>
</bind>
</comp>

<comp id="82" class="1001" name="const_82">
<pin_list>
<pin id="83" dir="1" index="0" bw="1" slack="2147483647"/>
</pin_list>
<bind>
<StgValue><ssdm name=""/></StgValue>
</bind>
</comp>

<comp id="84" class="1001" name="const_84">
<pin_list>
<pin id="85" dir="1" index="0" bw="1" slack="2147483647"/>
</pin_list>
<bind>
<StgValue><ssdm name=""/></StgValue>
</bind>
</comp>

<comp id="86" class="1001" name="const_86">
<pin_list>
<pin id="87" dir="1" index="0" bw="1" slack="2147483647"/>
</pin_list>
<bind>
<StgValue><ssdm name=""/></StgValue>
</bind>
</comp>

<comp id="88" class="1001" name="const_88">
<pin_list>
<pin id="89" dir="1" index="0" bw="1" slack="2147483647"/>
</pin_list>
<bind>
<StgValue><ssdm name="_ssdm_op_SpecAXISSideChannel"/></StgValue>
</bind>
</comp>

<comp id="90" class="1001" name="const_90">
<pin_list>
<pin id="91" dir="1" index="0" bw="1" slack="2147483647"/>
</pin_list>
<bind>
<StgValue><ssdm name=""/></StgValue>
</bind>
</comp>

<comp id="92" class="1001" name="const_92">
<pin_list>
<pin id="93" dir="1" index="0" bw="1" slack="2147483647"/>
</pin_list>
<bind>
<StgValue><ssdm name="empty"/></StgValue>
</bind>
</comp>

<comp id="94" class="1001" name="const_94">
<pin_list>
<pin id="95" dir="1" index="0" bw="1" slack="2147483647"/>
</pin_list>
<bind>
<StgValue><ssdm name="empty_3"/></StgValue>
</bind>
</comp>

<comp id="96" class="1004" name="acc_i1_loc_fu_96">
<pin_list>
<pin id="97" dir="0" index="0" bw="1" slack="0"/>
<pin id="98" dir="1" index="1" bw="16" slack="4"/>
</pin_list>
<bind>
<opcode="alloca(26) " fcode="alloca"/>
<opset="acc_i1_loc/1 "/>
</bind>
</comp>

<comp id="100" class="1004" name="acc_q1_loc_fu_100">
<pin_list>
<pin id="101" dir="0" index="0" bw="1" slack="0"/>
<pin id="102" dir="1" index="1" bw="16" slack="4"/>
</pin_list>
<bind>
<opcode="alloca(26) " fcode="alloca"/>
<opset="acc_q1_loc/1 "/>
</bind>
</comp>

<comp id="104" class="1004" name="acc_i0_loc_fu_104">
<pin_list>
<pin id="105" dir="0" index="0" bw="1" slack="0"/>
<pin id="106" dir="1" index="1" bw="16" slack="1"/>
</pin_list>
<bind>
<opcode="alloca(26) " fcode="alloca"/>
<opset="acc_i0_loc/1 "/>
</bind>
</comp>

<comp id="108" class="1004" name="acc_q0_loc_fu_108">
<pin_list>
<pin id="109" dir="0" index="0" bw="1" slack="0"/>
<pin id="110" dir="1" index="1" bw="16" slack="1"/>
</pin_list>
<bind>
<opcode="alloca(26) " fcode="alloca"/>
<opset="acc_q0_loc/1 "/>
</bind>
</comp>

<comp id="112" class="1004" name="empty_read_fu_112">
<pin_list>
<pin id="113" dir="0" index="0" bw="81" slack="0"/>
<pin id="114" dir="0" index="1" bw="64" slack="0"/>
<pin id="115" dir="0" index="2" bw="8" slack="0"/>
<pin id="116" dir="0" index="3" bw="8" slack="0"/>
<pin id="117" dir="0" index="4" bw="1" slack="0"/>
<pin id="118" dir="1" index="5" bw="81" slack="0"/>
</pin_list>
<bind>
<opcode="read(1150) " fcode="read"/>
<opset="empty/1 "/>
</bind>
</comp>

<comp id="124" class="1004" name="grp_write_fu_124">
<pin_list>
<pin id="125" dir="0" index="0" bw="0" slack="0"/>
<pin id="126" dir="0" index="1" bw="64" slack="0"/>
<pin id="127" dir="0" index="2" bw="8" slack="0"/>
<pin id="128" dir="0" index="3" bw="8" slack="0"/>
<pin id="129" dir="0" index="4" bw="1" slack="0"/>
<pin id="130" dir="0" index="5" bw="64" slack="0"/>
<pin id="131" dir="0" index="6" bw="8" slack="6"/>
<pin id="132" dir="0" index="7" bw="1" slack="0"/>
<pin id="133" dir="0" index="8" bw="1" slack="6"/>
<pin id="134" dir="1" index="9" bw="0" slack="2147483647"/>
</pin_list>
<bind>
<opcode="write(1151) " fcode="write"/>
<opset="write_ln84/7 "/>
</bind>
</comp>

<comp id="141" class="1004" name="shift_i_addr_gep_fu_141">
<pin_list>
<pin id="142" dir="0" index="0" bw="16" slack="0"/>
<pin id="143" dir="0" index="1" bw="1" slack="0"/>
<pin id="144" dir="0" index="2" bw="7" slack="0"/>
<pin id="145" dir="1" index="3" bw="7" slack="0"/>
</pin_list>
<bind>
<opcode="getelementptr(29) " fcode="getelementptr"/>
<opset="shift_i_addr/1 "/>
</bind>
</comp>

<comp id="148" class="1004" name="grp_access_fu_148">
<pin_list>
<pin id="149" dir="0" index="0" bw="7" slack="2147483647"/>
<pin id="150" dir="0" index="1" bw="16" slack="2147483647"/>
<pin id="151" dir="0" index="2" bw="0" slack="0"/>
<pin id="153" dir="0" index="4" bw="7" slack="0"/>
<pin id="154" dir="0" index="5" bw="16" slack="2147483647"/>
<pin id="155" dir="0" index="6" bw="0" slack="2147483647"/>
<pin id="152" dir="1" index="3" bw="16" slack="2147483647"/>
<pin id="156" dir="1" index="7" bw="16" slack="2147483647"/>
</pin_list>
<bind>
<opcode="store(28) " fcode="store"/>
<opset="store_ln38/1 store_ln56/4 "/>
</bind>
</comp>

<comp id="158" class="1004" name="shift_q_addr_gep_fu_158">
<pin_list>
<pin id="159" dir="0" index="0" bw="16" slack="0"/>
<pin id="160" dir="0" index="1" bw="1" slack="0"/>
<pin id="161" dir="0" index="2" bw="7" slack="0"/>
<pin id="162" dir="1" index="3" bw="7" slack="0"/>
</pin_list>
<bind>
<opcode="getelementptr(29) " fcode="getelementptr"/>
<opset="shift_q_addr/1 "/>
</bind>
</comp>

<comp id="165" class="1004" name="grp_access_fu_165">
<pin_list>
<pin id="166" dir="0" index="0" bw="7" slack="2147483647"/>
<pin id="167" dir="0" index="1" bw="16" slack="2147483647"/>
<pin id="168" dir="0" index="2" bw="0" slack="0"/>
<pin id="170" dir="0" index="4" bw="7" slack="0"/>
<pin id="171" dir="0" index="5" bw="16" slack="2147483647"/>
<pin id="172" dir="0" index="6" bw="0" slack="2147483647"/>
<pin id="169" dir="1" index="3" bw="16" slack="2147483647"/>
<pin id="173" dir="1" index="7" bw="16" slack="2147483647"/>
</pin_list>
<bind>
<opcode="store(28) " fcode="store"/>
<opset="store_ln39/1 store_ln57/4 "/>
</bind>
</comp>

<comp id="175" class="1004" name="shift_i_addr_1_gep_fu_175">
<pin_list>
<pin id="176" dir="0" index="0" bw="16" slack="0"/>
<pin id="177" dir="0" index="1" bw="1" slack="0"/>
<pin id="178" dir="0" index="2" bw="7" slack="0"/>
<pin id="179" dir="1" index="3" bw="7" slack="0"/>
</pin_list>
<bind>
<opcode="getelementptr(29) " fcode="getelementptr"/>
<opset="shift_i_addr_1/4 "/>
</bind>
</comp>

<comp id="183" class="1004" name="shift_q_addr_1_gep_fu_183">
<pin_list>
<pin id="184" dir="0" index="0" bw="16" slack="0"/>
<pin id="185" dir="0" index="1" bw="1" slack="0"/>
<pin id="186" dir="0" index="2" bw="7" slack="0"/>
<pin id="187" dir="1" index="3" bw="7" slack="0"/>
</pin_list>
<bind>
<opcode="getelementptr(29) " fcode="getelementptr"/>
<opset="shift_q_addr_1/4 "/>
</bind>
</comp>

<comp id="191" class="1004" name="grp_fir_Pipeline_MAC_Loop_0_fu_191">
<pin_list>
<pin id="192" dir="0" index="0" bw="0" slack="0"/>
<pin id="193" dir="0" index="1" bw="7" slack="1"/>
<pin id="194" dir="0" index="2" bw="16" slack="1"/>
<pin id="195" dir="0" index="3" bw="16" slack="1"/>
<pin id="196" dir="0" index="4" bw="16" slack="0"/>
<pin id="197" dir="0" index="5" bw="5" slack="0"/>
<pin id="198" dir="0" index="6" bw="16" slack="0"/>
<pin id="199" dir="1" index="7" bw="0" slack="2147483647"/>
</pin_list>
<bind>
<opcode="call(48) " fcode="call"/>
<opset="call_ln38/2 "/>
</bind>
</comp>

<comp id="204" class="1004" name="grp_fir_Pipeline_MAC_Loop_1_fu_204">
<pin_list>
<pin id="205" dir="0" index="0" bw="0" slack="0"/>
<pin id="206" dir="0" index="1" bw="7" slack="1"/>
<pin id="207" dir="0" index="2" bw="16" slack="4"/>
<pin id="208" dir="0" index="3" bw="16" slack="4"/>
<pin id="209" dir="0" index="4" bw="16" slack="0"/>
<pin id="210" dir="0" index="5" bw="5" slack="0"/>
<pin id="211" dir="0" index="6" bw="16" slack="0"/>
<pin id="212" dir="1" index="7" bw="0" slack="2147483647"/>
</pin_list>
<bind>
<opcode="call(48) " fcode="call"/>
<opset="call_ln53/5 "/>
</bind>
</comp>

<comp id="217" class="1004" name="in_sample_data_fu_217">
<pin_list>
<pin id="218" dir="0" index="0" bw="81" slack="0"/>
<pin id="219" dir="1" index="1" bw="64" slack="0"/>
</pin_list>
<bind>
<opcode="extractvalue(56) " fcode="extractvalue"/>
<opset="in_sample_data/1 "/>
</bind>
</comp>

<comp id="221" class="1004" name="in_sample_keep_fu_221">
<pin_list>
<pin id="222" dir="0" index="0" bw="81" slack="0"/>
<pin id="223" dir="1" index="1" bw="8" slack="6"/>
</pin_list>
<bind>
<opcode="extractvalue(56) " fcode="extractvalue"/>
<opset="in_sample_keep/1 "/>
</bind>
</comp>

<comp id="225" class="1004" name="in_sample_last_fu_225">
<pin_list>
<pin id="226" dir="0" index="0" bw="81" slack="0"/>
<pin id="227" dir="1" index="1" bw="1" slack="6"/>
</pin_list>
<bind>
<opcode="extractvalue(56) " fcode="extractvalue"/>
<opset="in_sample_last/1 "/>
</bind>
</comp>

<comp id="229" class="1004" name="i0_fu_229">
<pin_list>
<pin id="230" dir="0" index="0" bw="64" slack="0"/>
<pin id="231" dir="1" index="1" bw="16" slack="0"/>
</pin_list>
<bind>
<opcode="trunc(33) " fcode="trunc"/>
<opset="i0/1 "/>
</bind>
</comp>

<comp id="234" class="1004" name="q0_fu_234">
<pin_list>
<pin id="235" dir="0" index="0" bw="16" slack="0"/>
<pin id="236" dir="0" index="1" bw="64" slack="0"/>
<pin id="237" dir="0" index="2" bw="6" slack="0"/>
<pin id="238" dir="0" index="3" bw="6" slack="0"/>
<pin id="239" dir="1" index="4" bw="16" slack="0"/>
</pin_list>
<bind>
<opcode="partselect(1002) " fcode="partselect"/>
<opset="q0/1 "/>
</bind>
</comp>

<comp id="245" class="1004" name="ptr_load_load_fu_245">
<pin_list>
<pin id="246" dir="0" index="0" bw="7" slack="0"/>
<pin id="247" dir="1" index="1" bw="7" slack="0"/>
</pin_list>
<bind>
<opcode="load(27) " fcode="load"/>
<opset="ptr_load/1 "/>
</bind>
</comp>

<comp id="249" class="1004" name="zext_ln38_fu_249">
<pin_list>
<pin id="250" dir="0" index="0" bw="7" slack="0"/>
<pin id="251" dir="1" index="1" bw="64" slack="0"/>
</pin_list>
<bind>
<opcode="zext(34) " fcode="zext"/>
<opset="zext_ln38/1 "/>
</bind>
</comp>

<comp id="255" class="1004" name="i1_fu_255">
<pin_list>
<pin id="256" dir="0" index="0" bw="16" slack="0"/>
<pin id="257" dir="0" index="1" bw="64" slack="0"/>
<pin id="258" dir="0" index="2" bw="7" slack="0"/>
<pin id="259" dir="0" index="3" bw="7" slack="0"/>
<pin id="260" dir="1" index="4" bw="16" slack="3"/>
</pin_list>
<bind>
<opcode="partselect(1002) " fcode="partselect"/>
<opset="i1/1 "/>
</bind>
</comp>

<comp id="265" class="1004" name="q1_fu_265">
<pin_list>
<pin id="266" dir="0" index="0" bw="16" slack="0"/>
<pin id="267" dir="0" index="1" bw="64" slack="0"/>
<pin id="268" dir="0" index="2" bw="7" slack="0"/>
<pin id="269" dir="0" index="3" bw="7" slack="0"/>
<pin id="270" dir="1" index="4" bw="16" slack="3"/>
</pin_list>
<bind>
<opcode="partselect(1002) " fcode="partselect"/>
<opset="q1/1 "/>
</bind>
</comp>

<comp id="275" class="1004" name="add_ln71_fu_275">
<pin_list>
<pin id="276" dir="0" index="0" bw="7" slack="0"/>
<pin id="277" dir="0" index="1" bw="3" slack="0"/>
<pin id="278" dir="1" index="2" bw="7" slack="0"/>
</pin_list>
<bind>
<opcode="add(8) " fcode="add"/>
<opset="add_ln71/1 "/>
</bind>
</comp>

<comp id="281" class="1004" name="store_ln71_store_fu_281">
<pin_list>
<pin id="282" dir="0" index="0" bw="7" slack="0"/>
<pin id="283" dir="0" index="1" bw="7" slack="0"/>
<pin id="284" dir="1" index="2" bw="0" slack="2147483647"/>
</pin_list>
<bind>
<opcode="store(28) " fcode="store"/>
<opset="store_ln71/1 "/>
</bind>
</comp>

<comp id="287" class="1004" name="add_ln53_fu_287">
<pin_list>
<pin id="288" dir="0" index="0" bw="7" slack="3"/>
<pin id="289" dir="0" index="1" bw="1" slack="0"/>
<pin id="290" dir="1" index="2" bw="7" slack="0"/>
</pin_list>
<bind>
<opcode="add(8) " fcode="add"/>
<opset="add_ln53/4 "/>
</bind>
</comp>

<comp id="292" class="1004" name="zext_ln56_fu_292">
<pin_list>
<pin id="293" dir="0" index="0" bw="7" slack="0"/>
<pin id="294" dir="1" index="1" bw="64" slack="0"/>
</pin_list>
<bind>
<opcode="zext(34) " fcode="zext"/>
<opset="zext_ln56/4 "/>
</bind>
</comp>

<comp id="298" class="1004" name="acc_q0_loc_load_load_fu_298">
<pin_list>
<pin id="299" dir="0" index="0" bw="16" slack="6"/>
<pin id="300" dir="1" index="1" bw="16" slack="0"/>
</pin_list>
<bind>
<opcode="load(27) " fcode="load"/>
<opset="acc_q0_loc_load/7 "/>
</bind>
</comp>

<comp id="301" class="1004" name="acc_i0_loc_load_load_fu_301">
<pin_list>
<pin id="302" dir="0" index="0" bw="16" slack="6"/>
<pin id="303" dir="1" index="1" bw="16" slack="0"/>
</pin_list>
<bind>
<opcode="load(27) " fcode="load"/>
<opset="acc_i0_loc_load/7 "/>
</bind>
</comp>

<comp id="304" class="1004" name="acc_q1_loc_load_load_fu_304">
<pin_list>
<pin id="305" dir="0" index="0" bw="16" slack="6"/>
<pin id="306" dir="1" index="1" bw="16" slack="0"/>
</pin_list>
<bind>
<opcode="load(27) " fcode="load"/>
<opset="acc_q1_loc_load/7 "/>
</bind>
</comp>

<comp id="307" class="1004" name="acc_i1_loc_load_load_fu_307">
<pin_list>
<pin id="308" dir="0" index="0" bw="16" slack="6"/>
<pin id="309" dir="1" index="1" bw="16" slack="0"/>
</pin_list>
<bind>
<opcode="load(27) " fcode="load"/>
<opset="acc_i1_loc_load/7 "/>
</bind>
</comp>

<comp id="310" class="1004" name="result_fu_310">
<pin_list>
<pin id="311" dir="0" index="0" bw="64" slack="0"/>
<pin id="312" dir="0" index="1" bw="16" slack="0"/>
<pin id="313" dir="0" index="2" bw="16" slack="0"/>
<pin id="314" dir="0" index="3" bw="16" slack="0"/>
<pin id="315" dir="0" index="4" bw="16" slack="0"/>
<pin id="316" dir="1" index="5" bw="64" slack="0"/>
</pin_list>
<bind>
<opcode="bitconcatenate(1004) " fcode="bitconcatenate"/>
<opset="result/7 "/>
</bind>
</comp>

<comp id="323" class="1005" name="acc_i1_loc_reg_323">
<pin_list>
<pin id="324" dir="0" index="0" bw="16" slack="4"/>
<pin id="325" dir="1" index="1" bw="16" slack="4"/>
</pin_list>
<bind>
<opset="acc_i1_loc "/>
</bind>
</comp>

<comp id="329" class="1005" name="acc_q1_loc_reg_329">
<pin_list>
<pin id="330" dir="0" index="0" bw="16" slack="4"/>
<pin id="331" dir="1" index="1" bw="16" slack="4"/>
</pin_list>
<bind>
<opset="acc_q1_loc "/>
</bind>
</comp>

<comp id="335" class="1005" name="acc_i0_loc_reg_335">
<pin_list>
<pin id="336" dir="0" index="0" bw="16" slack="1"/>
<pin id="337" dir="1" index="1" bw="16" slack="1"/>
</pin_list>
<bind>
<opset="acc_i0_loc "/>
</bind>
</comp>

<comp id="341" class="1005" name="acc_q0_loc_reg_341">
<pin_list>
<pin id="342" dir="0" index="0" bw="16" slack="1"/>
<pin id="343" dir="1" index="1" bw="16" slack="1"/>
</pin_list>
<bind>
<opset="acc_q0_loc "/>
</bind>
</comp>

<comp id="347" class="1005" name="in_sample_keep_reg_347">
<pin_list>
<pin id="348" dir="0" index="0" bw="8" slack="6"/>
<pin id="349" dir="1" index="1" bw="8" slack="6"/>
</pin_list>
<bind>
<opset="in_sample_keep "/>
</bind>
</comp>

<comp id="352" class="1005" name="in_sample_last_reg_352">
<pin_list>
<pin id="353" dir="0" index="0" bw="1" slack="6"/>
<pin id="354" dir="1" index="1" bw="1" slack="6"/>
</pin_list>
<bind>
<opset="in_sample_last "/>
</bind>
</comp>

<comp id="357" class="1005" name="ptr_load_reg_357">
<pin_list>
<pin id="358" dir="0" index="0" bw="7" slack="1"/>
<pin id="359" dir="1" index="1" bw="7" slack="1"/>
</pin_list>
<bind>
<opset="ptr_load "/>
</bind>
</comp>

<comp id="363" class="1005" name="i1_reg_363">
<pin_list>
<pin id="364" dir="0" index="0" bw="16" slack="3"/>
<pin id="365" dir="1" index="1" bw="16" slack="3"/>
</pin_list>
<bind>
<opset="i1 "/>
</bind>
</comp>

<comp id="368" class="1005" name="q1_reg_368">
<pin_list>
<pin id="369" dir="0" index="0" bw="16" slack="3"/>
<pin id="370" dir="1" index="1" bw="16" slack="3"/>
</pin_list>
<bind>
<opset="q1 "/>
</bind>
</comp>

<comp id="373" class="1005" name="add_ln53_reg_373">
<pin_list>
<pin id="374" dir="0" index="0" bw="7" slack="1"/>
<pin id="375" dir="1" index="1" bw="7" slack="1"/>
</pin_list>
<bind>
<opset="add_ln53 "/>
</bind>
</comp>

<comp id="378" class="1005" name="result_reg_378">
<pin_list>
<pin id="379" dir="0" index="0" bw="64" slack="1"/>
<pin id="380" dir="1" index="1" bw="64" slack="1"/>
</pin_list>
<bind>
<opset="result "/>
</bind>
</comp>

</comp_list>

<net_list>
<net id="99"><net_src comp="24" pin="0"/><net_sink comp="96" pin=0"/></net>

<net id="103"><net_src comp="24" pin="0"/><net_sink comp="100" pin=0"/></net>

<net id="107"><net_src comp="24" pin="0"/><net_sink comp="104" pin=0"/></net>

<net id="111"><net_src comp="24" pin="0"/><net_sink comp="108" pin=0"/></net>

<net id="119"><net_src comp="26" pin="0"/><net_sink comp="112" pin=0"/></net>

<net id="120"><net_src comp="8" pin="0"/><net_sink comp="112" pin=1"/></net>

<net id="121"><net_src comp="10" pin="0"/><net_sink comp="112" pin=2"/></net>

<net id="122"><net_src comp="12" pin="0"/><net_sink comp="112" pin=3"/></net>

<net id="123"><net_src comp="14" pin="0"/><net_sink comp="112" pin=4"/></net>

<net id="135"><net_src comp="54" pin="0"/><net_sink comp="124" pin=0"/></net>

<net id="136"><net_src comp="0" pin="0"/><net_sink comp="124" pin=1"/></net>

<net id="137"><net_src comp="2" pin="0"/><net_sink comp="124" pin=2"/></net>

<net id="138"><net_src comp="4" pin="0"/><net_sink comp="124" pin=3"/></net>

<net id="139"><net_src comp="6" pin="0"/><net_sink comp="124" pin=4"/></net>

<net id="140"><net_src comp="56" pin="0"/><net_sink comp="124" pin=7"/></net>

<net id="146"><net_src comp="18" pin="0"/><net_sink comp="141" pin=0"/></net>

<net id="147"><net_src comp="34" pin="0"/><net_sink comp="141" pin=1"/></net>

<net id="157"><net_src comp="141" pin="3"/><net_sink comp="148" pin=2"/></net>

<net id="163"><net_src comp="20" pin="0"/><net_sink comp="158" pin=0"/></net>

<net id="164"><net_src comp="34" pin="0"/><net_sink comp="158" pin=1"/></net>

<net id="174"><net_src comp="158" pin="3"/><net_sink comp="165" pin=2"/></net>

<net id="180"><net_src comp="18" pin="0"/><net_sink comp="175" pin=0"/></net>

<net id="181"><net_src comp="34" pin="0"/><net_sink comp="175" pin=1"/></net>

<net id="182"><net_src comp="175" pin="3"/><net_sink comp="148" pin=2"/></net>

<net id="188"><net_src comp="20" pin="0"/><net_sink comp="183" pin=0"/></net>

<net id="189"><net_src comp="34" pin="0"/><net_sink comp="183" pin=1"/></net>

<net id="190"><net_src comp="183" pin="3"/><net_sink comp="165" pin=2"/></net>

<net id="200"><net_src comp="46" pin="0"/><net_sink comp="191" pin=0"/></net>

<net id="201"><net_src comp="18" pin="0"/><net_sink comp="191" pin=4"/></net>

<net id="202"><net_src comp="22" pin="0"/><net_sink comp="191" pin=5"/></net>

<net id="203"><net_src comp="20" pin="0"/><net_sink comp="191" pin=6"/></net>

<net id="213"><net_src comp="50" pin="0"/><net_sink comp="204" pin=0"/></net>

<net id="214"><net_src comp="18" pin="0"/><net_sink comp="204" pin=4"/></net>

<net id="215"><net_src comp="22" pin="0"/><net_sink comp="204" pin=5"/></net>

<net id="216"><net_src comp="20" pin="0"/><net_sink comp="204" pin=6"/></net>

<net id="220"><net_src comp="112" pin="5"/><net_sink comp="217" pin=0"/></net>

<net id="224"><net_src comp="112" pin="5"/><net_sink comp="221" pin=0"/></net>

<net id="228"><net_src comp="112" pin="5"/><net_sink comp="225" pin=0"/></net>

<net id="232"><net_src comp="217" pin="1"/><net_sink comp="229" pin=0"/></net>

<net id="233"><net_src comp="229" pin="1"/><net_sink comp="148" pin=4"/></net>

<net id="240"><net_src comp="28" pin="0"/><net_sink comp="234" pin=0"/></net>

<net id="241"><net_src comp="217" pin="1"/><net_sink comp="234" pin=1"/></net>

<net id="242"><net_src comp="30" pin="0"/><net_sink comp="234" pin=2"/></net>

<net id="243"><net_src comp="32" pin="0"/><net_sink comp="234" pin=3"/></net>

<net id="244"><net_src comp="234" pin="4"/><net_sink comp="165" pin=4"/></net>

<net id="248"><net_src comp="16" pin="0"/><net_sink comp="245" pin=0"/></net>

<net id="252"><net_src comp="245" pin="1"/><net_sink comp="249" pin=0"/></net>

<net id="253"><net_src comp="249" pin="1"/><net_sink comp="141" pin=2"/></net>

<net id="254"><net_src comp="249" pin="1"/><net_sink comp="158" pin=2"/></net>

<net id="261"><net_src comp="28" pin="0"/><net_sink comp="255" pin=0"/></net>

<net id="262"><net_src comp="217" pin="1"/><net_sink comp="255" pin=1"/></net>

<net id="263"><net_src comp="36" pin="0"/><net_sink comp="255" pin=2"/></net>

<net id="264"><net_src comp="38" pin="0"/><net_sink comp="255" pin=3"/></net>

<net id="271"><net_src comp="28" pin="0"/><net_sink comp="265" pin=0"/></net>

<net id="272"><net_src comp="217" pin="1"/><net_sink comp="265" pin=1"/></net>

<net id="273"><net_src comp="40" pin="0"/><net_sink comp="265" pin=2"/></net>

<net id="274"><net_src comp="42" pin="0"/><net_sink comp="265" pin=3"/></net>

<net id="279"><net_src comp="245" pin="1"/><net_sink comp="275" pin=0"/></net>

<net id="280"><net_src comp="44" pin="0"/><net_sink comp="275" pin=1"/></net>

<net id="285"><net_src comp="275" pin="2"/><net_sink comp="281" pin=0"/></net>

<net id="286"><net_src comp="16" pin="0"/><net_sink comp="281" pin=1"/></net>

<net id="291"><net_src comp="48" pin="0"/><net_sink comp="287" pin=1"/></net>

<net id="295"><net_src comp="287" pin="2"/><net_sink comp="292" pin=0"/></net>

<net id="296"><net_src comp="292" pin="1"/><net_sink comp="175" pin=2"/></net>

<net id="297"><net_src comp="292" pin="1"/><net_sink comp="183" pin=2"/></net>

<net id="317"><net_src comp="52" pin="0"/><net_sink comp="310" pin=0"/></net>

<net id="318"><net_src comp="304" pin="1"/><net_sink comp="310" pin=1"/></net>

<net id="319"><net_src comp="307" pin="1"/><net_sink comp="310" pin=2"/></net>

<net id="320"><net_src comp="298" pin="1"/><net_sink comp="310" pin=3"/></net>

<net id="321"><net_src comp="301" pin="1"/><net_sink comp="310" pin=4"/></net>

<net id="322"><net_src comp="310" pin="5"/><net_sink comp="124" pin=5"/></net>

<net id="326"><net_src comp="96" pin="1"/><net_sink comp="323" pin=0"/></net>

<net id="327"><net_src comp="323" pin="1"/><net_sink comp="204" pin=3"/></net>

<net id="328"><net_src comp="323" pin="1"/><net_sink comp="307" pin=0"/></net>

<net id="332"><net_src comp="100" pin="1"/><net_sink comp="329" pin=0"/></net>

<net id="333"><net_src comp="329" pin="1"/><net_sink comp="204" pin=2"/></net>

<net id="334"><net_src comp="329" pin="1"/><net_sink comp="304" pin=0"/></net>

<net id="338"><net_src comp="104" pin="1"/><net_sink comp="335" pin=0"/></net>

<net id="339"><net_src comp="335" pin="1"/><net_sink comp="191" pin=3"/></net>

<net id="340"><net_src comp="335" pin="1"/><net_sink comp="301" pin=0"/></net>

<net id="344"><net_src comp="108" pin="1"/><net_sink comp="341" pin=0"/></net>

<net id="345"><net_src comp="341" pin="1"/><net_sink comp="191" pin=2"/></net>

<net id="346"><net_src comp="341" pin="1"/><net_sink comp="298" pin=0"/></net>

<net id="350"><net_src comp="221" pin="1"/><net_sink comp="347" pin=0"/></net>

<net id="351"><net_src comp="347" pin="1"/><net_sink comp="124" pin=6"/></net>

<net id="355"><net_src comp="225" pin="1"/><net_sink comp="352" pin=0"/></net>

<net id="356"><net_src comp="352" pin="1"/><net_sink comp="124" pin=8"/></net>

<net id="360"><net_src comp="245" pin="1"/><net_sink comp="357" pin=0"/></net>

<net id="361"><net_src comp="357" pin="1"/><net_sink comp="191" pin=1"/></net>

<net id="362"><net_src comp="357" pin="1"/><net_sink comp="287" pin=0"/></net>

<net id="366"><net_src comp="255" pin="4"/><net_sink comp="363" pin=0"/></net>

<net id="367"><net_src comp="363" pin="1"/><net_sink comp="148" pin=4"/></net>

<net id="371"><net_src comp="265" pin="4"/><net_sink comp="368" pin=0"/></net>

<net id="372"><net_src comp="368" pin="1"/><net_sink comp="165" pin=4"/></net>

<net id="376"><net_src comp="287" pin="2"/><net_sink comp="373" pin=0"/></net>

<net id="377"><net_src comp="373" pin="1"/><net_sink comp="204" pin=1"/></net>

<net id="381"><net_src comp="310" pin="5"/><net_sink comp="378" pin=0"/></net>

<net id="382"><net_src comp="378" pin="1"/><net_sink comp="124" pin=5"/></net>

</net_list>

</model> 
---------------- Datapath Model END ------------------

* FSMD analyzer results:
  - Output states:
	Port: y_V_data_V | {8 }
	Port: y_V_keep_V | {8 }
	Port: y_V_strb_V | {8 }
	Port: y_V_last_V | {8 }
	Port: ptr | {1 }
	Port: shift_i | {1 4 }
	Port: shift_q | {1 4 }
 - Input state : 
	Port: fir : x_V_data_V | {1 }
	Port: fir : x_V_keep_V | {1 }
	Port: fir : x_V_strb_V | {1 }
	Port: fir : x_V_last_V | {1 }
	Port: fir : ptr | {1 }
	Port: fir : shift_i | {2 3 5 6 }
	Port: fir : shift_q | {2 3 5 6 }
	Port: fir : c | {2 3 5 6 }
  - Chain level:
	State 1
		i0 : 1
		q0 : 1
		zext_ln38 : 1
		shift_i_addr : 2
		store_ln38 : 3
		shift_q_addr : 2
		store_ln39 : 3
		i1 : 1
		q1 : 1
		add_ln71 : 1
		store_ln71 : 2
	State 2
	State 3
	State 4
		zext_ln56 : 1
		shift_i_addr_1 : 2
		store_ln56 : 3
		shift_q_addr_1 : 2
		store_ln57 : 3
	State 5
	State 6
	State 7
		result : 1
		write_ln84 : 2
	State 8


============================================================
+ Verbose Summary: Datapath Resource usage 
============================================================

* Functional unit list:
|----------|------------------------------------|---------|---------|---------|---------|
| Operation|           Functional Unit          |   DSP   |  Delay  |    FF   |   LUT   |
|----------|------------------------------------|---------|---------|---------|---------|
|   call   | grp_fir_Pipeline_MAC_Loop_0_fu_191 |    2    |  4.764  |   161   |   139   |
|          | grp_fir_Pipeline_MAC_Loop_1_fu_204 |    2    |  4.764  |   161   |   139   |
|----------|------------------------------------|---------|---------|---------|---------|
|    add   |           add_ln71_fu_275          |    0    |    0    |    0    |    14   |
|          |           add_ln53_fu_287          |    0    |    0    |    0    |    14   |
|----------|------------------------------------|---------|---------|---------|---------|
|   read   |          empty_read_fu_112         |    0    |    0    |    0    |    0    |
|----------|------------------------------------|---------|---------|---------|---------|
|   write  |          grp_write_fu_124          |    0    |    0    |    0    |    0    |
|----------|------------------------------------|---------|---------|---------|---------|
|          |        in_sample_data_fu_217       |    0    |    0    |    0    |    0    |
|extractvalue|        in_sample_keep_fu_221       |    0    |    0    |    0    |    0    |
|          |        in_sample_last_fu_225       |    0    |    0    |    0    |    0    |
|----------|------------------------------------|---------|---------|---------|---------|
|   trunc  |              i0_fu_229             |    0    |    0    |    0    |    0    |
|----------|------------------------------------|---------|---------|---------|---------|
|          |              q0_fu_234             |    0    |    0    |    0    |    0    |
|partselect|              i1_fu_255             |    0    |    0    |    0    |    0    |
|          |              q1_fu_265             |    0    |    0    |    0    |    0    |
|----------|------------------------------------|---------|---------|---------|---------|
|   zext   |          zext_ln38_fu_249          |    0    |    0    |    0    |    0    |
|          |          zext_ln56_fu_292          |    0    |    0    |    0    |    0    |
|----------|------------------------------------|---------|---------|---------|---------|
|bitconcatenate|            result_fu_310           |    0    |    0    |    0    |    0    |
|----------|------------------------------------|---------|---------|---------|---------|
|   Total  |                                    |    4    |  9.528  |   322   |   306   |
|----------|------------------------------------|---------|---------|---------|---------|

Memories:
+-------+--------+--------+--------+
|       |  BRAM  |   FF   |   LUT  |
+-------+--------+--------+--------+
|   c   |    0   |    5   |   10   |
|shift_i|    1   |    0   |    0   |
|shift_q|    1   |    0   |    0   |
+-------+--------+--------+--------+
| Total |    2   |    5   |   10   |
+-------+--------+--------+--------+

* Register list:
+----------------------+--------+
|                      |   FF   |
+----------------------+--------+
|  acc_i0_loc_reg_335  |   16   |
|  acc_i1_loc_reg_323  |   16   |
|  acc_q0_loc_reg_341  |   16   |
|  acc_q1_loc_reg_329  |   16   |
|   add_ln53_reg_373   |    7   |
|      i1_reg_363      |   16   |
|in_sample_keep_reg_347|    8   |
|in_sample_last_reg_352|    1   |
|   ptr_load_reg_357   |    7   |
|      q1_reg_368      |   16   |
|    result_reg_378    |   64   |
+----------------------+--------+
|         Total        |   183  |
+----------------------+--------+

* Multiplexer (MUX) list: 
|-------------------|------|------|------|--------||---------||---------|
|        Comp       |  Pin | Size |  BW  | S x BW ||  Delay  ||   LUT   |
|-------------------|------|------|------|--------||---------||---------|
|  grp_write_fu_124 |  p5  |   2  |  64  |   128  ||    9    |
| grp_access_fu_148 |  p2  |   2  |   0  |    0   ||    9    |
| grp_access_fu_148 |  p4  |   2  |   7  |   14   ||    9    |
| grp_access_fu_165 |  p2  |   2  |   0  |    0   ||    9    |
| grp_access_fu_165 |  p4  |   2  |   7  |   14   ||    9    |
|-------------------|------|------|------|--------||---------||---------|
|       Total       |      |      |      |   156  ||   7.94  ||    45   |
|-------------------|------|------|------|--------||---------||---------|



* Summary:
+-----------+--------+--------+--------+--------+--------+
|           |  BRAM  |   DSP  |  Delay |   FF   |   LUT  |
+-----------+--------+--------+--------+--------+--------+
|  Function |    -   |    4   |    9   |   322  |   306  |
|   Memory  |    2   |    -   |    -   |    5   |   10   |
|Multiplexer|    -   |    -   |    7   |    -   |   45   |
|  Register |    -   |    -   |    -   |   183  |    -   |
+-----------+--------+--------+--------+--------+--------+
|   Total   |    2   |    4   |   17   |   510  |   361  |
+-----------+--------+--------+--------+--------+--------+
