

================================================================
== Vitis HLS Report for 'fir'
================================================================
* Date:           Tue May 12 23:58:29 2026

* Version:        2023.2 (Build 4023990 on Oct 11 2023)
* Project:        fir128
* Solution:       solution1 (Vivado IP Flow Target)
* Product family: zynq
* Target device:  xc7z010-clg225-1


================================================================
== Performance Estimates
================================================================
+ Timing: 
    * Summary: 
    +--------+----------+----------+------------+
    |  Clock |  Target  | Estimated| Uncertainty|
    +--------+----------+----------+------------+
    |ap_clk  |  10.00 ns|  6.712 ns|     2.70 ns|
    +--------+----------+----------+------------+

+ Latency: 
    * Summary: 
    +---------+---------+----------+----------+-----+-----+---------+
    |  Latency (cycles) |  Latency (absolute) |  Interval | Pipeline|
    |   min   |   max   |    min   |    max   | min | max |   Type  |
    +---------+---------+----------+----------+-----+-----+---------+
    |      273|      273|  2.730 us|  2.730 us|  274|  274|       no|
    +---------+---------+----------+----------+-----+-----+---------+

    + Detail: 
        * Instance: 
        +------------------------------------+-------------------------+---------+---------+----------+----------+-----+-----+---------+
        |                                    |                         |  Latency (cycles) |  Latency (absolute) |  Interval | Pipeline|
        |              Instance              |          Module         |   min   |   max   |    min   |    max   | min | max |   Type  |
        +------------------------------------+-------------------------+---------+---------+----------+----------+-----+-----+---------+
        |grp_fir_Pipeline_MAC_Loop_0_fu_201  |fir_Pipeline_MAC_Loop_0  |      133|      133|  1.330 us|  1.330 us|  133|  133|       no|
        |grp_fir_Pipeline_MAC_Loop_1_fu_214  |fir_Pipeline_MAC_Loop_1  |      133|      133|  1.330 us|  1.330 us|  133|  133|       no|
        +------------------------------------+-------------------------+---------+---------+----------+----------+-----+-----+---------+

        * Loop: 
        N/A

============================================================
+ Verbose Summary: Synthesis Manager
============================================================
InlineROM: 1
ExposeGlobal: 0
============================================================
+ Verbose Summary: CDFG Model
============================================================
IsTopModel: 1
ResetActiveHigh: 1
IsCombinational: 0
IsDatapathOnly: 0
HasWiredReturn: 1
HasMFsm: 0
HasVarLatency: 1
IsPipeline: 0
IsRtlPipelined: 0
IsInstanceOverlapped: 0
IsDontTouch: 0
HasImplIP: 0
IsGatedGlobalClock: 0


============================================================
+ Verbose Summary: Schedule
============================================================
* Number of FSM states : 8
* Pipeline : 0
* Dataflow Pipeline: 0

* FSM state transitions: 
1 --> 2 
2 --> 3 
3 --> 4 
4 --> 5 
5 --> 6 
6 --> 7 
7 --> 8 
8 --> 

* FSM state operations: 

State 1 <SV = 0> <Delay = 4.25>
ST_1 : Operation 9 [1/1] (0.00ns)   --->   "%acc_i1_loc = alloca i64 1"   --->   Operation 9 'alloca' 'acc_i1_loc' <Predicate = true> <Delay = 0.00>
ST_1 : Operation 10 [1/1] (0.00ns)   --->   "%acc_q1_loc = alloca i64 1"   --->   Operation 10 'alloca' 'acc_q1_loc' <Predicate = true> <Delay = 0.00>
ST_1 : Operation 11 [1/1] (0.00ns)   --->   "%acc_i0_loc = alloca i64 1"   --->   Operation 11 'alloca' 'acc_i0_loc' <Predicate = true> <Delay = 0.00>
ST_1 : Operation 12 [1/1] (0.00ns)   --->   "%acc_q0_loc = alloca i64 1"   --->   Operation 12 'alloca' 'acc_q0_loc' <Predicate = true> <Delay = 0.00>
ST_1 : Operation 13 [1/1] (1.00ns)   --->   "%empty = read i81 @_ssdm_op_Read.axis.volatile.i64P0A.i8P0A.i8P0A.i1P0A, i64 %x_V_data_V, i8 %x_V_keep_V, i8 %x_V_strb_V, i1 %x_V_last_V" [fir.cpp:17]   --->   Operation 13 'read' 'empty' <Predicate = true> <Delay = 1.00> <CoreInst = "axis">   --->   Core 115 'axis' <Latency = 0> <II = 1> <Delay = 1.00> <Adapter> <Opcode : >
ST_1 : Operation 14 [1/1] (0.00ns)   --->   "%in_sample_data = extractvalue i81 %empty" [fir.cpp:17]   --->   Operation 14 'extractvalue' 'in_sample_data' <Predicate = true> <Delay = 0.00>
ST_1 : Operation 15 [1/1] (0.00ns)   --->   "%in_sample_keep = extractvalue i81 %empty" [fir.cpp:17]   --->   Operation 15 'extractvalue' 'in_sample_keep' <Predicate = true> <Delay = 0.00>
ST_1 : Operation 16 [1/1] (0.00ns)   --->   "%in_sample_last = extractvalue i81 %empty" [fir.cpp:17]   --->   Operation 16 'extractvalue' 'in_sample_last' <Predicate = true> <Delay = 0.00>
ST_1 : Operation 17 [1/1] (0.00ns)   --->   "%i0 = trunc i64 %in_sample_data" [fir.cpp:20]   --->   Operation 17 'trunc' 'i0' <Predicate = true> <Delay = 0.00>
ST_1 : Operation 18 [1/1] (0.00ns)   --->   "%q0 = partselect i16 @_ssdm_op_PartSelect.i16.i64.i32.i32, i64 %in_sample_data, i32 16, i32 31" [fir.cpp:21]   --->   Operation 18 'partselect' 'q0' <Predicate = true> <Delay = 0.00>
ST_1 : Operation 19 [1/1] (0.00ns)   --->   "%ptr_load = load i7 %ptr" [fir.cpp:26]   --->   Operation 19 'load' 'ptr_load' <Predicate = true> <Delay = 0.00>
ST_1 : Operation 20 [1/1] (0.00ns)   --->   "%zext_ln26 = zext i7 %ptr_load" [fir.cpp:26]   --->   Operation 20 'zext' 'zext_ln26' <Predicate = true> <Delay = 0.00>
ST_1 : Operation 21 [1/1] (0.00ns)   --->   "%shift_i_addr = getelementptr i16 %shift_i, i64 0, i64 %zext_ln26" [fir.cpp:26]   --->   Operation 21 'getelementptr' 'shift_i_addr' <Predicate = true> <Delay = 0.00>
ST_1 : Operation 22 [1/1] (3.25ns)   --->   "%store_ln26 = store i16 %i0, i7 %shift_i_addr" [fir.cpp:26]   --->   Operation 22 'store' 'store_ln26' <Predicate = true> <Delay = 3.25> <CoreInst = "RAM_2P_BRAM">   --->   Core 91 'RAM_2P_BRAM' <Latency = 1> <II = 1> <Delay = 3.25> <Storage> <Opcode : 'load' 'store'> <Ports = 2> <Width = 16> <Depth = 128> <RAM>
ST_1 : Operation 23 [1/1] (0.00ns)   --->   "%shift_q_addr = getelementptr i16 %shift_q, i64 0, i64 %zext_ln26" [fir.cpp:27]   --->   Operation 23 'getelementptr' 'shift_q_addr' <Predicate = true> <Delay = 0.00>
ST_1 : Operation 24 [1/1] (3.25ns)   --->   "%store_ln27 = store i16 %q0, i7 %shift_q_addr" [fir.cpp:27]   --->   Operation 24 'store' 'store_ln27' <Predicate = true> <Delay = 3.25> <CoreInst = "RAM_2P_BRAM">   --->   Core 91 'RAM_2P_BRAM' <Latency = 1> <II = 1> <Delay = 3.25> <Storage> <Opcode : 'load' 'store'> <Ports = 2> <Width = 16> <Depth = 128> <RAM>
ST_1 : Operation 25 [1/1] (0.00ns)   --->   "%i1 = partselect i16 @_ssdm_op_PartSelect.i16.i64.i32.i32, i64 %in_sample_data, i32 32, i32 47" [fir.cpp:22]   --->   Operation 25 'partselect' 'i1' <Predicate = true> <Delay = 0.00>
ST_1 : Operation 26 [1/1] (0.00ns)   --->   "%q1 = partselect i16 @_ssdm_op_PartSelect.i16.i64.i32.i32, i64 %in_sample_data, i32 48, i32 63" [fir.cpp:23]   --->   Operation 26 'partselect' 'q1' <Predicate = true> <Delay = 0.00>
ST_1 : Operation 27 [1/1] (1.87ns)   --->   "%add_ln59 = add i7 %ptr_load, i7 2" [fir.cpp:59]   --->   Operation 27 'add' 'add_ln59' <Predicate = true> <Delay = 1.87> <CoreInst = "Adder">   --->   Core 1 'Adder' <Latency = 0> <II = 1> <Delay = 1.87> <FuncUnit> <Opcode : 'add' 'sub'> <InPorts = 2> <OutPorts = 1>
ST_1 : Operation 28 [1/1] (0.00ns)   --->   "%store_ln59 = store i7 %add_ln59, i7 %ptr" [fir.cpp:59]   --->   Operation 28 'store' 'store_ln59' <Predicate = true> <Delay = 0.00>

State 2 <SV = 1> <Delay = 5.12>
ST_2 : Operation 29 [2/2] (5.12ns)   --->   "%call_ln26 = call void @fir_Pipeline_MAC_Loop_0, i7 %ptr_load, i16 %coeffs, i16 %acc_q0_loc, i16 %acc_i0_loc, i16 %shift_i, i16 %shift_q" [fir.cpp:26]   --->   Operation 29 'call' 'call_ln26' <Predicate = true> <Delay = 5.12> <CoreType = "Generic">   --->   Core 0 '' <Latency = 0> <II = 1> <Delay = 1.00> <Generic> <Opcode : >

State 3 <SV = 2> <Delay = 0.00>
ST_3 : Operation 30 [1/2] (0.00ns)   --->   "%call_ln26 = call void @fir_Pipeline_MAC_Loop_0, i7 %ptr_load, i16 %coeffs, i16 %acc_q0_loc, i16 %acc_i0_loc, i16 %shift_i, i16 %shift_q" [fir.cpp:26]   --->   Operation 30 'call' 'call_ln26' <Predicate = true> <Delay = 0.00> <CoreType = "Generic">   --->   Core 0 '' <Latency = 0> <II = 1> <Delay = 1.00> <Generic> <Opcode : >

State 4 <SV = 3> <Delay = 5.12>
ST_4 : Operation 31 [1/1] (1.87ns)   --->   "%add_ln41 = add i7 %ptr_load, i7 1" [fir.cpp:41]   --->   Operation 31 'add' 'add_ln41' <Predicate = true> <Delay = 1.87> <CoreInst = "Adder">   --->   Core 1 'Adder' <Latency = 0> <II = 1> <Delay = 1.87> <FuncUnit> <Opcode : 'add' 'sub'> <InPorts = 2> <OutPorts = 1>
ST_4 : Operation 32 [1/1] (0.00ns)   --->   "%zext_ln44 = zext i7 %add_ln41" [fir.cpp:44]   --->   Operation 32 'zext' 'zext_ln44' <Predicate = true> <Delay = 0.00>
ST_4 : Operation 33 [1/1] (0.00ns)   --->   "%shift_i_addr_1 = getelementptr i16 %shift_i, i64 0, i64 %zext_ln44" [fir.cpp:44]   --->   Operation 33 'getelementptr' 'shift_i_addr_1' <Predicate = true> <Delay = 0.00>
ST_4 : Operation 34 [1/1] (3.25ns)   --->   "%store_ln44 = store i16 %i1, i7 %shift_i_addr_1" [fir.cpp:44]   --->   Operation 34 'store' 'store_ln44' <Predicate = true> <Delay = 3.25> <CoreInst = "RAM_2P_BRAM">   --->   Core 91 'RAM_2P_BRAM' <Latency = 1> <II = 1> <Delay = 3.25> <Storage> <Opcode : 'load' 'store'> <Ports = 2> <Width = 16> <Depth = 128> <RAM>
ST_4 : Operation 35 [1/1] (0.00ns)   --->   "%shift_q_addr_1 = getelementptr i16 %shift_q, i64 0, i64 %zext_ln44" [fir.cpp:45]   --->   Operation 35 'getelementptr' 'shift_q_addr_1' <Predicate = true> <Delay = 0.00>
ST_4 : Operation 36 [1/1] (3.25ns)   --->   "%store_ln45 = store i16 %q1, i7 %shift_q_addr_1" [fir.cpp:45]   --->   Operation 36 'store' 'store_ln45' <Predicate = true> <Delay = 3.25> <CoreInst = "RAM_2P_BRAM">   --->   Core 91 'RAM_2P_BRAM' <Latency = 1> <II = 1> <Delay = 3.25> <Storage> <Opcode : 'load' 'store'> <Ports = 2> <Width = 16> <Depth = 128> <RAM>

State 5 <SV = 4> <Delay = 5.12>
ST_5 : Operation 37 [2/2] (5.12ns)   --->   "%call_ln41 = call void @fir_Pipeline_MAC_Loop_1, i7 %add_ln41, i16 %coeffs, i16 %acc_q1_loc, i16 %acc_i1_loc, i16 %shift_i, i16 %shift_q" [fir.cpp:41]   --->   Operation 37 'call' 'call_ln41' <Predicate = true> <Delay = 5.12> <CoreType = "Generic">   --->   Core 0 '' <Latency = 0> <II = 1> <Delay = 1.00> <Generic> <Opcode : >

State 6 <SV = 5> <Delay = 0.00>
ST_6 : Operation 38 [1/2] (0.00ns)   --->   "%call_ln41 = call void @fir_Pipeline_MAC_Loop_1, i7 %add_ln41, i16 %coeffs, i16 %acc_q1_loc, i16 %acc_i1_loc, i16 %shift_i, i16 %shift_q" [fir.cpp:41]   --->   Operation 38 'call' 'call_ln41' <Predicate = true> <Delay = 0.00> <CoreType = "Generic">   --->   Core 0 '' <Latency = 0> <II = 1> <Delay = 1.00> <Generic> <Opcode : >

State 7 <SV = 6> <Delay = 1.00>
ST_7 : Operation 39 [1/1] (0.00ns)   --->   "%acc_q0_loc_load = load i16 %acc_q0_loc" [fir.cpp:63]   --->   Operation 39 'load' 'acc_q0_loc_load' <Predicate = true> <Delay = 0.00>
ST_7 : Operation 40 [1/1] (0.00ns)   --->   "%acc_i0_loc_load = load i16 %acc_i0_loc" [fir.cpp:62]   --->   Operation 40 'load' 'acc_i0_loc_load' <Predicate = true> <Delay = 0.00>
ST_7 : Operation 41 [1/1] (0.00ns)   --->   "%acc_q1_loc_load = load i16 %acc_q1_loc" [fir.cpp:65]   --->   Operation 41 'load' 'acc_q1_loc_load' <Predicate = true> <Delay = 0.00>
ST_7 : Operation 42 [1/1] (0.00ns)   --->   "%acc_i1_loc_load = load i16 %acc_i1_loc" [fir.cpp:64]   --->   Operation 42 'load' 'acc_i1_loc_load' <Predicate = true> <Delay = 0.00>
ST_7 : Operation 43 [1/1] (0.00ns)   --->   "%result = bitconcatenate i64 @_ssdm_op_BitConcatenate.i64.i16.i16.i16.i16, i16 %acc_q1_loc_load, i16 %acc_i1_loc_load, i16 %acc_q0_loc_load, i16 %acc_i0_loc_load" [fir.cpp:65]   --->   Operation 43 'bitconcatenate' 'result' <Predicate = true> <Delay = 0.00>
ST_7 : Operation 44 [2/2] (1.00ns)   --->   "%write_ln71 = write void @_ssdm_op_Write.axis.volatile.i64P0A.i8P0A.i8P0A.i1P0A, i64 %y_V_data_V, i8 %y_V_keep_V, i8 %y_V_strb_V, i1 %y_V_last_V, i64 %result, i8 %in_sample_keep, i8 0, i1 %in_sample_last" [fir.cpp:71]   --->   Operation 44 'write' 'write_ln71' <Predicate = true> <Delay = 1.00> <CoreInst = "axis">   --->   Core 115 'axis' <Latency = 0> <II = 1> <Delay = 1.00> <Adapter> <Opcode : >

State 8 <SV = 7> <Delay = 1.00>
ST_8 : Operation 45 [1/1] (0.00ns)   --->   "%spectopmodule_ln3 = spectopmodule void @_ssdm_op_SpecTopModule, void @empty_5" [fir.cpp:3]   --->   Operation 45 'spectopmodule' 'spectopmodule_ln3' <Predicate = true> <Delay = 0.00>
ST_8 : Operation 46 [1/1] (0.00ns)   --->   "%specinterface_ln3 = specinterface void @_ssdm_op_SpecInterface, i32 0, void @empty_10, i32 0, i32 0, void @empty_8, i32 0, i32 0, void @empty_8, void @empty_8, void @empty_8, i32 0, i32 0, i32 0, i32 0, void @empty_8, void @empty_8, i32 4294967295, i32 0" [fir.cpp:3]   --->   Operation 46 'specinterface' 'specinterface_ln3' <Predicate = true> <Delay = 0.00>
ST_8 : Operation 47 [1/1] (0.00ns)   --->   "%specinterface_ln0 = specinterface void @_ssdm_op_SpecInterface, i64 %y_V_data_V, i8 %y_V_keep_V, i8 %y_V_strb_V, i1 %y_V_last_V, void @empty_4, i32 1, i32 1, void @empty_9, i32 0, i32 0, void @empty_8, void @empty_8, void @empty_8, i32 0, i32 0, i32 0, i32 0, void @empty_8, void @empty_8, i32 4294967295, i32 0"   --->   Operation 47 'specinterface' 'specinterface_ln0' <Predicate = true> <Delay = 0.00>
ST_8 : Operation 48 [1/1] (0.00ns)   --->   "%specbitsmap_ln0 = specbitsmap void @_ssdm_op_SpecBitsMap, i64 %y_V_data_V"   --->   Operation 48 'specbitsmap' 'specbitsmap_ln0' <Predicate = true> <Delay = 0.00>
ST_8 : Operation 49 [1/1] (0.00ns)   --->   "%specbitsmap_ln0 = specbitsmap void @_ssdm_op_SpecBitsMap, i8 %y_V_keep_V"   --->   Operation 49 'specbitsmap' 'specbitsmap_ln0' <Predicate = true> <Delay = 0.00>
ST_8 : Operation 50 [1/1] (0.00ns)   --->   "%specbitsmap_ln0 = specbitsmap void @_ssdm_op_SpecBitsMap, i8 %y_V_strb_V"   --->   Operation 50 'specbitsmap' 'specbitsmap_ln0' <Predicate = true> <Delay = 0.00>
ST_8 : Operation 51 [1/1] (0.00ns)   --->   "%specbitsmap_ln0 = specbitsmap void @_ssdm_op_SpecBitsMap, i1 %y_V_last_V"   --->   Operation 51 'specbitsmap' 'specbitsmap_ln0' <Predicate = true> <Delay = 0.00>
ST_8 : Operation 52 [1/1] (0.00ns)   --->   "%specinterface_ln0 = specinterface void @_ssdm_op_SpecInterface, i64 %x_V_data_V, i8 %x_V_keep_V, i8 %x_V_strb_V, i1 %x_V_last_V, void @empty_4, i32 1, i32 1, void @empty_9, i32 0, i32 0, void @empty_8, void @empty_8, void @empty_8, i32 0, i32 0, i32 0, i32 0, void @empty_8, void @empty_8, i32 4294967295, i32 0"   --->   Operation 52 'specinterface' 'specinterface_ln0' <Predicate = true> <Delay = 0.00>
ST_8 : Operation 53 [1/1] (0.00ns)   --->   "%specbitsmap_ln0 = specbitsmap void @_ssdm_op_SpecBitsMap, i64 %x_V_data_V"   --->   Operation 53 'specbitsmap' 'specbitsmap_ln0' <Predicate = true> <Delay = 0.00>
ST_8 : Operation 54 [1/1] (0.00ns)   --->   "%specbitsmap_ln0 = specbitsmap void @_ssdm_op_SpecBitsMap, i8 %x_V_keep_V"   --->   Operation 54 'specbitsmap' 'specbitsmap_ln0' <Predicate = true> <Delay = 0.00>
ST_8 : Operation 55 [1/1] (0.00ns)   --->   "%specbitsmap_ln0 = specbitsmap void @_ssdm_op_SpecBitsMap, i8 %x_V_strb_V"   --->   Operation 55 'specbitsmap' 'specbitsmap_ln0' <Predicate = true> <Delay = 0.00>
ST_8 : Operation 56 [1/1] (0.00ns)   --->   "%specbitsmap_ln0 = specbitsmap void @_ssdm_op_SpecBitsMap, i1 %x_V_last_V"   --->   Operation 56 'specbitsmap' 'specbitsmap_ln0' <Predicate = true> <Delay = 0.00>
ST_8 : Operation 57 [1/1] (0.00ns)   --->   "%specinterface_ln0 = specinterface void @_ssdm_op_SpecInterface, i16 %coeffs, void @empty_13, i32 0, i32 0, void @empty_8, i32 0, i32 0, void @empty_14, void @empty_15, void @empty_8, i32 0, i32 0, i32 0, i32 0, void @empty_8, void @empty_8, i32 4294967295, i32 0"   --->   Operation 57 'specinterface' 'specinterface_ln0' <Predicate = true> <Delay = 0.00>
ST_8 : Operation 58 [1/1] (0.00ns)   --->   "%specinterface_ln0 = specinterface void @_ssdm_op_SpecInterface, i16 %coeffs, void @empty_6, i32 0, i32 0, void @empty_8, i32 1, i32 0, void @empty_8, void @empty_8, void @empty_8, i32 0, i32 0, i32 0, i32 0, void @empty_8, void @empty_8, i32 4294967295, i32 0"   --->   Operation 58 'specinterface' 'specinterface_ln0' <Predicate = true> <Delay = 0.00>
ST_8 : Operation 59 [1/1] (0.00ns)   --->   "%specmemcore_ln0 = specmemcore void @_ssdm_op_SpecMemCore, i16 %coeffs, i64 666, i64 207, i64 1"   --->   Operation 59 'specmemcore' 'specmemcore_ln0' <Predicate = true> <Delay = 0.00>
ST_8 : Operation 60 [1/1] (0.00ns)   --->   "%specbitsmap_ln0 = specbitsmap void @_ssdm_op_SpecBitsMap, i16 %coeffs"   --->   Operation 60 'specbitsmap' 'specbitsmap_ln0' <Predicate = true> <Delay = 0.00>
ST_8 : Operation 61 [1/1] (0.00ns)   --->   "%specinterface_ln0 = specinterface void @_ssdm_op_SpecInterface, i32 0, void @empty_13, i32 0, i32 0, void @empty_8, i32 0, i32 0, void @empty_14, void @empty_8, void @empty_8, i32 0, i32 0, i32 0, i32 0, void @empty_8, void @empty_8, i32 4294967295, i32 0"   --->   Operation 61 'specinterface' 'specinterface_ln0' <Predicate = true> <Delay = 0.00>
ST_8 : Operation 62 [1/1] (0.00ns)   --->   "%specmemcore_ln12 = specmemcore void @_ssdm_op_SpecMemCore, i16 %shift_i, i64 666, i64 22, i64 18446744073709551615" [fir.cpp:12]   --->   Operation 62 'specmemcore' 'specmemcore_ln12' <Predicate = true> <Delay = 0.00>
ST_8 : Operation 63 [1/1] (0.00ns)   --->   "%specmemcore_ln13 = specmemcore void @_ssdm_op_SpecMemCore, i16 %shift_q, i64 666, i64 22, i64 18446744073709551615" [fir.cpp:13]   --->   Operation 63 'specmemcore' 'specmemcore_ln13' <Predicate = true> <Delay = 0.00>
ST_8 : Operation 64 [1/1] (0.00ns)   --->   "%specaxissidechannel_ln33 = specaxissidechannel void @_ssdm_op_SpecAXISSideChannel, i64 %y_V_data_V, i8 %y_V_keep_V, i8 %y_V_strb_V, i1 0, i1 %y_V_last_V, i1 0, i1 0, void @empty_7" [fir.cpp:33]   --->   Operation 64 'specaxissidechannel' 'specaxissidechannel_ln33' <Predicate = true> <Delay = 0.00>
ST_8 : Operation 65 [1/1] (0.00ns)   --->   "%specaxissidechannel_ln33 = specaxissidechannel void @_ssdm_op_SpecAXISSideChannel, i64 %x_V_data_V, i8 %x_V_keep_V, i8 %x_V_strb_V, i1 0, i1 %x_V_last_V, i1 0, i1 0, void @empty" [fir.cpp:33]   --->   Operation 65 'specaxissidechannel' 'specaxissidechannel_ln33' <Predicate = true> <Delay = 0.00>
ST_8 : Operation 66 [1/2] (1.00ns)   --->   "%write_ln71 = write void @_ssdm_op_Write.axis.volatile.i64P0A.i8P0A.i8P0A.i1P0A, i64 %y_V_data_V, i8 %y_V_keep_V, i8 %y_V_strb_V, i1 %y_V_last_V, i64 %result, i8 %in_sample_keep, i8 0, i1 %in_sample_last" [fir.cpp:71]   --->   Operation 66 'write' 'write_ln71' <Predicate = true> <Delay = 1.00> <CoreInst = "axis">   --->   Core 115 'axis' <Latency = 0> <II = 1> <Delay = 1.00> <Adapter> <Opcode : >
ST_8 : Operation 67 [1/1] (0.00ns)   --->   "%ret_ln72 = ret" [fir.cpp:72]   --->   Operation 67 'ret' 'ret_ln72' <Predicate = true> <Delay = 0.00>


============================================================
+ Verbose Summary: Binding
============================================================
STG Binding: 
---------------- STG Properties BEGIN ----------------
- Is combinational: 0
- Is one-state seq: 0
- Is datapath-only: 0
- Is pipelined: 0
- Is top level: 1
Port [ Return ] is wired: 1; IO mode=ap_ctrl_hs:ce=0
Port [ y_V_data_V]:  wired=1; compound=1; hidden=0; nouse=0; global=0; static=0; extern=0; dir=1; type=0; pingpong=0; private_global=0; IO mode=axis:ce=0
Port [ y_V_keep_V]:  wired=1; compound=1; hidden=0; nouse=0; global=0; static=0; extern=0; dir=1; type=0; pingpong=0; private_global=0; IO mode=axis:ce=0
Port [ y_V_strb_V]:  wired=1; compound=1; hidden=0; nouse=0; global=0; static=0; extern=0; dir=1; type=0; pingpong=0; private_global=0; IO mode=axis:ce=0
Port [ y_V_last_V]:  wired=1; compound=1; hidden=0; nouse=0; global=0; static=0; extern=0; dir=1; type=0; pingpong=0; private_global=0; IO mode=axis:ce=0
Port [ x_V_data_V]:  wired=1; compound=1; hidden=0; nouse=0; global=0; static=0; extern=0; dir=0; type=0; pingpong=0; private_global=0; IO mode=axis:ce=0
Port [ x_V_keep_V]:  wired=1; compound=1; hidden=0; nouse=0; global=0; static=0; extern=0; dir=0; type=0; pingpong=0; private_global=0; IO mode=axis:ce=0
Port [ x_V_strb_V]:  wired=1; compound=1; hidden=0; nouse=0; global=0; static=0; extern=0; dir=0; type=0; pingpong=0; private_global=0; IO mode=axis:ce=0
Port [ x_V_last_V]:  wired=1; compound=1; hidden=0; nouse=0; global=0; static=0; extern=0; dir=0; type=0; pingpong=0; private_global=0; IO mode=axis:ce=0
Port [ coeffs]:  wired=1; compound=1; hidden=0; nouse=0; global=0; static=0; extern=0; dir=0; type=1; pingpong=0; private_global=0; MemPort=[1]; IO mode=ap_memory:ce=0
Port [ ptr]:  wired=0; compound=0; hidden=1; nouse=0; global=1; static=1; extern=0; dir=2; type=0; pingpong=0; private_global=1; IO mode=ap_ovld:ce=0
Port [ shift_i]:  wired=0; compound=1; hidden=1; nouse=0; global=1; static=1; extern=0; dir=2; type=1; pingpong=0; private_global=1; MemPort=[10]; IO mode=ap_memory:ce=0
Port [ shift_q]:  wired=0; compound=1; hidden=1; nouse=0; global=1; static=1; extern=0; dir=2; type=1; pingpong=0; private_global=1; MemPort=[10]; IO mode=ap_memory:ce=0
---------------- STG Properties END ------------------

---------------- Datapath Model BEGIN ----------------

<LifeTime>
<method=bitvector/>
acc_i1_loc               (alloca             ) [ 001111110]
acc_q1_loc               (alloca             ) [ 001111110]
acc_i0_loc               (alloca             ) [ 001111110]
acc_q0_loc               (alloca             ) [ 001111110]
empty                    (read               ) [ 000000000]
in_sample_data           (extractvalue       ) [ 000000000]
in_sample_keep           (extractvalue       ) [ 001111111]
in_sample_last           (extractvalue       ) [ 001111111]
i0                       (trunc              ) [ 000000000]
q0                       (partselect         ) [ 000000000]
ptr_load                 (load               ) [ 001110000]
zext_ln26                (zext               ) [ 000000000]
shift_i_addr             (getelementptr      ) [ 000000000]
store_ln26               (store              ) [ 000000000]
shift_q_addr             (getelementptr      ) [ 000000000]
store_ln27               (store              ) [ 000000000]
i1                       (partselect         ) [ 001110000]
q1                       (partselect         ) [ 001110000]
add_ln59                 (add                ) [ 000000000]
store_ln59               (store              ) [ 000000000]
call_ln26                (call               ) [ 000000000]
add_ln41                 (add                ) [ 000001100]
zext_ln44                (zext               ) [ 000000000]
shift_i_addr_1           (getelementptr      ) [ 000000000]
store_ln44               (store              ) [ 000000000]
shift_q_addr_1           (getelementptr      ) [ 000000000]
store_ln45               (store              ) [ 000000000]
call_ln41                (call               ) [ 000000000]
acc_q0_loc_load          (load               ) [ 000000000]
acc_i0_loc_load          (load               ) [ 000000000]
acc_q1_loc_load          (load               ) [ 000000000]
acc_i1_loc_load          (load               ) [ 000000000]
result                   (bitconcatenate     ) [ 000000001]
spectopmodule_ln3        (spectopmodule      ) [ 000000000]
specinterface_ln3        (specinterface      ) [ 000000000]
specinterface_ln0        (specinterface      ) [ 000000000]
specbitsmap_ln0          (specbitsmap        ) [ 000000000]
specbitsmap_ln0          (specbitsmap        ) [ 000000000]
specbitsmap_ln0          (specbitsmap        ) [ 000000000]
specbitsmap_ln0          (specbitsmap        ) [ 000000000]
specinterface_ln0        (specinterface      ) [ 000000000]
specbitsmap_ln0          (specbitsmap        ) [ 000000000]
specbitsmap_ln0          (specbitsmap        ) [ 000000000]
specbitsmap_ln0          (specbitsmap        ) [ 000000000]
specbitsmap_ln0          (specbitsmap        ) [ 000000000]
specinterface_ln0        (specinterface      ) [ 000000000]
specinterface_ln0        (specinterface      ) [ 000000000]
specmemcore_ln0          (specmemcore        ) [ 000000000]
specbitsmap_ln0          (specbitsmap        ) [ 000000000]
specinterface_ln0        (specinterface      ) [ 000000000]
specmemcore_ln12         (specmemcore        ) [ 000000000]
specmemcore_ln13         (specmemcore        ) [ 000000000]
specaxissidechannel_ln33 (specaxissidechannel) [ 000000000]
specaxissidechannel_ln33 (specaxissidechannel) [ 000000000]
write_ln71               (write              ) [ 000000000]
ret_ln72                 (ret                ) [ 000000000]
</LifeTime>

<model>

<comp_list>
<comp id="0" class="1000" name="y_V_data_V">
<pin_list>
<pin id="1" dir="1" index="0" bw="1" slack="0"/>
</pin_list>
<bind>
<StgValue><ssdm name="y_V_data_V"/></StgValue>
</bind>
</comp>

<comp id="2" class="1000" name="y_V_keep_V">
<pin_list>
<pin id="3" dir="1" index="0" bw="1" slack="0"/>
</pin_list>
<bind>
<StgValue><ssdm name="y_V_keep_V"/></StgValue>
</bind>
</comp>

<comp id="4" class="1000" name="y_V_strb_V">
<pin_list>
<pin id="5" dir="1" index="0" bw="1" slack="0"/>
</pin_list>
<bind>
<StgValue><ssdm name="y_V_strb_V"/></StgValue>
</bind>
</comp>

<comp id="6" class="1000" name="y_V_last_V">
<pin_list>
<pin id="7" dir="1" index="0" bw="1" slack="0"/>
</pin_list>
<bind>
<StgValue><ssdm name="y_V_last_V"/></StgValue>
</bind>
</comp>

<comp id="8" class="1000" name="x_V_data_V">
<pin_list>
<pin id="9" dir="1" index="0" bw="1" slack="0"/>
</pin_list>
<bind>
<StgValue><ssdm name="x_V_data_V"/></StgValue>
</bind>
</comp>

<comp id="10" class="1000" name="x_V_keep_V">
<pin_list>
<pin id="11" dir="1" index="0" bw="1" slack="0"/>
</pin_list>
<bind>
<StgValue><ssdm name="x_V_keep_V"/></StgValue>
</bind>
</comp>

<comp id="12" class="1000" name="x_V_strb_V">
<pin_list>
<pin id="13" dir="1" index="0" bw="1" slack="0"/>
</pin_list>
<bind>
<StgValue><ssdm name="x_V_strb_V"/></StgValue>
</bind>
</comp>

<comp id="14" class="1000" name="x_V_last_V">
<pin_list>
<pin id="15" dir="1" index="0" bw="1" slack="0"/>
</pin_list>
<bind>
<StgValue><ssdm name="x_V_last_V"/></StgValue>
</bind>
</comp>

<comp id="16" class="1000" name="coeffs">
<pin_list>
<pin id="17" dir="1" index="0" bw="1" slack="0"/>
</pin_list>
<bind>
<StgValue><ssdm name="coeffs"/><MemPortTyVec>1 </MemPortTyVec>
</StgValue>
</bind>
</comp>

<comp id="18" class="1000" name="ptr">
<pin_list>
<pin id="19" dir="1" index="0" bw="1" slack="0"/>
</pin_list>
<bind>
<StgValue><ssdm name="ptr"/></StgValue>
</bind>
</comp>

<comp id="20" class="1000" name="shift_i">
<pin_list>
<pin id="21" dir="1" index="0" bw="1" slack="0"/>
</pin_list>
<bind>
<StgValue><ssdm name="shift_i"/><MemPortTyVec>1 0 </MemPortTyVec>
</StgValue>
</bind>
</comp>

<comp id="22" class="1000" name="shift_q">
<pin_list>
<pin id="23" dir="1" index="0" bw="1" slack="0"/>
</pin_list>
<bind>
<StgValue><ssdm name="shift_q"/><MemPortTyVec>1 0 </MemPortTyVec>
</StgValue>
</bind>
</comp>

<comp id="24" class="1001" name="const_24">
<pin_list>
<pin id="25" dir="1" index="0" bw="1" slack="0"/>
</pin_list>
<bind>
<StgValue><ssdm name=""/></StgValue>
</bind>
</comp>

<comp id="26" class="1001" name="const_26">
<pin_list>
<pin id="27" dir="1" index="0" bw="1" slack="0"/>
</pin_list>
<bind>
<StgValue><ssdm name="_ssdm_op_Read.axis.volatile.i64P0A.i8P0A.i8P0A.i1P0A"/></StgValue>
</bind>
</comp>

<comp id="28" class="1001" name="const_28">
<pin_list>
<pin id="29" dir="1" index="0" bw="1" slack="0"/>
</pin_list>
<bind>
<StgValue><ssdm name="_ssdm_op_PartSelect.i16.i64.i32.i32"/></StgValue>
</bind>
</comp>

<comp id="30" class="1001" name="const_30">
<pin_list>
<pin id="31" dir="1" index="0" bw="1" slack="0"/>
</pin_list>
<bind>
<StgValue><ssdm name=""/></StgValue>
</bind>
</comp>

<comp id="32" class="1001" name="const_32">
<pin_list>
<pin id="33" dir="1" index="0" bw="1" slack="0"/>
</pin_list>
<bind>
<StgValue><ssdm name=""/></StgValue>
</bind>
</comp>

<comp id="34" class="1001" name="const_34">
<pin_list>
<pin id="35" dir="1" index="0" bw="1" slack="0"/>
</pin_list>
<bind>
<StgValue><ssdm name=""/></StgValue>
</bind>
</comp>

<comp id="36" class="1001" name="const_36">
<pin_list>
<pin id="37" dir="1" index="0" bw="1" slack="0"/>
</pin_list>
<bind>
<StgValue><ssdm name=""/></StgValue>
</bind>
</comp>

<comp id="38" class="1001" name="const_38">
<pin_list>
<pin id="39" dir="1" index="0" bw="1" slack="0"/>
</pin_list>
<bind>
<StgValue><ssdm name=""/></StgValue>
</bind>
</comp>

<comp id="40" class="1001" name="const_40">
<pin_list>
<pin id="41" dir="1" index="0" bw="1" slack="0"/>
</pin_list>
<bind>
<StgValue><ssdm name=""/></StgValue>
</bind>
</comp>

<comp id="42" class="1001" name="const_42">
<pin_list>
<pin id="43" dir="1" index="0" bw="1" slack="0"/>
</pin_list>
<bind>
<StgValue><ssdm name=""/></StgValue>
</bind>
</comp>

<comp id="44" class="1001" name="const_44">
<pin_list>
<pin id="45" dir="1" index="0" bw="1" slack="0"/>
</pin_list>
<bind>
<StgValue><ssdm name=""/></StgValue>
</bind>
</comp>

<comp id="46" class="1001" name="const_46">
<pin_list>
<pin id="47" dir="1" index="0" bw="1" slack="0"/>
</pin_list>
<bind>
<StgValue><ssdm name="fir_Pipeline_MAC_Loop_0"/></StgValue>
</bind>
</comp>

<comp id="48" class="1001" name="const_48">
<pin_list>
<pin id="49" dir="1" index="0" bw="1" slack="0"/>
</pin_list>
<bind>
<StgValue><ssdm name=""/></StgValue>
</bind>
</comp>

<comp id="50" class="1001" name="const_50">
<pin_list>
<pin id="51" dir="1" index="0" bw="1" slack="0"/>
</pin_list>
<bind>
<StgValue><ssdm name="fir_Pipeline_MAC_Loop_1"/></StgValue>
</bind>
</comp>

<comp id="52" class="1001" name="const_52">
<pin_list>
<pin id="53" dir="1" index="0" bw="1" slack="0"/>
</pin_list>
<bind>
<StgValue><ssdm name="_ssdm_op_BitConcatenate.i64.i16.i16.i16.i16"/></StgValue>
</bind>
</comp>

<comp id="54" class="1001" name="const_54">
<pin_list>
<pin id="55" dir="1" index="0" bw="1" slack="0"/>
</pin_list>
<bind>
<StgValue><ssdm name="_ssdm_op_Write.axis.volatile.i64P0A.i8P0A.i8P0A.i1P0A"/></StgValue>
</bind>
</comp>

<comp id="56" class="1001" name="const_56">
<pin_list>
<pin id="57" dir="1" index="0" bw="1" slack="0"/>
</pin_list>
<bind>
<StgValue><ssdm name=""/></StgValue>
</bind>
</comp>

<comp id="58" class="1001" name="const_58">
<pin_list>
<pin id="59" dir="1" index="0" bw="1" slack="2147483647"/>
</pin_list>
<bind>
<StgValue><ssdm name="_ssdm_op_SpecTopModule"/></StgValue>
</bind>
</comp>

<comp id="60" class="1001" name="const_60">
<pin_list>
<pin id="61" dir="1" index="0" bw="1" slack="2147483647"/>
</pin_list>
<bind>
<StgValue><ssdm name="empty_5"/></StgValue>
</bind>
</comp>

<comp id="62" class="1001" name="const_62">
<pin_list>
<pin id="63" dir="1" index="0" bw="1" slack="2147483647"/>
</pin_list>
<bind>
<StgValue><ssdm name="_ssdm_op_SpecInterface"/></StgValue>
</bind>
</comp>

<comp id="64" class="1001" name="const_64">
<pin_list>
<pin id="65" dir="1" index="0" bw="1" slack="2147483647"/>
</pin_list>
<bind>
<StgValue><ssdm name=""/></StgValue>
</bind>
</comp>

<comp id="66" class="1001" name="const_66">
<pin_list>
<pin id="67" dir="1" index="0" bw="1" slack="2147483647"/>
</pin_list>
<bind>
<StgValue><ssdm name="empty_10"/></StgValue>
</bind>
</comp>

<comp id="68" class="1001" name="const_68">
<pin_list>
<pin id="69" dir="1" index="0" bw="1" slack="2147483647"/>
</pin_list>
<bind>
<StgValue><ssdm name="empty_8"/></StgValue>
</bind>
</comp>

<comp id="70" class="1001" name="const_70">
<pin_list>
<pin id="71" dir="1" index="0" bw="1" slack="2147483647"/>
</pin_list>
<bind>
<StgValue><ssdm name=""/></StgValue>
</bind>
</comp>

<comp id="72" class="1001" name="const_72">
<pin_list>
<pin id="73" dir="1" index="0" bw="1" slack="2147483647"/>
</pin_list>
<bind>
<StgValue><ssdm name="empty_4"/></StgValue>
</bind>
</comp>

<comp id="74" class="1001" name="const_74">
<pin_list>
<pin id="75" dir="1" index="0" bw="1" slack="2147483647"/>
</pin_list>
<bind>
<StgValue><ssdm name=""/></StgValue>
</bind>
</comp>

<comp id="76" class="1001" name="const_76">
<pin_list>
<pin id="77" dir="1" index="0" bw="1" slack="2147483647"/>
</pin_list>
<bind>
<StgValue><ssdm name="empty_9"/></StgValue>
</bind>
</comp>

<comp id="78" class="1001" name="const_78">
<pin_list>
<pin id="79" dir="1" index="0" bw="1" slack="2147483647"/>
</pin_list>
<bind>
<StgValue><ssdm name="_ssdm_op_SpecBitsMap"/></StgValue>
</bind>
</comp>

<comp id="80" class="1001" name="const_80">
<pin_list>
<pin id="81" dir="1" index="0" bw="1" slack="2147483647"/>
</pin_list>
<bind>
<StgValue><ssdm name="empty_13"/></StgValue>
</bind>
</comp>

<comp id="82" class="1001" name="const_82">
<pin_list>
<pin id="83" dir="1" index="0" bw="1" slack="2147483647"/>
</pin_list>
<bind>
<StgValue><ssdm name="empty_14"/></StgValue>
</bind>
</comp>

<comp id="84" class="1001" name="const_84">
<pin_list>
<pin id="85" dir="1" index="0" bw="1" slack="2147483647"/>
</pin_list>
<bind>
<StgValue><ssdm name="empty_15"/></StgValue>
</bind>
</comp>

<comp id="86" class="1001" name="const_86">
<pin_list>
<pin id="87" dir="1" index="0" bw="1" slack="2147483647"/>
</pin_list>
<bind>
<StgValue><ssdm name="empty_6"/></StgValue>
</bind>
</comp>

<comp id="88" class="1001" name="const_88">
<pin_list>
<pin id="89" dir="1" index="0" bw="1" slack="2147483647"/>
</pin_list>
<bind>
<StgValue><ssdm name="_ssdm_op_SpecMemCore"/></StgValue>
</bind>
</comp>

<comp id="90" class="1001" name="const_90">
<pin_list>
<pin id="91" dir="1" index="0" bw="1" slack="2147483647"/>
</pin_list>
<bind>
<StgValue><ssdm name=""/></StgValue>
</bind>
</comp>

<comp id="92" class="1001" name="const_92">
<pin_list>
<pin id="93" dir="1" index="0" bw="1" slack="2147483647"/>
</pin_list>
<bind>
<StgValue><ssdm name=""/></StgValue>
</bind>
</comp>

<comp id="94" class="1001" name="const_94">
<pin_list>
<pin id="95" dir="1" index="0" bw="1" slack="2147483647"/>
</pin_list>
<bind>
<StgValue><ssdm name=""/></StgValue>
</bind>
</comp>

<comp id="96" class="1001" name="const_96">
<pin_list>
<pin id="97" dir="1" index="0" bw="1" slack="2147483647"/>
</pin_list>
<bind>
<StgValue><ssdm name=""/></StgValue>
</bind>
</comp>

<comp id="98" class="1001" name="const_98">
<pin_list>
<pin id="99" dir="1" index="0" bw="1" slack="2147483647"/>
</pin_list>
<bind>
<StgValue><ssdm name="_ssdm_op_SpecAXISSideChannel"/></StgValue>
</bind>
</comp>

<comp id="100" class="1001" name="const_100">
<pin_list>
<pin id="101" dir="1" index="0" bw="1" slack="2147483647"/>
</pin_list>
<bind>
<StgValue><ssdm name=""/></StgValue>
</bind>
</comp>

<comp id="102" class="1001" name="const_102">
<pin_list>
<pin id="103" dir="1" index="0" bw="1" slack="2147483647"/>
</pin_list>
<bind>
<StgValue><ssdm name="empty_7"/></StgValue>
</bind>
</comp>

<comp id="104" class="1001" name="const_104">
<pin_list>
<pin id="105" dir="1" index="0" bw="1" slack="2147483647"/>
</pin_list>
<bind>
<StgValue><ssdm name="empty"/></StgValue>
</bind>
</comp>

<comp id="106" class="1004" name="acc_i1_loc_fu_106">
<pin_list>
<pin id="107" dir="0" index="0" bw="1" slack="0"/>
<pin id="108" dir="1" index="1" bw="16" slack="4"/>
</pin_list>
<bind>
<opcode="alloca(26) " fcode="alloca"/>
<opset="acc_i1_loc/1 "/>
</bind>
</comp>

<comp id="110" class="1004" name="acc_q1_loc_fu_110">
<pin_list>
<pin id="111" dir="0" index="0" bw="1" slack="0"/>
<pin id="112" dir="1" index="1" bw="16" slack="4"/>
</pin_list>
<bind>
<opcode="alloca(26) " fcode="alloca"/>
<opset="acc_q1_loc/1 "/>
</bind>
</comp>

<comp id="114" class="1004" name="acc_i0_loc_fu_114">
<pin_list>
<pin id="115" dir="0" index="0" bw="1" slack="0"/>
<pin id="116" dir="1" index="1" bw="16" slack="1"/>
</pin_list>
<bind>
<opcode="alloca(26) " fcode="alloca"/>
<opset="acc_i0_loc/1 "/>
</bind>
</comp>

<comp id="118" class="1004" name="acc_q0_loc_fu_118">
<pin_list>
<pin id="119" dir="0" index="0" bw="1" slack="0"/>
<pin id="120" dir="1" index="1" bw="16" slack="1"/>
</pin_list>
<bind>
<opcode="alloca(26) " fcode="alloca"/>
<opset="acc_q0_loc/1 "/>
</bind>
</comp>

<comp id="122" class="1004" name="empty_read_fu_122">
<pin_list>
<pin id="123" dir="0" index="0" bw="81" slack="0"/>
<pin id="124" dir="0" index="1" bw="64" slack="0"/>
<pin id="125" dir="0" index="2" bw="8" slack="0"/>
<pin id="126" dir="0" index="3" bw="8" slack="0"/>
<pin id="127" dir="0" index="4" bw="1" slack="0"/>
<pin id="128" dir="1" index="5" bw="81" slack="0"/>
</pin_list>
<bind>
<opcode="read(1150) " fcode="read"/>
<opset="empty/1 "/>
</bind>
</comp>

<comp id="134" class="1004" name="grp_write_fu_134">
<pin_list>
<pin id="135" dir="0" index="0" bw="0" slack="0"/>
<pin id="136" dir="0" index="1" bw="64" slack="0"/>
<pin id="137" dir="0" index="2" bw="8" slack="0"/>
<pin id="138" dir="0" index="3" bw="8" slack="0"/>
<pin id="139" dir="0" index="4" bw="1" slack="0"/>
<pin id="140" dir="0" index="5" bw="64" slack="0"/>
<pin id="141" dir="0" index="6" bw="8" slack="6"/>
<pin id="142" dir="0" index="7" bw="1" slack="0"/>
<pin id="143" dir="0" index="8" bw="1" slack="6"/>
<pin id="144" dir="1" index="9" bw="0" slack="2147483647"/>
</pin_list>
<bind>
<opcode="write(1151) " fcode="write"/>
<opset="write_ln71/7 "/>
</bind>
</comp>

<comp id="151" class="1004" name="shift_i_addr_gep_fu_151">
<pin_list>
<pin id="152" dir="0" index="0" bw="16" slack="0"/>
<pin id="153" dir="0" index="1" bw="1" slack="0"/>
<pin id="154" dir="0" index="2" bw="7" slack="0"/>
<pin id="155" dir="1" index="3" bw="7" slack="0"/>
</pin_list>
<bind>
<opcode="getelementptr(29) " fcode="getelementptr"/>
<opset="shift_i_addr/1 "/>
</bind>
</comp>

<comp id="158" class="1004" name="grp_access_fu_158">
<pin_list>
<pin id="159" dir="0" index="0" bw="7" slack="2147483647"/>
<pin id="160" dir="0" index="1" bw="16" slack="2147483647"/>
<pin id="161" dir="0" index="2" bw="0" slack="0"/>
<pin id="163" dir="0" index="4" bw="7" slack="0"/>
<pin id="164" dir="0" index="5" bw="16" slack="2147483647"/>
<pin id="165" dir="0" index="6" bw="0" slack="2147483647"/>
<pin id="162" dir="1" index="3" bw="16" slack="2147483647"/>
<pin id="166" dir="1" index="7" bw="16" slack="2147483647"/>
</pin_list>
<bind>
<opcode="store(28) " fcode="store"/>
<opset="store_ln26/1 store_ln44/4 "/>
</bind>
</comp>

<comp id="168" class="1004" name="shift_q_addr_gep_fu_168">
<pin_list>
<pin id="169" dir="0" index="0" bw="16" slack="0"/>
<pin id="170" dir="0" index="1" bw="1" slack="0"/>
<pin id="171" dir="0" index="2" bw="7" slack="0"/>
<pin id="172" dir="1" index="3" bw="7" slack="0"/>
</pin_list>
<bind>
<opcode="getelementptr(29) " fcode="getelementptr"/>
<opset="shift_q_addr/1 "/>
</bind>
</comp>

<comp id="175" class="1004" name="grp_access_fu_175">
<pin_list>
<pin id="176" dir="0" index="0" bw="7" slack="2147483647"/>
<pin id="177" dir="0" index="1" bw="16" slack="2147483647"/>
<pin id="178" dir="0" index="2" bw="0" slack="0"/>
<pin id="180" dir="0" index="4" bw="7" slack="0"/>
<pin id="181" dir="0" index="5" bw="16" slack="2147483647"/>
<pin id="182" dir="0" index="6" bw="0" slack="2147483647"/>
<pin id="179" dir="1" index="3" bw="16" slack="2147483647"/>
<pin id="183" dir="1" index="7" bw="16" slack="2147483647"/>
</pin_list>
<bind>
<opcode="store(28) " fcode="store"/>
<opset="store_ln27/1 store_ln45/4 "/>
</bind>
</comp>

<comp id="185" class="1004" name="shift_i_addr_1_gep_fu_185">
<pin_list>
<pin id="186" dir="0" index="0" bw="16" slack="0"/>
<pin id="187" dir="0" index="1" bw="1" slack="0"/>
<pin id="188" dir="0" index="2" bw="7" slack="0"/>
<pin id="189" dir="1" index="3" bw="7" slack="0"/>
</pin_list>
<bind>
<opcode="getelementptr(29) " fcode="getelementptr"/>
<opset="shift_i_addr_1/4 "/>
</bind>
</comp>

<comp id="193" class="1004" name="shift_q_addr_1_gep_fu_193">
<pin_list>
<pin id="194" dir="0" index="0" bw="16" slack="0"/>
<pin id="195" dir="0" index="1" bw="1" slack="0"/>
<pin id="196" dir="0" index="2" bw="7" slack="0"/>
<pin id="197" dir="1" index="3" bw="7" slack="0"/>
</pin_list>
<bind>
<opcode="getelementptr(29) " fcode="getelementptr"/>
<opset="shift_q_addr_1/4 "/>
</bind>
</comp>

<comp id="201" class="1004" name="grp_fir_Pipeline_MAC_Loop_0_fu_201">
<pin_list>
<pin id="202" dir="0" index="0" bw="0" slack="0"/>
<pin id="203" dir="0" index="1" bw="7" slack="1"/>
<pin id="204" dir="0" index="2" bw="16" slack="0"/>
<pin id="205" dir="0" index="3" bw="16" slack="1"/>
<pin id="206" dir="0" index="4" bw="16" slack="1"/>
<pin id="207" dir="0" index="5" bw="16" slack="0"/>
<pin id="208" dir="0" index="6" bw="16" slack="0"/>
<pin id="209" dir="1" index="7" bw="0" slack="2147483647"/>
</pin_list>
<bind>
<opcode="call(48) " fcode="call"/>
<opset="call_ln26/2 "/>
</bind>
</comp>

<comp id="214" class="1004" name="grp_fir_Pipeline_MAC_Loop_1_fu_214">
<pin_list>
<pin id="215" dir="0" index="0" bw="0" slack="0"/>
<pin id="216" dir="0" index="1" bw="7" slack="1"/>
<pin id="217" dir="0" index="2" bw="16" slack="0"/>
<pin id="218" dir="0" index="3" bw="16" slack="4"/>
<pin id="219" dir="0" index="4" bw="16" slack="4"/>
<pin id="220" dir="0" index="5" bw="16" slack="0"/>
<pin id="221" dir="0" index="6" bw="16" slack="0"/>
<pin id="222" dir="1" index="7" bw="0" slack="2147483647"/>
</pin_list>
<bind>
<opcode="call(48) " fcode="call"/>
<opset="call_ln41/5 "/>
</bind>
</comp>

<comp id="227" class="1004" name="in_sample_data_fu_227">
<pin_list>
<pin id="228" dir="0" index="0" bw="81" slack="0"/>
<pin id="229" dir="1" index="1" bw="64" slack="0"/>
</pin_list>
<bind>
<opcode="extractvalue(56) " fcode="extractvalue"/>
<opset="in_sample_data/1 "/>
</bind>
</comp>

<comp id="231" class="1004" name="in_sample_keep_fu_231">
<pin_list>
<pin id="232" dir="0" index="0" bw="81" slack="0"/>
<pin id="233" dir="1" index="1" bw="8" slack="6"/>
</pin_list>
<bind>
<opcode="extractvalue(56) " fcode="extractvalue"/>
<opset="in_sample_keep/1 "/>
</bind>
</comp>

<comp id="235" class="1004" name="in_sample_last_fu_235">
<pin_list>
<pin id="236" dir="0" index="0" bw="81" slack="0"/>
<pin id="237" dir="1" index="1" bw="1" slack="6"/>
</pin_list>
<bind>
<opcode="extractvalue(56) " fcode="extractvalue"/>
<opset="in_sample_last/1 "/>
</bind>
</comp>

<comp id="239" class="1004" name="i0_fu_239">
<pin_list>
<pin id="240" dir="0" index="0" bw="64" slack="0"/>
<pin id="241" dir="1" index="1" bw="16" slack="0"/>
</pin_list>
<bind>
<opcode="trunc(33) " fcode="trunc"/>
<opset="i0/1 "/>
</bind>
</comp>

<comp id="244" class="1004" name="q0_fu_244">
<pin_list>
<pin id="245" dir="0" index="0" bw="16" slack="0"/>
<pin id="246" dir="0" index="1" bw="64" slack="0"/>
<pin id="247" dir="0" index="2" bw="6" slack="0"/>
<pin id="248" dir="0" index="3" bw="6" slack="0"/>
<pin id="249" dir="1" index="4" bw="16" slack="0"/>
</pin_list>
<bind>
<opcode="partselect(1002) " fcode="partselect"/>
<opset="q0/1 "/>
</bind>
</comp>

<comp id="255" class="1004" name="ptr_load_load_fu_255">
<pin_list>
<pin id="256" dir="0" index="0" bw="7" slack="0"/>
<pin id="257" dir="1" index="1" bw="7" slack="0"/>
</pin_list>
<bind>
<opcode="load(27) " fcode="load"/>
<opset="ptr_load/1 "/>
</bind>
</comp>

<comp id="259" class="1004" name="zext_ln26_fu_259">
<pin_list>
<pin id="260" dir="0" index="0" bw="7" slack="0"/>
<pin id="261" dir="1" index="1" bw="64" slack="0"/>
</pin_list>
<bind>
<opcode="zext(34) " fcode="zext"/>
<opset="zext_ln26/1 "/>
</bind>
</comp>

<comp id="265" class="1004" name="i1_fu_265">
<pin_list>
<pin id="266" dir="0" index="0" bw="16" slack="0"/>
<pin id="267" dir="0" index="1" bw="64" slack="0"/>
<pin id="268" dir="0" index="2" bw="7" slack="0"/>
<pin id="269" dir="0" index="3" bw="7" slack="0"/>
<pin id="270" dir="1" index="4" bw="16" slack="3"/>
</pin_list>
<bind>
<opcode="partselect(1002) " fcode="partselect"/>
<opset="i1/1 "/>
</bind>
</comp>

<comp id="275" class="1004" name="q1_fu_275">
<pin_list>
<pin id="276" dir="0" index="0" bw="16" slack="0"/>
<pin id="277" dir="0" index="1" bw="64" slack="0"/>
<pin id="278" dir="0" index="2" bw="7" slack="0"/>
<pin id="279" dir="0" index="3" bw="7" slack="0"/>
<pin id="280" dir="1" index="4" bw="16" slack="3"/>
</pin_list>
<bind>
<opcode="partselect(1002) " fcode="partselect"/>
<opset="q1/1 "/>
</bind>
</comp>

<comp id="285" class="1004" name="add_ln59_fu_285">
<pin_list>
<pin id="286" dir="0" index="0" bw="7" slack="0"/>
<pin id="287" dir="0" index="1" bw="3" slack="0"/>
<pin id="288" dir="1" index="2" bw="7" slack="0"/>
</pin_list>
<bind>
<opcode="add(8) " fcode="add"/>
<opset="add_ln59/1 "/>
</bind>
</comp>

<comp id="291" class="1004" name="store_ln59_store_fu_291">
<pin_list>
<pin id="292" dir="0" index="0" bw="7" slack="0"/>
<pin id="293" dir="0" index="1" bw="7" slack="0"/>
<pin id="294" dir="1" index="2" bw="0" slack="2147483647"/>
</pin_list>
<bind>
<opcode="store(28) " fcode="store"/>
<opset="store_ln59/1 "/>
</bind>
</comp>

<comp id="297" class="1004" name="add_ln41_fu_297">
<pin_list>
<pin id="298" dir="0" index="0" bw="7" slack="3"/>
<pin id="299" dir="0" index="1" bw="1" slack="0"/>
<pin id="300" dir="1" index="2" bw="7" slack="0"/>
</pin_list>
<bind>
<opcode="add(8) " fcode="add"/>
<opset="add_ln41/4 "/>
</bind>
</comp>

<comp id="302" class="1004" name="zext_ln44_fu_302">
<pin_list>
<pin id="303" dir="0" index="0" bw="7" slack="0"/>
<pin id="304" dir="1" index="1" bw="64" slack="0"/>
</pin_list>
<bind>
<opcode="zext(34) " fcode="zext"/>
<opset="zext_ln44/4 "/>
</bind>
</comp>

<comp id="308" class="1004" name="acc_q0_loc_load_load_fu_308">
<pin_list>
<pin id="309" dir="0" index="0" bw="16" slack="6"/>
<pin id="310" dir="1" index="1" bw="16" slack="0"/>
</pin_list>
<bind>
<opcode="load(27) " fcode="load"/>
<opset="acc_q0_loc_load/7 "/>
</bind>
</comp>

<comp id="311" class="1004" name="acc_i0_loc_load_load_fu_311">
<pin_list>
<pin id="312" dir="0" index="0" bw="16" slack="6"/>
<pin id="313" dir="1" index="1" bw="16" slack="0"/>
</pin_list>
<bind>
<opcode="load(27) " fcode="load"/>
<opset="acc_i0_loc_load/7 "/>
</bind>
</comp>

<comp id="314" class="1004" name="acc_q1_loc_load_load_fu_314">
<pin_list>
<pin id="315" dir="0" index="0" bw="16" slack="6"/>
<pin id="316" dir="1" index="1" bw="16" slack="0"/>
</pin_list>
<bind>
<opcode="load(27) " fcode="load"/>
<opset="acc_q1_loc_load/7 "/>
</bind>
</comp>

<comp id="317" class="1004" name="acc_i1_loc_load_load_fu_317">
<pin_list>
<pin id="318" dir="0" index="0" bw="16" slack="6"/>
<pin id="319" dir="1" index="1" bw="16" slack="0"/>
</pin_list>
<bind>
<opcode="load(27) " fcode="load"/>
<opset="acc_i1_loc_load/7 "/>
</bind>
</comp>

<comp id="320" class="1004" name="result_fu_320">
<pin_list>
<pin id="321" dir="0" index="0" bw="64" slack="0"/>
<pin id="322" dir="0" index="1" bw="16" slack="0"/>
<pin id="323" dir="0" index="2" bw="16" slack="0"/>
<pin id="324" dir="0" index="3" bw="16" slack="0"/>
<pin id="325" dir="0" index="4" bw="16" slack="0"/>
<pin id="326" dir="1" index="5" bw="64" slack="0"/>
</pin_list>
<bind>
<opcode="bitconcatenate(1004) " fcode="bitconcatenate"/>
<opset="result/7 "/>
</bind>
</comp>

<comp id="333" class="1005" name="acc_i1_loc_reg_333">
<pin_list>
<pin id="334" dir="0" index="0" bw="16" slack="4"/>
<pin id="335" dir="1" index="1" bw="16" slack="4"/>
</pin_list>
<bind>
<opset="acc_i1_loc "/>
</bind>
</comp>

<comp id="339" class="1005" name="acc_q1_loc_reg_339">
<pin_list>
<pin id="340" dir="0" index="0" bw="16" slack="4"/>
<pin id="341" dir="1" index="1" bw="16" slack="4"/>
</pin_list>
<bind>
<opset="acc_q1_loc "/>
</bind>
</comp>

<comp id="345" class="1005" name="acc_i0_loc_reg_345">
<pin_list>
<pin id="346" dir="0" index="0" bw="16" slack="1"/>
<pin id="347" dir="1" index="1" bw="16" slack="1"/>
</pin_list>
<bind>
<opset="acc_i0_loc "/>
</bind>
</comp>

<comp id="351" class="1005" name="acc_q0_loc_reg_351">
<pin_list>
<pin id="352" dir="0" index="0" bw="16" slack="1"/>
<pin id="353" dir="1" index="1" bw="16" slack="1"/>
</pin_list>
<bind>
<opset="acc_q0_loc "/>
</bind>
</comp>

<comp id="357" class="1005" name="in_sample_keep_reg_357">
<pin_list>
<pin id="358" dir="0" index="0" bw="8" slack="6"/>
<pin id="359" dir="1" index="1" bw="8" slack="6"/>
</pin_list>
<bind>
<opset="in_sample_keep "/>
</bind>
</comp>

<comp id="362" class="1005" name="in_sample_last_reg_362">
<pin_list>
<pin id="363" dir="0" index="0" bw="1" slack="6"/>
<pin id="364" dir="1" index="1" bw="1" slack="6"/>
</pin_list>
<bind>
<opset="in_sample_last "/>
</bind>
</comp>

<comp id="367" class="1005" name="ptr_load_reg_367">
<pin_list>
<pin id="368" dir="0" index="0" bw="7" slack="1"/>
<pin id="369" dir="1" index="1" bw="7" slack="1"/>
</pin_list>
<bind>
<opset="ptr_load "/>
</bind>
</comp>

<comp id="373" class="1005" name="i1_reg_373">
<pin_list>
<pin id="374" dir="0" index="0" bw="16" slack="3"/>
<pin id="375" dir="1" index="1" bw="16" slack="3"/>
</pin_list>
<bind>
<opset="i1 "/>
</bind>
</comp>

<comp id="378" class="1005" name="q1_reg_378">
<pin_list>
<pin id="379" dir="0" index="0" bw="16" slack="3"/>
<pin id="380" dir="1" index="1" bw="16" slack="3"/>
</pin_list>
<bind>
<opset="q1 "/>
</bind>
</comp>

<comp id="383" class="1005" name="add_ln41_reg_383">
<pin_list>
<pin id="384" dir="0" index="0" bw="7" slack="1"/>
<pin id="385" dir="1" index="1" bw="7" slack="1"/>
</pin_list>
<bind>
<opset="add_ln41 "/>
</bind>
</comp>

<comp id="388" class="1005" name="result_reg_388">
<pin_list>
<pin id="389" dir="0" index="0" bw="64" slack="1"/>
<pin id="390" dir="1" index="1" bw="64" slack="1"/>
</pin_list>
<bind>
<opset="result "/>
</bind>
</comp>

</comp_list>

<net_list>
<net id="109"><net_src comp="24" pin="0"/><net_sink comp="106" pin=0"/></net>

<net id="113"><net_src comp="24" pin="0"/><net_sink comp="110" pin=0"/></net>

<net id="117"><net_src comp="24" pin="0"/><net_sink comp="114" pin=0"/></net>

<net id="121"><net_src comp="24" pin="0"/><net_sink comp="118" pin=0"/></net>

<net id="129"><net_src comp="26" pin="0"/><net_sink comp="122" pin=0"/></net>

<net id="130"><net_src comp="8" pin="0"/><net_sink comp="122" pin=1"/></net>

<net id="131"><net_src comp="10" pin="0"/><net_sink comp="122" pin=2"/></net>

<net id="132"><net_src comp="12" pin="0"/><net_sink comp="122" pin=3"/></net>

<net id="133"><net_src comp="14" pin="0"/><net_sink comp="122" pin=4"/></net>

<net id="145"><net_src comp="54" pin="0"/><net_sink comp="134" pin=0"/></net>

<net id="146"><net_src comp="0" pin="0"/><net_sink comp="134" pin=1"/></net>

<net id="147"><net_src comp="2" pin="0"/><net_sink comp="134" pin=2"/></net>

<net id="148"><net_src comp="4" pin="0"/><net_sink comp="134" pin=3"/></net>

<net id="149"><net_src comp="6" pin="0"/><net_sink comp="134" pin=4"/></net>

<net id="150"><net_src comp="56" pin="0"/><net_sink comp="134" pin=7"/></net>

<net id="156"><net_src comp="20" pin="0"/><net_sink comp="151" pin=0"/></net>

<net id="157"><net_src comp="34" pin="0"/><net_sink comp="151" pin=1"/></net>

<net id="167"><net_src comp="151" pin="3"/><net_sink comp="158" pin=2"/></net>

<net id="173"><net_src comp="22" pin="0"/><net_sink comp="168" pin=0"/></net>

<net id="174"><net_src comp="34" pin="0"/><net_sink comp="168" pin=1"/></net>

<net id="184"><net_src comp="168" pin="3"/><net_sink comp="175" pin=2"/></net>

<net id="190"><net_src comp="20" pin="0"/><net_sink comp="185" pin=0"/></net>

<net id="191"><net_src comp="34" pin="0"/><net_sink comp="185" pin=1"/></net>

<net id="192"><net_src comp="185" pin="3"/><net_sink comp="158" pin=2"/></net>

<net id="198"><net_src comp="22" pin="0"/><net_sink comp="193" pin=0"/></net>

<net id="199"><net_src comp="34" pin="0"/><net_sink comp="193" pin=1"/></net>

<net id="200"><net_src comp="193" pin="3"/><net_sink comp="175" pin=2"/></net>

<net id="210"><net_src comp="46" pin="0"/><net_sink comp="201" pin=0"/></net>

<net id="211"><net_src comp="16" pin="0"/><net_sink comp="201" pin=2"/></net>

<net id="212"><net_src comp="20" pin="0"/><net_sink comp="201" pin=5"/></net>

<net id="213"><net_src comp="22" pin="0"/><net_sink comp="201" pin=6"/></net>

<net id="223"><net_src comp="50" pin="0"/><net_sink comp="214" pin=0"/></net>

<net id="224"><net_src comp="16" pin="0"/><net_sink comp="214" pin=2"/></net>

<net id="225"><net_src comp="20" pin="0"/><net_sink comp="214" pin=5"/></net>

<net id="226"><net_src comp="22" pin="0"/><net_sink comp="214" pin=6"/></net>

<net id="230"><net_src comp="122" pin="5"/><net_sink comp="227" pin=0"/></net>

<net id="234"><net_src comp="122" pin="5"/><net_sink comp="231" pin=0"/></net>

<net id="238"><net_src comp="122" pin="5"/><net_sink comp="235" pin=0"/></net>

<net id="242"><net_src comp="227" pin="1"/><net_sink comp="239" pin=0"/></net>

<net id="243"><net_src comp="239" pin="1"/><net_sink comp="158" pin=4"/></net>

<net id="250"><net_src comp="28" pin="0"/><net_sink comp="244" pin=0"/></net>

<net id="251"><net_src comp="227" pin="1"/><net_sink comp="244" pin=1"/></net>

<net id="252"><net_src comp="30" pin="0"/><net_sink comp="244" pin=2"/></net>

<net id="253"><net_src comp="32" pin="0"/><net_sink comp="244" pin=3"/></net>

<net id="254"><net_src comp="244" pin="4"/><net_sink comp="175" pin=4"/></net>

<net id="258"><net_src comp="18" pin="0"/><net_sink comp="255" pin=0"/></net>

<net id="262"><net_src comp="255" pin="1"/><net_sink comp="259" pin=0"/></net>

<net id="263"><net_src comp="259" pin="1"/><net_sink comp="151" pin=2"/></net>

<net id="264"><net_src comp="259" pin="1"/><net_sink comp="168" pin=2"/></net>

<net id="271"><net_src comp="28" pin="0"/><net_sink comp="265" pin=0"/></net>

<net id="272"><net_src comp="227" pin="1"/><net_sink comp="265" pin=1"/></net>

<net id="273"><net_src comp="36" pin="0"/><net_sink comp="265" pin=2"/></net>

<net id="274"><net_src comp="38" pin="0"/><net_sink comp="265" pin=3"/></net>

<net id="281"><net_src comp="28" pin="0"/><net_sink comp="275" pin=0"/></net>

<net id="282"><net_src comp="227" pin="1"/><net_sink comp="275" pin=1"/></net>

<net id="283"><net_src comp="40" pin="0"/><net_sink comp="275" pin=2"/></net>

<net id="284"><net_src comp="42" pin="0"/><net_sink comp="275" pin=3"/></net>

<net id="289"><net_src comp="255" pin="1"/><net_sink comp="285" pin=0"/></net>

<net id="290"><net_src comp="44" pin="0"/><net_sink comp="285" pin=1"/></net>

<net id="295"><net_src comp="285" pin="2"/><net_sink comp="291" pin=0"/></net>

<net id="296"><net_src comp="18" pin="0"/><net_sink comp="291" pin=1"/></net>

<net id="301"><net_src comp="48" pin="0"/><net_sink comp="297" pin=1"/></net>

<net id="305"><net_src comp="297" pin="2"/><net_sink comp="302" pin=0"/></net>

<net id="306"><net_src comp="302" pin="1"/><net_sink comp="185" pin=2"/></net>

<net id="307"><net_src comp="302" pin="1"/><net_sink comp="193" pin=2"/></net>

<net id="327"><net_src comp="52" pin="0"/><net_sink comp="320" pin=0"/></net>

<net id="328"><net_src comp="314" pin="1"/><net_sink comp="320" pin=1"/></net>

<net id="329"><net_src comp="317" pin="1"/><net_sink comp="320" pin=2"/></net>

<net id="330"><net_src comp="308" pin="1"/><net_sink comp="320" pin=3"/></net>

<net id="331"><net_src comp="311" pin="1"/><net_sink comp="320" pin=4"/></net>

<net id="332"><net_src comp="320" pin="5"/><net_sink comp="134" pin=5"/></net>

<net id="336"><net_src comp="106" pin="1"/><net_sink comp="333" pin=0"/></net>

<net id="337"><net_src comp="333" pin="1"/><net_sink comp="214" pin=4"/></net>

<net id="338"><net_src comp="333" pin="1"/><net_sink comp="317" pin=0"/></net>

<net id="342"><net_src comp="110" pin="1"/><net_sink comp="339" pin=0"/></net>

<net id="343"><net_src comp="339" pin="1"/><net_sink comp="214" pin=3"/></net>

<net id="344"><net_src comp="339" pin="1"/><net_sink comp="314" pin=0"/></net>

<net id="348"><net_src comp="114" pin="1"/><net_sink comp="345" pin=0"/></net>

<net id="349"><net_src comp="345" pin="1"/><net_sink comp="201" pin=4"/></net>

<net id="350"><net_src comp="345" pin="1"/><net_sink comp="311" pin=0"/></net>

<net id="354"><net_src comp="118" pin="1"/><net_sink comp="351" pin=0"/></net>

<net id="355"><net_src comp="351" pin="1"/><net_sink comp="201" pin=3"/></net>

<net id="356"><net_src comp="351" pin="1"/><net_sink comp="308" pin=0"/></net>

<net id="360"><net_src comp="231" pin="1"/><net_sink comp="357" pin=0"/></net>

<net id="361"><net_src comp="357" pin="1"/><net_sink comp="134" pin=6"/></net>

<net id="365"><net_src comp="235" pin="1"/><net_sink comp="362" pin=0"/></net>

<net id="366"><net_src comp="362" pin="1"/><net_sink comp="134" pin=8"/></net>

<net id="370"><net_src comp="255" pin="1"/><net_sink comp="367" pin=0"/></net>

<net id="371"><net_src comp="367" pin="1"/><net_sink comp="201" pin=1"/></net>

<net id="372"><net_src comp="367" pin="1"/><net_sink comp="297" pin=0"/></net>

<net id="376"><net_src comp="265" pin="4"/><net_sink comp="373" pin=0"/></net>

<net id="377"><net_src comp="373" pin="1"/><net_sink comp="158" pin=4"/></net>

<net id="381"><net_src comp="275" pin="4"/><net_sink comp="378" pin=0"/></net>

<net id="382"><net_src comp="378" pin="1"/><net_sink comp="175" pin=4"/></net>

<net id="386"><net_src comp="297" pin="2"/><net_sink comp="383" pin=0"/></net>

<net id="387"><net_src comp="383" pin="1"/><net_sink comp="214" pin=1"/></net>

<net id="391"><net_src comp="320" pin="5"/><net_sink comp="388" pin=0"/></net>

<net id="392"><net_src comp="388" pin="1"/><net_sink comp="134" pin=5"/></net>

</net_list>

</model> 
---------------- Datapath Model END ------------------

* FSMD analyzer results:
  - Output states:
	Port: y_V_data_V | {8 }
	Port: y_V_keep_V | {8 }
	Port: y_V_strb_V | {8 }
	Port: y_V_last_V | {8 }
	Port: ptr | {1 }
	Port: shift_i | {1 4 }
	Port: shift_q | {1 4 }
 - Input state : 
	Port: fir : x_V_data_V | {1 }
	Port: fir : x_V_keep_V | {1 }
	Port: fir : x_V_strb_V | {1 }
	Port: fir : x_V_last_V | {1 }
	Port: fir : coeffs | {2 3 5 6 }
	Port: fir : ptr | {1 }
	Port: fir : shift_i | {2 3 5 6 }
	Port: fir : shift_q | {2 3 5 6 }
  - Chain level:
	State 1
		i0 : 1
		q0 : 1
		zext_ln26 : 1
		shift_i_addr : 2
		store_ln26 : 3
		shift_q_addr : 2
		store_ln27 : 3
		i1 : 1
		q1 : 1
		add_ln59 : 1
		store_ln59 : 2
	State 2
	State 3
	State 4
		zext_ln44 : 1
		shift_i_addr_1 : 2
		store_ln44 : 3
		shift_q_addr_1 : 2
		store_ln45 : 3
	State 5
	State 6
	State 7
		result : 1
		write_ln71 : 2
	State 8


============================================================
+ Verbose Summary: Datapath Resource usage 
============================================================

* Functional unit list:
|----------|------------------------------------|---------|---------|---------|---------|
| Operation|           Functional Unit          |   DSP   |  Delay  |    FF   |   LUT   |
|----------|------------------------------------|---------|---------|---------|---------|
|   call   | grp_fir_Pipeline_MAC_Loop_0_fu_201 |    2    | 11.3546 |   254   |   117   |
|          | grp_fir_Pipeline_MAC_Loop_1_fu_214 |    2    | 11.3546 |   254   |   117   |
|----------|------------------------------------|---------|---------|---------|---------|
|    add   |           add_ln59_fu_285          |    0    |    0    |    0    |    14   |
|          |           add_ln41_fu_297          |    0    |    0    |    0    |    14   |
|----------|------------------------------------|---------|---------|---------|---------|
|   read   |          empty_read_fu_122         |    0    |    0    |    0    |    0    |
|----------|------------------------------------|---------|---------|---------|---------|
|   write  |          grp_write_fu_134          |    0    |    0    |    0    |    0    |
|----------|------------------------------------|---------|---------|---------|---------|
|          |        in_sample_data_fu_227       |    0    |    0    |    0    |    0    |
|extractvalue|        in_sample_keep_fu_231       |    0    |    0    |    0    |    0    |
|          |        in_sample_last_fu_235       |    0    |    0    |    0    |    0    |
|----------|------------------------------------|---------|---------|---------|---------|
|   trunc  |              i0_fu_239             |    0    |    0    |    0    |    0    |
|----------|------------------------------------|---------|---------|---------|---------|
|          |              q0_fu_244             |    0    |    0    |    0    |    0    |
|partselect|              i1_fu_265             |    0    |    0    |    0    |    0    |
|          |              q1_fu_275             |    0    |    0    |    0    |    0    |
|----------|------------------------------------|---------|---------|---------|---------|
|   zext   |          zext_ln26_fu_259          |    0    |    0    |    0    |    0    |
|          |          zext_ln44_fu_302          |    0    |    0    |    0    |    0    |
|----------|------------------------------------|---------|---------|---------|---------|
|bitconcatenate|            result_fu_320           |    0    |    0    |    0    |    0    |
|----------|------------------------------------|---------|---------|---------|---------|
|   Total  |                                    |    4    | 22.7092 |   508   |   262   |
|----------|------------------------------------|---------|---------|---------|---------|

Memories:
+-------+--------+--------+--------+
|       |  BRAM  |   FF   |   LUT  |
+-------+--------+--------+--------+
|shift_i|    1   |    0   |    0   |
|shift_q|    1   |    0   |    0   |
+-------+--------+--------+--------+
| Total |    2   |    0   |    0   |
+-------+--------+--------+--------+

* Register list:
+----------------------+--------+
|                      |   FF   |
+----------------------+--------+
|  acc_i0_loc_reg_345  |   16   |
|  acc_i1_loc_reg_333  |   16   |
|  acc_q0_loc_reg_351  |   16   |
|  acc_q1_loc_reg_339  |   16   |
|   add_ln41_reg_383   |    7   |
|      i1_reg_373      |   16   |
|in_sample_keep_reg_357|    8   |
|in_sample_last_reg_362|    1   |
|   ptr_load_reg_367   |    7   |
|      q1_reg_378      |   16   |
|    result_reg_388    |   64   |
+----------------------+--------+
|         Total        |   183  |
+----------------------+--------+

* Multiplexer (MUX) list: 
|-------------------|------|------|------|--------||---------||---------|
|        Comp       |  Pin | Size |  BW  | S x BW ||  Delay  ||   LUT   |
|-------------------|------|------|------|--------||---------||---------|
|  grp_write_fu_134 |  p5  |   2  |  64  |   128  ||    9    |
| grp_access_fu_158 |  p2  |   2  |   0  |    0   ||    9    |
| grp_access_fu_158 |  p4  |   2  |   7  |   14   ||    9    |
| grp_access_fu_175 |  p2  |   2  |   0  |    0   ||    9    |
| grp_access_fu_175 |  p4  |   2  |   7  |   14   ||    9    |
|-------------------|------|------|------|--------||---------||---------|
|       Total       |      |      |      |   156  ||   7.94  ||    45   |
|-------------------|------|------|------|--------||---------||---------|



* Summary:
+-----------+--------+--------+--------+--------+--------+
|           |  BRAM  |   DSP  |  Delay |   FF   |   LUT  |
+-----------+--------+--------+--------+--------+--------+
|  Function |    -   |    4   |   22   |   508  |   262  |
|   Memory  |    2   |    -   |    -   |    0   |    0   |
|Multiplexer|    -   |    -   |    7   |    -   |   45   |
|  Register |    -   |    -   |    -   |   183  |    -   |
+-----------+--------+--------+--------+--------+--------+
|   Total   |    2   |    4   |   30   |   691  |   307  |
+-----------+--------+--------+--------+--------+--------+
