

================================================================
== Vitis HLS Report for 'fir'
================================================================
* Date:           Thu May 14 01:34:12 2026

* Version:        2023.2 (Build 4023990 on Oct 11 2023)
* Project:        fir128
* Solution:       solution1 (Vivado IP Flow Target)
* Product family: zynq
* Target device:  xc7z010-clg225-1


================================================================
== Performance Estimates
================================================================
+ Timing: 
    * Summary: 
    +--------+---------+----------+------------+
    |  Clock |  Target | Estimated| Uncertainty|
    +--------+---------+----------+------------+
    |ap_clk  |  8.00 ns|  6.508 ns|     1.00 ns|
    +--------+---------+----------+------------+

+ Latency: 
    * Summary: 
    +---------+---------+-----------+-----------+------+------+---------+
    |  Latency (cycles) |   Latency (absolute)  |   Interval  | Pipeline|
    |   min   |   max   |    min    |    max    |  min |  max |   Type  |
    +---------+---------+-----------+-----------+------+------+---------+
    |     1678|     1678|  13.424 us|  13.424 us|  1679|  1679|       no|
    +---------+---------+-----------+-----------+------+------+---------+

    + Detail: 
        * Instance: 
        N/A

        * Loop: 
        N/A

============================================================
+ Verbose Summary: Synthesis Manager
============================================================
InlineROM: 1
ExposeGlobal: 0
============================================================
+ Verbose Summary: CDFG Model
============================================================
IsTopModel: 1
ResetActiveHigh: 1
IsCombinational: 0
IsDatapathOnly: 0
HasWiredReturn: 1
HasMFsm: 0
HasVarLatency: 1
IsPipeline: 0
IsRtlPipelined: 0
IsInstanceOverlapped: 0
IsDontTouch: 0
HasImplIP: 0
IsGatedGlobalClock: 0


============================================================
+ Verbose Summary: Schedule
============================================================
* Number of FSM states : 9
* Pipeline : 0
* Dataflow Pipeline: 0

* FSM state transitions: 
1 --> 2 
2 --> 3 
3 --> 4 
4 --> 5 
5 --> 6 
6 --> 7 
7 --> 8 
8 --> 9 
9 --> 

* FSM state operations: 

State 1 <SV = 0> <Delay = 4.25>
ST_1 : Operation 10 [1/1] (0.00ns)   --->   "%acc_i1_loc = alloca i64 1"   --->   Operation 10 'alloca' 'acc_i1_loc' <Predicate = true> <Delay = 0.00>
ST_1 : Operation 11 [1/1] (0.00ns)   --->   "%acc_q1_loc = alloca i64 1"   --->   Operation 11 'alloca' 'acc_q1_loc' <Predicate = true> <Delay = 0.00>
ST_1 : Operation 12 [1/1] (0.00ns)   --->   "%acc_i0_loc = alloca i64 1"   --->   Operation 12 'alloca' 'acc_i0_loc' <Predicate = true> <Delay = 0.00>
ST_1 : Operation 13 [1/1] (0.00ns)   --->   "%acc_q0_loc = alloca i64 1"   --->   Operation 13 'alloca' 'acc_q0_loc' <Predicate = true> <Delay = 0.00>
ST_1 : Operation 14 [1/1] (0.00ns)   --->   "%c = alloca i64 1" [fir.cpp:10]   --->   Operation 14 'alloca' 'c' <Predicate = true> <Delay = 0.00>
ST_1 : Operation 15 [1/1] (0.00ns)   --->   "%c_1 = alloca i64 1" [fir.cpp:10]   --->   Operation 15 'alloca' 'c_1' <Predicate = true> <Delay = 0.00>
ST_1 : Operation 16 [2/2] (0.00ns)   --->   "%call_ln0 = call void @fir_Pipeline_VITIS_LOOP_13_1, i16 %c_1, i16 %c, i16 %coeffs"   --->   Operation 16 'call' 'call_ln0' <Predicate = true> <Delay = 0.00> <CoreType = "Generic">   --->   Core 0 '' <Latency = 0> <II = 1> <Delay = 1.00> <Generic> <Opcode : >
ST_1 : Operation 17 [1/1] (1.00ns)   --->   "%empty = read i81 @_ssdm_op_Read.axis.volatile.i64P0A.i8P0A.i8P0A.i1P0A, i64 %x_V_data_V, i8 %x_V_keep_V, i8 %x_V_strb_V, i1 %x_V_last_V" [fir.cpp:25]   --->   Operation 17 'read' 'empty' <Predicate = true> <Delay = 1.00> <CoreInst = "axis">   --->   Core 115 'axis' <Latency = 0> <II = 1> <Delay = 1.00> <Adapter> <Opcode : >
ST_1 : Operation 18 [1/1] (0.00ns)   --->   "%in_sample_data = extractvalue i81 %empty" [fir.cpp:25]   --->   Operation 18 'extractvalue' 'in_sample_data' <Predicate = true> <Delay = 0.00>
ST_1 : Operation 19 [1/1] (0.00ns)   --->   "%in_sample_keep = extractvalue i81 %empty" [fir.cpp:25]   --->   Operation 19 'extractvalue' 'in_sample_keep' <Predicate = true> <Delay = 0.00>
ST_1 : Operation 20 [1/1] (0.00ns)   --->   "%in_sample_last = extractvalue i81 %empty" [fir.cpp:25]   --->   Operation 20 'extractvalue' 'in_sample_last' <Predicate = true> <Delay = 0.00>
ST_1 : Operation 21 [1/1] (0.00ns)   --->   "%i0 = trunc i64 %in_sample_data" [fir.cpp:28]   --->   Operation 21 'trunc' 'i0' <Predicate = true> <Delay = 0.00>
ST_1 : Operation 22 [1/1] (0.00ns)   --->   "%q0 = partselect i16 @_ssdm_op_PartSelect.i16.i64.i32.i32, i64 %in_sample_data, i32 16, i32 31" [fir.cpp:29]   --->   Operation 22 'partselect' 'q0' <Predicate = true> <Delay = 0.00>
ST_1 : Operation 23 [1/1] (0.00ns)   --->   "%ptr0 = load i7 %ptr" [fir.cpp:33]   --->   Operation 23 'load' 'ptr0' <Predicate = true> <Delay = 0.00>
ST_1 : Operation 24 [1/1] (0.00ns)   --->   "%zext_ln37 = zext i7 %ptr0" [fir.cpp:37]   --->   Operation 24 'zext' 'zext_ln37' <Predicate = true> <Delay = 0.00>
ST_1 : Operation 25 [1/1] (0.00ns)   --->   "%shift_i_addr = getelementptr i16 %shift_i, i64 0, i64 %zext_ln37" [fir.cpp:37]   --->   Operation 25 'getelementptr' 'shift_i_addr' <Predicate = true> <Delay = 0.00>
ST_1 : Operation 26 [1/1] (3.25ns)   --->   "%store_ln37 = store i16 %i0, i7 %shift_i_addr" [fir.cpp:37]   --->   Operation 26 'store' 'store_ln37' <Predicate = true> <Delay = 3.25> <CoreInst = "RAM_2P_BRAM">   --->   Core 91 'RAM_2P_BRAM' <Latency = 1> <II = 1> <Delay = 3.25> <Storage> <Opcode : 'load' 'store'> <Ports = 2> <Width = 16> <Depth = 128> <RAM>
ST_1 : Operation 27 [1/1] (0.00ns)   --->   "%shift_q_addr = getelementptr i16 %shift_q, i64 0, i64 %zext_ln37" [fir.cpp:38]   --->   Operation 27 'getelementptr' 'shift_q_addr' <Predicate = true> <Delay = 0.00>
ST_1 : Operation 28 [1/1] (3.25ns)   --->   "%store_ln38 = store i16 %q0, i7 %shift_q_addr" [fir.cpp:38]   --->   Operation 28 'store' 'store_ln38' <Predicate = true> <Delay = 3.25> <CoreInst = "RAM_2P_BRAM">   --->   Core 91 'RAM_2P_BRAM' <Latency = 1> <II = 1> <Delay = 3.25> <Storage> <Opcode : 'load' 'store'> <Ports = 2> <Width = 16> <Depth = 128> <RAM>
ST_1 : Operation 29 [1/1] (0.00ns)   --->   "%i1 = partselect i16 @_ssdm_op_PartSelect.i16.i64.i32.i32, i64 %in_sample_data, i32 32, i32 47" [fir.cpp:30]   --->   Operation 29 'partselect' 'i1' <Predicate = true> <Delay = 0.00>
ST_1 : Operation 30 [1/1] (0.00ns)   --->   "%q1 = partselect i16 @_ssdm_op_PartSelect.i16.i64.i32.i32, i64 %in_sample_data, i32 48, i32 63" [fir.cpp:31]   --->   Operation 30 'partselect' 'q1' <Predicate = true> <Delay = 0.00>
ST_1 : Operation 31 [1/1] (1.87ns)   --->   "%add_ln62 = add i7 %ptr0, i7 2" [fir.cpp:62]   --->   Operation 31 'add' 'add_ln62' <Predicate = true> <Delay = 1.87> <CoreInst = "Adder">   --->   Core 1 'Adder' <Latency = 0> <II = 1> <Delay = 1.87> <FuncUnit> <Opcode : 'add' 'sub'> <InPorts = 2> <OutPorts = 1>
ST_1 : Operation 32 [1/1] (0.00ns)   --->   "%store_ln62 = store i7 %add_ln62, i7 %ptr" [fir.cpp:62]   --->   Operation 32 'store' 'store_ln62' <Predicate = true> <Delay = 0.00>

State 2 <SV = 1> <Delay = 0.00>
ST_2 : Operation 33 [1/2] (0.00ns)   --->   "%call_ln0 = call void @fir_Pipeline_VITIS_LOOP_13_1, i16 %c_1, i16 %c, i16 %coeffs"   --->   Operation 33 'call' 'call_ln0' <Predicate = true> <Delay = 0.00> <CoreType = "Generic">   --->   Core 0 '' <Latency = 0> <II = 1> <Delay = 1.00> <Generic> <Opcode : >

State 3 <SV = 2> <Delay = 0.00>
ST_3 : Operation 34 [2/2] (0.00ns)   --->   "%call_ln33 = call void @fir_Pipeline_MAC_Loop_0, i7 %ptr0, i16 %c, i16 %c_1, i16 %acc_q0_loc, i16 %acc_i0_loc, i16 %shift_i, i16 %shift_q" [fir.cpp:33]   --->   Operation 34 'call' 'call_ln33' <Predicate = true> <Delay = 0.00> <CoreType = "Generic">   --->   Core 0 '' <Latency = 0> <II = 1> <Delay = 1.00> <Generic> <Opcode : >

State 4 <SV = 3> <Delay = 1.91>
ST_4 : Operation 35 [1/2] (1.91ns)   --->   "%call_ln33 = call void @fir_Pipeline_MAC_Loop_0, i7 %ptr0, i16 %c, i16 %c_1, i16 %acc_q0_loc, i16 %acc_i0_loc, i16 %shift_i, i16 %shift_q" [fir.cpp:33]   --->   Operation 35 'call' 'call_ln33' <Predicate = true> <Delay = 1.91> <CoreType = "Generic">   --->   Core 0 '' <Latency = 0> <II = 1> <Delay = 1.00> <Generic> <Opcode : >

State 5 <SV = 4> <Delay = 5.12>
ST_5 : Operation 36 [1/1] (1.87ns)   --->   "%ptr1 = add i7 %ptr0, i7 1" [fir.cpp:34]   --->   Operation 36 'add' 'ptr1' <Predicate = true> <Delay = 1.87> <CoreInst = "Adder">   --->   Core 1 'Adder' <Latency = 0> <II = 1> <Delay = 1.87> <FuncUnit> <Opcode : 'add' 'sub'> <InPorts = 2> <OutPorts = 1>
ST_5 : Operation 37 [1/1] (0.00ns)   --->   "%zext_ln50 = zext i7 %ptr1" [fir.cpp:50]   --->   Operation 37 'zext' 'zext_ln50' <Predicate = true> <Delay = 0.00>
ST_5 : Operation 38 [1/1] (0.00ns)   --->   "%shift_i_addr_1 = getelementptr i16 %shift_i, i64 0, i64 %zext_ln50" [fir.cpp:50]   --->   Operation 38 'getelementptr' 'shift_i_addr_1' <Predicate = true> <Delay = 0.00>
ST_5 : Operation 39 [1/1] (3.25ns)   --->   "%store_ln50 = store i16 %i1, i7 %shift_i_addr_1" [fir.cpp:50]   --->   Operation 39 'store' 'store_ln50' <Predicate = true> <Delay = 3.25> <CoreInst = "RAM_2P_BRAM">   --->   Core 91 'RAM_2P_BRAM' <Latency = 1> <II = 1> <Delay = 3.25> <Storage> <Opcode : 'load' 'store'> <Ports = 2> <Width = 16> <Depth = 128> <RAM>
ST_5 : Operation 40 [1/1] (0.00ns)   --->   "%shift_q_addr_1 = getelementptr i16 %shift_q, i64 0, i64 %zext_ln50" [fir.cpp:51]   --->   Operation 40 'getelementptr' 'shift_q_addr_1' <Predicate = true> <Delay = 0.00>
ST_5 : Operation 41 [1/1] (3.25ns)   --->   "%store_ln51 = store i16 %q1, i7 %shift_q_addr_1" [fir.cpp:51]   --->   Operation 41 'store' 'store_ln51' <Predicate = true> <Delay = 3.25> <CoreInst = "RAM_2P_BRAM">   --->   Core 91 'RAM_2P_BRAM' <Latency = 1> <II = 1> <Delay = 3.25> <Storage> <Opcode : 'load' 'store'> <Ports = 2> <Width = 16> <Depth = 128> <RAM>

State 6 <SV = 5> <Delay = 0.00>
ST_6 : Operation 42 [2/2] (0.00ns)   --->   "%call_ln34 = call void @fir_Pipeline_MAC_Loop_1, i7 %ptr1, i16 %c, i16 %c_1, i16 %acc_q1_loc, i16 %acc_i1_loc, i16 %shift_i, i16 %shift_q" [fir.cpp:34]   --->   Operation 42 'call' 'call_ln34' <Predicate = true> <Delay = 0.00> <CoreType = "Generic">   --->   Core 0 '' <Latency = 0> <II = 1> <Delay = 1.00> <Generic> <Opcode : >

State 7 <SV = 6> <Delay = 1.91>
ST_7 : Operation 43 [1/2] (1.91ns)   --->   "%call_ln34 = call void @fir_Pipeline_MAC_Loop_1, i7 %ptr1, i16 %c, i16 %c_1, i16 %acc_q1_loc, i16 %acc_i1_loc, i16 %shift_i, i16 %shift_q" [fir.cpp:34]   --->   Operation 43 'call' 'call_ln34' <Predicate = true> <Delay = 1.91> <CoreType = "Generic">   --->   Core 0 '' <Latency = 0> <II = 1> <Delay = 1.00> <Generic> <Opcode : >

State 8 <SV = 7> <Delay = 1.00>
ST_8 : Operation 44 [1/1] (0.00ns)   --->   "%acc_q0_loc_load = load i16 %acc_q0_loc" [fir.cpp:66]   --->   Operation 44 'load' 'acc_q0_loc_load' <Predicate = true> <Delay = 0.00>
ST_8 : Operation 45 [1/1] (0.00ns)   --->   "%acc_i0_loc_load = load i16 %acc_i0_loc" [fir.cpp:65]   --->   Operation 45 'load' 'acc_i0_loc_load' <Predicate = true> <Delay = 0.00>
ST_8 : Operation 46 [1/1] (0.00ns)   --->   "%acc_q1_loc_load = load i16 %acc_q1_loc" [fir.cpp:68]   --->   Operation 46 'load' 'acc_q1_loc_load' <Predicate = true> <Delay = 0.00>
ST_8 : Operation 47 [1/1] (0.00ns)   --->   "%acc_i1_loc_load = load i16 %acc_i1_loc" [fir.cpp:67]   --->   Operation 47 'load' 'acc_i1_loc_load' <Predicate = true> <Delay = 0.00>
ST_8 : Operation 48 [1/1] (0.00ns)   --->   "%result = bitconcatenate i64 @_ssdm_op_BitConcatenate.i64.i16.i16.i16.i16, i16 %acc_q1_loc_load, i16 %acc_i1_loc_load, i16 %acc_q0_loc_load, i16 %acc_i0_loc_load" [fir.cpp:68]   --->   Operation 48 'bitconcatenate' 'result' <Predicate = true> <Delay = 0.00>
ST_8 : Operation 49 [2/2] (1.00ns)   --->   "%write_ln74 = write void @_ssdm_op_Write.axis.volatile.i64P0A.i8P0A.i8P0A.i1P0A, i64 %y_V_data_V, i8 %y_V_keep_V, i8 %y_V_strb_V, i1 %y_V_last_V, i64 %result, i8 %in_sample_keep, i8 0, i1 %in_sample_last" [fir.cpp:74]   --->   Operation 49 'write' 'write_ln74' <Predicate = true> <Delay = 1.00> <CoreInst = "axis">   --->   Core 115 'axis' <Latency = 0> <II = 1> <Delay = 1.00> <Adapter> <Opcode : >

State 9 <SV = 8> <Delay = 1.00>
ST_9 : Operation 50 [1/1] (0.00ns)   --->   "%spectopmodule_ln3 = spectopmodule void @_ssdm_op_SpecTopModule, void @empty_5" [fir.cpp:3]   --->   Operation 50 'spectopmodule' 'spectopmodule_ln3' <Predicate = true> <Delay = 0.00>
ST_9 : Operation 51 [1/1] (0.00ns)   --->   "%specinterface_ln3 = specinterface void @_ssdm_op_SpecInterface, i32 0, void @empty_8, i32 0, i32 0, void @empty_11, i32 0, i32 0, void @empty_11, void @empty_11, void @empty_11, i32 0, i32 0, i32 0, i32 0, void @empty_11, void @empty_11, i32 4294967295, i32 0" [fir.cpp:3]   --->   Operation 51 'specinterface' 'specinterface_ln3' <Predicate = true> <Delay = 0.00>
ST_9 : Operation 52 [1/1] (0.00ns)   --->   "%specinterface_ln0 = specinterface void @_ssdm_op_SpecInterface, i64 %y_V_data_V, i8 %y_V_keep_V, i8 %y_V_strb_V, i1 %y_V_last_V, void @empty_4, i32 1, i32 1, void @empty_12, i32 0, i32 0, void @empty_11, void @empty_11, void @empty_11, i32 0, i32 0, i32 0, i32 0, void @empty_11, void @empty_11, i32 4294967295, i32 0"   --->   Operation 52 'specinterface' 'specinterface_ln0' <Predicate = true> <Delay = 0.00>
ST_9 : Operation 53 [1/1] (0.00ns)   --->   "%specbitsmap_ln0 = specbitsmap void @_ssdm_op_SpecBitsMap, i64 %y_V_data_V"   --->   Operation 53 'specbitsmap' 'specbitsmap_ln0' <Predicate = true> <Delay = 0.00>
ST_9 : Operation 54 [1/1] (0.00ns)   --->   "%specbitsmap_ln0 = specbitsmap void @_ssdm_op_SpecBitsMap, i8 %y_V_keep_V"   --->   Operation 54 'specbitsmap' 'specbitsmap_ln0' <Predicate = true> <Delay = 0.00>
ST_9 : Operation 55 [1/1] (0.00ns)   --->   "%specbitsmap_ln0 = specbitsmap void @_ssdm_op_SpecBitsMap, i8 %y_V_strb_V"   --->   Operation 55 'specbitsmap' 'specbitsmap_ln0' <Predicate = true> <Delay = 0.00>
ST_9 : Operation 56 [1/1] (0.00ns)   --->   "%specbitsmap_ln0 = specbitsmap void @_ssdm_op_SpecBitsMap, i1 %y_V_last_V"   --->   Operation 56 'specbitsmap' 'specbitsmap_ln0' <Predicate = true> <Delay = 0.00>
ST_9 : Operation 57 [1/1] (0.00ns)   --->   "%specinterface_ln0 = specinterface void @_ssdm_op_SpecInterface, i64 %x_V_data_V, i8 %x_V_keep_V, i8 %x_V_strb_V, i1 %x_V_last_V, void @empty_4, i32 1, i32 1, void @empty_12, i32 0, i32 0, void @empty_11, void @empty_11, void @empty_11, i32 0, i32 0, i32 0, i32 0, void @empty_11, void @empty_11, i32 4294967295, i32 0"   --->   Operation 57 'specinterface' 'specinterface_ln0' <Predicate = true> <Delay = 0.00>
ST_9 : Operation 58 [1/1] (0.00ns)   --->   "%specbitsmap_ln0 = specbitsmap void @_ssdm_op_SpecBitsMap, i64 %x_V_data_V"   --->   Operation 58 'specbitsmap' 'specbitsmap_ln0' <Predicate = true> <Delay = 0.00>
ST_9 : Operation 59 [1/1] (0.00ns)   --->   "%specbitsmap_ln0 = specbitsmap void @_ssdm_op_SpecBitsMap, i8 %x_V_keep_V"   --->   Operation 59 'specbitsmap' 'specbitsmap_ln0' <Predicate = true> <Delay = 0.00>
ST_9 : Operation 60 [1/1] (0.00ns)   --->   "%specbitsmap_ln0 = specbitsmap void @_ssdm_op_SpecBitsMap, i8 %x_V_strb_V"   --->   Operation 60 'specbitsmap' 'specbitsmap_ln0' <Predicate = true> <Delay = 0.00>
ST_9 : Operation 61 [1/1] (0.00ns)   --->   "%specbitsmap_ln0 = specbitsmap void @_ssdm_op_SpecBitsMap, i1 %x_V_last_V"   --->   Operation 61 'specbitsmap' 'specbitsmap_ln0' <Predicate = true> <Delay = 0.00>
ST_9 : Operation 62 [1/1] (0.00ns)   --->   "%specinterface_ln0 = specinterface void @_ssdm_op_SpecInterface, i16 %coeffs, void @empty_10, i32 0, i32 0, void @empty_11, i32 0, i32 0, void @empty_9, void @empty, void @empty_11, i32 0, i32 0, i32 0, i32 0, void @empty_11, void @empty_11, i32 4294967295, i32 0"   --->   Operation 62 'specinterface' 'specinterface_ln0' <Predicate = true> <Delay = 0.00>
ST_9 : Operation 63 [1/1] (0.00ns)   --->   "%specinterface_ln0 = specinterface void @_ssdm_op_SpecInterface, i16 %coeffs, void @empty_2, i32 0, i32 0, void @empty_11, i32 1, i32 0, void @empty_11, void @empty_11, void @empty_11, i32 0, i32 0, i32 0, i32 0, void @empty_11, void @empty_11, i32 4294967295, i32 0"   --->   Operation 63 'specinterface' 'specinterface_ln0' <Predicate = true> <Delay = 0.00>
ST_9 : Operation 64 [1/1] (0.00ns)   --->   "%specmemcore_ln0 = specmemcore void @_ssdm_op_SpecMemCore, i16 %coeffs, i64 666, i64 207, i64 1"   --->   Operation 64 'specmemcore' 'specmemcore_ln0' <Predicate = true> <Delay = 0.00>
ST_9 : Operation 65 [1/1] (0.00ns)   --->   "%specbitsmap_ln0 = specbitsmap void @_ssdm_op_SpecBitsMap, i16 %coeffs"   --->   Operation 65 'specbitsmap' 'specbitsmap_ln0' <Predicate = true> <Delay = 0.00>
ST_9 : Operation 66 [1/1] (0.00ns)   --->   "%specinterface_ln0 = specinterface void @_ssdm_op_SpecInterface, i32 0, void @empty_10, i32 0, i32 0, void @empty_11, i32 0, i32 0, void @empty_9, void @empty_11, void @empty_11, i32 0, i32 0, i32 0, i32 0, void @empty_11, void @empty_11, i32 4294967295, i32 0"   --->   Operation 66 'specinterface' 'specinterface_ln0' <Predicate = true> <Delay = 0.00>
ST_9 : Operation 67 [1/1] (0.00ns)   --->   "%specaxissidechannel_ln13 = specaxissidechannel void @_ssdm_op_SpecAXISSideChannel, i64 %y_V_data_V, i8 %y_V_keep_V, i8 %y_V_strb_V, i1 0, i1 %y_V_last_V, i1 0, i1 0, void @empty_1" [fir.cpp:13]   --->   Operation 67 'specaxissidechannel' 'specaxissidechannel_ln13' <Predicate = true> <Delay = 0.00>
ST_9 : Operation 68 [1/1] (0.00ns)   --->   "%specaxissidechannel_ln13 = specaxissidechannel void @_ssdm_op_SpecAXISSideChannel, i64 %x_V_data_V, i8 %x_V_keep_V, i8 %x_V_strb_V, i1 0, i1 %x_V_last_V, i1 0, i1 0, void @empty_0" [fir.cpp:13]   --->   Operation 68 'specaxissidechannel' 'specaxissidechannel_ln13' <Predicate = true> <Delay = 0.00>
ST_9 : Operation 69 [1/1] (0.00ns)   --->   "%specmemcore_ln20 = specmemcore void @_ssdm_op_SpecMemCore, i16 %shift_i, i64 666, i64 22, i64 18446744073709551615" [fir.cpp:20]   --->   Operation 69 'specmemcore' 'specmemcore_ln20' <Predicate = true> <Delay = 0.00>
ST_9 : Operation 70 [1/1] (0.00ns)   --->   "%specmemcore_ln21 = specmemcore void @_ssdm_op_SpecMemCore, i16 %shift_q, i64 666, i64 22, i64 18446744073709551615" [fir.cpp:21]   --->   Operation 70 'specmemcore' 'specmemcore_ln21' <Predicate = true> <Delay = 0.00>
ST_9 : Operation 71 [1/2] (1.00ns)   --->   "%write_ln74 = write void @_ssdm_op_Write.axis.volatile.i64P0A.i8P0A.i8P0A.i1P0A, i64 %y_V_data_V, i8 %y_V_keep_V, i8 %y_V_strb_V, i1 %y_V_last_V, i64 %result, i8 %in_sample_keep, i8 0, i1 %in_sample_last" [fir.cpp:74]   --->   Operation 71 'write' 'write_ln74' <Predicate = true> <Delay = 1.00> <CoreInst = "axis">   --->   Core 115 'axis' <Latency = 0> <II = 1> <Delay = 1.00> <Adapter> <Opcode : >
ST_9 : Operation 72 [1/1] (0.00ns)   --->   "%ret_ln75 = ret" [fir.cpp:75]   --->   Operation 72 'ret' 'ret_ln75' <Predicate = true> <Delay = 0.00>


============================================================
+ Verbose Summary: Timing violations
============================================================
Target clock period: 8.000ns, clock uncertainty: 1.000ns.

 <State 1>: 4.254ns
The critical path consists of the following:
	axis read operation ('empty', fir.cpp:25) on port 'x_V_data_V' (fir.cpp:25) [41]  (1.000 ns)
	'store' operation 0 bit ('store_ln37', fir.cpp:37) of variable 'i0', fir.cpp:28 on array 'shift_i' [50]  (3.254 ns)

 <State 2>: 0.000ns
The critical path consists of the following:

 <State 3>: 0.000ns
The critical path consists of the following:

 <State 4>: 1.915ns
The critical path consists of the following:
	'call' operation 0 bit ('call_ln33', fir.cpp:33) to 'fir_Pipeline_MAC_Loop_0' [53]  (1.915 ns)

 <State 5>: 5.124ns
The critical path consists of the following:
	'add' operation 7 bit ('ptr1', fir.cpp:34) [57]  (1.870 ns)
	'getelementptr' operation 7 bit ('shift_i_addr_1', fir.cpp:50) [60]  (0.000 ns)
	'store' operation 0 bit ('store_ln50', fir.cpp:50) of variable 'i1', fir.cpp:30 on array 'shift_i' [61]  (3.254 ns)

 <State 6>: 0.000ns
The critical path consists of the following:

 <State 7>: 1.915ns
The critical path consists of the following:
	'call' operation 0 bit ('call_ln34', fir.cpp:34) to 'fir_Pipeline_MAC_Loop_1' [64]  (1.915 ns)

 <State 8>: 1.000ns
The critical path consists of the following:
	'load' operation 16 bit ('acc_q0_loc_load', fir.cpp:66) on local variable 'acc_q0_loc' [54]  (0.000 ns)
	axis write operation ('write_ln74', fir.cpp:74) on port 'y_V_data_V' (fir.cpp:74) [70]  (1.000 ns)

 <State 9>: 1.000ns
The critical path consists of the following:
	axis write operation ('write_ln74', fir.cpp:74) on port 'y_V_data_V' (fir.cpp:74) [70]  (1.000 ns)


============================================================
+ Verbose Summary: Binding
============================================================
N/A
* FSMD analyzer results:
  - Output states:
 - Input state : 
  - Chain level:
	State 1
	State 2
	State 3
	State 4
	State 5
	State 6
	State 7
	State 8
	State 9


============================================================
+ Verbose Summary: Datapath Resource usage 
============================================================
N/A
