

================================================================
== Vitis HLS Report for 'fir_Pipeline_MAC_Loop_1'
================================================================
* Date:           Tue May 12 23:58:29 2026

* Version:        2023.2 (Build 4023990 on Oct 11 2023)
* Project:        fir128
* Solution:       solution1 (Vivado IP Flow Target)
* Product family: zynq
* Target device:  xc7z010-clg225-1


================================================================
== Performance Estimates
================================================================
+ Timing: 
    * Summary: 
    +--------+----------+----------+------------+
    |  Clock |  Target  | Estimated| Uncertainty|
    +--------+----------+----------+------------+
    |ap_clk  |  10.00 ns|  6.712 ns|     2.70 ns|
    +--------+----------+----------+------------+

+ Latency: 
    * Summary: 
    +---------+---------+----------+----------+-----+-----+---------+
    |  Latency (cycles) |  Latency (absolute) |  Interval | Pipeline|
    |   min   |   max   |    min   |    max   | min | max |   Type  |
    +---------+---------+----------+----------+-----+-----+---------+
    |      133|      133|  1.330 us|  1.330 us|  133|  133|       no|
    +---------+---------+----------+----------+-----+-----+---------+

    + Detail: 
        * Instance: 
        N/A

        * Loop: 
        +--------------+---------+---------+----------+-----------+-----------+------+----------+
        |              |  Latency (cycles) | Iteration|  Initiation Interval  | Trip |          |
        |   Loop Name  |   min   |   max   |  Latency |  achieved |   target  | Count| Pipelined|
        +--------------+---------+---------+----------+-----------+-----------+------+----------+
        |- MAC_Loop_1  |      131|      131|         5|          1|          1|   128|       yes|
        +--------------+---------+---------+----------+-----------+-----------+------+----------+

============================================================
+ Verbose Summary: Synthesis Manager
============================================================
InlineROM: 1
ExposeGlobal: 0
============================================================
+ Verbose Summary: CDFG Model
============================================================
IsTopModel: 0
ResetActiveHigh: 1
IsCombinational: 0
IsDatapathOnly: 0
HasWiredReturn: 1
HasMFsm: 2
HasVarLatency: 1
IsPipeline: 0
IsRtlPipelined: 0
IsInstanceOverlapped: 0
IsDontTouch: 0
HasImplIP: 0
IsGatedGlobalClock: 0

+ Individual pipeline summary: 
  * Pipeline-0: initiation interval (II) = 1, depth = 5


============================================================
+ Verbose Summary: Schedule
============================================================
* Number of FSM states : 5
* Pipeline : 1
  Pipeline-0 : II = 1, D = 5, States = { 1 2 3 4 5 }
* Dataflow Pipeline: 0

* FSM state transitions: 
1 --> 2 
2 --> 3 
3 --> 4 
4 --> 5 
5 --> 

* FSM state operations: 

State 1 <SV = 0> <Delay = 6.71>
ST_1 : Operation 8 [1/1] (0.00ns)   --->   "%acc_i1 = alloca i32 1" [fir.cpp:47]   --->   Operation 8 'alloca' 'acc_i1' <Predicate = true> <Delay = 0.00>
ST_1 : Operation 9 [1/1] (0.00ns)   --->   "%acc_q1 = alloca i32 1" [fir.cpp:48]   --->   Operation 9 'alloca' 'acc_q1' <Predicate = true> <Delay = 0.00>
ST_1 : Operation 10 [1/1] (0.00ns)   --->   "%i = alloca i32 1" [fir.cpp:51]   --->   Operation 10 'alloca' 'i' <Predicate = true> <Delay = 0.00>
ST_1 : Operation 11 [1/1] (0.00ns)   --->   "%specmemcore_ln0 = specmemcore void @_ssdm_op_SpecMemCore, i16 %shift_q, i64 666, i64 22, i64 18446744073709551615"   --->   Operation 11 'specmemcore' 'specmemcore_ln0' <Predicate = true> <Delay = 0.00>
ST_1 : Operation 12 [1/1] (0.00ns)   --->   "%specmemcore_ln0 = specmemcore void @_ssdm_op_SpecMemCore, i16 %shift_i, i64 666, i64 22, i64 18446744073709551615"   --->   Operation 12 'specmemcore' 'specmemcore_ln0' <Predicate = true> <Delay = 0.00>
ST_1 : Operation 13 [1/1] (0.00ns)   --->   "%specmemcore_ln0 = specmemcore void @_ssdm_op_SpecMemCore, i16 %coeffs, i64 666, i64 207, i64 1"   --->   Operation 13 'specmemcore' 'specmemcore_ln0' <Predicate = true> <Delay = 0.00>
ST_1 : Operation 14 [1/1] (0.00ns)   --->   "%specinterface_ln0 = specinterface void @_ssdm_op_SpecInterface, i16 %coeffs, void @empty_6, i32 0, i32 0, void @empty_8, i32 1, i32 0, void @empty_8, void @empty_8, void @empty_8, i32 0, i32 0, i32 0, i32 0, void @empty_8, void @empty_8, i32 4294967295, i32 0"   --->   Operation 14 'specinterface' 'specinterface_ln0' <Predicate = true> <Delay = 0.00>
ST_1 : Operation 15 [1/1] (0.00ns)   --->   "%add_ln41_read = read i7 @_ssdm_op_Read.ap_auto.i7, i7 %add_ln41"   --->   Operation 15 'read' 'add_ln41_read' <Predicate = true> <Delay = 0.00>
ST_1 : Operation 16 [1/1] (1.58ns)   --->   "%store_ln51 = store i8 0, i8 %i" [fir.cpp:51]   --->   Operation 16 'store' 'store_ln51' <Predicate = true> <Delay = 1.58>
ST_1 : Operation 17 [1/1] (1.58ns)   --->   "%store_ln48 = store i32 0, i32 %acc_q1" [fir.cpp:48]   --->   Operation 17 'store' 'store_ln48' <Predicate = true> <Delay = 1.58>
ST_1 : Operation 18 [1/1] (1.58ns)   --->   "%store_ln47 = store i32 0, i32 %acc_i1" [fir.cpp:47]   --->   Operation 18 'store' 'store_ln47' <Predicate = true> <Delay = 1.58>
ST_1 : Operation 19 [1/1] (0.00ns)   --->   "%br_ln0 = br void %for.inc53"   --->   Operation 19 'br' 'br_ln0' <Predicate = true> <Delay = 0.00>
ST_1 : Operation 20 [1/1] (0.00ns)   --->   "%i_1 = load i8 %i" [fir.cpp:55]   --->   Operation 20 'load' 'i_1' <Predicate = true> <Delay = 0.00>
ST_1 : Operation 21 [1/1] (1.91ns)   --->   "%icmp_ln51 = icmp_eq  i8 %i_1, i8 128" [fir.cpp:51]   --->   Operation 21 'icmp' 'icmp_ln51' <Predicate = true> <Delay = 1.91> <CoreInst = "Cmp">   --->   Core 9 'Cmp' <Latency = 0> <II = 1> <Delay = 1.91> <FuncUnit> <Opcode : 'icmp'> <InPorts = 2> <OutPorts = 1>
ST_1 : Operation 22 [1/1] (1.91ns)   --->   "%add_ln51 = add i8 %i_1, i8 1" [fir.cpp:51]   --->   Operation 22 'add' 'add_ln51' <Predicate = true> <Delay = 1.91> <CoreInst = "Adder">   --->   Core 1 'Adder' <Latency = 0> <II = 1> <Delay = 1.91> <FuncUnit> <Opcode : 'add' 'sub'> <InPorts = 2> <OutPorts = 1>
ST_1 : Operation 23 [1/1] (0.00ns)   --->   "%br_ln51 = br i1 %icmp_ln51, void %fpga_resource_hint.for.inc53.1, void %for.end55.exitStub" [fir.cpp:51]   --->   Operation 23 'br' 'br_ln51' <Predicate = true> <Delay = 0.00>
ST_1 : Operation 24 [1/1] (0.00ns)   --->   "%zext_ln51 = zext i8 %i_1" [fir.cpp:51]   --->   Operation 24 'zext' 'zext_ln51' <Predicate = (!icmp_ln51)> <Delay = 0.00>
ST_1 : Operation 25 [1/1] (0.00ns)   --->   "%trunc_ln55 = trunc i8 %i_1" [fir.cpp:55]   --->   Operation 25 'trunc' 'trunc_ln55' <Predicate = (!icmp_ln51)> <Delay = 0.00>
ST_1 : Operation 26 [1/1] (1.87ns)   --->   "%idx = sub i7 %add_ln41_read, i7 %trunc_ln55" [fir.cpp:55]   --->   Operation 26 'sub' 'idx' <Predicate = (!icmp_ln51)> <Delay = 1.87> <CoreInst = "Adder">   --->   Core 1 'Adder' <Latency = 0> <II = 1> <Delay = 1.87> <FuncUnit> <Opcode : 'add' 'sub'> <InPorts = 2> <OutPorts = 1>
ST_1 : Operation 27 [1/1] (0.00ns)   --->   "%zext_ln56 = zext i7 %idx" [fir.cpp:56]   --->   Operation 27 'zext' 'zext_ln56' <Predicate = (!icmp_ln51)> <Delay = 0.00>
ST_1 : Operation 28 [1/1] (0.00ns)   --->   "%shift_i_addr = getelementptr i16 %shift_i, i64 0, i64 %zext_ln56" [fir.cpp:56]   --->   Operation 28 'getelementptr' 'shift_i_addr' <Predicate = (!icmp_ln51)> <Delay = 0.00>
ST_1 : Operation 29 [2/2] (3.25ns)   --->   "%shift_i_load = load i7 %shift_i_addr" [fir.cpp:56]   --->   Operation 29 'load' 'shift_i_load' <Predicate = (!icmp_ln51)> <Delay = 3.25> <CoreInst = "RAM_2P_BRAM">   --->   Core 91 'RAM_2P_BRAM' <Latency = 1> <II = 1> <Delay = 3.25> <Storage> <Opcode : 'load' 'store'> <Ports = 2> <Width = 16> <Depth = 128> <RAM>
ST_1 : Operation 30 [1/1] (0.00ns)   --->   "%coeffs_addr = getelementptr i16 %coeffs, i64 0, i64 %zext_ln51" [fir.cpp:56]   --->   Operation 30 'getelementptr' 'coeffs_addr' <Predicate = (!icmp_ln51)> <Delay = 0.00>
ST_1 : Operation 31 [2/2] (3.25ns)   --->   "%coeffs_load = load i7 %coeffs_addr" [fir.cpp:56]   --->   Operation 31 'load' 'coeffs_load' <Predicate = (!icmp_ln51)> <Delay = 3.25> <CoreInst = "RAM_1P">   --->   Core 86 'RAM_1P' <Latency = 1> <II = 1> <Delay = 3.25> <Storage> <Opcode : 'load' 'store'> <Ports = 1> <Width = 16> <Depth = 128> <RAM>
ST_1 : Operation 32 [1/1] (0.00ns)   --->   "%shift_q_addr = getelementptr i16 %shift_q, i64 0, i64 %zext_ln56" [fir.cpp:57]   --->   Operation 32 'getelementptr' 'shift_q_addr' <Predicate = (!icmp_ln51)> <Delay = 0.00>
ST_1 : Operation 33 [2/2] (3.25ns)   --->   "%shift_q_load = load i7 %shift_q_addr" [fir.cpp:57]   --->   Operation 33 'load' 'shift_q_load' <Predicate = (!icmp_ln51)> <Delay = 3.25> <CoreInst = "RAM_2P_BRAM">   --->   Core 91 'RAM_2P_BRAM' <Latency = 1> <II = 1> <Delay = 3.25> <Storage> <Opcode : 'load' 'store'> <Ports = 2> <Width = 16> <Depth = 128> <RAM>
ST_1 : Operation 34 [1/1] (1.58ns)   --->   "%store_ln51 = store i8 %add_ln51, i8 %i" [fir.cpp:51]   --->   Operation 34 'store' 'store_ln51' <Predicate = (!icmp_ln51)> <Delay = 1.58>

State 2 <SV = 1> <Delay = 4.30>
ST_2 : Operation 35 [1/2] (3.25ns)   --->   "%shift_i_load = load i7 %shift_i_addr" [fir.cpp:56]   --->   Operation 35 'load' 'shift_i_load' <Predicate = (!icmp_ln51)> <Delay = 3.25> <CoreInst = "RAM_2P_BRAM">   --->   Core 91 'RAM_2P_BRAM' <Latency = 1> <II = 1> <Delay = 3.25> <Storage> <Opcode : 'load' 'store'> <Ports = 2> <Width = 16> <Depth = 128> <RAM>
ST_2 : Operation 36 [1/2] (3.25ns)   --->   "%coeffs_load = load i7 %coeffs_addr" [fir.cpp:56]   --->   Operation 36 'load' 'coeffs_load' <Predicate = (!icmp_ln51)> <Delay = 3.25> <CoreInst = "RAM_1P">   --->   Core 86 'RAM_1P' <Latency = 1> <II = 1> <Delay = 3.25> <Storage> <Opcode : 'load' 'store'> <Ports = 1> <Width = 16> <Depth = 128> <RAM>
ST_2 : Operation 37 [1/1] (0.00ns)   --->   "%sext_ln56 = sext i16 %shift_i_load" [fir.cpp:56]   --->   Operation 37 'sext' 'sext_ln56' <Predicate = (!icmp_ln51)> <Delay = 0.00>
ST_2 : Operation 38 [1/1] (0.00ns)   --->   "%sext_ln56_1 = sext i16 %coeffs_load" [fir.cpp:56]   --->   Operation 38 'sext' 'sext_ln56_1' <Predicate = (!icmp_ln51)> <Delay = 0.00>
ST_2 : Operation 39 [3/3] (1.05ns) (grouped into DSP with root node acc_i1_3)   --->   "%mul_ln56 = mul i32 %sext_ln56_1, i32 %sext_ln56" [fir.cpp:56]   --->   Operation 39 'mul' 'mul_ln56' <Predicate = (!icmp_ln51)> <Delay = 1.05> <CoreInst = "DSP48">   --->   Core 119 'DSP48' <Latency = 3> <II = 1> <Delay = 2.15> <IPBlock> <Opcode : '' 'add' 'sub' 'mul' 'select'> <InPorts = 0> <OutPorts = 1> <Sync> <CReg>
ST_2 : Operation 40 [1/2] (3.25ns)   --->   "%shift_q_load = load i7 %shift_q_addr" [fir.cpp:57]   --->   Operation 40 'load' 'shift_q_load' <Predicate = (!icmp_ln51)> <Delay = 3.25> <CoreInst = "RAM_2P_BRAM">   --->   Core 91 'RAM_2P_BRAM' <Latency = 1> <II = 1> <Delay = 3.25> <Storage> <Opcode : 'load' 'store'> <Ports = 2> <Width = 16> <Depth = 128> <RAM>
ST_2 : Operation 41 [1/1] (0.00ns)   --->   "%sext_ln57 = sext i16 %shift_q_load" [fir.cpp:57]   --->   Operation 41 'sext' 'sext_ln57' <Predicate = (!icmp_ln51)> <Delay = 0.00>
ST_2 : Operation 42 [3/3] (1.05ns) (grouped into DSP with root node acc_q1_3)   --->   "%mul_ln57 = mul i32 %sext_ln57, i32 %sext_ln56_1" [fir.cpp:57]   --->   Operation 42 'mul' 'mul_ln57' <Predicate = (!icmp_ln51)> <Delay = 1.05> <CoreInst = "DSP48">   --->   Core 119 'DSP48' <Latency = 3> <II = 1> <Delay = 2.15> <IPBlock> <Opcode : '' 'add' 'sub' 'mul' 'select'> <InPorts = 0> <OutPorts = 1> <Sync> <CReg>

State 3 <SV = 2> <Delay = 1.05>
ST_3 : Operation 43 [2/3] (1.05ns) (grouped into DSP with root node acc_i1_3)   --->   "%mul_ln56 = mul i32 %sext_ln56_1, i32 %sext_ln56" [fir.cpp:56]   --->   Operation 43 'mul' 'mul_ln56' <Predicate = (!icmp_ln51)> <Delay = 1.05> <CoreInst = "DSP48">   --->   Core 119 'DSP48' <Latency = 3> <II = 1> <Delay = 2.15> <IPBlock> <Opcode : '' 'add' 'sub' 'mul' 'select'> <InPorts = 0> <OutPorts = 1> <Sync> <CReg>
ST_3 : Operation 44 [2/3] (1.05ns) (grouped into DSP with root node acc_q1_3)   --->   "%mul_ln57 = mul i32 %sext_ln57, i32 %sext_ln56_1" [fir.cpp:57]   --->   Operation 44 'mul' 'mul_ln57' <Predicate = (!icmp_ln51)> <Delay = 1.05> <CoreInst = "DSP48">   --->   Core 119 'DSP48' <Latency = 3> <II = 1> <Delay = 2.15> <IPBlock> <Opcode : '' 'add' 'sub' 'mul' 'select'> <InPorts = 0> <OutPorts = 1> <Sync> <CReg>

State 4 <SV = 3> <Delay = 2.10>
ST_4 : Operation 45 [1/1] (0.00ns)   --->   "%acc_i1_2 = load i32 %acc_i1" [fir.cpp:51]   --->   Operation 45 'load' 'acc_i1_2' <Predicate = true> <Delay = 0.00>
ST_4 : Operation 46 [1/1] (0.00ns)   --->   "%acc_q1_2 = load i32 %acc_q1" [fir.cpp:51]   --->   Operation 46 'load' 'acc_q1_2' <Predicate = true> <Delay = 0.00>
ST_4 : Operation 47 [1/1] (0.00ns)   --->   "%trunc_ln51 = trunc i32 %acc_i1_2" [fir.cpp:51]   --->   Operation 47 'trunc' 'trunc_ln51' <Predicate = true> <Delay = 0.00>
ST_4 : Operation 48 [1/1] (0.00ns)   --->   "%trunc_ln51_1 = trunc i32 %acc_q1_2" [fir.cpp:51]   --->   Operation 48 'trunc' 'trunc_ln51_1' <Predicate = true> <Delay = 0.00>
ST_4 : Operation 49 [1/3] (0.00ns) (grouped into DSP with root node acc_i1_3)   --->   "%mul_ln56 = mul i32 %sext_ln56_1, i32 %sext_ln56" [fir.cpp:56]   --->   Operation 49 'mul' 'mul_ln56' <Predicate = (!icmp_ln51)> <Delay = 0.00> <CoreInst = "DSP48">   --->   Core 119 'DSP48' <Latency = 3> <II = 1> <Delay = 2.15> <IPBlock> <Opcode : '' 'add' 'sub' 'mul' 'select'> <InPorts = 0> <OutPorts = 1> <Sync> <CReg>
ST_4 : Operation 50 [1/1] (0.00ns)   --->   "%specfucore_ln53 = specfucore void @_ssdm_op_SpecFUCore, i32 %mul_ln56, i64 12, i64 3, i64 18446744073709551615" [fir.cpp:53]   --->   Operation 50 'specfucore' 'specfucore_ln53' <Predicate = (!icmp_ln51)> <Delay = 0.00>
ST_4 : Operation 51 [2/2] (2.10ns) (root node of the DSP)   --->   "%acc_i1_3 = add i32 %mul_ln56, i32 %acc_i1_2" [fir.cpp:56]   --->   Operation 51 'add' 'acc_i1_3' <Predicate = (!icmp_ln51)> <Delay = 2.10> <CoreInst = "DSP48">   --->   Core 119 'DSP48' <Latency = 3> <II = 1> <Delay = 2.15> <IPBlock> <Opcode : '' 'add' 'sub' 'mul' 'select'> <InPorts = 0> <OutPorts = 1> <Sync> <CReg>
ST_4 : Operation 52 [1/3] (0.00ns) (grouped into DSP with root node acc_q1_3)   --->   "%mul_ln57 = mul i32 %sext_ln57, i32 %sext_ln56_1" [fir.cpp:57]   --->   Operation 52 'mul' 'mul_ln57' <Predicate = (!icmp_ln51)> <Delay = 0.00> <CoreInst = "DSP48">   --->   Core 119 'DSP48' <Latency = 3> <II = 1> <Delay = 2.15> <IPBlock> <Opcode : '' 'add' 'sub' 'mul' 'select'> <InPorts = 0> <OutPorts = 1> <Sync> <CReg>
ST_4 : Operation 53 [1/1] (0.00ns)   --->   "%specfucore_ln54 = specfucore void @_ssdm_op_SpecFUCore, i32 %mul_ln57, i64 12, i64 3, i64 18446744073709551615" [fir.cpp:54]   --->   Operation 53 'specfucore' 'specfucore_ln54' <Predicate = (!icmp_ln51)> <Delay = 0.00>
ST_4 : Operation 54 [2/2] (2.10ns) (root node of the DSP)   --->   "%acc_q1_3 = add i32 %mul_ln57, i32 %acc_q1_2" [fir.cpp:57]   --->   Operation 54 'add' 'acc_q1_3' <Predicate = (!icmp_ln51)> <Delay = 2.10> <CoreInst = "DSP48">   --->   Core 119 'DSP48' <Latency = 3> <II = 1> <Delay = 2.15> <IPBlock> <Opcode : '' 'add' 'sub' 'mul' 'select'> <InPorts = 0> <OutPorts = 1> <Sync> <CReg>
ST_4 : Operation 67 [1/1] (0.00ns)   --->   "%write_ln51 = write void @_ssdm_op_Write.ap_auto.i16P0A, i16 %acc_q1_out, i16 %trunc_ln51_1" [fir.cpp:51]   --->   Operation 67 'write' 'write_ln51' <Predicate = (icmp_ln51)> <Delay = 0.00>
ST_4 : Operation 68 [1/1] (0.00ns)   --->   "%write_ln51 = write void @_ssdm_op_Write.ap_auto.i16P0A, i16 %acc_i1_out, i16 %trunc_ln51" [fir.cpp:51]   --->   Operation 68 'write' 'write_ln51' <Predicate = (icmp_ln51)> <Delay = 0.00>
ST_4 : Operation 69 [1/1] (0.00ns)   --->   "%ret_ln0 = ret"   --->   Operation 69 'ret' 'ret_ln0' <Predicate = (icmp_ln51)> <Delay = 0.00>

State 5 <SV = 4> <Delay = 3.68>
ST_5 : Operation 55 [1/1] (0.00ns)   --->   "%specpipeline_ln52 = specpipeline void @_ssdm_op_SpecPipeline, i32 1, i32 0, i32 0, i32 0, void @empty_8" [fir.cpp:52]   --->   Operation 55 'specpipeline' 'specpipeline_ln52' <Predicate = true> <Delay = 0.00>
ST_5 : Operation 56 [1/1] (0.00ns)   --->   "%speclooptripcount_ln47 = speclooptripcount void @_ssdm_op_SpecLoopTripCount, i64 128, i64 128, i64 128" [fir.cpp:47]   --->   Operation 56 'speclooptripcount' 'speclooptripcount_ln47' <Predicate = true> <Delay = 0.00>
ST_5 : Operation 57 [1/1] (0.00ns)   --->   "%specloopname_ln51 = specloopname void @_ssdm_op_SpecLoopName, void @empty_11" [fir.cpp:51]   --->   Operation 57 'specloopname' 'specloopname_ln51' <Predicate = true> <Delay = 0.00>
ST_5 : Operation 58 [1/1] (0.00ns)   --->   "%rbegin8 = specregionbegin i32 @_ssdm_op_SpecRegionBegin, void @empty_1" [fir.cpp:55]   --->   Operation 58 'specregionbegin' 'rbegin8' <Predicate = true> <Delay = 0.00>
ST_5 : Operation 59 [1/2] (2.10ns) (root node of the DSP)   --->   "%acc_i1_3 = add i32 %mul_ln56, i32 %acc_i1_2" [fir.cpp:56]   --->   Operation 59 'add' 'acc_i1_3' <Predicate = true> <Delay = 2.10> <CoreInst = "DSP48">   --->   Core 119 'DSP48' <Latency = 3> <II = 1> <Delay = 2.15> <IPBlock> <Opcode : '' 'add' 'sub' 'mul' 'select'> <InPorts = 0> <OutPorts = 1> <Sync> <CReg>
ST_5 : Operation 60 [1/1] (0.00ns)   --->   "%rend9 = specregionend i32 @_ssdm_op_SpecRegionEnd, void @empty_1, i32 %rbegin8" [fir.cpp:56]   --->   Operation 60 'specregionend' 'rend9' <Predicate = true> <Delay = 0.00>
ST_5 : Operation 61 [1/1] (0.00ns)   --->   "%rbegin6 = specregionbegin i32 @_ssdm_op_SpecRegionBegin, void @empty_0" [fir.cpp:56]   --->   Operation 61 'specregionbegin' 'rbegin6' <Predicate = true> <Delay = 0.00>
ST_5 : Operation 62 [1/2] (2.10ns) (root node of the DSP)   --->   "%acc_q1_3 = add i32 %mul_ln57, i32 %acc_q1_2" [fir.cpp:57]   --->   Operation 62 'add' 'acc_q1_3' <Predicate = true> <Delay = 2.10> <CoreInst = "DSP48">   --->   Core 119 'DSP48' <Latency = 3> <II = 1> <Delay = 2.15> <IPBlock> <Opcode : '' 'add' 'sub' 'mul' 'select'> <InPorts = 0> <OutPorts = 1> <Sync> <CReg>
ST_5 : Operation 63 [1/1] (0.00ns)   --->   "%rend7 = specregionend i32 @_ssdm_op_SpecRegionEnd, void @empty_0, i32 %rbegin6" [fir.cpp:57]   --->   Operation 63 'specregionend' 'rend7' <Predicate = true> <Delay = 0.00>
ST_5 : Operation 64 [1/1] (1.58ns)   --->   "%store_ln48 = store i32 %acc_q1_3, i32 %acc_q1" [fir.cpp:48]   --->   Operation 64 'store' 'store_ln48' <Predicate = true> <Delay = 1.58>
ST_5 : Operation 65 [1/1] (1.58ns)   --->   "%store_ln47 = store i32 %acc_i1_3, i32 %acc_i1" [fir.cpp:47]   --->   Operation 65 'store' 'store_ln47' <Predicate = true> <Delay = 1.58>
ST_5 : Operation 66 [1/1] (0.00ns)   --->   "%br_ln51 = br void %for.inc53" [fir.cpp:51]   --->   Operation 66 'br' 'br_ln51' <Predicate = true> <Delay = 0.00>


============================================================
+ Verbose Summary: Timing violations
============================================================
Target clock period: 10.000ns, clock uncertainty: 2.700ns.

 <State 1>: 6.712ns
The critical path consists of the following:
	'store' operation 0 bit ('store_ln51', fir.cpp:51) of constant 0 on local variable 'i', fir.cpp:51 [15]  (1.588 ns)
	'load' operation 8 bit ('i', fir.cpp:55) on local variable 'i', fir.cpp:51 [22]  (0.000 ns)
	'sub' operation 7 bit ('idx', fir.cpp:55) [34]  (1.870 ns)
	'getelementptr' operation 7 bit ('shift_i_addr', fir.cpp:56) [37]  (0.000 ns)
	'load' operation 16 bit ('shift_i_load', fir.cpp:56) on array 'shift_i' [38]  (3.254 ns)

 <State 2>: 4.304ns
The critical path consists of the following:
	'load' operation 16 bit ('shift_i_load', fir.cpp:56) on array 'shift_i' [38]  (3.254 ns)
	'mul' operation 32 bit of DSP[45] ('mul_ln56', fir.cpp:56) [43]  (1.050 ns)

 <State 3>: 1.050ns
The critical path consists of the following:
	'mul' operation 32 bit of DSP[45] ('mul_ln56', fir.cpp:56) [43]  (1.050 ns)

 <State 4>: 2.100ns
The critical path consists of the following:
	'load' operation 32 bit ('acc_i1', fir.cpp:51) on local variable 'acc_i1', fir.cpp:47 [20]  (0.000 ns)
	'add' operation 32 bit of DSP[45] ('acc_i1', fir.cpp:56) [45]  (2.100 ns)

 <State 5>: 3.688ns
The critical path consists of the following:
	'add' operation 32 bit of DSP[53] ('acc_q1', fir.cpp:57) [53]  (2.100 ns)
	'store' operation 0 bit ('store_ln48', fir.cpp:48) of variable 'acc_q1', fir.cpp:57 on local variable 'acc_q1', fir.cpp:48 [56]  (1.588 ns)


============================================================
+ Verbose Summary: Binding
============================================================
N/A
* FSMD analyzer results:
  - Output states:
 - Input state : 
  - Chain level:
	State 1
	State 2
	State 3
	State 4
	State 5


============================================================
+ Verbose Summary: Datapath Resource usage 
============================================================
N/A
