

================================================================
== Vitis HLS Report for 'fir_Pipeline_MAC_Loop_1'
================================================================
* Date:           Tue May 12 23:58:29 2026

* Version:        2023.2 (Build 4023990 on Oct 11 2023)
* Project:        fir128
* Solution:       solution1 (Vivado IP Flow Target)
* Product family: zynq
* Target device:  xc7z010-clg225-1


================================================================
== Performance Estimates
================================================================
+ Timing: 
    * Summary: 
    +--------+----------+----------+------------+
    |  Clock |  Target  | Estimated| Uncertainty|
    +--------+----------+----------+------------+
    |ap_clk  |  10.00 ns|  6.712 ns|     2.70 ns|
    +--------+----------+----------+------------+

+ Latency: 
    * Summary: 
    +---------+---------+----------+----------+-----+-----+---------+
    |  Latency (cycles) |  Latency (absolute) |  Interval | Pipeline|
    |   min   |   max   |    min   |    max   | min | max |   Type  |
    +---------+---------+----------+----------+-----+-----+---------+
    |      133|      133|  1.330 us|  1.330 us|  133|  133|       no|
    +---------+---------+----------+----------+-----+-----+---------+

    + Detail: 
        * Instance: 
        N/A

        * Loop: 
        +--------------+---------+---------+----------+-----------+-----------+------+----------+
        |              |  Latency (cycles) | Iteration|  Initiation Interval  | Trip |          |
        |   Loop Name  |   min   |   max   |  Latency |  achieved |   target  | Count| Pipelined|
        +--------------+---------+---------+----------+-----------+-----------+------+----------+
        |- MAC_Loop_1  |      131|      131|         5|          1|          1|   128|       yes|
        +--------------+---------+---------+----------+-----------+-----------+------+----------+

============================================================
+ Verbose Summary: Synthesis Manager
============================================================
InlineROM: 1
ExposeGlobal: 0
============================================================
+ Verbose Summary: CDFG Model
============================================================
IsTopModel: 0
ResetActiveHigh: 1
IsCombinational: 0
IsDatapathOnly: 0
HasWiredReturn: 1
HasMFsm: 2
HasVarLatency: 1
IsPipeline: 0
IsRtlPipelined: 0
IsInstanceOverlapped: 0
IsDontTouch: 0
HasImplIP: 0
IsGatedGlobalClock: 0

+ Individual pipeline summary: 
  * Pipeline-0: initiation interval (II) = 1, depth = 5


============================================================
+ Verbose Summary: Schedule
============================================================
* Number of FSM states : 5
* Pipeline : 1
  Pipeline-0 : II = 1, D = 5, States = { 1 2 3 4 5 }
* Dataflow Pipeline: 0

* FSM state transitions: 
1 --> 2 
2 --> 3 
3 --> 4 
4 --> 5 
5 --> 

* FSM state operations: 

State 1 <SV = 0> <Delay = 6.71>
ST_1 : Operation 8 [1/1] (0.00ns)   --->   "%acc_i1 = alloca i32 1" [fir.cpp:47]   --->   Operation 8 'alloca' 'acc_i1' <Predicate = true> <Delay = 0.00>
ST_1 : Operation 9 [1/1] (0.00ns)   --->   "%acc_q1 = alloca i32 1" [fir.cpp:48]   --->   Operation 9 'alloca' 'acc_q1' <Predicate = true> <Delay = 0.00>
ST_1 : Operation 10 [1/1] (0.00ns)   --->   "%i = alloca i32 1" [fir.cpp:51]   --->   Operation 10 'alloca' 'i' <Predicate = true> <Delay = 0.00>
ST_1 : Operation 11 [1/1] (0.00ns)   --->   "%specmemcore_ln0 = specmemcore void @_ssdm_op_SpecMemCore, i16 %shift_q, i64 666, i64 22, i64 18446744073709551615"   --->   Operation 11 'specmemcore' 'specmemcore_ln0' <Predicate = true> <Delay = 0.00>
ST_1 : Operation 12 [1/1] (0.00ns)   --->   "%specmemcore_ln0 = specmemcore void @_ssdm_op_SpecMemCore, i16 %shift_i, i64 666, i64 22, i64 18446744073709551615"   --->   Operation 12 'specmemcore' 'specmemcore_ln0' <Predicate = true> <Delay = 0.00>
ST_1 : Operation 13 [1/1] (0.00ns)   --->   "%specmemcore_ln0 = specmemcore void @_ssdm_op_SpecMemCore, i16 %coeffs, i64 666, i64 207, i64 1"   --->   Operation 13 'specmemcore' 'specmemcore_ln0' <Predicate = true> <Delay = 0.00>
ST_1 : Operation 14 [1/1] (0.00ns)   --->   "%specinterface_ln0 = specinterface void @_ssdm_op_SpecInterface, i16 %coeffs, void @empty_6, i32 0, i32 0, void @empty_8, i32 1, i32 0, void @empty_8, void @empty_8, void @empty_8, i32 0, i32 0, i32 0, i32 0, void @empty_8, void @empty_8, i32 4294967295, i32 0"   --->   Operation 14 'specinterface' 'specinterface_ln0' <Predicate = true> <Delay = 0.00>
ST_1 : Operation 15 [1/1] (0.00ns)   --->   "%add_ln41_read = read i7 @_ssdm_op_Read.ap_auto.i7, i7 %add_ln41"   --->   Operation 15 'read' 'add_ln41_read' <Predicate = true> <Delay = 0.00>
ST_1 : Operation 16 [1/1] (1.58ns)   --->   "%store_ln51 = store i8 0, i8 %i" [fir.cpp:51]   --->   Operation 16 'store' 'store_ln51' <Predicate = true> <Delay = 1.58>
ST_1 : Operation 17 [1/1] (1.58ns)   --->   "%store_ln48 = store i32 0, i32 %acc_q1" [fir.cpp:48]   --->   Operation 17 'store' 'store_ln48' <Predicate = true> <Delay = 1.58>
ST_1 : Operation 18 [1/1] (1.58ns)   --->   "%store_ln47 = store i32 0, i32 %acc_i1" [fir.cpp:47]   --->   Operation 18 'store' 'store_ln47' <Predicate = true> <Delay = 1.58>
ST_1 : Operation 19 [1/1] (0.00ns)   --->   "%br_ln0 = br void %for.inc53"   --->   Operation 19 'br' 'br_ln0' <Predicate = true> <Delay = 0.00>
ST_1 : Operation 20 [1/1] (0.00ns)   --->   "%i_1 = load i8 %i" [fir.cpp:55]   --->   Operation 20 'load' 'i_1' <Predicate = true> <Delay = 0.00>
ST_1 : Operation 21 [1/1] (1.91ns)   --->   "%icmp_ln51 = icmp_eq  i8 %i_1, i8 128" [fir.cpp:51]   --->   Operation 21 'icmp' 'icmp_ln51' <Predicate = true> <Delay = 1.91> <CoreInst = "Cmp">   --->   Core 9 'Cmp' <Latency = 0> <II = 1> <Delay = 1.91> <FuncUnit> <Opcode : 'icmp'> <InPorts = 2> <OutPorts = 1>
ST_1 : Operation 22 [1/1] (1.91ns)   --->   "%add_ln51 = add i8 %i_1, i8 1" [fir.cpp:51]   --->   Operation 22 'add' 'add_ln51' <Predicate = true> <Delay = 1.91> <CoreInst = "Adder">   --->   Core 1 'Adder' <Latency = 0> <II = 1> <Delay = 1.91> <FuncUnit> <Opcode : 'add' 'sub'> <InPorts = 2> <OutPorts = 1>
ST_1 : Operation 23 [1/1] (0.00ns)   --->   "%br_ln51 = br i1 %icmp_ln51, void %fpga_resource_hint.for.inc53.1, void %for.end55.exitStub" [fir.cpp:51]   --->   Operation 23 'br' 'br_ln51' <Predicate = true> <Delay = 0.00>
ST_1 : Operation 24 [1/1] (0.00ns)   --->   "%zext_ln51 = zext i8 %i_1" [fir.cpp:51]   --->   Operation 24 'zext' 'zext_ln51' <Predicate = (!icmp_ln51)> <Delay = 0.00>
ST_1 : Operation 25 [1/1] (0.00ns)   --->   "%trunc_ln55 = trunc i8 %i_1" [fir.cpp:55]   --->   Operation 25 'trunc' 'trunc_ln55' <Predicate = (!icmp_ln51)> <Delay = 0.00>
ST_1 : Operation 26 [1/1] (1.87ns)   --->   "%idx = sub i7 %add_ln41_read, i7 %trunc_ln55" [fir.cpp:55]   --->   Operation 26 'sub' 'idx' <Predicate = (!icmp_ln51)> <Delay = 1.87> <CoreInst = "Adder">   --->   Core 1 'Adder' <Latency = 0> <II = 1> <Delay = 1.87> <FuncUnit> <Opcode : 'add' 'sub'> <InPorts = 2> <OutPorts = 1>
ST_1 : Operation 27 [1/1] (0.00ns)   --->   "%zext_ln56 = zext i7 %idx" [fir.cpp:56]   --->   Operation 27 'zext' 'zext_ln56' <Predicate = (!icmp_ln51)> <Delay = 0.00>
ST_1 : Operation 28 [1/1] (0.00ns)   --->   "%shift_i_addr = getelementptr i16 %shift_i, i64 0, i64 %zext_ln56" [fir.cpp:56]   --->   Operation 28 'getelementptr' 'shift_i_addr' <Predicate = (!icmp_ln51)> <Delay = 0.00>
ST_1 : Operation 29 [2/2] (3.25ns)   --->   "%shift_i_load = load i7 %shift_i_addr" [fir.cpp:56]   --->   Operation 29 'load' 'shift_i_load' <Predicate = (!icmp_ln51)> <Delay = 3.25> <CoreInst = "RAM_2P_BRAM">   --->   Core 91 'RAM_2P_BRAM' <Latency = 1> <II = 1> <Delay = 3.25> <Storage> <Opcode : 'load' 'store'> <Ports = 2> <Width = 16> <Depth = 128> <RAM>
ST_1 : Operation 30 [1/1] (0.00ns)   --->   "%coeffs_addr = getelementptr i16 %coeffs, i64 0, i64 %zext_ln51" [fir.cpp:56]   --->   Operation 30 'getelementptr' 'coeffs_addr' <Predicate = (!icmp_ln51)> <Delay = 0.00>
ST_1 : Operation 31 [2/2] (3.25ns)   --->   "%coeffs_load = load i7 %coeffs_addr" [fir.cpp:56]   --->   Operation 31 'load' 'coeffs_load' <Predicate = (!icmp_ln51)> <Delay = 3.25> <CoreInst = "RAM_1P">   --->   Core 86 'RAM_1P' <Latency = 1> <II = 1> <Delay = 3.25> <Storage> <Opcode : 'load' 'store'> <Ports = 1> <Width = 16> <Depth = 128> <RAM>
ST_1 : Operation 32 [1/1] (0.00ns)   --->   "%shift_q_addr = getelementptr i16 %shift_q, i64 0, i64 %zext_ln56" [fir.cpp:57]   --->   Operation 32 'getelementptr' 'shift_q_addr' <Predicate = (!icmp_ln51)> <Delay = 0.00>
ST_1 : Operation 33 [2/2] (3.25ns)   --->   "%shift_q_load = load i7 %shift_q_addr" [fir.cpp:57]   --->   Operation 33 'load' 'shift_q_load' <Predicate = (!icmp_ln51)> <Delay = 3.25> <CoreInst = "RAM_2P_BRAM">   --->   Core 91 'RAM_2P_BRAM' <Latency = 1> <II = 1> <Delay = 3.25> <Storage> <Opcode : 'load' 'store'> <Ports = 2> <Width = 16> <Depth = 128> <RAM>
ST_1 : Operation 34 [1/1] (1.58ns)   --->   "%store_ln51 = store i8 %add_ln51, i8 %i" [fir.cpp:51]   --->   Operation 34 'store' 'store_ln51' <Predicate = (!icmp_ln51)> <Delay = 1.58>

State 2 <SV = 1> <Delay = 4.30>
ST_2 : Operation 35 [1/2] (3.25ns)   --->   "%shift_i_load = load i7 %shift_i_addr" [fir.cpp:56]   --->   Operation 35 'load' 'shift_i_load' <Predicate = (!icmp_ln51)> <Delay = 3.25> <CoreInst = "RAM_2P_BRAM">   --->   Core 91 'RAM_2P_BRAM' <Latency = 1> <II = 1> <Delay = 3.25> <Storage> <Opcode : 'load' 'store'> <Ports = 2> <Width = 16> <Depth = 128> <RAM>
ST_2 : Operation 36 [1/2] (3.25ns)   --->   "%coeffs_load = load i7 %coeffs_addr" [fir.cpp:56]   --->   Operation 36 'load' 'coeffs_load' <Predicate = (!icmp_ln51)> <Delay = 3.25> <CoreInst = "RAM_1P">   --->   Core 86 'RAM_1P' <Latency = 1> <II = 1> <Delay = 3.25> <Storage> <Opcode : 'load' 'store'> <Ports = 1> <Width = 16> <Depth = 128> <RAM>
ST_2 : Operation 37 [1/1] (0.00ns)   --->   "%sext_ln56 = sext i16 %shift_i_load" [fir.cpp:56]   --->   Operation 37 'sext' 'sext_ln56' <Predicate = (!icmp_ln51)> <Delay = 0.00>
ST_2 : Operation 38 [1/1] (0.00ns)   --->   "%sext_ln56_1 = sext i16 %coeffs_load" [fir.cpp:56]   --->   Operation 38 'sext' 'sext_ln56_1' <Predicate = (!icmp_ln51)> <Delay = 0.00>
ST_2 : Operation 39 [3/3] (1.05ns) (grouped into DSP with root node acc_i1_3)   --->   "%mul_ln56 = mul i32 %sext_ln56_1, i32 %sext_ln56" [fir.cpp:56]   --->   Operation 39 'mul' 'mul_ln56' <Predicate = (!icmp_ln51)> <Delay = 1.05> <CoreInst = "DSP48">   --->   Core 119 'DSP48' <Latency = 3> <II = 1> <Delay = 2.15> <IPBlock> <Opcode : '' 'add' 'sub' 'mul' 'select'> <InPorts = 0> <OutPorts = 1> <Sync> <CReg>
ST_2 : Operation 40 [1/2] (3.25ns)   --->   "%shift_q_load = load i7 %shift_q_addr" [fir.cpp:57]   --->   Operation 40 'load' 'shift_q_load' <Predicate = (!icmp_ln51)> <Delay = 3.25> <CoreInst = "RAM_2P_BRAM">   --->   Core 91 'RAM_2P_BRAM' <Latency = 1> <II = 1> <Delay = 3.25> <Storage> <Opcode : 'load' 'store'> <Ports = 2> <Width = 16> <Depth = 128> <RAM>
ST_2 : Operation 41 [1/1] (0.00ns)   --->   "%sext_ln57 = sext i16 %shift_q_load" [fir.cpp:57]   --->   Operation 41 'sext' 'sext_ln57' <Predicate = (!icmp_ln51)> <Delay = 0.00>
ST_2 : Operation 42 [3/3] (1.05ns) (grouped into DSP with root node acc_q1_3)   --->   "%mul_ln57 = mul i32 %sext_ln57, i32 %sext_ln56_1" [fir.cpp:57]   --->   Operation 42 'mul' 'mul_ln57' <Predicate = (!icmp_ln51)> <Delay = 1.05> <CoreInst = "DSP48">   --->   Core 119 'DSP48' <Latency = 3> <II = 1> <Delay = 2.15> <IPBlock> <Opcode : '' 'add' 'sub' 'mul' 'select'> <InPorts = 0> <OutPorts = 1> <Sync> <CReg>

State 3 <SV = 2> <Delay = 1.05>
ST_3 : Operation 43 [2/3] (1.05ns) (grouped into DSP with root node acc_i1_3)   --->   "%mul_ln56 = mul i32 %sext_ln56_1, i32 %sext_ln56" [fir.cpp:56]   --->   Operation 43 'mul' 'mul_ln56' <Predicate = (!icmp_ln51)> <Delay = 1.05> <CoreInst = "DSP48">   --->   Core 119 'DSP48' <Latency = 3> <II = 1> <Delay = 2.15> <IPBlock> <Opcode : '' 'add' 'sub' 'mul' 'select'> <InPorts = 0> <OutPorts = 1> <Sync> <CReg>
ST_3 : Operation 44 [2/3] (1.05ns) (grouped into DSP with root node acc_q1_3)   --->   "%mul_ln57 = mul i32 %sext_ln57, i32 %sext_ln56_1" [fir.cpp:57]   --->   Operation 44 'mul' 'mul_ln57' <Predicate = (!icmp_ln51)> <Delay = 1.05> <CoreInst = "DSP48">   --->   Core 119 'DSP48' <Latency = 3> <II = 1> <Delay = 2.15> <IPBlock> <Opcode : '' 'add' 'sub' 'mul' 'select'> <InPorts = 0> <OutPorts = 1> <Sync> <CReg>

State 4 <SV = 3> <Delay = 2.10>
ST_4 : Operation 45 [1/1] (0.00ns)   --->   "%acc_i1_2 = load i32 %acc_i1" [fir.cpp:51]   --->   Operation 45 'load' 'acc_i1_2' <Predicate = true> <Delay = 0.00>
ST_4 : Operation 46 [1/1] (0.00ns)   --->   "%acc_q1_2 = load i32 %acc_q1" [fir.cpp:51]   --->   Operation 46 'load' 'acc_q1_2' <Predicate = true> <Delay = 0.00>
ST_4 : Operation 47 [1/1] (0.00ns)   --->   "%trunc_ln51 = trunc i32 %acc_i1_2" [fir.cpp:51]   --->   Operation 47 'trunc' 'trunc_ln51' <Predicate = true> <Delay = 0.00>
ST_4 : Operation 48 [1/1] (0.00ns)   --->   "%trunc_ln51_1 = trunc i32 %acc_q1_2" [fir.cpp:51]   --->   Operation 48 'trunc' 'trunc_ln51_1' <Predicate = true> <Delay = 0.00>
ST_4 : Operation 49 [1/3] (0.00ns) (grouped into DSP with root node acc_i1_3)   --->   "%mul_ln56 = mul i32 %sext_ln56_1, i32 %sext_ln56" [fir.cpp:56]   --->   Operation 49 'mul' 'mul_ln56' <Predicate = (!icmp_ln51)> <Delay = 0.00> <CoreInst = "DSP48">   --->   Core 119 'DSP48' <Latency = 3> <II = 1> <Delay = 2.15> <IPBlock> <Opcode : '' 'add' 'sub' 'mul' 'select'> <InPorts = 0> <OutPorts = 1> <Sync> <CReg>
ST_4 : Operation 50 [1/1] (0.00ns)   --->   "%specfucore_ln53 = specfucore void @_ssdm_op_SpecFUCore, i32 %mul_ln56, i64 12, i64 3, i64 18446744073709551615" [fir.cpp:53]   --->   Operation 50 'specfucore' 'specfucore_ln53' <Predicate = (!icmp_ln51)> <Delay = 0.00>
ST_4 : Operation 51 [2/2] (2.10ns) (root node of the DSP)   --->   "%acc_i1_3 = add i32 %mul_ln56, i32 %acc_i1_2" [fir.cpp:56]   --->   Operation 51 'add' 'acc_i1_3' <Predicate = (!icmp_ln51)> <Delay = 2.10> <CoreInst = "DSP48">   --->   Core 119 'DSP48' <Latency = 3> <II = 1> <Delay = 2.15> <IPBlock> <Opcode : '' 'add' 'sub' 'mul' 'select'> <InPorts = 0> <OutPorts = 1> <Sync> <CReg>
ST_4 : Operation 52 [1/3] (0.00ns) (grouped into DSP with root node acc_q1_3)   --->   "%mul_ln57 = mul i32 %sext_ln57, i32 %sext_ln56_1" [fir.cpp:57]   --->   Operation 52 'mul' 'mul_ln57' <Predicate = (!icmp_ln51)> <Delay = 0.00> <CoreInst = "DSP48">   --->   Core 119 'DSP48' <Latency = 3> <II = 1> <Delay = 2.15> <IPBlock> <Opcode : '' 'add' 'sub' 'mul' 'select'> <InPorts = 0> <OutPorts = 1> <Sync> <CReg>
ST_4 : Operation 53 [1/1] (0.00ns)   --->   "%specfucore_ln54 = specfucore void @_ssdm_op_SpecFUCore, i32 %mul_ln57, i64 12, i64 3, i64 18446744073709551615" [fir.cpp:54]   --->   Operation 53 'specfucore' 'specfucore_ln54' <Predicate = (!icmp_ln51)> <Delay = 0.00>
ST_4 : Operation 54 [2/2] (2.10ns) (root node of the DSP)   --->   "%acc_q1_3 = add i32 %mul_ln57, i32 %acc_q1_2" [fir.cpp:57]   --->   Operation 54 'add' 'acc_q1_3' <Predicate = (!icmp_ln51)> <Delay = 2.10> <CoreInst = "DSP48">   --->   Core 119 'DSP48' <Latency = 3> <II = 1> <Delay = 2.15> <IPBlock> <Opcode : '' 'add' 'sub' 'mul' 'select'> <InPorts = 0> <OutPorts = 1> <Sync> <CReg>
ST_4 : Operation 67 [1/1] (0.00ns)   --->   "%write_ln51 = write void @_ssdm_op_Write.ap_auto.i16P0A, i16 %acc_q1_out, i16 %trunc_ln51_1" [fir.cpp:51]   --->   Operation 67 'write' 'write_ln51' <Predicate = (icmp_ln51)> <Delay = 0.00>
ST_4 : Operation 68 [1/1] (0.00ns)   --->   "%write_ln51 = write void @_ssdm_op_Write.ap_auto.i16P0A, i16 %acc_i1_out, i16 %trunc_ln51" [fir.cpp:51]   --->   Operation 68 'write' 'write_ln51' <Predicate = (icmp_ln51)> <Delay = 0.00>
ST_4 : Operation 69 [1/1] (0.00ns)   --->   "%ret_ln0 = ret"   --->   Operation 69 'ret' 'ret_ln0' <Predicate = (icmp_ln51)> <Delay = 0.00>

State 5 <SV = 4> <Delay = 3.68>
ST_5 : Operation 55 [1/1] (0.00ns)   --->   "%specpipeline_ln52 = specpipeline void @_ssdm_op_SpecPipeline, i32 1, i32 0, i32 0, i32 0, void @empty_8" [fir.cpp:52]   --->   Operation 55 'specpipeline' 'specpipeline_ln52' <Predicate = true> <Delay = 0.00>
ST_5 : Operation 56 [1/1] (0.00ns)   --->   "%speclooptripcount_ln47 = speclooptripcount void @_ssdm_op_SpecLoopTripCount, i64 128, i64 128, i64 128" [fir.cpp:47]   --->   Operation 56 'speclooptripcount' 'speclooptripcount_ln47' <Predicate = true> <Delay = 0.00>
ST_5 : Operation 57 [1/1] (0.00ns)   --->   "%specloopname_ln51 = specloopname void @_ssdm_op_SpecLoopName, void @empty_11" [fir.cpp:51]   --->   Operation 57 'specloopname' 'specloopname_ln51' <Predicate = true> <Delay = 0.00>
ST_5 : Operation 58 [1/1] (0.00ns)   --->   "%rbegin8 = specregionbegin i32 @_ssdm_op_SpecRegionBegin, void @empty_1" [fir.cpp:55]   --->   Operation 58 'specregionbegin' 'rbegin8' <Predicate = true> <Delay = 0.00>
ST_5 : Operation 59 [1/2] (2.10ns) (root node of the DSP)   --->   "%acc_i1_3 = add i32 %mul_ln56, i32 %acc_i1_2" [fir.cpp:56]   --->   Operation 59 'add' 'acc_i1_3' <Predicate = true> <Delay = 2.10> <CoreInst = "DSP48">   --->   Core 119 'DSP48' <Latency = 3> <II = 1> <Delay = 2.15> <IPBlock> <Opcode : '' 'add' 'sub' 'mul' 'select'> <InPorts = 0> <OutPorts = 1> <Sync> <CReg>
ST_5 : Operation 60 [1/1] (0.00ns)   --->   "%rend9 = specregionend i32 @_ssdm_op_SpecRegionEnd, void @empty_1, i32 %rbegin8" [fir.cpp:56]   --->   Operation 60 'specregionend' 'rend9' <Predicate = true> <Delay = 0.00>
ST_5 : Operation 61 [1/1] (0.00ns)   --->   "%rbegin6 = specregionbegin i32 @_ssdm_op_SpecRegionBegin, void @empty_0" [fir.cpp:56]   --->   Operation 61 'specregionbegin' 'rbegin6' <Predicate = true> <Delay = 0.00>
ST_5 : Operation 62 [1/2] (2.10ns) (root node of the DSP)   --->   "%acc_q1_3 = add i32 %mul_ln57, i32 %acc_q1_2" [fir.cpp:57]   --->   Operation 62 'add' 'acc_q1_3' <Predicate = true> <Delay = 2.10> <CoreInst = "DSP48">   --->   Core 119 'DSP48' <Latency = 3> <II = 1> <Delay = 2.15> <IPBlock> <Opcode : '' 'add' 'sub' 'mul' 'select'> <InPorts = 0> <OutPorts = 1> <Sync> <CReg>
ST_5 : Operation 63 [1/1] (0.00ns)   --->   "%rend7 = specregionend i32 @_ssdm_op_SpecRegionEnd, void @empty_0, i32 %rbegin6" [fir.cpp:57]   --->   Operation 63 'specregionend' 'rend7' <Predicate = true> <Delay = 0.00>
ST_5 : Operation 64 [1/1] (1.58ns)   --->   "%store_ln48 = store i32 %acc_q1_3, i32 %acc_q1" [fir.cpp:48]   --->   Operation 64 'store' 'store_ln48' <Predicate = true> <Delay = 1.58>
ST_5 : Operation 65 [1/1] (1.58ns)   --->   "%store_ln47 = store i32 %acc_i1_3, i32 %acc_i1" [fir.cpp:47]   --->   Operation 65 'store' 'store_ln47' <Predicate = true> <Delay = 1.58>
ST_5 : Operation 66 [1/1] (0.00ns)   --->   "%br_ln51 = br void %for.inc53" [fir.cpp:51]   --->   Operation 66 'br' 'br_ln51' <Predicate = true> <Delay = 0.00>


============================================================
+ Verbose Summary: Binding
============================================================
STG Binding: 
---------------- STG Properties BEGIN ----------------
- Is combinational: 0
- Is one-state seq: 0
- Is datapath-only: 0
- Is pipelined: 0
- Is top level: 0
Port [ Return ] is wired: 1; IO mode=ap_ctrl_hs:ce=0
Port [ add_ln41]:  wired=1; compound=0; hidden=0; nouse=0; global=0; static=0; extern=0; dir=0; type=0; pingpong=0; private_global=0; IO mode=ap_none:ce=0
Port [ coeffs]:  wired=1; compound=1; hidden=0; nouse=0; global=0; static=0; extern=0; dir=0; type=1; pingpong=0; private_global=0; MemPort=[1]; IO mode=ap_memory:ce=0
Port [ acc_q1_out]:  wired=1; compound=0; hidden=0; nouse=0; global=0; static=0; extern=0; dir=1; type=0; pingpong=0; private_global=0; IO mode=ap_vld:ce=0
Port [ acc_i1_out]:  wired=1; compound=0; hidden=0; nouse=0; global=0; static=0; extern=0; dir=1; type=0; pingpong=0; private_global=0; IO mode=ap_vld:ce=0
Port [ shift_i]:  wired=1; compound=1; hidden=0; nouse=0; global=1; static=1; extern=0; dir=0; type=1; pingpong=0; private_global=0; MemPort=[13]; IO mode=ap_memory:ce=0
Port [ shift_q]:  wired=1; compound=1; hidden=0; nouse=0; global=1; static=1; extern=0; dir=0; type=1; pingpong=0; private_global=0; MemPort=[13]; IO mode=ap_memory:ce=0
---------------- STG Properties END ------------------

---------------- Datapath Model BEGIN ----------------

<LifeTime>
<method=bitvector/>
acc_i1                 (alloca           ) [ 011111]
acc_q1                 (alloca           ) [ 011111]
i                      (alloca           ) [ 010000]
specmemcore_ln0        (specmemcore      ) [ 000000]
specmemcore_ln0        (specmemcore      ) [ 000000]
specmemcore_ln0        (specmemcore      ) [ 000000]
specinterface_ln0      (specinterface    ) [ 000000]
add_ln41_read          (read             ) [ 000000]
store_ln51             (store            ) [ 000000]
store_ln48             (store            ) [ 000000]
store_ln47             (store            ) [ 000000]
br_ln0                 (br               ) [ 000000]
i_1                    (load             ) [ 000000]
icmp_ln51              (icmp             ) [ 011110]
add_ln51               (add              ) [ 000000]
br_ln51                (br               ) [ 000000]
zext_ln51              (zext             ) [ 000000]
trunc_ln55             (trunc            ) [ 000000]
idx                    (sub              ) [ 000000]
zext_ln56              (zext             ) [ 000000]
shift_i_addr           (getelementptr    ) [ 011000]
coeffs_addr            (getelementptr    ) [ 011000]
shift_q_addr           (getelementptr    ) [ 011000]
store_ln51             (store            ) [ 000000]
shift_i_load           (load             ) [ 000000]
coeffs_load            (load             ) [ 000000]
sext_ln56              (sext             ) [ 010110]
sext_ln56_1            (sext             ) [ 010110]
shift_q_load           (load             ) [ 000000]
sext_ln57              (sext             ) [ 010110]
acc_i1_2               (load             ) [ 010001]
acc_q1_2               (load             ) [ 010001]
trunc_ln51             (trunc            ) [ 000000]
trunc_ln51_1           (trunc            ) [ 000000]
mul_ln56               (mul              ) [ 010001]
specfucore_ln53        (specfucore       ) [ 000000]
mul_ln57               (mul              ) [ 010001]
specfucore_ln54        (specfucore       ) [ 000000]
specpipeline_ln52      (specpipeline     ) [ 000000]
speclooptripcount_ln47 (speclooptripcount) [ 000000]
specloopname_ln51      (specloopname     ) [ 000000]
rbegin8                (specregionbegin  ) [ 000000]
acc_i1_3               (add              ) [ 000000]
rend9                  (specregionend    ) [ 000000]
rbegin6                (specregionbegin  ) [ 000000]
acc_q1_3               (add              ) [ 000000]
rend7                  (specregionend    ) [ 000000]
store_ln48             (store            ) [ 000000]
store_ln47             (store            ) [ 000000]
br_ln51                (br               ) [ 000000]
write_ln51             (write            ) [ 000000]
write_ln51             (write            ) [ 000000]
ret_ln0                (ret              ) [ 000000]
</LifeTime>

<model>

<comp_list>
<comp id="0" class="1000" name="add_ln41">
<pin_list>
<pin id="1" dir="1" index="0" bw="1" slack="0"/>
</pin_list>
<bind>
<StgValue><ssdm name="add_ln41"/></StgValue>
</bind>
</comp>

<comp id="2" class="1000" name="coeffs">
<pin_list>
<pin id="3" dir="1" index="0" bw="1" slack="0"/>
</pin_list>
<bind>
<StgValue><ssdm name="coeffs"/><MemPortTyVec>1 </MemPortTyVec>
</StgValue>
</bind>
</comp>

<comp id="4" class="1000" name="acc_q1_out">
<pin_list>
<pin id="5" dir="1" index="0" bw="1" slack="0"/>
</pin_list>
<bind>
<StgValue><ssdm name="acc_q1_out"/></StgValue>
</bind>
</comp>

<comp id="6" class="1000" name="acc_i1_out">
<pin_list>
<pin id="7" dir="1" index="0" bw="1" slack="0"/>
</pin_list>
<bind>
<StgValue><ssdm name="acc_i1_out"/></StgValue>
</bind>
</comp>

<comp id="8" class="1000" name="shift_i">
<pin_list>
<pin id="9" dir="1" index="0" bw="1" slack="0"/>
</pin_list>
<bind>
<StgValue><ssdm name="shift_i"/><MemPortTyVec>1 3 </MemPortTyVec>
</StgValue>
</bind>
</comp>

<comp id="10" class="1000" name="shift_q">
<pin_list>
<pin id="11" dir="1" index="0" bw="1" slack="0"/>
</pin_list>
<bind>
<StgValue><ssdm name="shift_q"/><MemPortTyVec>1 3 </MemPortTyVec>
</StgValue>
</bind>
</comp>

<comp id="12" class="1001" name="const_12">
<pin_list>
<pin id="13" dir="1" index="0" bw="1" slack="0"/>
</pin_list>
<bind>
<StgValue><ssdm name=""/></StgValue>
</bind>
</comp>

<comp id="14" class="1001" name="const_14">
<pin_list>
<pin id="15" dir="1" index="0" bw="1" slack="2147483647"/>
</pin_list>
<bind>
<StgValue><ssdm name="_ssdm_op_SpecMemCore"/></StgValue>
</bind>
</comp>

<comp id="16" class="1001" name="const_16">
<pin_list>
<pin id="17" dir="1" index="0" bw="1" slack="2147483647"/>
</pin_list>
<bind>
<StgValue><ssdm name=""/></StgValue>
</bind>
</comp>

<comp id="18" class="1001" name="const_18">
<pin_list>
<pin id="19" dir="1" index="0" bw="1" slack="2147483647"/>
</pin_list>
<bind>
<StgValue><ssdm name=""/></StgValue>
</bind>
</comp>

<comp id="20" class="1001" name="const_20">
<pin_list>
<pin id="21" dir="1" index="0" bw="1" slack="2147483647"/>
</pin_list>
<bind>
<StgValue><ssdm name=""/></StgValue>
</bind>
</comp>

<comp id="22" class="1001" name="const_22">
<pin_list>
<pin id="23" dir="1" index="0" bw="1" slack="2147483647"/>
</pin_list>
<bind>
<StgValue><ssdm name=""/></StgValue>
</bind>
</comp>

<comp id="24" class="1001" name="const_24">
<pin_list>
<pin id="25" dir="1" index="0" bw="1" slack="2147483647"/>
</pin_list>
<bind>
<StgValue><ssdm name=""/></StgValue>
</bind>
</comp>

<comp id="26" class="1001" name="const_26">
<pin_list>
<pin id="27" dir="1" index="0" bw="1" slack="2147483647"/>
</pin_list>
<bind>
<StgValue><ssdm name="_ssdm_op_SpecInterface"/></StgValue>
</bind>
</comp>

<comp id="28" class="1001" name="const_28">
<pin_list>
<pin id="29" dir="1" index="0" bw="1" slack="2147483647"/>
</pin_list>
<bind>
<StgValue><ssdm name="empty_6"/></StgValue>
</bind>
</comp>

<comp id="30" class="1001" name="const_30">
<pin_list>
<pin id="31" dir="1" index="0" bw="1" slack="0"/>
</pin_list>
<bind>
<StgValue><ssdm name=""/></StgValue>
</bind>
</comp>

<comp id="32" class="1001" name="const_32">
<pin_list>
<pin id="33" dir="1" index="0" bw="1" slack="2147483647"/>
</pin_list>
<bind>
<StgValue><ssdm name="empty_8"/></StgValue>
</bind>
</comp>

<comp id="34" class="1001" name="const_34">
<pin_list>
<pin id="35" dir="1" index="0" bw="1" slack="2147483647"/>
</pin_list>
<bind>
<StgValue><ssdm name=""/></StgValue>
</bind>
</comp>

<comp id="36" class="1001" name="const_36">
<pin_list>
<pin id="37" dir="1" index="0" bw="1" slack="0"/>
</pin_list>
<bind>
<StgValue><ssdm name="_ssdm_op_Read.ap_auto.i7"/></StgValue>
</bind>
</comp>

<comp id="38" class="1001" name="const_38">
<pin_list>
<pin id="39" dir="1" index="0" bw="1" slack="0"/>
</pin_list>
<bind>
<StgValue><ssdm name=""/></StgValue>
</bind>
</comp>

<comp id="40" class="1001" name="const_40">
<pin_list>
<pin id="41" dir="1" index="0" bw="1" slack="0"/>
</pin_list>
<bind>
<StgValue><ssdm name=""/></StgValue>
</bind>
</comp>

<comp id="42" class="1001" name="const_42">
<pin_list>
<pin id="43" dir="1" index="0" bw="1" slack="0"/>
</pin_list>
<bind>
<StgValue><ssdm name=""/></StgValue>
</bind>
</comp>

<comp id="44" class="1001" name="const_44">
<pin_list>
<pin id="45" dir="1" index="0" bw="1" slack="0"/>
</pin_list>
<bind>
<StgValue><ssdm name=""/></StgValue>
</bind>
</comp>

<comp id="46" class="1001" name="const_46">
<pin_list>
<pin id="47" dir="1" index="0" bw="1" slack="2147483647"/>
</pin_list>
<bind>
<StgValue><ssdm name="_ssdm_op_SpecFUCore"/></StgValue>
</bind>
</comp>

<comp id="48" class="1001" name="const_48">
<pin_list>
<pin id="49" dir="1" index="0" bw="1" slack="2147483647"/>
</pin_list>
<bind>
<StgValue><ssdm name=""/></StgValue>
</bind>
</comp>

<comp id="50" class="1001" name="const_50">
<pin_list>
<pin id="51" dir="1" index="0" bw="1" slack="2147483647"/>
</pin_list>
<bind>
<StgValue><ssdm name=""/></StgValue>
</bind>
</comp>

<comp id="52" class="1001" name="const_52">
<pin_list>
<pin id="53" dir="1" index="0" bw="1" slack="2147483647"/>
</pin_list>
<bind>
<StgValue><ssdm name="_ssdm_op_SpecPipeline"/></StgValue>
</bind>
</comp>

<comp id="54" class="1001" name="const_54">
<pin_list>
<pin id="55" dir="1" index="0" bw="1" slack="2147483647"/>
</pin_list>
<bind>
<StgValue><ssdm name="_ssdm_op_SpecLoopTripCount"/></StgValue>
</bind>
</comp>

<comp id="56" class="1001" name="const_56">
<pin_list>
<pin id="57" dir="1" index="0" bw="1" slack="2147483647"/>
</pin_list>
<bind>
<StgValue><ssdm name=""/></StgValue>
</bind>
</comp>

<comp id="58" class="1001" name="const_58">
<pin_list>
<pin id="59" dir="1" index="0" bw="1" slack="2147483647"/>
</pin_list>
<bind>
<StgValue><ssdm name="_ssdm_op_SpecLoopName"/></StgValue>
</bind>
</comp>

<comp id="60" class="1001" name="const_60">
<pin_list>
<pin id="61" dir="1" index="0" bw="1" slack="2147483647"/>
</pin_list>
<bind>
<StgValue><ssdm name="empty_11"/></StgValue>
</bind>
</comp>

<comp id="62" class="1001" name="const_62">
<pin_list>
<pin id="63" dir="1" index="0" bw="1" slack="2147483647"/>
</pin_list>
<bind>
<StgValue><ssdm name="_ssdm_op_SpecRegionBegin"/></StgValue>
</bind>
</comp>

<comp id="64" class="1001" name="const_64">
<pin_list>
<pin id="65" dir="1" index="0" bw="1" slack="2147483647"/>
</pin_list>
<bind>
<StgValue><ssdm name="empty_1"/></StgValue>
</bind>
</comp>

<comp id="66" class="1001" name="const_66">
<pin_list>
<pin id="67" dir="1" index="0" bw="1" slack="2147483647"/>
</pin_list>
<bind>
<StgValue><ssdm name="_ssdm_op_SpecRegionEnd"/></StgValue>
</bind>
</comp>

<comp id="68" class="1001" name="const_68">
<pin_list>
<pin id="69" dir="1" index="0" bw="1" slack="2147483647"/>
</pin_list>
<bind>
<StgValue><ssdm name="empty_0"/></StgValue>
</bind>
</comp>

<comp id="70" class="1001" name="const_70">
<pin_list>
<pin id="71" dir="1" index="0" bw="1" slack="0"/>
</pin_list>
<bind>
<StgValue><ssdm name="_ssdm_op_Write.ap_auto.i16P0A"/></StgValue>
</bind>
</comp>

<comp id="72" class="1004" name="acc_i1_fu_72">
<pin_list>
<pin id="73" dir="0" index="0" bw="1" slack="0"/>
<pin id="74" dir="1" index="1" bw="32" slack="0"/>
</pin_list>
<bind>
<opcode="alloca(26) " fcode="alloca"/>
<opset="acc_i1/1 "/>
</bind>
</comp>

<comp id="76" class="1004" name="acc_q1_fu_76">
<pin_list>
<pin id="77" dir="0" index="0" bw="1" slack="0"/>
<pin id="78" dir="1" index="1" bw="32" slack="0"/>
</pin_list>
<bind>
<opcode="alloca(26) " fcode="alloca"/>
<opset="acc_q1/1 "/>
</bind>
</comp>

<comp id="80" class="1004" name="i_fu_80">
<pin_list>
<pin id="81" dir="0" index="0" bw="1" slack="0"/>
<pin id="82" dir="1" index="1" bw="8" slack="0"/>
</pin_list>
<bind>
<opcode="alloca(26) " fcode="alloca"/>
<opset="i/1 "/>
</bind>
</comp>

<comp id="84" class="1004" name="add_ln41_read_read_fu_84">
<pin_list>
<pin id="85" dir="0" index="0" bw="7" slack="0"/>
<pin id="86" dir="0" index="1" bw="7" slack="0"/>
<pin id="87" dir="1" index="2" bw="7" slack="0"/>
</pin_list>
<bind>
<opcode="read(1150) " fcode="read"/>
<opset="add_ln41_read/1 "/>
</bind>
</comp>

<comp id="90" class="1004" name="write_ln51_write_fu_90">
<pin_list>
<pin id="91" dir="0" index="0" bw="0" slack="0"/>
<pin id="92" dir="0" index="1" bw="16" slack="0"/>
<pin id="93" dir="0" index="2" bw="16" slack="0"/>
<pin id="94" dir="1" index="3" bw="0" slack="2147483647"/>
</pin_list>
<bind>
<opcode="write(1151) " fcode="write"/>
<opset="write_ln51/4 "/>
</bind>
</comp>

<comp id="97" class="1004" name="write_ln51_write_fu_97">
<pin_list>
<pin id="98" dir="0" index="0" bw="0" slack="0"/>
<pin id="99" dir="0" index="1" bw="16" slack="0"/>
<pin id="100" dir="0" index="2" bw="16" slack="0"/>
<pin id="101" dir="1" index="3" bw="0" slack="2147483647"/>
</pin_list>
<bind>
<opcode="write(1151) " fcode="write"/>
<opset="write_ln51/4 "/>
</bind>
</comp>

<comp id="104" class="1004" name="shift_i_addr_gep_fu_104">
<pin_list>
<pin id="105" dir="0" index="0" bw="16" slack="0"/>
<pin id="106" dir="0" index="1" bw="1" slack="0"/>
<pin id="107" dir="0" index="2" bw="7" slack="0"/>
<pin id="108" dir="1" index="3" bw="7" slack="0"/>
</pin_list>
<bind>
<opcode="getelementptr(29) " fcode="getelementptr"/>
<opset="shift_i_addr/1 "/>
</bind>
</comp>

<comp id="111" class="1004" name="grp_access_fu_111">
<pin_list>
<pin id="112" dir="0" index="0" bw="7" slack="0"/>
<pin id="113" dir="0" index="1" bw="16" slack="2147483647"/>
<pin id="114" dir="0" index="2" bw="0" slack="2147483647"/>
<pin id="115" dir="1" index="3" bw="16" slack="0"/>
</pin_list>
<bind>
<opcode="load(27) " fcode="load"/>
<opset="shift_i_load/1 "/>
</bind>
</comp>

<comp id="117" class="1004" name="coeffs_addr_gep_fu_117">
<pin_list>
<pin id="118" dir="0" index="0" bw="16" slack="0"/>
<pin id="119" dir="0" index="1" bw="1" slack="0"/>
<pin id="120" dir="0" index="2" bw="8" slack="0"/>
<pin id="121" dir="1" index="3" bw="7" slack="0"/>
</pin_list>
<bind>
<opcode="getelementptr(29) " fcode="getelementptr"/>
<opset="coeffs_addr/1 "/>
</bind>
</comp>

<comp id="124" class="1004" name="grp_access_fu_124">
<pin_list>
<pin id="125" dir="0" index="0" bw="7" slack="0"/>
<pin id="126" dir="0" index="1" bw="16" slack="2147483647"/>
<pin id="127" dir="0" index="2" bw="0" slack="2147483647"/>
<pin id="128" dir="1" index="3" bw="16" slack="0"/>
</pin_list>
<bind>
<opcode="load(27) " fcode="load"/>
<opset="coeffs_load/1 "/>
</bind>
</comp>

<comp id="130" class="1004" name="shift_q_addr_gep_fu_130">
<pin_list>
<pin id="131" dir="0" index="0" bw="16" slack="0"/>
<pin id="132" dir="0" index="1" bw="1" slack="0"/>
<pin id="133" dir="0" index="2" bw="7" slack="0"/>
<pin id="134" dir="1" index="3" bw="7" slack="0"/>
</pin_list>
<bind>
<opcode="getelementptr(29) " fcode="getelementptr"/>
<opset="shift_q_addr/1 "/>
</bind>
</comp>

<comp id="137" class="1004" name="grp_access_fu_137">
<pin_list>
<pin id="138" dir="0" index="0" bw="7" slack="0"/>
<pin id="139" dir="0" index="1" bw="16" slack="2147483647"/>
<pin id="140" dir="0" index="2" bw="0" slack="2147483647"/>
<pin id="141" dir="1" index="3" bw="16" slack="0"/>
</pin_list>
<bind>
<opcode="load(27) " fcode="load"/>
<opset="shift_q_load/1 "/>
</bind>
</comp>

<comp id="143" class="1004" name="store_ln51_store_fu_143">
<pin_list>
<pin id="144" dir="0" index="0" bw="1" slack="0"/>
<pin id="145" dir="0" index="1" bw="8" slack="0"/>
<pin id="146" dir="1" index="2" bw="0" slack="2147483647"/>
</pin_list>
<bind>
<opcode="store(28) " fcode="store"/>
<opset="store_ln51/1 "/>
</bind>
</comp>

<comp id="148" class="1004" name="store_ln48_store_fu_148">
<pin_list>
<pin id="149" dir="0" index="0" bw="1" slack="0"/>
<pin id="150" dir="0" index="1" bw="32" slack="0"/>
<pin id="151" dir="1" index="2" bw="0" slack="2147483647"/>
</pin_list>
<bind>
<opcode="store(28) " fcode="store"/>
<opset="store_ln48/1 "/>
</bind>
</comp>

<comp id="153" class="1004" name="store_ln47_store_fu_153">
<pin_list>
<pin id="154" dir="0" index="0" bw="1" slack="0"/>
<pin id="155" dir="0" index="1" bw="32" slack="0"/>
<pin id="156" dir="1" index="2" bw="0" slack="2147483647"/>
</pin_list>
<bind>
<opcode="store(28) " fcode="store"/>
<opset="store_ln47/1 "/>
</bind>
</comp>

<comp id="158" class="1004" name="i_1_load_fu_158">
<pin_list>
<pin id="159" dir="0" index="0" bw="8" slack="0"/>
<pin id="160" dir="1" index="1" bw="8" slack="0"/>
</pin_list>
<bind>
<opcode="load(27) " fcode="load"/>
<opset="i_1/1 "/>
</bind>
</comp>

<comp id="161" class="1004" name="icmp_ln51_fu_161">
<pin_list>
<pin id="162" dir="0" index="0" bw="8" slack="0"/>
<pin id="163" dir="0" index="1" bw="8" slack="0"/>
<pin id="164" dir="1" index="2" bw="1" slack="1"/>
</pin_list>
<bind>
<opcode="icmp(45) " fcode="icmp"/>
<opset="icmp_ln51/1 "/>
</bind>
</comp>

<comp id="167" class="1004" name="add_ln51_fu_167">
<pin_list>
<pin id="168" dir="0" index="0" bw="8" slack="0"/>
<pin id="169" dir="0" index="1" bw="1" slack="0"/>
<pin id="170" dir="1" index="2" bw="8" slack="0"/>
</pin_list>
<bind>
<opcode="add(8) " fcode="add"/>
<opset="add_ln51/1 "/>
</bind>
</comp>

<comp id="173" class="1004" name="zext_ln51_fu_173">
<pin_list>
<pin id="174" dir="0" index="0" bw="8" slack="0"/>
<pin id="175" dir="1" index="1" bw="64" slack="0"/>
</pin_list>
<bind>
<opcode="zext(34) " fcode="zext"/>
<opset="zext_ln51/1 "/>
</bind>
</comp>

<comp id="178" class="1004" name="trunc_ln55_fu_178">
<pin_list>
<pin id="179" dir="0" index="0" bw="8" slack="0"/>
<pin id="180" dir="1" index="1" bw="7" slack="0"/>
</pin_list>
<bind>
<opcode="trunc(33) " fcode="trunc"/>
<opset="trunc_ln55/1 "/>
</bind>
</comp>

<comp id="182" class="1004" name="idx_fu_182">
<pin_list>
<pin id="183" dir="0" index="0" bw="7" slack="0"/>
<pin id="184" dir="0" index="1" bw="7" slack="0"/>
<pin id="185" dir="1" index="2" bw="7" slack="0"/>
</pin_list>
<bind>
<opcode="sub(10) " fcode="sub"/>
<opset="idx/1 "/>
</bind>
</comp>

<comp id="188" class="1004" name="zext_ln56_fu_188">
<pin_list>
<pin id="189" dir="0" index="0" bw="7" slack="0"/>
<pin id="190" dir="1" index="1" bw="64" slack="0"/>
</pin_list>
<bind>
<opcode="zext(34) " fcode="zext"/>
<opset="zext_ln56/1 "/>
</bind>
</comp>

<comp id="194" class="1004" name="store_ln51_store_fu_194">
<pin_list>
<pin id="195" dir="0" index="0" bw="8" slack="0"/>
<pin id="196" dir="0" index="1" bw="8" slack="0"/>
<pin id="197" dir="1" index="2" bw="0" slack="2147483647"/>
</pin_list>
<bind>
<opcode="store(28) " fcode="store"/>
<opset="store_ln51/1 "/>
</bind>
</comp>

<comp id="199" class="1004" name="sext_ln56_fu_199">
<pin_list>
<pin id="200" dir="0" index="0" bw="16" slack="0"/>
<pin id="201" dir="1" index="1" bw="32" slack="0"/>
</pin_list>
<bind>
<opcode="sext(35) " fcode="sext"/>
<opset="sext_ln56/2 "/>
</bind>
</comp>

<comp id="203" class="1004" name="sext_ln56_1_fu_203">
<pin_list>
<pin id="204" dir="0" index="0" bw="16" slack="0"/>
<pin id="205" dir="1" index="1" bw="32" slack="0"/>
</pin_list>
<bind>
<opcode="sext(35) " fcode="sext"/>
<opset="sext_ln56_1/2 "/>
</bind>
</comp>

<comp id="207" class="1004" name="sext_ln57_fu_207">
<pin_list>
<pin id="208" dir="0" index="0" bw="16" slack="0"/>
<pin id="209" dir="1" index="1" bw="32" slack="0"/>
</pin_list>
<bind>
<opcode="sext(35) " fcode="sext"/>
<opset="sext_ln57/2 "/>
</bind>
</comp>

<comp id="211" class="1004" name="acc_i1_2_load_fu_211">
<pin_list>
<pin id="212" dir="0" index="0" bw="32" slack="3"/>
<pin id="213" dir="1" index="1" bw="32" slack="0"/>
</pin_list>
<bind>
<opcode="load(27) " fcode="load"/>
<opset="acc_i1_2/4 "/>
</bind>
</comp>

<comp id="214" class="1004" name="acc_q1_2_load_fu_214">
<pin_list>
<pin id="215" dir="0" index="0" bw="32" slack="3"/>
<pin id="216" dir="1" index="1" bw="32" slack="0"/>
</pin_list>
<bind>
<opcode="load(27) " fcode="load"/>
<opset="acc_q1_2/4 "/>
</bind>
</comp>

<comp id="217" class="1004" name="trunc_ln51_fu_217">
<pin_list>
<pin id="218" dir="0" index="0" bw="32" slack="0"/>
<pin id="219" dir="1" index="1" bw="16" slack="0"/>
</pin_list>
<bind>
<opcode="trunc(33) " fcode="trunc"/>
<opset="trunc_ln51/4 "/>
</bind>
</comp>

<comp id="222" class="1004" name="trunc_ln51_1_fu_222">
<pin_list>
<pin id="223" dir="0" index="0" bw="32" slack="0"/>
<pin id="224" dir="1" index="1" bw="16" slack="0"/>
</pin_list>
<bind>
<opcode="trunc(33) " fcode="trunc"/>
<opset="trunc_ln51_1/4 "/>
</bind>
</comp>

<comp id="227" class="1004" name="store_ln48_store_fu_227">
<pin_list>
<pin id="228" dir="0" index="0" bw="32" slack="0"/>
<pin id="229" dir="0" index="1" bw="32" slack="4"/>
<pin id="230" dir="1" index="2" bw="0" slack="2147483647"/>
</pin_list>
<bind>
<opcode="store(28) " fcode="store"/>
<opset="store_ln48/5 "/>
</bind>
</comp>

<comp id="231" class="1004" name="store_ln47_store_fu_231">
<pin_list>
<pin id="232" dir="0" index="0" bw="32" slack="0"/>
<pin id="233" dir="0" index="1" bw="32" slack="4"/>
<pin id="234" dir="1" index="2" bw="0" slack="2147483647"/>
</pin_list>
<bind>
<opcode="store(28) " fcode="store"/>
<opset="store_ln47/5 "/>
</bind>
</comp>

<comp id="235" class="1007" name="grp_fu_235">
<pin_list>
<pin id="236" dir="0" index="0" bw="16" slack="0"/>
<pin id="237" dir="0" index="1" bw="16" slack="0"/>
<pin id="238" dir="0" index="2" bw="32" slack="0"/>
<pin id="239" dir="1" index="3" bw="32" slack="0"/>
</pin_list>
<bind>
<opcode="muladd(1172) " fcode="muladd"/>
<opset="mul_ln56/2 acc_i1_3/4 "/>
</bind>
</comp>

<comp id="244" class="1007" name="grp_fu_244">
<pin_list>
<pin id="245" dir="0" index="0" bw="16" slack="0"/>
<pin id="246" dir="0" index="1" bw="16" slack="0"/>
<pin id="247" dir="0" index="2" bw="32" slack="0"/>
<pin id="248" dir="1" index="3" bw="32" slack="0"/>
</pin_list>
<bind>
<opcode="muladd(1172) " fcode="muladd"/>
<opset="mul_ln57/2 acc_q1_3/4 "/>
</bind>
</comp>

<comp id="253" class="1005" name="acc_i1_reg_253">
<pin_list>
<pin id="254" dir="0" index="0" bw="32" slack="0"/>
<pin id="255" dir="1" index="1" bw="32" slack="0"/>
</pin_list>
<bind>
<opset="acc_i1 "/>
</bind>
</comp>

<comp id="260" class="1005" name="acc_q1_reg_260">
<pin_list>
<pin id="261" dir="0" index="0" bw="32" slack="0"/>
<pin id="262" dir="1" index="1" bw="32" slack="0"/>
</pin_list>
<bind>
<opset="acc_q1 "/>
</bind>
</comp>

<comp id="267" class="1005" name="i_reg_267">
<pin_list>
<pin id="268" dir="0" index="0" bw="8" slack="0"/>
<pin id="269" dir="1" index="1" bw="8" slack="0"/>
</pin_list>
<bind>
<opset="i "/>
</bind>
</comp>

<comp id="274" class="1005" name="icmp_ln51_reg_274">
<pin_list>
<pin id="275" dir="0" index="0" bw="1" slack="1"/>
<pin id="276" dir="1" index="1" bw="1" slack="2147483647"/>
</pin_list>
<bind>
<opset="icmp_ln51 "/>
</bind>
</comp>

<comp id="278" class="1005" name="shift_i_addr_reg_278">
<pin_list>
<pin id="279" dir="0" index="0" bw="7" slack="1"/>
<pin id="280" dir="1" index="1" bw="7" slack="1"/>
</pin_list>
<bind>
<opset="shift_i_addr "/>
</bind>
</comp>

<comp id="283" class="1005" name="coeffs_addr_reg_283">
<pin_list>
<pin id="284" dir="0" index="0" bw="7" slack="1"/>
<pin id="285" dir="1" index="1" bw="7" slack="1"/>
</pin_list>
<bind>
<opset="coeffs_addr "/>
</bind>
</comp>

<comp id="288" class="1005" name="shift_q_addr_reg_288">
<pin_list>
<pin id="289" dir="0" index="0" bw="7" slack="1"/>
<pin id="290" dir="1" index="1" bw="7" slack="1"/>
</pin_list>
<bind>
<opset="shift_q_addr "/>
</bind>
</comp>

<comp id="293" class="1005" name="sext_ln56_reg_293">
<pin_list>
<pin id="294" dir="0" index="0" bw="32" slack="1"/>
<pin id="295" dir="1" index="1" bw="32" slack="1"/>
</pin_list>
<bind>
<opset="sext_ln56 "/>
</bind>
</comp>

<comp id="298" class="1005" name="sext_ln56_1_reg_298">
<pin_list>
<pin id="299" dir="0" index="0" bw="32" slack="1"/>
<pin id="300" dir="1" index="1" bw="32" slack="1"/>
</pin_list>
<bind>
<opset="sext_ln56_1 "/>
</bind>
</comp>

<comp id="304" class="1005" name="sext_ln57_reg_304">
<pin_list>
<pin id="305" dir="0" index="0" bw="32" slack="1"/>
<pin id="306" dir="1" index="1" bw="32" slack="1"/>
</pin_list>
<bind>
<opset="sext_ln57 "/>
</bind>
</comp>

<comp id="309" class="1005" name="acc_i1_2_reg_309">
<pin_list>
<pin id="310" dir="0" index="0" bw="32" slack="1"/>
<pin id="311" dir="1" index="1" bw="32" slack="1"/>
</pin_list>
<bind>
<opset="acc_i1_2 "/>
</bind>
</comp>

<comp id="314" class="1005" name="acc_q1_2_reg_314">
<pin_list>
<pin id="315" dir="0" index="0" bw="32" slack="1"/>
<pin id="316" dir="1" index="1" bw="32" slack="1"/>
</pin_list>
<bind>
<opset="acc_q1_2 "/>
</bind>
</comp>

</comp_list>

<net_list>
<net id="75"><net_src comp="12" pin="0"/><net_sink comp="72" pin=0"/></net>

<net id="79"><net_src comp="12" pin="0"/><net_sink comp="76" pin=0"/></net>

<net id="83"><net_src comp="12" pin="0"/><net_sink comp="80" pin=0"/></net>

<net id="88"><net_src comp="36" pin="0"/><net_sink comp="84" pin=0"/></net>

<net id="89"><net_src comp="0" pin="0"/><net_sink comp="84" pin=1"/></net>

<net id="95"><net_src comp="70" pin="0"/><net_sink comp="90" pin=0"/></net>

<net id="96"><net_src comp="4" pin="0"/><net_sink comp="90" pin=1"/></net>

<net id="102"><net_src comp="70" pin="0"/><net_sink comp="97" pin=0"/></net>

<net id="103"><net_src comp="6" pin="0"/><net_sink comp="97" pin=1"/></net>

<net id="109"><net_src comp="8" pin="0"/><net_sink comp="104" pin=0"/></net>

<net id="110"><net_src comp="44" pin="0"/><net_sink comp="104" pin=1"/></net>

<net id="116"><net_src comp="104" pin="3"/><net_sink comp="111" pin=0"/></net>

<net id="122"><net_src comp="2" pin="0"/><net_sink comp="117" pin=0"/></net>

<net id="123"><net_src comp="44" pin="0"/><net_sink comp="117" pin=1"/></net>

<net id="129"><net_src comp="117" pin="3"/><net_sink comp="124" pin=0"/></net>

<net id="135"><net_src comp="10" pin="0"/><net_sink comp="130" pin=0"/></net>

<net id="136"><net_src comp="44" pin="0"/><net_sink comp="130" pin=1"/></net>

<net id="142"><net_src comp="130" pin="3"/><net_sink comp="137" pin=0"/></net>

<net id="147"><net_src comp="38" pin="0"/><net_sink comp="143" pin=0"/></net>

<net id="152"><net_src comp="30" pin="0"/><net_sink comp="148" pin=0"/></net>

<net id="157"><net_src comp="30" pin="0"/><net_sink comp="153" pin=0"/></net>

<net id="165"><net_src comp="158" pin="1"/><net_sink comp="161" pin=0"/></net>

<net id="166"><net_src comp="40" pin="0"/><net_sink comp="161" pin=1"/></net>

<net id="171"><net_src comp="158" pin="1"/><net_sink comp="167" pin=0"/></net>

<net id="172"><net_src comp="42" pin="0"/><net_sink comp="167" pin=1"/></net>

<net id="176"><net_src comp="158" pin="1"/><net_sink comp="173" pin=0"/></net>

<net id="177"><net_src comp="173" pin="1"/><net_sink comp="117" pin=2"/></net>

<net id="181"><net_src comp="158" pin="1"/><net_sink comp="178" pin=0"/></net>

<net id="186"><net_src comp="84" pin="2"/><net_sink comp="182" pin=0"/></net>

<net id="187"><net_src comp="178" pin="1"/><net_sink comp="182" pin=1"/></net>

<net id="191"><net_src comp="182" pin="2"/><net_sink comp="188" pin=0"/></net>

<net id="192"><net_src comp="188" pin="1"/><net_sink comp="104" pin=2"/></net>

<net id="193"><net_src comp="188" pin="1"/><net_sink comp="130" pin=2"/></net>

<net id="198"><net_src comp="167" pin="2"/><net_sink comp="194" pin=0"/></net>

<net id="202"><net_src comp="111" pin="3"/><net_sink comp="199" pin=0"/></net>

<net id="206"><net_src comp="124" pin="3"/><net_sink comp="203" pin=0"/></net>

<net id="210"><net_src comp="137" pin="3"/><net_sink comp="207" pin=0"/></net>

<net id="220"><net_src comp="211" pin="1"/><net_sink comp="217" pin=0"/></net>

<net id="221"><net_src comp="217" pin="1"/><net_sink comp="97" pin=2"/></net>

<net id="225"><net_src comp="214" pin="1"/><net_sink comp="222" pin=0"/></net>

<net id="226"><net_src comp="222" pin="1"/><net_sink comp="90" pin=2"/></net>

<net id="240"><net_src comp="203" pin="1"/><net_sink comp="235" pin=0"/></net>

<net id="241"><net_src comp="199" pin="1"/><net_sink comp="235" pin=1"/></net>

<net id="242"><net_src comp="211" pin="1"/><net_sink comp="235" pin=2"/></net>

<net id="243"><net_src comp="235" pin="3"/><net_sink comp="231" pin=0"/></net>

<net id="249"><net_src comp="207" pin="1"/><net_sink comp="244" pin=0"/></net>

<net id="250"><net_src comp="203" pin="1"/><net_sink comp="244" pin=1"/></net>

<net id="251"><net_src comp="214" pin="1"/><net_sink comp="244" pin=2"/></net>

<net id="252"><net_src comp="244" pin="3"/><net_sink comp="227" pin=0"/></net>

<net id="256"><net_src comp="72" pin="1"/><net_sink comp="253" pin=0"/></net>

<net id="257"><net_src comp="253" pin="1"/><net_sink comp="153" pin=1"/></net>

<net id="258"><net_src comp="253" pin="1"/><net_sink comp="211" pin=0"/></net>

<net id="259"><net_src comp="253" pin="1"/><net_sink comp="231" pin=1"/></net>

<net id="263"><net_src comp="76" pin="1"/><net_sink comp="260" pin=0"/></net>

<net id="264"><net_src comp="260" pin="1"/><net_sink comp="148" pin=1"/></net>

<net id="265"><net_src comp="260" pin="1"/><net_sink comp="214" pin=0"/></net>

<net id="266"><net_src comp="260" pin="1"/><net_sink comp="227" pin=1"/></net>

<net id="270"><net_src comp="80" pin="1"/><net_sink comp="267" pin=0"/></net>

<net id="271"><net_src comp="267" pin="1"/><net_sink comp="143" pin=1"/></net>

<net id="272"><net_src comp="267" pin="1"/><net_sink comp="158" pin=0"/></net>

<net id="273"><net_src comp="267" pin="1"/><net_sink comp="194" pin=1"/></net>

<net id="277"><net_src comp="161" pin="2"/><net_sink comp="274" pin=0"/></net>

<net id="281"><net_src comp="104" pin="3"/><net_sink comp="278" pin=0"/></net>

<net id="282"><net_src comp="278" pin="1"/><net_sink comp="111" pin=0"/></net>

<net id="286"><net_src comp="117" pin="3"/><net_sink comp="283" pin=0"/></net>

<net id="287"><net_src comp="283" pin="1"/><net_sink comp="124" pin=0"/></net>

<net id="291"><net_src comp="130" pin="3"/><net_sink comp="288" pin=0"/></net>

<net id="292"><net_src comp="288" pin="1"/><net_sink comp="137" pin=0"/></net>

<net id="296"><net_src comp="199" pin="1"/><net_sink comp="293" pin=0"/></net>

<net id="297"><net_src comp="293" pin="1"/><net_sink comp="235" pin=1"/></net>

<net id="301"><net_src comp="203" pin="1"/><net_sink comp="298" pin=0"/></net>

<net id="302"><net_src comp="298" pin="1"/><net_sink comp="235" pin=0"/></net>

<net id="303"><net_src comp="298" pin="1"/><net_sink comp="244" pin=1"/></net>

<net id="307"><net_src comp="207" pin="1"/><net_sink comp="304" pin=0"/></net>

<net id="308"><net_src comp="304" pin="1"/><net_sink comp="244" pin=0"/></net>

<net id="312"><net_src comp="211" pin="1"/><net_sink comp="309" pin=0"/></net>

<net id="313"><net_src comp="309" pin="1"/><net_sink comp="235" pin=1"/></net>

<net id="317"><net_src comp="214" pin="1"/><net_sink comp="314" pin=0"/></net>

<net id="318"><net_src comp="314" pin="1"/><net_sink comp="244" pin=1"/></net>

</net_list>

</model> 
---------------- Datapath Model END ------------------

* FSMD analyzer results:
  - Output states:
	Port: acc_q1_out | {4 }
	Port: acc_i1_out | {4 }
 - Input state : 
	Port: fir_Pipeline_MAC_Loop_1 : add_ln41 | {1 }
	Port: fir_Pipeline_MAC_Loop_1 : coeffs | {1 2 }
	Port: fir_Pipeline_MAC_Loop_1 : shift_i | {1 2 }
	Port: fir_Pipeline_MAC_Loop_1 : shift_q | {1 2 }
  - Chain level:
	State 1
		store_ln51 : 1
		store_ln48 : 1
		store_ln47 : 1
		i_1 : 1
		icmp_ln51 : 2
		add_ln51 : 2
		br_ln51 : 3
		zext_ln51 : 2
		trunc_ln55 : 2
		idx : 3
		zext_ln56 : 4
		shift_i_addr : 5
		shift_i_load : 6
		coeffs_addr : 3
		coeffs_load : 4
		shift_q_addr : 5
		shift_q_load : 6
		store_ln51 : 3
	State 2
		sext_ln56 : 1
		sext_ln56_1 : 1
		mul_ln56 : 2
		sext_ln57 : 1
		mul_ln57 : 2
	State 3
	State 4
		trunc_ln51 : 1
		trunc_ln51_1 : 1
		specfucore_ln53 : 1
		acc_i1_3 : 1
		specfucore_ln54 : 1
		acc_q1_3 : 1
		write_ln51 : 2
		write_ln51 : 2
	State 5
		rend9 : 1
		rend7 : 1
		store_ln48 : 1
		store_ln47 : 1


============================================================
+ Verbose Summary: Datapath Resource usage 
============================================================

* Functional unit list:
|----------|--------------------------|---------|---------|---------|
| Operation|      Functional Unit     |   DSP   |    FF   |   LUT   |
|----------|--------------------------|---------|---------|---------|
|   icmp   |     icmp_ln51_fu_161     |    0    |    0    |    15   |
|----------|--------------------------|---------|---------|---------|
|    add   |      add_ln51_fu_167     |    0    |    0    |    15   |
|----------|--------------------------|---------|---------|---------|
|    sub   |        idx_fu_182        |    0    |    0    |    14   |
|----------|--------------------------|---------|---------|---------|
|  muladd  |        grp_fu_235        |    1    |    0    |    0    |
|          |        grp_fu_244        |    1    |    0    |    0    |
|----------|--------------------------|---------|---------|---------|
|   read   | add_ln41_read_read_fu_84 |    0    |    0    |    0    |
|----------|--------------------------|---------|---------|---------|
|   write  |  write_ln51_write_fu_90  |    0    |    0    |    0    |
|          |  write_ln51_write_fu_97  |    0    |    0    |    0    |
|----------|--------------------------|---------|---------|---------|
|   zext   |     zext_ln51_fu_173     |    0    |    0    |    0    |
|          |     zext_ln56_fu_188     |    0    |    0    |    0    |
|----------|--------------------------|---------|---------|---------|
|          |     trunc_ln55_fu_178    |    0    |    0    |    0    |
|   trunc  |     trunc_ln51_fu_217    |    0    |    0    |    0    |
|          |    trunc_ln51_1_fu_222   |    0    |    0    |    0    |
|----------|--------------------------|---------|---------|---------|
|          |     sext_ln56_fu_199     |    0    |    0    |    0    |
|   sext   |    sext_ln56_1_fu_203    |    0    |    0    |    0    |
|          |     sext_ln57_fu_207     |    0    |    0    |    0    |
|----------|--------------------------|---------|---------|---------|
|   Total  |                          |    2    |    0    |    44   |
|----------|--------------------------|---------|---------|---------|

Memories:
N/A

* Register list:
+--------------------+--------+
|                    |   FF   |
+--------------------+--------+
|  acc_i1_2_reg_309  |   32   |
|   acc_i1_reg_253   |   32   |
|  acc_q1_2_reg_314  |   32   |
|   acc_q1_reg_260   |   32   |
| coeffs_addr_reg_283|    7   |
|      i_reg_267     |    8   |
|  icmp_ln51_reg_274 |    1   |
| sext_ln56_1_reg_298|   32   |
|  sext_ln56_reg_293 |   32   |
|  sext_ln57_reg_304 |   32   |
|shift_i_addr_reg_278|    7   |
|shift_q_addr_reg_288|    7   |
+--------------------+--------+
|        Total       |   254  |
+--------------------+--------+

* Multiplexer (MUX) list: 
|-------------------|------|------|------|--------||---------||---------|
|        Comp       |  Pin | Size |  BW  | S x BW ||  Delay  ||   LUT   |
|-------------------|------|------|------|--------||---------||---------|
| grp_access_fu_111 |  p0  |   2  |   7  |   14   ||    9    |
| grp_access_fu_124 |  p0  |   2  |   7  |   14   ||    9    |
| grp_access_fu_137 |  p0  |   2  |   7  |   14   ||    9    |
|     grp_fu_235    |  p0  |   2  |  16  |   32   ||    9    |
|     grp_fu_235    |  p1  |   3  |  16  |   48   ||    14   |
|     grp_fu_244    |  p0  |   2  |  16  |   32   ||    9    |
|     grp_fu_244    |  p1  |   3  |  16  |   48   ||    14   |
|-------------------|------|------|------|--------||---------||---------|
|       Total       |      |      |      |   202  || 11.3546 ||    73   |
|-------------------|------|------|------|--------||---------||---------|



* Summary:
+-----------+--------+--------+--------+--------+
|           |   DSP  |  Delay |   FF   |   LUT  |
+-----------+--------+--------+--------+--------+
|  Function |    2   |    -   |    0   |   44   |
|   Memory  |    -   |    -   |    -   |    -   |
|Multiplexer|    -   |   11   |    -   |   73   |
|  Register |    -   |    -   |   254  |    -   |
+-----------+--------+--------+--------+--------+
|   Total   |    2   |   11   |   254  |   117  |
+-----------+--------+--------+--------+--------+
