

================================================================
== Vitis HLS Report for 'fir_Pipeline_MAC_Loop_0'
================================================================
* Date:           Thu May 14 01:34:12 2026

* Version:        2023.2 (Build 4023990 on Oct 11 2023)
* Project:        fir128
* Solution:       solution1 (Vivado IP Flow Target)
* Product family: zynq
* Target device:  xc7z010-clg225-1


================================================================
== Performance Estimates
================================================================
+ Timing: 
    * Summary: 
    +--------+---------+----------+------------+
    |  Clock |  Target | Estimated| Uncertainty|
    +--------+---------+----------+------------+
    |ap_clk  |  8.00 ns|  5.124 ns|     1.00 ns|
    +--------+---------+----------+------------+

+ Latency: 
    * Summary: 
    +---------+---------+----------+----------+-----+-----+---------+
    |  Latency (cycles) |  Latency (absolute) |  Interval | Pipeline|
    |   min   |   max   |    min   |    max   | min | max |   Type  |
    +---------+---------+----------+----------+-----+-----+---------+
    |      770|      770|  6.160 us|  6.160 us|  770|  770|       no|
    +---------+---------+----------+----------+-----+-----+---------+

    + Detail: 
        * Instance: 
        N/A

        * Loop: 
        +--------------+---------+---------+----------+-----------+-----------+------+----------+
        |              |  Latency (cycles) | Iteration|  Initiation Interval  | Trip |          |
        |   Loop Name  |   min   |   max   |  Latency |  achieved |   target  | Count| Pipelined|
        +--------------+---------+---------+----------+-----------+-----------+------+----------+
        |- MAC_Loop_0  |      768|      768|         6|          6|         16|   128|       yes|
        +--------------+---------+---------+----------+-----------+-----------+------+----------+



================================================================
== Utilization Estimates
================================================================
* Summary: 
+-----------------+---------+----+-------+-------+-----+
|       Name      | BRAM_18K| DSP|   FF  |  LUT  | URAM|
+-----------------+---------+----+-------+-------+-----+
|DSP              |        -|   2|      -|      -|    -|
|Expression       |        -|   -|      0|     61|    -|
|FIFO             |        -|   -|      -|      -|    -|
|Instance         |        -|   -|      -|      -|    -|
|Memory           |        -|   -|      -|      -|    -|
|Multiplexer      |        -|   -|      -|    100|    -|
|Register         |        -|   -|    194|      -|    -|
+-----------------+---------+----+-------+-------+-----+
|Total            |        0|   2|    194|    161|    0|
+-----------------+---------+----+-------+-------+-----+
|Available        |      120|  80|  35200|  17600|    0|
+-----------------+---------+----+-------+-------+-----+
|Utilization (%)  |        0|   2|     ~0|     ~0|    0|
+-----------------+---------+----+-------+-------+-----+

+ Detail: 
    * Instance: 
    N/A

    * DSP: 
    +-----------------------------------+--------------------------------+--------------+
    |              Instance             |             Module             |  Expression  |
    +-----------------------------------+--------------------------------+--------------+
    |mac_muladd_16s_16s_32ns_32_4_1_U4  |mac_muladd_16s_16s_32ns_32_4_1  |  i0 * i1 + i2|
    |mac_muladd_16s_16s_32ns_32_4_1_U5  |mac_muladd_16s_16s_32ns_32_4_1  |  i0 * i1 + i2|
    +-----------------------------------+--------------------------------+--------------+

    * Memory: 
    N/A

    * FIFO: 
    N/A

    * Expression: 
    +-----------------------+----------+----+---+----+------------+------------+
    |     Variable Name     | Operation| DSP| FF| LUT| Bitwidth P0| Bitwidth P1|
    +-----------------------+----------+----+---+----+------------+------------+
    |add_ln42_fu_180_p2     |         +|   0|  0|  15|           8|           1|
    |idx_fu_210_p2          |         -|   0|  0|  14|           7|           7|
    |icmp_ln42_fu_174_p2    |      icmp|   0|  0|  14|           8|           9|
    |select_ln45_fu_230_p3  |    select|   0|  0|  16|           1|          16|
    |ap_enable_pp0          |       xor|   0|  0|   2|           1|           2|
    +-----------------------+----------+----+---+----+------------+------------+
    |Total                  |          |   0|  0|  61|          25|          35|
    +-----------------------+----------+----+---+----+------------+------------+

    * Multiplexer: 
    +-----------------------------+----+-----------+-----+-----------+
    |             Name            | LUT| Input Size| Bits| Total Bits|
    +-----------------------------+----+-----------+-----+-----------+
    |acc_i0_fu_56                 |   9|          2|   32|         64|
    |acc_q0_fu_60                 |   9|          2|   32|         64|
    |ap_NS_fsm                    |  37|          7|    1|          7|
    |ap_done_int                  |   9|          2|    1|          2|
    |ap_enable_reg_pp0_iter0      |   9|          2|    1|          2|
    |ap_enable_reg_pp0_iter0_reg  |   9|          2|    1|          2|
    |ap_enable_reg_pp0_iter1      |   9|          2|    1|          2|
    |i_1_fu_64                    |   9|          2|    8|         16|
    +-----------------------------+----+-----------+-----+-----------+
    |Total                        | 100|         21|   77|        159|
    +-----------------------------+----+-----------+-----+-----------+

    * Register: 
    +-----------------------------+----+----+-----+-----------+
    |             Name            | FF | LUT| Bits| Const Bits|
    +-----------------------------+----+----+-----+-----------+
    |acc_i0_2_reg_293             |  32|   0|   32|          0|
    |acc_i0_fu_56                 |  32|   0|   32|          0|
    |acc_q0_2_reg_298             |  32|   0|   32|          0|
    |acc_q0_fu_60                 |  32|   0|   32|          0|
    |ap_CS_fsm                    |   6|   0|    6|          0|
    |ap_done_reg                  |   1|   0|    1|          0|
    |ap_enable_reg_pp0_iter0_reg  |   1|   0|    1|          0|
    |ap_enable_reg_pp0_iter1      |   1|   0|    1|          0|
    |i_1_fu_64                    |   8|   0|    8|          0|
    |sext_ln45_1_reg_336          |  32|   0|   32|          0|
    |shift_q_load_reg_342         |  16|   0|   16|          0|
    |trunc_ln42_2_reg_306         |   1|   0|    1|          0|
    +-----------------------------+----+----+-----+-----------+
    |Total                        | 194|   0|  194|          0|
    +-----------------------------+----+----+-----+-----------+



================================================================
== Interface
================================================================
* Summary: 
+-------------------+-----+-----+------------+-------------------------+--------------+
|     RTL Ports     | Dir | Bits|  Protocol  |      Source Object      |    C Type    |
+-------------------+-----+-----+------------+-------------------------+--------------+
|ap_clk             |   in|    1|  ap_ctrl_hs|  fir_Pipeline_MAC_Loop_0|  return value|
|ap_rst             |   in|    1|  ap_ctrl_hs|  fir_Pipeline_MAC_Loop_0|  return value|
|ap_start           |   in|    1|  ap_ctrl_hs|  fir_Pipeline_MAC_Loop_0|  return value|
|ap_done            |  out|    1|  ap_ctrl_hs|  fir_Pipeline_MAC_Loop_0|  return value|
|ap_idle            |  out|    1|  ap_ctrl_hs|  fir_Pipeline_MAC_Loop_0|  return value|
|ap_ready           |  out|    1|  ap_ctrl_hs|  fir_Pipeline_MAC_Loop_0|  return value|
|ptr0               |   in|    7|     ap_none|                     ptr0|        scalar|
|c_address0         |  out|    6|   ap_memory|                        c|         array|
|c_ce0              |  out|    1|   ap_memory|                        c|         array|
|c_q0               |   in|   16|   ap_memory|                        c|         array|
|c_1_address0       |  out|    6|   ap_memory|                      c_1|         array|
|c_1_ce0            |  out|    1|   ap_memory|                      c_1|         array|
|c_1_q0             |   in|   16|   ap_memory|                      c_1|         array|
|acc_q0_out         |  out|   16|      ap_vld|               acc_q0_out|       pointer|
|acc_q0_out_ap_vld  |  out|    1|      ap_vld|               acc_q0_out|       pointer|
|acc_i0_out         |  out|   16|      ap_vld|               acc_i0_out|       pointer|
|acc_i0_out_ap_vld  |  out|    1|      ap_vld|               acc_i0_out|       pointer|
|shift_i_address0   |  out|    7|   ap_memory|                  shift_i|         array|
|shift_i_ce0        |  out|    1|   ap_memory|                  shift_i|         array|
|shift_i_q0         |   in|   16|   ap_memory|                  shift_i|         array|
|shift_q_address0   |  out|    7|   ap_memory|                  shift_q|         array|
|shift_q_ce0        |  out|    1|   ap_memory|                  shift_q|         array|
|shift_q_q0         |   in|   16|   ap_memory|                  shift_q|         array|
+-------------------+-----+-----+------------+-------------------------+--------------+

============================================================
+ Verbose Summary: Synthesis Manager
============================================================
InlineROM: 1
ExposeGlobal: 0
============================================================
+ Verbose Summary: CDFG Model
============================================================
IsTopModel: 0
ResetActiveHigh: 1
IsCombinational: 2
IsDatapathOnly: 2
HasWiredReturn: 1
HasMFsm: 2
HasVarLatency: 1
IsPipeline: 0
IsRtlPipelined: 0
IsInstanceOverlapped: 0
IsDontTouch: 0
HasImplIP: 0
IsGatedGlobalClock: 0

+ Individual pipeline summary: 
  * Pipeline-0: initiation interval (II) = 6, depth = 7


============================================================
+ Verbose Summary: Schedule
============================================================
* Number of FSM states : 7
* Pipeline : 1
  Pipeline-0 : II = 6, D = 7, States = { 1 2 3 4 5 6 7 }
* Dataflow Pipeline: 0

* FSM state transitions: 
1 --> 2 
2 --> 3 
3 --> 4 
4 --> 5 
5 --> 6 
6 --> 7 
7 --> 

* FSM state operations: 

State 1 <SV = 0> <Delay = 1.58>
ST_1 : Operation 9 [1/1] (0.00ns)   --->   "%acc_i0 = alloca i32 1" [fir.cpp:40]   --->   Operation 9 'alloca' 'acc_i0' <Predicate = true> <Delay = 0.00>
ST_1 : Operation 10 [1/1] (0.00ns)   --->   "%acc_q0 = alloca i32 1" [fir.cpp:40]   --->   Operation 10 'alloca' 'acc_q0' <Predicate = true> <Delay = 0.00>
ST_1 : Operation 11 [1/1] (0.00ns)   --->   "%i_1 = alloca i32 1" [fir.cpp:42]   --->   Operation 11 'alloca' 'i_1' <Predicate = true> <Delay = 0.00>
ST_1 : Operation 12 [1/1] (0.00ns)   --->   "%specmemcore_ln0 = specmemcore void @_ssdm_op_SpecMemCore, i16 %shift_q, i64 666, i64 22, i64 18446744073709551615"   --->   Operation 12 'specmemcore' 'specmemcore_ln0' <Predicate = true> <Delay = 0.00>
ST_1 : Operation 13 [1/1] (0.00ns)   --->   "%specmemcore_ln0 = specmemcore void @_ssdm_op_SpecMemCore, i16 %shift_i, i64 666, i64 22, i64 18446744073709551615"   --->   Operation 13 'specmemcore' 'specmemcore_ln0' <Predicate = true> <Delay = 0.00>
ST_1 : Operation 14 [1/1] (0.00ns)   --->   "%ptr0_read = read i7 @_ssdm_op_Read.ap_auto.i7, i7 %ptr0"   --->   Operation 14 'read' 'ptr0_read' <Predicate = true> <Delay = 0.00>
ST_1 : Operation 15 [1/1] (1.58ns)   --->   "%store_ln42 = store i8 0, i8 %i_1" [fir.cpp:42]   --->   Operation 15 'store' 'store_ln42' <Predicate = true> <Delay = 1.58>
ST_1 : Operation 16 [1/1] (1.58ns)   --->   "%store_ln40 = store i32 0, i32 %acc_q0" [fir.cpp:40]   --->   Operation 16 'store' 'store_ln40' <Predicate = true> <Delay = 1.58>
ST_1 : Operation 17 [1/1] (1.58ns)   --->   "%store_ln40 = store i32 0, i32 %acc_i0" [fir.cpp:40]   --->   Operation 17 'store' 'store_ln40' <Predicate = true> <Delay = 1.58>
ST_1 : Operation 18 [1/1] (0.00ns)   --->   "%br_ln0 = br void %for.inc33"   --->   Operation 18 'br' 'br_ln0' <Predicate = true> <Delay = 0.00>

State 2 <SV = 1> <Delay = 5.12>
ST_2 : Operation 19 [1/1] (0.00ns)   --->   "%acc_i0_2 = load i32 %acc_i0" [fir.cpp:42]   --->   Operation 19 'load' 'acc_i0_2' <Predicate = true> <Delay = 0.00>
ST_2 : Operation 20 [1/1] (0.00ns)   --->   "%acc_q0_2 = load i32 %acc_q0" [fir.cpp:42]   --->   Operation 20 'load' 'acc_q0_2' <Predicate = true> <Delay = 0.00>
ST_2 : Operation 21 [1/1] (0.00ns)   --->   "%i = load i8 %i_1" [fir.cpp:42]   --->   Operation 21 'load' 'i' <Predicate = true> <Delay = 0.00>
ST_2 : Operation 22 [1/1] (0.00ns)   --->   "%trunc_ln42 = trunc i32 %acc_i0_2" [fir.cpp:42]   --->   Operation 22 'trunc' 'trunc_ln42' <Predicate = true> <Delay = 0.00>
ST_2 : Operation 23 [1/1] (0.00ns)   --->   "%trunc_ln42_1 = trunc i32 %acc_q0_2" [fir.cpp:42]   --->   Operation 23 'trunc' 'trunc_ln42_1' <Predicate = true> <Delay = 0.00>
ST_2 : Operation 24 [1/1] (1.91ns)   --->   "%icmp_ln42 = icmp_eq  i8 %i, i8 128" [fir.cpp:42]   --->   Operation 24 'icmp' 'icmp_ln42' <Predicate = true> <Delay = 1.91> <CoreInst = "Cmp">   --->   Core 9 'Cmp' <Latency = 0> <II = 1> <Delay = 1.82> <FuncUnit> <Opcode : 'icmp'> <InPorts = 2> <OutPorts = 1>
ST_2 : Operation 25 [1/1] (1.91ns)   --->   "%add_ln42 = add i8 %i, i8 1" [fir.cpp:42]   --->   Operation 25 'add' 'add_ln42' <Predicate = true> <Delay = 1.91> <CoreInst = "Adder">   --->   Core 1 'Adder' <Latency = 0> <II = 1> <Delay = 1.91> <FuncUnit> <Opcode : 'add' 'sub'> <InPorts = 2> <OutPorts = 1>
ST_2 : Operation 26 [1/1] (0.00ns)   --->   "%br_ln42 = br i1 %icmp_ln42, void %for.inc33.split, void %for.end35.exitStub" [fir.cpp:42]   --->   Operation 26 'br' 'br_ln42' <Predicate = true> <Delay = 0.00>
ST_2 : Operation 27 [1/1] (0.00ns)   --->   "%trunc_ln42_2 = trunc i8 %i" [fir.cpp:42]   --->   Operation 27 'trunc' 'trunc_ln42_2' <Predicate = (!icmp_ln42)> <Delay = 0.00>
ST_2 : Operation 28 [1/1] (0.00ns)   --->   "%trunc_ln42_3 = trunc i8 %i" [fir.cpp:42]   --->   Operation 28 'trunc' 'trunc_ln42_3' <Predicate = (!icmp_ln42)> <Delay = 0.00>
ST_2 : Operation 29 [1/1] (0.00ns)   --->   "%lshr_ln1 = partselect i6 @_ssdm_op_PartSelect.i6.i8.i32.i32, i8 %i, i32 1, i32 6" [fir.cpp:40]   --->   Operation 29 'partselect' 'lshr_ln1' <Predicate = (!icmp_ln42)> <Delay = 0.00>
ST_2 : Operation 30 [1/1] (0.00ns)   --->   "%zext_ln40 = zext i6 %lshr_ln1" [fir.cpp:40]   --->   Operation 30 'zext' 'zext_ln40' <Predicate = (!icmp_ln42)> <Delay = 0.00>
ST_2 : Operation 31 [1/1] (1.87ns)   --->   "%idx = sub i7 %ptr0_read, i7 %trunc_ln42_3" [fir.cpp:44]   --->   Operation 31 'sub' 'idx' <Predicate = (!icmp_ln42)> <Delay = 1.87> <CoreInst = "Adder">   --->   Core 1 'Adder' <Latency = 0> <II = 1> <Delay = 1.87> <FuncUnit> <Opcode : 'add' 'sub'> <InPorts = 2> <OutPorts = 1>
ST_2 : Operation 32 [1/1] (0.00ns)   --->   "%zext_ln45 = zext i7 %idx" [fir.cpp:45]   --->   Operation 32 'zext' 'zext_ln45' <Predicate = (!icmp_ln42)> <Delay = 0.00>
ST_2 : Operation 33 [1/1] (0.00ns)   --->   "%shift_i_addr = getelementptr i16 %shift_i, i64 0, i64 %zext_ln45" [fir.cpp:45]   --->   Operation 33 'getelementptr' 'shift_i_addr' <Predicate = (!icmp_ln42)> <Delay = 0.00>
ST_2 : Operation 34 [2/2] (3.25ns)   --->   "%shift_i_load = load i7 %shift_i_addr" [fir.cpp:45]   --->   Operation 34 'load' 'shift_i_load' <Predicate = (!icmp_ln42)> <Delay = 3.25> <CoreInst = "RAM_2P_BRAM">   --->   Core 91 'RAM_2P_BRAM' <Latency = 1> <II = 1> <Delay = 3.25> <Storage> <Opcode : 'load' 'store'> <Ports = 2> <Width = 16> <Depth = 128> <RAM>
ST_2 : Operation 35 [1/1] (0.00ns)   --->   "%c_addr = getelementptr i16 %c, i64 0, i64 %zext_ln40" [fir.cpp:45]   --->   Operation 35 'getelementptr' 'c_addr' <Predicate = (!icmp_ln42)> <Delay = 0.00>
ST_2 : Operation 36 [1/1] (0.00ns)   --->   "%c_1_addr = getelementptr i16 %c_1, i64 0, i64 %zext_ln40" [fir.cpp:45]   --->   Operation 36 'getelementptr' 'c_1_addr' <Predicate = (!icmp_ln42)> <Delay = 0.00>
ST_2 : Operation 37 [2/2] (3.25ns)   --->   "%c_load = load i6 %c_addr" [fir.cpp:45]   --->   Operation 37 'load' 'c_load' <Predicate = (!icmp_ln42)> <Delay = 3.25> <CoreInst = "RAM">   --->   Core 82 'RAM' <Latency = 1> <II = 1> <Delay = 3.25> <Storage> <Opcode : 'load' 'store'> <Ports = 2> <Width = 16> <Depth = 64> <RAM>
ST_2 : Operation 38 [2/2] (3.25ns)   --->   "%c_1_load = load i6 %c_1_addr" [fir.cpp:45]   --->   Operation 38 'load' 'c_1_load' <Predicate = (!icmp_ln42)> <Delay = 3.25> <CoreInst = "RAM">   --->   Core 82 'RAM' <Latency = 1> <II = 1> <Delay = 3.25> <Storage> <Opcode : 'load' 'store'> <Ports = 2> <Width = 16> <Depth = 64> <RAM>
ST_2 : Operation 39 [1/1] (0.00ns)   --->   "%shift_q_addr = getelementptr i16 %shift_q, i64 0, i64 %zext_ln45" [fir.cpp:46]   --->   Operation 39 'getelementptr' 'shift_q_addr' <Predicate = (!icmp_ln42)> <Delay = 0.00>
ST_2 : Operation 40 [2/2] (3.25ns)   --->   "%shift_q_load = load i7 %shift_q_addr" [fir.cpp:46]   --->   Operation 40 'load' 'shift_q_load' <Predicate = (!icmp_ln42)> <Delay = 3.25> <CoreInst = "RAM_2P_BRAM">   --->   Core 91 'RAM_2P_BRAM' <Latency = 1> <II = 1> <Delay = 3.25> <Storage> <Opcode : 'load' 'store'> <Ports = 2> <Width = 16> <Depth = 128> <RAM>
ST_2 : Operation 41 [1/1] (1.58ns)   --->   "%store_ln42 = store i8 %add_ln42, i8 %i_1" [fir.cpp:42]   --->   Operation 41 'store' 'store_ln42' <Predicate = (!icmp_ln42)> <Delay = 1.58>
ST_2 : Operation 66 [1/1] (0.00ns)   --->   "%write_ln42 = write void @_ssdm_op_Write.ap_auto.i16P0A, i16 %acc_q0_out, i16 %trunc_ln42_1" [fir.cpp:42]   --->   Operation 66 'write' 'write_ln42' <Predicate = (icmp_ln42)> <Delay = 0.00>
ST_2 : Operation 67 [1/1] (0.00ns)   --->   "%write_ln42 = write void @_ssdm_op_Write.ap_auto.i16P0A, i16 %acc_i0_out, i16 %trunc_ln42" [fir.cpp:42]   --->   Operation 67 'write' 'write_ln42' <Predicate = (icmp_ln42)> <Delay = 0.00>
ST_2 : Operation 68 [1/1] (0.00ns)   --->   "%ret_ln0 = ret"   --->   Operation 68 'ret' 'ret_ln0' <Predicate = (icmp_ln42)> <Delay = 0.00>

State 3 <SV = 2> <Delay = 5.10>
ST_3 : Operation 42 [1/2] (3.25ns)   --->   "%shift_i_load = load i7 %shift_i_addr" [fir.cpp:45]   --->   Operation 42 'load' 'shift_i_load' <Predicate = true> <Delay = 3.25> <CoreInst = "RAM_2P_BRAM">   --->   Core 91 'RAM_2P_BRAM' <Latency = 1> <II = 1> <Delay = 3.25> <Storage> <Opcode : 'load' 'store'> <Ports = 2> <Width = 16> <Depth = 128> <RAM>
ST_3 : Operation 43 [1/1] (0.00ns)   --->   "%sext_ln45 = sext i16 %shift_i_load" [fir.cpp:45]   --->   Operation 43 'sext' 'sext_ln45' <Predicate = true> <Delay = 0.00>
ST_3 : Operation 44 [1/2] (3.25ns)   --->   "%c_load = load i6 %c_addr" [fir.cpp:45]   --->   Operation 44 'load' 'c_load' <Predicate = true> <Delay = 3.25> <CoreInst = "RAM">   --->   Core 82 'RAM' <Latency = 1> <II = 1> <Delay = 3.25> <Storage> <Opcode : 'load' 'store'> <Ports = 2> <Width = 16> <Depth = 64> <RAM>
ST_3 : Operation 45 [1/2] (3.25ns)   --->   "%c_1_load = load i6 %c_1_addr" [fir.cpp:45]   --->   Operation 45 'load' 'c_1_load' <Predicate = true> <Delay = 3.25> <CoreInst = "RAM">   --->   Core 82 'RAM' <Latency = 1> <II = 1> <Delay = 3.25> <Storage> <Opcode : 'load' 'store'> <Ports = 2> <Width = 16> <Depth = 64> <RAM>
ST_3 : Operation 46 [1/1] (0.80ns)   --->   "%select_ln45 = select i1 %trunc_ln42_2, i16 %c_1_load, i16 %c_load" [fir.cpp:45]   --->   Operation 46 'select' 'select_ln45' <Predicate = true> <Delay = 0.80> <CoreInst = "Sel">   --->   Core 73 'Sel' <Latency = 0> <II = 1> <Delay = 0.80> <FuncUnit> <Opcode : 'select'> <InPorts = 3> <OutPorts = 1>
ST_3 : Operation 47 [1/1] (0.00ns)   --->   "%sext_ln45_1 = sext i16 %select_ln45" [fir.cpp:45]   --->   Operation 47 'sext' 'sext_ln45_1' <Predicate = true> <Delay = 0.00>
ST_3 : Operation 48 [3/3] (1.05ns) (grouped into DSP with root node acc_i0_3)   --->   "%mul_ln45 = mul i32 %sext_ln45_1, i32 %sext_ln45" [fir.cpp:45]   --->   Operation 48 'mul' 'mul_ln45' <Predicate = true> <Delay = 1.05> <CoreInst = "DSP48">   --->   Core 119 'DSP48' <Latency = 3> <II = 1> <Delay = 2.15> <IPBlock> <Opcode : '' 'add' 'sub' 'mul' 'select'> <InPorts = 0> <OutPorts = 1> <Sync> <CReg>
ST_3 : Operation 49 [1/2] (3.25ns)   --->   "%shift_q_load = load i7 %shift_q_addr" [fir.cpp:46]   --->   Operation 49 'load' 'shift_q_load' <Predicate = true> <Delay = 3.25> <CoreInst = "RAM_2P_BRAM">   --->   Core 91 'RAM_2P_BRAM' <Latency = 1> <II = 1> <Delay = 3.25> <Storage> <Opcode : 'load' 'store'> <Ports = 2> <Width = 16> <Depth = 128> <RAM>

State 4 <SV = 3> <Delay = 1.05>
ST_4 : Operation 50 [2/3] (1.05ns) (grouped into DSP with root node acc_i0_3)   --->   "%mul_ln45 = mul i32 %sext_ln45_1, i32 %sext_ln45" [fir.cpp:45]   --->   Operation 50 'mul' 'mul_ln45' <Predicate = true> <Delay = 1.05> <CoreInst = "DSP48">   --->   Core 119 'DSP48' <Latency = 3> <II = 1> <Delay = 2.15> <IPBlock> <Opcode : '' 'add' 'sub' 'mul' 'select'> <InPorts = 0> <OutPorts = 1> <Sync> <CReg>
ST_4 : Operation 51 [1/1] (0.00ns)   --->   "%sext_ln46 = sext i16 %shift_q_load" [fir.cpp:46]   --->   Operation 51 'sext' 'sext_ln46' <Predicate = true> <Delay = 0.00>
ST_4 : Operation 52 [3/3] (1.05ns) (grouped into DSP with root node acc_q0_3)   --->   "%mul_ln46 = mul i32 %sext_ln46, i32 %sext_ln45_1" [fir.cpp:46]   --->   Operation 52 'mul' 'mul_ln46' <Predicate = true> <Delay = 1.05> <CoreInst = "DSP48">   --->   Core 119 'DSP48' <Latency = 3> <II = 1> <Delay = 2.15> <IPBlock> <Opcode : '' 'add' 'sub' 'mul' 'select'> <InPorts = 0> <OutPorts = 1> <Sync> <CReg>

State 5 <SV = 4> <Delay = 2.10>
ST_5 : Operation 53 [1/3] (0.00ns) (grouped into DSP with root node acc_i0_3)   --->   "%mul_ln45 = mul i32 %sext_ln45_1, i32 %sext_ln45" [fir.cpp:45]   --->   Operation 53 'mul' 'mul_ln45' <Predicate = true> <Delay = 0.00> <CoreInst = "DSP48">   --->   Core 119 'DSP48' <Latency = 3> <II = 1> <Delay = 2.15> <IPBlock> <Opcode : '' 'add' 'sub' 'mul' 'select'> <InPorts = 0> <OutPorts = 1> <Sync> <CReg>
ST_5 : Operation 54 [2/2] (2.10ns) (root node of the DSP)   --->   "%acc_i0_3 = add i32 %mul_ln45, i32 %acc_i0_2" [fir.cpp:45]   --->   Operation 54 'add' 'acc_i0_3' <Predicate = true> <Delay = 2.10> <CoreInst = "DSP48">   --->   Core 119 'DSP48' <Latency = 3> <II = 1> <Delay = 2.15> <IPBlock> <Opcode : '' 'add' 'sub' 'mul' 'select'> <InPorts = 0> <OutPorts = 1> <Sync> <CReg>
ST_5 : Operation 55 [2/3] (1.05ns) (grouped into DSP with root node acc_q0_3)   --->   "%mul_ln46 = mul i32 %sext_ln46, i32 %sext_ln45_1" [fir.cpp:46]   --->   Operation 55 'mul' 'mul_ln46' <Predicate = true> <Delay = 1.05> <CoreInst = "DSP48">   --->   Core 119 'DSP48' <Latency = 3> <II = 1> <Delay = 2.15> <IPBlock> <Opcode : '' 'add' 'sub' 'mul' 'select'> <InPorts = 0> <OutPorts = 1> <Sync> <CReg>

State 6 <SV = 5> <Delay = 3.68>
ST_6 : Operation 56 [1/2] (2.10ns) (root node of the DSP)   --->   "%acc_i0_3 = add i32 %mul_ln45, i32 %acc_i0_2" [fir.cpp:45]   --->   Operation 56 'add' 'acc_i0_3' <Predicate = true> <Delay = 2.10> <CoreInst = "DSP48">   --->   Core 119 'DSP48' <Latency = 3> <II = 1> <Delay = 2.15> <IPBlock> <Opcode : '' 'add' 'sub' 'mul' 'select'> <InPorts = 0> <OutPorts = 1> <Sync> <CReg>
ST_6 : Operation 57 [1/3] (0.00ns) (grouped into DSP with root node acc_q0_3)   --->   "%mul_ln46 = mul i32 %sext_ln46, i32 %sext_ln45_1" [fir.cpp:46]   --->   Operation 57 'mul' 'mul_ln46' <Predicate = true> <Delay = 0.00> <CoreInst = "DSP48">   --->   Core 119 'DSP48' <Latency = 3> <II = 1> <Delay = 2.15> <IPBlock> <Opcode : '' 'add' 'sub' 'mul' 'select'> <InPorts = 0> <OutPorts = 1> <Sync> <CReg>
ST_6 : Operation 58 [2/2] (2.10ns) (root node of the DSP)   --->   "%acc_q0_3 = add i32 %mul_ln46, i32 %acc_q0_2" [fir.cpp:46]   --->   Operation 58 'add' 'acc_q0_3' <Predicate = true> <Delay = 2.10> <CoreInst = "DSP48">   --->   Core 119 'DSP48' <Latency = 3> <II = 1> <Delay = 2.15> <IPBlock> <Opcode : '' 'add' 'sub' 'mul' 'select'> <InPorts = 0> <OutPorts = 1> <Sync> <CReg>
ST_6 : Operation 59 [1/1] (1.58ns)   --->   "%store_ln40 = store i32 %acc_i0_3, i32 %acc_i0" [fir.cpp:40]   --->   Operation 59 'store' 'store_ln40' <Predicate = true> <Delay = 1.58>

State 7 <SV = 6> <Delay = 3.68>
ST_7 : Operation 60 [1/1] (0.00ns)   --->   "%specpipeline_ln43 = specpipeline void @_ssdm_op_SpecPipeline, i32 16, i32 0, i32 0, i32 0, void @empty_11" [fir.cpp:43]   --->   Operation 60 'specpipeline' 'specpipeline_ln43' <Predicate = true> <Delay = 0.00>
ST_7 : Operation 61 [1/1] (0.00ns)   --->   "%speclooptripcount_ln40 = speclooptripcount void @_ssdm_op_SpecLoopTripCount, i64 128, i64 128, i64 128" [fir.cpp:40]   --->   Operation 61 'speclooptripcount' 'speclooptripcount_ln40' <Predicate = true> <Delay = 0.00>
ST_7 : Operation 62 [1/1] (0.00ns)   --->   "%specloopname_ln42 = specloopname void @_ssdm_op_SpecLoopName, void @empty_3" [fir.cpp:42]   --->   Operation 62 'specloopname' 'specloopname_ln42' <Predicate = true> <Delay = 0.00>
ST_7 : Operation 63 [1/2] (2.10ns) (root node of the DSP)   --->   "%acc_q0_3 = add i32 %mul_ln46, i32 %acc_q0_2" [fir.cpp:46]   --->   Operation 63 'add' 'acc_q0_3' <Predicate = true> <Delay = 2.10> <CoreInst = "DSP48">   --->   Core 119 'DSP48' <Latency = 3> <II = 1> <Delay = 2.15> <IPBlock> <Opcode : '' 'add' 'sub' 'mul' 'select'> <InPorts = 0> <OutPorts = 1> <Sync> <CReg>
ST_7 : Operation 64 [1/1] (1.58ns)   --->   "%store_ln40 = store i32 %acc_q0_3, i32 %acc_q0" [fir.cpp:40]   --->   Operation 64 'store' 'store_ln40' <Predicate = true> <Delay = 1.58>
ST_7 : Operation 65 [1/1] (0.00ns)   --->   "%br_ln42 = br void %for.inc33" [fir.cpp:42]   --->   Operation 65 'br' 'br_ln42' <Predicate = true> <Delay = 0.00>


============================================================
+ Verbose Summary: Binding
============================================================
STG Binding: 
---------------- STG Properties BEGIN ----------------
- Is combinational: 0
- Is one-state seq: 0
- Is datapath-only: 0
- Is pipelined: 0
- Is top level: 0
Port [ Return ] is wired: 1; IO mode=ap_ctrl_hs:ce=0
Port [ ptr0]:  wired=1; compound=0; hidden=0; nouse=0; global=0; static=0; extern=0; dir=0; type=0; pingpong=0; private_global=0; IO mode=ap_none:ce=0
Port [ c]:  wired=1; compound=1; hidden=0; nouse=0; global=0; static=0; extern=0; dir=0; type=1; pingpong=0; private_global=0; MemPort=[13]; IO mode=ap_memory:ce=0
Port [ c_1]:  wired=1; compound=1; hidden=0; nouse=0; global=0; static=0; extern=0; dir=0; type=1; pingpong=0; private_global=0; MemPort=[13]; IO mode=ap_memory:ce=0
Port [ acc_q0_out]:  wired=1; compound=0; hidden=0; nouse=0; global=0; static=0; extern=0; dir=1; type=0; pingpong=0; private_global=0; IO mode=ap_vld:ce=0
Port [ acc_i0_out]:  wired=1; compound=0; hidden=0; nouse=0; global=0; static=0; extern=0; dir=1; type=0; pingpong=0; private_global=0; IO mode=ap_vld:ce=0
Port [ shift_i]:  wired=1; compound=1; hidden=0; nouse=0; global=1; static=1; extern=0; dir=0; type=1; pingpong=0; private_global=0; MemPort=[13]; IO mode=ap_memory:ce=0
Port [ shift_q]:  wired=1; compound=1; hidden=0; nouse=0; global=1; static=1; extern=0; dir=0; type=1; pingpong=0; private_global=0; MemPort=[13]; IO mode=ap_memory:ce=0
---------------- STG Properties END ------------------

---------------- Datapath Model BEGIN ----------------

<LifeTime>
<method=bitvector/>
acc_i0                 (alloca           ) [ 01111110]
acc_q0                 (alloca           ) [ 01111111]
i_1                    (alloca           ) [ 01100000]
specmemcore_ln0        (specmemcore      ) [ 00000000]
specmemcore_ln0        (specmemcore      ) [ 00000000]
ptr0_read              (read             ) [ 00100000]
store_ln42             (store            ) [ 00000000]
store_ln40             (store            ) [ 00000000]
store_ln40             (store            ) [ 00000000]
br_ln0                 (br               ) [ 00000000]
acc_i0_2               (load             ) [ 00011110]
acc_q0_2               (load             ) [ 01011111]
i                      (load             ) [ 00000000]
trunc_ln42             (trunc            ) [ 00000000]
trunc_ln42_1           (trunc            ) [ 00000000]
icmp_ln42              (icmp             ) [ 00100000]
add_ln42               (add              ) [ 00000000]
br_ln42                (br               ) [ 00000000]
trunc_ln42_2           (trunc            ) [ 00010000]
trunc_ln42_3           (trunc            ) [ 00000000]
lshr_ln1               (partselect       ) [ 00000000]
zext_ln40              (zext             ) [ 00000000]
idx                    (sub              ) [ 00000000]
zext_ln45              (zext             ) [ 00000000]
shift_i_addr           (getelementptr    ) [ 00010000]
c_addr                 (getelementptr    ) [ 00010000]
c_1_addr               (getelementptr    ) [ 00010000]
shift_q_addr           (getelementptr    ) [ 00010000]
store_ln42             (store            ) [ 00000000]
shift_i_load           (load             ) [ 00000000]
sext_ln45              (sext             ) [ 00001100]
c_load                 (load             ) [ 00000000]
c_1_load               (load             ) [ 00000000]
select_ln45            (select           ) [ 00000000]
sext_ln45_1            (sext             ) [ 00001110]
shift_q_load           (load             ) [ 00001000]
sext_ln46              (sext             ) [ 00000110]
mul_ln45               (mul              ) [ 00000010]
acc_i0_3               (add              ) [ 00000000]
mul_ln46               (mul              ) [ 01000001]
store_ln40             (store            ) [ 00000000]
specpipeline_ln43      (specpipeline     ) [ 00000000]
speclooptripcount_ln40 (speclooptripcount) [ 00000000]
specloopname_ln42      (specloopname     ) [ 00000000]
acc_q0_3               (add              ) [ 00000000]
store_ln40             (store            ) [ 00000000]
br_ln42                (br               ) [ 00000000]
write_ln42             (write            ) [ 00000000]
write_ln42             (write            ) [ 00000000]
ret_ln0                (ret              ) [ 00000000]
</LifeTime>

<model>

<comp_list>
<comp id="0" class="1000" name="ptr0">
<pin_list>
<pin id="1" dir="1" index="0" bw="1" slack="0"/>
</pin_list>
<bind>
<StgValue><ssdm name="ptr0"/></StgValue>
</bind>
</comp>

<comp id="2" class="1000" name="c">
<pin_list>
<pin id="3" dir="1" index="0" bw="1" slack="0"/>
</pin_list>
<bind>
<StgValue><ssdm name="c"/><MemPortTyVec>1 3 </MemPortTyVec>
</StgValue>
</bind>
</comp>

<comp id="4" class="1000" name="c_1">
<pin_list>
<pin id="5" dir="1" index="0" bw="1" slack="0"/>
</pin_list>
<bind>
<StgValue><ssdm name="c_1"/><MemPortTyVec>1 3 </MemPortTyVec>
</StgValue>
</bind>
</comp>

<comp id="6" class="1000" name="acc_q0_out">
<pin_list>
<pin id="7" dir="1" index="0" bw="1" slack="0"/>
</pin_list>
<bind>
<StgValue><ssdm name="acc_q0_out"/></StgValue>
</bind>
</comp>

<comp id="8" class="1000" name="acc_i0_out">
<pin_list>
<pin id="9" dir="1" index="0" bw="1" slack="0"/>
</pin_list>
<bind>
<StgValue><ssdm name="acc_i0_out"/></StgValue>
</bind>
</comp>

<comp id="10" class="1000" name="shift_i">
<pin_list>
<pin id="11" dir="1" index="0" bw="1" slack="0"/>
</pin_list>
<bind>
<StgValue><ssdm name="shift_i"/><MemPortTyVec>1 3 </MemPortTyVec>
</StgValue>
</bind>
</comp>

<comp id="12" class="1000" name="shift_q">
<pin_list>
<pin id="13" dir="1" index="0" bw="1" slack="0"/>
</pin_list>
<bind>
<StgValue><ssdm name="shift_q"/><MemPortTyVec>1 3 </MemPortTyVec>
</StgValue>
</bind>
</comp>

<comp id="14" class="1001" name="const_14">
<pin_list>
<pin id="15" dir="1" index="0" bw="1" slack="0"/>
</pin_list>
<bind>
<StgValue><ssdm name=""/></StgValue>
</bind>
</comp>

<comp id="16" class="1001" name="const_16">
<pin_list>
<pin id="17" dir="1" index="0" bw="1" slack="2147483647"/>
</pin_list>
<bind>
<StgValue><ssdm name="_ssdm_op_SpecMemCore"/></StgValue>
</bind>
</comp>

<comp id="18" class="1001" name="const_18">
<pin_list>
<pin id="19" dir="1" index="0" bw="1" slack="2147483647"/>
</pin_list>
<bind>
<StgValue><ssdm name=""/></StgValue>
</bind>
</comp>

<comp id="20" class="1001" name="const_20">
<pin_list>
<pin id="21" dir="1" index="0" bw="1" slack="2147483647"/>
</pin_list>
<bind>
<StgValue><ssdm name=""/></StgValue>
</bind>
</comp>

<comp id="22" class="1001" name="const_22">
<pin_list>
<pin id="23" dir="1" index="0" bw="1" slack="2147483647"/>
</pin_list>
<bind>
<StgValue><ssdm name=""/></StgValue>
</bind>
</comp>

<comp id="24" class="1001" name="const_24">
<pin_list>
<pin id="25" dir="1" index="0" bw="1" slack="0"/>
</pin_list>
<bind>
<StgValue><ssdm name="_ssdm_op_Read.ap_auto.i7"/></StgValue>
</bind>
</comp>

<comp id="26" class="1001" name="const_26">
<pin_list>
<pin id="27" dir="1" index="0" bw="1" slack="0"/>
</pin_list>
<bind>
<StgValue><ssdm name=""/></StgValue>
</bind>
</comp>

<comp id="28" class="1001" name="const_28">
<pin_list>
<pin id="29" dir="1" index="0" bw="1" slack="0"/>
</pin_list>
<bind>
<StgValue><ssdm name=""/></StgValue>
</bind>
</comp>

<comp id="30" class="1001" name="const_30">
<pin_list>
<pin id="31" dir="1" index="0" bw="1" slack="0"/>
</pin_list>
<bind>
<StgValue><ssdm name=""/></StgValue>
</bind>
</comp>

<comp id="32" class="1001" name="const_32">
<pin_list>
<pin id="33" dir="1" index="0" bw="1" slack="0"/>
</pin_list>
<bind>
<StgValue><ssdm name=""/></StgValue>
</bind>
</comp>

<comp id="34" class="1001" name="const_34">
<pin_list>
<pin id="35" dir="1" index="0" bw="1" slack="0"/>
</pin_list>
<bind>
<StgValue><ssdm name="_ssdm_op_PartSelect.i6.i8.i32.i32"/></StgValue>
</bind>
</comp>

<comp id="36" class="1001" name="const_36">
<pin_list>
<pin id="37" dir="1" index="0" bw="1" slack="0"/>
</pin_list>
<bind>
<StgValue><ssdm name=""/></StgValue>
</bind>
</comp>

<comp id="38" class="1001" name="const_38">
<pin_list>
<pin id="39" dir="1" index="0" bw="1" slack="0"/>
</pin_list>
<bind>
<StgValue><ssdm name=""/></StgValue>
</bind>
</comp>

<comp id="40" class="1001" name="const_40">
<pin_list>
<pin id="41" dir="1" index="0" bw="1" slack="2147483647"/>
</pin_list>
<bind>
<StgValue><ssdm name="_ssdm_op_SpecPipeline"/></StgValue>
</bind>
</comp>

<comp id="42" class="1001" name="const_42">
<pin_list>
<pin id="43" dir="1" index="0" bw="1" slack="2147483647"/>
</pin_list>
<bind>
<StgValue><ssdm name=""/></StgValue>
</bind>
</comp>

<comp id="44" class="1001" name="const_44">
<pin_list>
<pin id="45" dir="1" index="0" bw="1" slack="2147483647"/>
</pin_list>
<bind>
<StgValue><ssdm name="empty_11"/></StgValue>
</bind>
</comp>

<comp id="46" class="1001" name="const_46">
<pin_list>
<pin id="47" dir="1" index="0" bw="1" slack="2147483647"/>
</pin_list>
<bind>
<StgValue><ssdm name="_ssdm_op_SpecLoopTripCount"/></StgValue>
</bind>
</comp>

<comp id="48" class="1001" name="const_48">
<pin_list>
<pin id="49" dir="1" index="0" bw="1" slack="2147483647"/>
</pin_list>
<bind>
<StgValue><ssdm name=""/></StgValue>
</bind>
</comp>

<comp id="50" class="1001" name="const_50">
<pin_list>
<pin id="51" dir="1" index="0" bw="1" slack="2147483647"/>
</pin_list>
<bind>
<StgValue><ssdm name="_ssdm_op_SpecLoopName"/></StgValue>
</bind>
</comp>

<comp id="52" class="1001" name="const_52">
<pin_list>
<pin id="53" dir="1" index="0" bw="1" slack="2147483647"/>
</pin_list>
<bind>
<StgValue><ssdm name="empty_3"/></StgValue>
</bind>
</comp>

<comp id="54" class="1001" name="const_54">
<pin_list>
<pin id="55" dir="1" index="0" bw="1" slack="0"/>
</pin_list>
<bind>
<StgValue><ssdm name="_ssdm_op_Write.ap_auto.i16P0A"/></StgValue>
</bind>
</comp>

<comp id="56" class="1004" name="acc_i0_fu_56">
<pin_list>
<pin id="57" dir="0" index="0" bw="1" slack="0"/>
<pin id="58" dir="1" index="1" bw="32" slack="0"/>
</pin_list>
<bind>
<opcode="alloca(26) " fcode="alloca"/>
<opset="acc_i0/1 "/>
</bind>
</comp>

<comp id="60" class="1004" name="acc_q0_fu_60">
<pin_list>
<pin id="61" dir="0" index="0" bw="1" slack="0"/>
<pin id="62" dir="1" index="1" bw="32" slack="0"/>
</pin_list>
<bind>
<opcode="alloca(26) " fcode="alloca"/>
<opset="acc_q0/1 "/>
</bind>
</comp>

<comp id="64" class="1004" name="i_1_fu_64">
<pin_list>
<pin id="65" dir="0" index="0" bw="1" slack="0"/>
<pin id="66" dir="1" index="1" bw="8" slack="0"/>
</pin_list>
<bind>
<opcode="alloca(26) " fcode="alloca"/>
<opset="i_1/1 "/>
</bind>
</comp>

<comp id="68" class="1004" name="ptr0_read_read_fu_68">
<pin_list>
<pin id="69" dir="0" index="0" bw="7" slack="0"/>
<pin id="70" dir="0" index="1" bw="7" slack="0"/>
<pin id="71" dir="1" index="2" bw="7" slack="1"/>
</pin_list>
<bind>
<opcode="read(1150) " fcode="read"/>
<opset="ptr0_read/1 "/>
</bind>
</comp>

<comp id="74" class="1004" name="write_ln42_write_fu_74">
<pin_list>
<pin id="75" dir="0" index="0" bw="0" slack="0"/>
<pin id="76" dir="0" index="1" bw="16" slack="0"/>
<pin id="77" dir="0" index="2" bw="16" slack="0"/>
<pin id="78" dir="1" index="3" bw="0" slack="2147483647"/>
</pin_list>
<bind>
<opcode="write(1151) " fcode="write"/>
<opset="write_ln42/2 "/>
</bind>
</comp>

<comp id="81" class="1004" name="write_ln42_write_fu_81">
<pin_list>
<pin id="82" dir="0" index="0" bw="0" slack="0"/>
<pin id="83" dir="0" index="1" bw="16" slack="0"/>
<pin id="84" dir="0" index="2" bw="16" slack="0"/>
<pin id="85" dir="1" index="3" bw="0" slack="2147483647"/>
</pin_list>
<bind>
<opcode="write(1151) " fcode="write"/>
<opset="write_ln42/2 "/>
</bind>
</comp>

<comp id="88" class="1004" name="shift_i_addr_gep_fu_88">
<pin_list>
<pin id="89" dir="0" index="0" bw="16" slack="0"/>
<pin id="90" dir="0" index="1" bw="1" slack="0"/>
<pin id="91" dir="0" index="2" bw="7" slack="0"/>
<pin id="92" dir="1" index="3" bw="7" slack="0"/>
</pin_list>
<bind>
<opcode="getelementptr(29) " fcode="getelementptr"/>
<opset="shift_i_addr/2 "/>
</bind>
</comp>

<comp id="95" class="1004" name="grp_access_fu_95">
<pin_list>
<pin id="96" dir="0" index="0" bw="7" slack="0"/>
<pin id="97" dir="0" index="1" bw="16" slack="2147483647"/>
<pin id="98" dir="0" index="2" bw="0" slack="2147483647"/>
<pin id="99" dir="1" index="3" bw="16" slack="0"/>
</pin_list>
<bind>
<opcode="load(27) " fcode="load"/>
<opset="shift_i_load/2 "/>
</bind>
</comp>

<comp id="101" class="1004" name="c_addr_gep_fu_101">
<pin_list>
<pin id="102" dir="0" index="0" bw="16" slack="0"/>
<pin id="103" dir="0" index="1" bw="1" slack="0"/>
<pin id="104" dir="0" index="2" bw="6" slack="0"/>
<pin id="105" dir="1" index="3" bw="6" slack="0"/>
</pin_list>
<bind>
<opcode="getelementptr(29) " fcode="getelementptr"/>
<opset="c_addr/2 "/>
</bind>
</comp>

<comp id="108" class="1004" name="c_1_addr_gep_fu_108">
<pin_list>
<pin id="109" dir="0" index="0" bw="16" slack="0"/>
<pin id="110" dir="0" index="1" bw="1" slack="0"/>
<pin id="111" dir="0" index="2" bw="6" slack="0"/>
<pin id="112" dir="1" index="3" bw="6" slack="0"/>
</pin_list>
<bind>
<opcode="getelementptr(29) " fcode="getelementptr"/>
<opset="c_1_addr/2 "/>
</bind>
</comp>

<comp id="115" class="1004" name="grp_access_fu_115">
<pin_list>
<pin id="116" dir="0" index="0" bw="6" slack="0"/>
<pin id="117" dir="0" index="1" bw="16" slack="2147483647"/>
<pin id="118" dir="0" index="2" bw="0" slack="2147483647"/>
<pin id="119" dir="1" index="3" bw="16" slack="0"/>
</pin_list>
<bind>
<opcode="load(27) " fcode="load"/>
<opset="c_load/2 "/>
</bind>
</comp>

<comp id="121" class="1004" name="grp_access_fu_121">
<pin_list>
<pin id="122" dir="0" index="0" bw="6" slack="0"/>
<pin id="123" dir="0" index="1" bw="16" slack="2147483647"/>
<pin id="124" dir="0" index="2" bw="0" slack="2147483647"/>
<pin id="125" dir="1" index="3" bw="16" slack="0"/>
</pin_list>
<bind>
<opcode="load(27) " fcode="load"/>
<opset="c_1_load/2 "/>
</bind>
</comp>

<comp id="127" class="1004" name="shift_q_addr_gep_fu_127">
<pin_list>
<pin id="128" dir="0" index="0" bw="16" slack="0"/>
<pin id="129" dir="0" index="1" bw="1" slack="0"/>
<pin id="130" dir="0" index="2" bw="7" slack="0"/>
<pin id="131" dir="1" index="3" bw="7" slack="0"/>
</pin_list>
<bind>
<opcode="getelementptr(29) " fcode="getelementptr"/>
<opset="shift_q_addr/2 "/>
</bind>
</comp>

<comp id="134" class="1004" name="grp_access_fu_134">
<pin_list>
<pin id="135" dir="0" index="0" bw="7" slack="0"/>
<pin id="136" dir="0" index="1" bw="16" slack="2147483647"/>
<pin id="137" dir="0" index="2" bw="0" slack="2147483647"/>
<pin id="138" dir="1" index="3" bw="16" slack="1"/>
</pin_list>
<bind>
<opcode="load(27) " fcode="load"/>
<opset="shift_q_load/2 "/>
</bind>
</comp>

<comp id="140" class="1004" name="store_ln42_store_fu_140">
<pin_list>
<pin id="141" dir="0" index="0" bw="1" slack="0"/>
<pin id="142" dir="0" index="1" bw="8" slack="0"/>
<pin id="143" dir="1" index="2" bw="0" slack="2147483647"/>
</pin_list>
<bind>
<opcode="store(28) " fcode="store"/>
<opset="store_ln42/1 "/>
</bind>
</comp>

<comp id="145" class="1004" name="store_ln40_store_fu_145">
<pin_list>
<pin id="146" dir="0" index="0" bw="1" slack="0"/>
<pin id="147" dir="0" index="1" bw="32" slack="0"/>
<pin id="148" dir="1" index="2" bw="0" slack="2147483647"/>
</pin_list>
<bind>
<opcode="store(28) " fcode="store"/>
<opset="store_ln40/1 "/>
</bind>
</comp>

<comp id="150" class="1004" name="store_ln40_store_fu_150">
<pin_list>
<pin id="151" dir="0" index="0" bw="1" slack="0"/>
<pin id="152" dir="0" index="1" bw="32" slack="0"/>
<pin id="153" dir="1" index="2" bw="0" slack="2147483647"/>
</pin_list>
<bind>
<opcode="store(28) " fcode="store"/>
<opset="store_ln40/1 "/>
</bind>
</comp>

<comp id="155" class="1004" name="acc_i0_2_load_fu_155">
<pin_list>
<pin id="156" dir="0" index="0" bw="32" slack="1"/>
<pin id="157" dir="1" index="1" bw="32" slack="0"/>
</pin_list>
<bind>
<opcode="load(27) " fcode="load"/>
<opset="acc_i0_2/2 "/>
</bind>
</comp>

<comp id="158" class="1004" name="acc_q0_2_load_fu_158">
<pin_list>
<pin id="159" dir="0" index="0" bw="32" slack="1"/>
<pin id="160" dir="1" index="1" bw="32" slack="0"/>
</pin_list>
<bind>
<opcode="load(27) " fcode="load"/>
<opset="acc_q0_2/2 "/>
</bind>
</comp>

<comp id="161" class="1004" name="i_load_fu_161">
<pin_list>
<pin id="162" dir="0" index="0" bw="8" slack="1"/>
<pin id="163" dir="1" index="1" bw="8" slack="0"/>
</pin_list>
<bind>
<opcode="load(27) " fcode="load"/>
<opset="i/2 "/>
</bind>
</comp>

<comp id="164" class="1004" name="trunc_ln42_fu_164">
<pin_list>
<pin id="165" dir="0" index="0" bw="32" slack="0"/>
<pin id="166" dir="1" index="1" bw="16" slack="0"/>
</pin_list>
<bind>
<opcode="trunc(33) " fcode="trunc"/>
<opset="trunc_ln42/2 "/>
</bind>
</comp>

<comp id="169" class="1004" name="trunc_ln42_1_fu_169">
<pin_list>
<pin id="170" dir="0" index="0" bw="32" slack="0"/>
<pin id="171" dir="1" index="1" bw="16" slack="0"/>
</pin_list>
<bind>
<opcode="trunc(33) " fcode="trunc"/>
<opset="trunc_ln42_1/2 "/>
</bind>
</comp>

<comp id="174" class="1004" name="icmp_ln42_fu_174">
<pin_list>
<pin id="175" dir="0" index="0" bw="8" slack="0"/>
<pin id="176" dir="0" index="1" bw="8" slack="0"/>
<pin id="177" dir="1" index="2" bw="1" slack="2147483647"/>
</pin_list>
<bind>
<opcode="icmp(45) " fcode="icmp"/>
<opset="icmp_ln42/2 "/>
</bind>
</comp>

<comp id="180" class="1004" name="add_ln42_fu_180">
<pin_list>
<pin id="181" dir="0" index="0" bw="8" slack="0"/>
<pin id="182" dir="0" index="1" bw="1" slack="0"/>
<pin id="183" dir="1" index="2" bw="8" slack="0"/>
</pin_list>
<bind>
<opcode="add(8) " fcode="add"/>
<opset="add_ln42/2 "/>
</bind>
</comp>

<comp id="186" class="1004" name="trunc_ln42_2_fu_186">
<pin_list>
<pin id="187" dir="0" index="0" bw="8" slack="0"/>
<pin id="188" dir="1" index="1" bw="1" slack="1"/>
</pin_list>
<bind>
<opcode="trunc(33) " fcode="trunc"/>
<opset="trunc_ln42_2/2 "/>
</bind>
</comp>

<comp id="190" class="1004" name="trunc_ln42_3_fu_190">
<pin_list>
<pin id="191" dir="0" index="0" bw="8" slack="0"/>
<pin id="192" dir="1" index="1" bw="7" slack="0"/>
</pin_list>
<bind>
<opcode="trunc(33) " fcode="trunc"/>
<opset="trunc_ln42_3/2 "/>
</bind>
</comp>

<comp id="194" class="1004" name="lshr_ln1_fu_194">
<pin_list>
<pin id="195" dir="0" index="0" bw="6" slack="0"/>
<pin id="196" dir="0" index="1" bw="8" slack="0"/>
<pin id="197" dir="0" index="2" bw="1" slack="0"/>
<pin id="198" dir="0" index="3" bw="4" slack="0"/>
<pin id="199" dir="1" index="4" bw="6" slack="0"/>
</pin_list>
<bind>
<opcode="partselect(1002) " fcode="partselect"/>
<opset="lshr_ln1/2 "/>
</bind>
</comp>

<comp id="204" class="1004" name="zext_ln40_fu_204">
<pin_list>
<pin id="205" dir="0" index="0" bw="6" slack="0"/>
<pin id="206" dir="1" index="1" bw="64" slack="0"/>
</pin_list>
<bind>
<opcode="zext(34) " fcode="zext"/>
<opset="zext_ln40/2 "/>
</bind>
</comp>

<comp id="210" class="1004" name="idx_fu_210">
<pin_list>
<pin id="211" dir="0" index="0" bw="7" slack="1"/>
<pin id="212" dir="0" index="1" bw="7" slack="0"/>
<pin id="213" dir="1" index="2" bw="7" slack="0"/>
</pin_list>
<bind>
<opcode="sub(10) " fcode="sub"/>
<opset="idx/2 "/>
</bind>
</comp>

<comp id="215" class="1004" name="zext_ln45_fu_215">
<pin_list>
<pin id="216" dir="0" index="0" bw="7" slack="0"/>
<pin id="217" dir="1" index="1" bw="64" slack="0"/>
</pin_list>
<bind>
<opcode="zext(34) " fcode="zext"/>
<opset="zext_ln45/2 "/>
</bind>
</comp>

<comp id="221" class="1004" name="store_ln42_store_fu_221">
<pin_list>
<pin id="222" dir="0" index="0" bw="8" slack="0"/>
<pin id="223" dir="0" index="1" bw="8" slack="1"/>
<pin id="224" dir="1" index="2" bw="0" slack="2147483647"/>
</pin_list>
<bind>
<opcode="store(28) " fcode="store"/>
<opset="store_ln42/2 "/>
</bind>
</comp>

<comp id="226" class="1004" name="sext_ln45_fu_226">
<pin_list>
<pin id="227" dir="0" index="0" bw="16" slack="0"/>
<pin id="228" dir="1" index="1" bw="32" slack="0"/>
</pin_list>
<bind>
<opcode="sext(35) " fcode="sext"/>
<opset="sext_ln45/3 "/>
</bind>
</comp>

<comp id="230" class="1004" name="select_ln45_fu_230">
<pin_list>
<pin id="231" dir="0" index="0" bw="1" slack="1"/>
<pin id="232" dir="0" index="1" bw="16" slack="0"/>
<pin id="233" dir="0" index="2" bw="16" slack="0"/>
<pin id="234" dir="1" index="3" bw="16" slack="0"/>
</pin_list>
<bind>
<opcode="select(49) " fcode="select"/>
<opset="select_ln45/3 "/>
</bind>
</comp>

<comp id="237" class="1004" name="sext_ln45_1_fu_237">
<pin_list>
<pin id="238" dir="0" index="0" bw="16" slack="0"/>
<pin id="239" dir="1" index="1" bw="32" slack="0"/>
</pin_list>
<bind>
<opcode="sext(35) " fcode="sext"/>
<opset="sext_ln45_1/3 "/>
</bind>
</comp>

<comp id="241" class="1004" name="sext_ln46_fu_241">
<pin_list>
<pin id="242" dir="0" index="0" bw="16" slack="1"/>
<pin id="243" dir="1" index="1" bw="32" slack="0"/>
</pin_list>
<bind>
<opcode="sext(35) " fcode="sext"/>
<opset="sext_ln46/4 "/>
</bind>
</comp>

<comp id="244" class="1004" name="store_ln40_store_fu_244">
<pin_list>
<pin id="245" dir="0" index="0" bw="32" slack="0"/>
<pin id="246" dir="0" index="1" bw="32" slack="5"/>
<pin id="247" dir="1" index="2" bw="0" slack="2147483647"/>
</pin_list>
<bind>
<opcode="store(28) " fcode="store"/>
<opset="store_ln40/6 "/>
</bind>
</comp>

<comp id="248" class="1004" name="store_ln40_store_fu_248">
<pin_list>
<pin id="249" dir="0" index="0" bw="32" slack="0"/>
<pin id="250" dir="0" index="1" bw="32" slack="6"/>
<pin id="251" dir="1" index="2" bw="0" slack="2147483647"/>
</pin_list>
<bind>
<opcode="store(28) " fcode="store"/>
<opset="store_ln40/7 "/>
</bind>
</comp>

<comp id="252" class="1007" name="grp_fu_252">
<pin_list>
<pin id="253" dir="0" index="0" bw="16" slack="0"/>
<pin id="254" dir="0" index="1" bw="16" slack="0"/>
<pin id="255" dir="0" index="2" bw="32" slack="2147483647"/>
<pin id="256" dir="1" index="3" bw="32" slack="0"/>
</pin_list>
<bind>
<opcode="muladd(1172) " fcode="muladd"/>
<opset="mul_ln45/3 acc_i0_3/5 "/>
</bind>
</comp>

<comp id="260" class="1007" name="grp_fu_260">
<pin_list>
<pin id="261" dir="0" index="0" bw="16" slack="0"/>
<pin id="262" dir="0" index="1" bw="16" slack="1"/>
<pin id="263" dir="0" index="2" bw="32" slack="2147483647"/>
<pin id="264" dir="1" index="3" bw="32" slack="0"/>
</pin_list>
<bind>
<opcode="muladd(1172) " fcode="muladd"/>
<opset="mul_ln46/4 acc_q0_3/6 "/>
</bind>
</comp>

<comp id="267" class="1005" name="acc_i0_reg_267">
<pin_list>
<pin id="268" dir="0" index="0" bw="32" slack="0"/>
<pin id="269" dir="1" index="1" bw="32" slack="0"/>
</pin_list>
<bind>
<opset="acc_i0 "/>
</bind>
</comp>

<comp id="274" class="1005" name="acc_q0_reg_274">
<pin_list>
<pin id="275" dir="0" index="0" bw="32" slack="0"/>
<pin id="276" dir="1" index="1" bw="32" slack="0"/>
</pin_list>
<bind>
<opset="acc_q0 "/>
</bind>
</comp>

<comp id="281" class="1005" name="i_1_reg_281">
<pin_list>
<pin id="282" dir="0" index="0" bw="8" slack="0"/>
<pin id="283" dir="1" index="1" bw="8" slack="0"/>
</pin_list>
<bind>
<opset="i_1 "/>
</bind>
</comp>

<comp id="288" class="1005" name="ptr0_read_reg_288">
<pin_list>
<pin id="289" dir="0" index="0" bw="7" slack="1"/>
<pin id="290" dir="1" index="1" bw="7" slack="1"/>
</pin_list>
<bind>
<opset="ptr0_read "/>
</bind>
</comp>

<comp id="293" class="1005" name="acc_i0_2_reg_293">
<pin_list>
<pin id="294" dir="0" index="0" bw="32" slack="3"/>
<pin id="295" dir="1" index="1" bw="32" slack="3"/>
</pin_list>
<bind>
<opset="acc_i0_2 "/>
</bind>
</comp>

<comp id="298" class="1005" name="acc_q0_2_reg_298">
<pin_list>
<pin id="299" dir="0" index="0" bw="32" slack="4"/>
<pin id="300" dir="1" index="1" bw="32" slack="4"/>
</pin_list>
<bind>
<opset="acc_q0_2 "/>
</bind>
</comp>

<comp id="306" class="1005" name="trunc_ln42_2_reg_306">
<pin_list>
<pin id="307" dir="0" index="0" bw="1" slack="1"/>
<pin id="308" dir="1" index="1" bw="1" slack="1"/>
</pin_list>
<bind>
<opset="trunc_ln42_2 "/>
</bind>
</comp>

<comp id="311" class="1005" name="shift_i_addr_reg_311">
<pin_list>
<pin id="312" dir="0" index="0" bw="7" slack="1"/>
<pin id="313" dir="1" index="1" bw="7" slack="1"/>
</pin_list>
<bind>
<opset="shift_i_addr "/>
</bind>
</comp>

<comp id="316" class="1005" name="c_addr_reg_316">
<pin_list>
<pin id="317" dir="0" index="0" bw="6" slack="1"/>
<pin id="318" dir="1" index="1" bw="6" slack="1"/>
</pin_list>
<bind>
<opset="c_addr "/>
</bind>
</comp>

<comp id="321" class="1005" name="c_1_addr_reg_321">
<pin_list>
<pin id="322" dir="0" index="0" bw="6" slack="1"/>
<pin id="323" dir="1" index="1" bw="6" slack="1"/>
</pin_list>
<bind>
<opset="c_1_addr "/>
</bind>
</comp>

<comp id="326" class="1005" name="shift_q_addr_reg_326">
<pin_list>
<pin id="327" dir="0" index="0" bw="7" slack="1"/>
<pin id="328" dir="1" index="1" bw="7" slack="1"/>
</pin_list>
<bind>
<opset="shift_q_addr "/>
</bind>
</comp>

<comp id="331" class="1005" name="sext_ln45_reg_331">
<pin_list>
<pin id="332" dir="0" index="0" bw="32" slack="1"/>
<pin id="333" dir="1" index="1" bw="32" slack="1"/>
</pin_list>
<bind>
<opset="sext_ln45 "/>
</bind>
</comp>

<comp id="336" class="1005" name="sext_ln45_1_reg_336">
<pin_list>
<pin id="337" dir="0" index="0" bw="32" slack="1"/>
<pin id="338" dir="1" index="1" bw="32" slack="1"/>
</pin_list>
<bind>
<opset="sext_ln45_1 "/>
</bind>
</comp>

<comp id="342" class="1005" name="shift_q_load_reg_342">
<pin_list>
<pin id="343" dir="0" index="0" bw="16" slack="1"/>
<pin id="344" dir="1" index="1" bw="16" slack="1"/>
</pin_list>
<bind>
<opset="shift_q_load "/>
</bind>
</comp>

<comp id="347" class="1005" name="sext_ln46_reg_347">
<pin_list>
<pin id="348" dir="0" index="0" bw="32" slack="1"/>
<pin id="349" dir="1" index="1" bw="32" slack="1"/>
</pin_list>
<bind>
<opset="sext_ln46 "/>
</bind>
</comp>

</comp_list>

<net_list>
<net id="59"><net_src comp="14" pin="0"/><net_sink comp="56" pin=0"/></net>

<net id="63"><net_src comp="14" pin="0"/><net_sink comp="60" pin=0"/></net>

<net id="67"><net_src comp="14" pin="0"/><net_sink comp="64" pin=0"/></net>

<net id="72"><net_src comp="24" pin="0"/><net_sink comp="68" pin=0"/></net>

<net id="73"><net_src comp="0" pin="0"/><net_sink comp="68" pin=1"/></net>

<net id="79"><net_src comp="54" pin="0"/><net_sink comp="74" pin=0"/></net>

<net id="80"><net_src comp="6" pin="0"/><net_sink comp="74" pin=1"/></net>

<net id="86"><net_src comp="54" pin="0"/><net_sink comp="81" pin=0"/></net>

<net id="87"><net_src comp="8" pin="0"/><net_sink comp="81" pin=1"/></net>

<net id="93"><net_src comp="10" pin="0"/><net_sink comp="88" pin=0"/></net>

<net id="94"><net_src comp="38" pin="0"/><net_sink comp="88" pin=1"/></net>

<net id="100"><net_src comp="88" pin="3"/><net_sink comp="95" pin=0"/></net>

<net id="106"><net_src comp="2" pin="0"/><net_sink comp="101" pin=0"/></net>

<net id="107"><net_src comp="38" pin="0"/><net_sink comp="101" pin=1"/></net>

<net id="113"><net_src comp="4" pin="0"/><net_sink comp="108" pin=0"/></net>

<net id="114"><net_src comp="38" pin="0"/><net_sink comp="108" pin=1"/></net>

<net id="120"><net_src comp="101" pin="3"/><net_sink comp="115" pin=0"/></net>

<net id="126"><net_src comp="108" pin="3"/><net_sink comp="121" pin=0"/></net>

<net id="132"><net_src comp="12" pin="0"/><net_sink comp="127" pin=0"/></net>

<net id="133"><net_src comp="38" pin="0"/><net_sink comp="127" pin=1"/></net>

<net id="139"><net_src comp="127" pin="3"/><net_sink comp="134" pin=0"/></net>

<net id="144"><net_src comp="26" pin="0"/><net_sink comp="140" pin=0"/></net>

<net id="149"><net_src comp="28" pin="0"/><net_sink comp="145" pin=0"/></net>

<net id="154"><net_src comp="28" pin="0"/><net_sink comp="150" pin=0"/></net>

<net id="167"><net_src comp="155" pin="1"/><net_sink comp="164" pin=0"/></net>

<net id="168"><net_src comp="164" pin="1"/><net_sink comp="81" pin=2"/></net>

<net id="172"><net_src comp="158" pin="1"/><net_sink comp="169" pin=0"/></net>

<net id="173"><net_src comp="169" pin="1"/><net_sink comp="74" pin=2"/></net>

<net id="178"><net_src comp="161" pin="1"/><net_sink comp="174" pin=0"/></net>

<net id="179"><net_src comp="30" pin="0"/><net_sink comp="174" pin=1"/></net>

<net id="184"><net_src comp="161" pin="1"/><net_sink comp="180" pin=0"/></net>

<net id="185"><net_src comp="32" pin="0"/><net_sink comp="180" pin=1"/></net>

<net id="189"><net_src comp="161" pin="1"/><net_sink comp="186" pin=0"/></net>

<net id="193"><net_src comp="161" pin="1"/><net_sink comp="190" pin=0"/></net>

<net id="200"><net_src comp="34" pin="0"/><net_sink comp="194" pin=0"/></net>

<net id="201"><net_src comp="161" pin="1"/><net_sink comp="194" pin=1"/></net>

<net id="202"><net_src comp="14" pin="0"/><net_sink comp="194" pin=2"/></net>

<net id="203"><net_src comp="36" pin="0"/><net_sink comp="194" pin=3"/></net>

<net id="207"><net_src comp="194" pin="4"/><net_sink comp="204" pin=0"/></net>

<net id="208"><net_src comp="204" pin="1"/><net_sink comp="101" pin=2"/></net>

<net id="209"><net_src comp="204" pin="1"/><net_sink comp="108" pin=2"/></net>

<net id="214"><net_src comp="190" pin="1"/><net_sink comp="210" pin=1"/></net>

<net id="218"><net_src comp="210" pin="2"/><net_sink comp="215" pin=0"/></net>

<net id="219"><net_src comp="215" pin="1"/><net_sink comp="88" pin=2"/></net>

<net id="220"><net_src comp="215" pin="1"/><net_sink comp="127" pin=2"/></net>

<net id="225"><net_src comp="180" pin="2"/><net_sink comp="221" pin=0"/></net>

<net id="229"><net_src comp="95" pin="3"/><net_sink comp="226" pin=0"/></net>

<net id="235"><net_src comp="121" pin="3"/><net_sink comp="230" pin=1"/></net>

<net id="236"><net_src comp="115" pin="3"/><net_sink comp="230" pin=2"/></net>

<net id="240"><net_src comp="230" pin="3"/><net_sink comp="237" pin=0"/></net>

<net id="257"><net_src comp="237" pin="1"/><net_sink comp="252" pin=0"/></net>

<net id="258"><net_src comp="226" pin="1"/><net_sink comp="252" pin=1"/></net>

<net id="259"><net_src comp="252" pin="3"/><net_sink comp="244" pin=0"/></net>

<net id="265"><net_src comp="241" pin="1"/><net_sink comp="260" pin=0"/></net>

<net id="266"><net_src comp="260" pin="3"/><net_sink comp="248" pin=0"/></net>

<net id="270"><net_src comp="56" pin="1"/><net_sink comp="267" pin=0"/></net>

<net id="271"><net_src comp="267" pin="1"/><net_sink comp="150" pin=1"/></net>

<net id="272"><net_src comp="267" pin="1"/><net_sink comp="155" pin=0"/></net>

<net id="273"><net_src comp="267" pin="1"/><net_sink comp="244" pin=1"/></net>

<net id="277"><net_src comp="60" pin="1"/><net_sink comp="274" pin=0"/></net>

<net id="278"><net_src comp="274" pin="1"/><net_sink comp="145" pin=1"/></net>

<net id="279"><net_src comp="274" pin="1"/><net_sink comp="158" pin=0"/></net>

<net id="280"><net_src comp="274" pin="1"/><net_sink comp="248" pin=1"/></net>

<net id="284"><net_src comp="64" pin="1"/><net_sink comp="281" pin=0"/></net>

<net id="285"><net_src comp="281" pin="1"/><net_sink comp="140" pin=1"/></net>

<net id="286"><net_src comp="281" pin="1"/><net_sink comp="161" pin=0"/></net>

<net id="287"><net_src comp="281" pin="1"/><net_sink comp="221" pin=1"/></net>

<net id="291"><net_src comp="68" pin="2"/><net_sink comp="288" pin=0"/></net>

<net id="292"><net_src comp="288" pin="1"/><net_sink comp="210" pin=0"/></net>

<net id="296"><net_src comp="155" pin="1"/><net_sink comp="293" pin=0"/></net>

<net id="297"><net_src comp="293" pin="1"/><net_sink comp="252" pin=1"/></net>

<net id="301"><net_src comp="158" pin="1"/><net_sink comp="298" pin=0"/></net>

<net id="302"><net_src comp="298" pin="1"/><net_sink comp="260" pin=1"/></net>

<net id="309"><net_src comp="186" pin="1"/><net_sink comp="306" pin=0"/></net>

<net id="310"><net_src comp="306" pin="1"/><net_sink comp="230" pin=0"/></net>

<net id="314"><net_src comp="88" pin="3"/><net_sink comp="311" pin=0"/></net>

<net id="315"><net_src comp="311" pin="1"/><net_sink comp="95" pin=0"/></net>

<net id="319"><net_src comp="101" pin="3"/><net_sink comp="316" pin=0"/></net>

<net id="320"><net_src comp="316" pin="1"/><net_sink comp="115" pin=0"/></net>

<net id="324"><net_src comp="108" pin="3"/><net_sink comp="321" pin=0"/></net>

<net id="325"><net_src comp="321" pin="1"/><net_sink comp="121" pin=0"/></net>

<net id="329"><net_src comp="127" pin="3"/><net_sink comp="326" pin=0"/></net>

<net id="330"><net_src comp="326" pin="1"/><net_sink comp="134" pin=0"/></net>

<net id="334"><net_src comp="226" pin="1"/><net_sink comp="331" pin=0"/></net>

<net id="335"><net_src comp="331" pin="1"/><net_sink comp="252" pin=1"/></net>

<net id="339"><net_src comp="237" pin="1"/><net_sink comp="336" pin=0"/></net>

<net id="340"><net_src comp="336" pin="1"/><net_sink comp="252" pin=0"/></net>

<net id="341"><net_src comp="336" pin="1"/><net_sink comp="260" pin=1"/></net>

<net id="345"><net_src comp="134" pin="3"/><net_sink comp="342" pin=0"/></net>

<net id="346"><net_src comp="342" pin="1"/><net_sink comp="241" pin=0"/></net>

<net id="350"><net_src comp="241" pin="1"/><net_sink comp="347" pin=0"/></net>

<net id="351"><net_src comp="347" pin="1"/><net_sink comp="260" pin=0"/></net>

</net_list>

</model> 
---------------- Datapath Model END ------------------

* FSMD analyzer results:
  - Output states:
	Port: acc_q0_out | {2 }
	Port: acc_i0_out | {2 }
	Port: shift_i | {}
	Port: shift_q | {}
 - Input state : 
	Port: fir_Pipeline_MAC_Loop_0 : ptr0 | {1 }
	Port: fir_Pipeline_MAC_Loop_0 : c | {2 3 }
	Port: fir_Pipeline_MAC_Loop_0 : c_1 | {2 3 }
	Port: fir_Pipeline_MAC_Loop_0 : shift_i | {2 3 }
	Port: fir_Pipeline_MAC_Loop_0 : shift_q | {2 3 }
  - Chain level:
	State 1
		store_ln42 : 1
		store_ln40 : 1
		store_ln40 : 1
	State 2
		trunc_ln42 : 1
		trunc_ln42_1 : 1
		icmp_ln42 : 1
		add_ln42 : 1
		br_ln42 : 2
		trunc_ln42_2 : 1
		trunc_ln42_3 : 1
		lshr_ln1 : 1
		zext_ln40 : 2
		idx : 2
		zext_ln45 : 3
		shift_i_addr : 4
		shift_i_load : 5
		c_addr : 3
		c_1_addr : 3
		c_load : 4
		c_1_load : 4
		shift_q_addr : 4
		shift_q_load : 5
		store_ln42 : 2
		write_ln42 : 2
		write_ln42 : 2
	State 3
		sext_ln45 : 1
		select_ln45 : 1
		sext_ln45_1 : 2
		mul_ln45 : 3
	State 4
		mul_ln46 : 1
	State 5
		acc_i0_3 : 1
	State 6
		acc_q0_3 : 1
		store_ln40 : 1
	State 7
		store_ln40 : 1


============================================================
+ Verbose Summary: Datapath Resource usage 
============================================================

* Functional unit list:
|----------|------------------------|---------|---------|---------|
| Operation|     Functional Unit    |   DSP   |    FF   |   LUT   |
|----------|------------------------|---------|---------|---------|
|  select  |   select_ln45_fu_230   |    0    |    0    |    16   |
|----------|------------------------|---------|---------|---------|
|   icmp   |    icmp_ln42_fu_174    |    0    |    0    |    15   |
|----------|------------------------|---------|---------|---------|
|    add   |     add_ln42_fu_180    |    0    |    0    |    15   |
|----------|------------------------|---------|---------|---------|
|    sub   |       idx_fu_210       |    0    |    0    |    14   |
|----------|------------------------|---------|---------|---------|
|  muladd  |       grp_fu_252       |    1    |    0    |    0    |
|          |       grp_fu_260       |    1    |    0    |    0    |
|----------|------------------------|---------|---------|---------|
|   read   |  ptr0_read_read_fu_68  |    0    |    0    |    0    |
|----------|------------------------|---------|---------|---------|
|   write  | write_ln42_write_fu_74 |    0    |    0    |    0    |
|          | write_ln42_write_fu_81 |    0    |    0    |    0    |
|----------|------------------------|---------|---------|---------|
|          |    trunc_ln42_fu_164   |    0    |    0    |    0    |
|   trunc  |   trunc_ln42_1_fu_169  |    0    |    0    |    0    |
|          |   trunc_ln42_2_fu_186  |    0    |    0    |    0    |
|          |   trunc_ln42_3_fu_190  |    0    |    0    |    0    |
|----------|------------------------|---------|---------|---------|
|partselect|     lshr_ln1_fu_194    |    0    |    0    |    0    |
|----------|------------------------|---------|---------|---------|
|   zext   |    zext_ln40_fu_204    |    0    |    0    |    0    |
|          |    zext_ln45_fu_215    |    0    |    0    |    0    |
|----------|------------------------|---------|---------|---------|
|          |    sext_ln45_fu_226    |    0    |    0    |    0    |
|   sext   |   sext_ln45_1_fu_237   |    0    |    0    |    0    |
|          |    sext_ln46_fu_241    |    0    |    0    |    0    |
|----------|------------------------|---------|---------|---------|
|   Total  |                        |    2    |    0    |    60   |
|----------|------------------------|---------|---------|---------|

Memories:
N/A

* Register list:
+--------------------+--------+
|                    |   FF   |
+--------------------+--------+
|  acc_i0_2_reg_293  |   32   |
|   acc_i0_reg_267   |   32   |
|  acc_q0_2_reg_298  |   32   |
|   acc_q0_reg_274   |   32   |
|  c_1_addr_reg_321  |    6   |
|   c_addr_reg_316   |    6   |
|     i_1_reg_281    |    8   |
|  ptr0_read_reg_288 |    7   |
| sext_ln45_1_reg_336|   32   |
|  sext_ln45_reg_331 |   32   |
|  sext_ln46_reg_347 |   32   |
|shift_i_addr_reg_311|    7   |
|shift_q_addr_reg_326|    7   |
|shift_q_load_reg_342|   16   |
|trunc_ln42_2_reg_306|    1   |
+--------------------+--------+
|        Total       |   282  |
+--------------------+--------+

* Multiplexer (MUX) list: 
|-------------------|------|------|------|--------||---------||---------|
|        Comp       |  Pin | Size |  BW  | S x BW ||  Delay  ||   LUT   |
|-------------------|------|------|------|--------||---------||---------|
|  grp_access_fu_95 |  p0  |   2  |   7  |   14   ||    9    |
| grp_access_fu_115 |  p0  |   2  |   6  |   12   ||    9    |
| grp_access_fu_121 |  p0  |   2  |   6  |   12   ||    9    |
| grp_access_fu_134 |  p0  |   2  |   7  |   14   ||    9    |
|     grp_fu_252    |  p0  |   2  |  16  |   32   ||    9    |
|     grp_fu_252    |  p1  |   3  |  16  |   48   ||    14   |
|     grp_fu_260    |  p0  |   2  |  16  |   32   ||    9    |
|     grp_fu_260    |  p1  |   2  |  16  |   32   ||    9    |
|-------------------|------|------|------|--------||---------||---------|
|       Total       |      |      |      |   196  || 12.8233 ||    77   |
|-------------------|------|------|------|--------||---------||---------|



* Summary:
+-----------+--------+--------+--------+--------+
|           |   DSP  |  Delay |   FF   |   LUT  |
+-----------+--------+--------+--------+--------+
|  Function |    2   |    -   |    0   |   60   |
|   Memory  |    -   |    -   |    -   |    -   |
|Multiplexer|    -   |   12   |    -   |   77   |
|  Register |    -   |    -   |   282  |    -   |
+-----------+--------+--------+--------+--------+
|   Total   |    2   |   12   |   282  |   137  |
+-----------+--------+--------+--------+--------+
