

================================================================
== Vitis HLS Report for 'fir_Pipeline_MAC_Loop'
================================================================
* Date:           Fri May  1 13:57:34 2026

* Version:        2023.2 (Build 4023990 on Oct 11 2023)
* Project:        fir128
* Solution:       solution1 (Vivado IP Flow Target)
* Product family: zynq
* Target device:  xc7z010-clg400-1


================================================================
== Performance Estimates
================================================================
+ Timing: 
    * Summary: 
    +--------+----------+----------+------------+
    |  Clock |  Target  | Estimated| Uncertainty|
    +--------+----------+----------+------------+
    |ap_clk  |  10.00 ns|  6.712 ns|     2.70 ns|
    +--------+----------+----------+------------+

+ Latency: 
    * Summary: 
    +---------+---------+----------+----------+-----+-----+---------+
    |  Latency (cycles) |  Latency (absolute) |  Interval | Pipeline|
    |   min   |   max   |    min   |    max   | min | max |   Type  |
    +---------+---------+----------+----------+-----+-----+---------+
    |      133|      133|  1.330 us|  1.330 us|  133|  133|       no|
    +---------+---------+----------+----------+-----+-----+---------+

    + Detail: 
        * Instance: 
        N/A

        * Loop: 
        +------------+---------+---------+----------+-----------+-----------+------+----------+
        |            |  Latency (cycles) | Iteration|  Initiation Interval  | Trip |          |
        |  Loop Name |   min   |   max   |  Latency |  achieved |   target  | Count| Pipelined|
        +------------+---------+---------+----------+-----------+-----------+------+----------+
        |- MAC_Loop  |      131|      131|         5|          1|          1|   128|       yes|
        +------------+---------+---------+----------+-----------+-----------+------+----------+



================================================================
== Utilization Estimates
================================================================
* Summary: 
+-----------------+---------+----+-------+-------+-----+
|       Name      | BRAM_18K| DSP|   FF  |  LUT  | URAM|
+-----------------+---------+----+-------+-------+-----+
|DSP              |        -|   1|      -|      -|    -|
|Expression       |        -|   -|      0|     45|    -|
|FIFO             |        -|   -|      -|      -|    -|
|Instance         |        -|   -|      -|      -|    -|
|Memory           |        0|   -|      5|     10|    -|
|Multiplexer      |        -|   -|      -|     54|    -|
|Register         |        -|   -|    109|     32|    -|
+-----------------+---------+----+-------+-------+-----+
|Total            |        0|   1|    114|    141|    0|
+-----------------+---------+----+-------+-------+-----+
|Available        |      120|  80|  35200|  17600|    0|
+-----------------+---------+----+-------+-------+-----+
|Utilization (%)  |        0|   1|     ~0|     ~0|    0|
+-----------------+---------+----+-------+-------+-----+

+ Detail: 
    * Instance: 
    N/A

    * DSP: 
    +---------------------------------+------------------------------+--------------+
    |             Instance            |            Module            |  Expression  |
    +---------------------------------+------------------------------+--------------+
    |mac_muladd_5s_16s_27s_27_4_1_U1  |mac_muladd_5s_16s_27s_27_4_1  |  i0 * i1 + i2|
    +---------------------------------+------------------------------+--------------+

    * Memory: 
    +-------+-------------------------------------+---------+---+----+-----+------+-----+------+-------------+
    | Memory|                Module               | BRAM_18K| FF| LUT| URAM| Words| Bits| Banks| W*Bits*Banks|
    +-------+-------------------------------------+---------+---+----+-----+------+-----+------+-------------+
    |c_U    |fir_Pipeline_MAC_Loop_c_ROM_AUTO_1R  |        0|  5|  10|    0|   128|    5|     1|          640|
    +-------+-------------------------------------+---------+---+----+-----+------+-----+------+-------------+
    |Total  |                                     |        0|  5|  10|    0|   128|    5|     1|          640|
    +-------+-------------------------------------+---------+---+----+-----+------+-----+------+-------------+

    * FIFO: 
    N/A

    * Expression: 
    +---------------------+----------+----+---+----+------------+------------+
    |    Variable Name    | Operation| DSP| FF| LUT| Bitwidth P0| Bitwidth P1|
    +---------------------+----------+----+---+----+------------+------------+
    |add_ln28_fu_118_p2   |         +|   0|  0|  15|           8|           1|
    |idx_fu_133_p2        |         -|   0|  0|  14|           7|           7|
    |icmp_ln28_fu_112_p2  |      icmp|   0|  0|  14|           8|           9|
    |ap_enable_pp0        |       xor|   0|  0|   2|           1|           2|
    +---------------------+----------+----+---+----+------------+------------+
    |Total                |          |   0|  0|  45|          24|          19|
    +---------------------+----------+----+---+----+------------+------------+

    * Multiplexer: 
    +-------------------------+----+-----------+-----+-----------+
    |           Name          | LUT| Input Size| Bits| Total Bits|
    +-------------------------+----+-----------+-----+-----------+
    |acc_fu_52                |   9|          2|   27|         54|
    |ap_done_int              |   9|          2|    1|          2|
    |ap_enable_reg_pp0_iter4  |   9|          2|    1|          2|
    |ap_sig_allocacmp_acc_2   |   9|          2|   27|         54|
    |ap_sig_allocacmp_i_1     |   9|          2|    8|         16|
    |i_fu_56                  |   9|          2|    8|         16|
    +-------------------------+----+-----------+-----+-----------+
    |Total                    |  54|         12|   72|        144|
    +-------------------------+----+-----------+-----+-----------+

    * Register: 
    +----------------------------------+----+----+-----+-----------+
    |               Name               | FF | LUT| Bits| Const Bits|
    +----------------------------------+----+----+-----+-----------+
    |acc_fu_52                         |  27|   0|   27|          0|
    |ap_CS_fsm                         |   1|   0|    1|          0|
    |ap_done_reg                       |   1|   0|    1|          0|
    |ap_enable_reg_pp0_iter1           |   1|   0|    1|          0|
    |ap_enable_reg_pp0_iter2           |   1|   0|    1|          0|
    |ap_enable_reg_pp0_iter3           |   1|   0|    1|          0|
    |ap_enable_reg_pp0_iter4           |   1|   0|    1|          0|
    |ap_loop_exit_ready_pp0_iter1_reg  |   1|   0|    1|          0|
    |ap_loop_exit_ready_pp0_iter2_reg  |   1|   0|    1|          0|
    |ap_loop_exit_ready_pp0_iter3_reg  |   1|   0|    1|          0|
    |i_fu_56                           |   8|   0|    8|          0|
    |icmp_ln28_reg_192                 |   1|   0|    1|          0|
    |icmp_ln28_reg_192                 |  64|  32|    1|          0|
    +----------------------------------+----+----+-----+-----------+
    |Total                             | 109|  32|   46|          0|
    +----------------------------------+----+----+-----+-----------+



================================================================
== Interface
================================================================
* Summary: 
+--------------------+-----+-----+------------+-----------------------+--------------+
|      RTL Ports     | Dir | Bits|  Protocol  |     Source Object     |    C Type    |
+--------------------+-----+-----+------------+-----------------------+--------------+
|ap_clk              |   in|    1|  ap_ctrl_hs|  fir_Pipeline_MAC_Loop|  return value|
|ap_rst              |   in|    1|  ap_ctrl_hs|  fir_Pipeline_MAC_Loop|  return value|
|ap_start            |   in|    1|  ap_ctrl_hs|  fir_Pipeline_MAC_Loop|  return value|
|ap_done             |  out|    1|  ap_ctrl_hs|  fir_Pipeline_MAC_Loop|  return value|
|ap_idle             |  out|    1|  ap_ctrl_hs|  fir_Pipeline_MAC_Loop|  return value|
|ap_ready            |  out|    1|  ap_ctrl_hs|  fir_Pipeline_MAC_Loop|  return value|
|ptr_load            |   in|    7|     ap_none|               ptr_load|        scalar|
|acc_out             |  out|   16|      ap_vld|                acc_out|       pointer|
|acc_out_ap_vld      |  out|    1|      ap_vld|                acc_out|       pointer|
|shift_reg_address0  |  out|    7|   ap_memory|              shift_reg|         array|
|shift_reg_ce0       |  out|    1|   ap_memory|              shift_reg|         array|
|shift_reg_q0        |   in|   16|   ap_memory|              shift_reg|         array|
+--------------------+-----+-----+------------+-----------------------+--------------+

============================================================
+ Verbose Summary: Synthesis Manager
============================================================
InlineROM: 1
ExposeGlobal: 0
============================================================
+ Verbose Summary: CDFG Model
============================================================
IsTopModel: 0
ResetActiveHigh: 1
IsCombinational: 2
IsDatapathOnly: 2
HasWiredReturn: 1
HasMFsm: 2
HasVarLatency: 1
IsPipeline: 0
IsRtlPipelined: 0
IsInstanceOverlapped: 0
IsDontTouch: 0
HasImplIP: 0
IsGatedGlobalClock: 0

+ Individual pipeline summary: 
  * Pipeline-0: initiation interval (II) = 1, depth = 5


============================================================
+ Verbose Summary: Schedule
============================================================
* Number of FSM states : 5
* Pipeline : 1
  Pipeline-0 : II = 1, D = 5, States = { 1 2 3 4 5 }
* Dataflow Pipeline: 0

* FSM state transitions: 
1 --> 2 
2 --> 3 
3 --> 4 
4 --> 5 
5 --> 

* FSM state operations: 

State 1 <SV = 0> <Delay = 6.71>
ST_1 : Operation 8 [1/1] (0.00ns)   --->   "%acc = alloca i32 1" [fir.cpp:25]   --->   Operation 8 'alloca' 'acc' <Predicate = true> <Delay = 0.00>
ST_1 : Operation 9 [1/1] (0.00ns)   --->   "%i = alloca i32 1" [fir.cpp:28]   --->   Operation 9 'alloca' 'i' <Predicate = true> <Delay = 0.00>
ST_1 : Operation 10 [1/1] (0.00ns)   --->   "%ptr_load_read = read i7 @_ssdm_op_Read.ap_auto.i7, i7 %ptr_load"   --->   Operation 10 'read' 'ptr_load_read' <Predicate = true> <Delay = 0.00>
ST_1 : Operation 11 [1/1] (1.58ns)   --->   "%store_ln28 = store i8 0, i8 %i" [fir.cpp:28]   --->   Operation 11 'store' 'store_ln28' <Predicate = true> <Delay = 1.58>
ST_1 : Operation 12 [1/1] (1.58ns)   --->   "%store_ln25 = store i27 0, i27 %acc" [fir.cpp:25]   --->   Operation 12 'store' 'store_ln25' <Predicate = true> <Delay = 1.58>
ST_1 : Operation 13 [1/1] (0.00ns)   --->   "%br_ln0 = br void %for.inc"   --->   Operation 13 'br' 'br_ln0' <Predicate = true> <Delay = 0.00>
ST_1 : Operation 14 [1/1] (0.00ns)   --->   "%i_1 = load i8 %i" [fir.cpp:31]   --->   Operation 14 'load' 'i_1' <Predicate = true> <Delay = 0.00>
ST_1 : Operation 15 [1/1] (1.91ns)   --->   "%icmp_ln28 = icmp_eq  i8 %i_1, i8 128" [fir.cpp:28]   --->   Operation 15 'icmp' 'icmp_ln28' <Predicate = true> <Delay = 1.91> <CoreInst = "Cmp">   --->   Core 9 'Cmp' <Latency = 0> <II = 1> <Delay = 1.82> <FuncUnit> <Opcode : 'icmp'> <InPorts = 2> <OutPorts = 1>
ST_1 : Operation 16 [1/1] (1.91ns)   --->   "%add_ln28 = add i8 %i_1, i8 1" [fir.cpp:28]   --->   Operation 16 'add' 'add_ln28' <Predicate = true> <Delay = 1.91> <CoreInst = "Adder">   --->   Core 1 'Adder' <Latency = 0> <II = 1> <Delay = 1.91> <FuncUnit> <Opcode : 'add' 'sub'> <InPorts = 2> <OutPorts = 1>
ST_1 : Operation 17 [1/1] (0.00ns)   --->   "%br_ln28 = br i1 %icmp_ln28, void %fpga_resource_hint.for.inc.0, void %for.end.exitStub" [fir.cpp:28]   --->   Operation 17 'br' 'br_ln28' <Predicate = true> <Delay = 0.00>
ST_1 : Operation 18 [1/1] (0.00ns)   --->   "%zext_ln28 = zext i8 %i_1" [fir.cpp:28]   --->   Operation 18 'zext' 'zext_ln28' <Predicate = (!icmp_ln28)> <Delay = 0.00>
ST_1 : Operation 19 [1/1] (0.00ns)   --->   "%trunc_ln31 = trunc i8 %i_1" [fir.cpp:31]   --->   Operation 19 'trunc' 'trunc_ln31' <Predicate = (!icmp_ln28)> <Delay = 0.00>
ST_1 : Operation 20 [1/1] (1.87ns)   --->   "%idx = sub i7 %ptr_load_read, i7 %trunc_ln31" [fir.cpp:31]   --->   Operation 20 'sub' 'idx' <Predicate = (!icmp_ln28)> <Delay = 1.87> <CoreInst = "Adder">   --->   Core 1 'Adder' <Latency = 0> <II = 1> <Delay = 1.87> <FuncUnit> <Opcode : 'add' 'sub'> <InPorts = 2> <OutPorts = 1>
ST_1 : Operation 21 [1/1] (0.00ns)   --->   "%zext_ln32 = zext i7 %idx" [fir.cpp:32]   --->   Operation 21 'zext' 'zext_ln32' <Predicate = (!icmp_ln28)> <Delay = 0.00>
ST_1 : Operation 22 [1/1] (0.00ns)   --->   "%shift_reg_addr = getelementptr i16 %shift_reg, i64 0, i64 %zext_ln32" [fir.cpp:32]   --->   Operation 22 'getelementptr' 'shift_reg_addr' <Predicate = (!icmp_ln28)> <Delay = 0.00>
ST_1 : Operation 23 [2/2] (3.25ns)   --->   "%shift_reg_load = load i7 %shift_reg_addr" [fir.cpp:32]   --->   Operation 23 'load' 'shift_reg_load' <Predicate = (!icmp_ln28)> <Delay = 3.25> <CoreInst = "RAM">   --->   Core 82 'RAM' <Latency = 1> <II = 1> <Delay = 3.25> <Storage> <Opcode : 'load' 'store'> <Ports = 2> <Width = 16> <Depth = 128> <RAM>
ST_1 : Operation 24 [1/1] (0.00ns)   --->   "%c_addr = getelementptr i5 %c, i64 0, i64 %zext_ln28" [fir.cpp:32]   --->   Operation 24 'getelementptr' 'c_addr' <Predicate = (!icmp_ln28)> <Delay = 0.00>
ST_1 : Operation 25 [2/2] (2.32ns)   --->   "%c_load = load i7 %c_addr" [fir.cpp:32]   --->   Operation 25 'load' 'c_load' <Predicate = (!icmp_ln28)> <Delay = 2.32> <CoreInst = "ROM">   --->   Core 95 'ROM' <Latency = 1> <II = 1> <Delay = 2.32> <Storage> <Opcode : 'load'> <Ports = 0> <Width = 5> <Depth = 128> <ROM>
ST_1 : Operation 26 [1/1] (1.58ns)   --->   "%store_ln28 = store i8 %add_ln28, i8 %i" [fir.cpp:28]   --->   Operation 26 'store' 'store_ln28' <Predicate = (!icmp_ln28)> <Delay = 1.58>

State 2 <SV = 1> <Delay = 4.30>
ST_2 : Operation 27 [1/2] (3.25ns)   --->   "%shift_reg_load = load i7 %shift_reg_addr" [fir.cpp:32]   --->   Operation 27 'load' 'shift_reg_load' <Predicate = (!icmp_ln28)> <Delay = 3.25> <CoreInst = "RAM">   --->   Core 82 'RAM' <Latency = 1> <II = 1> <Delay = 3.25> <Storage> <Opcode : 'load' 'store'> <Ports = 2> <Width = 16> <Depth = 128> <RAM>
ST_2 : Operation 28 [1/1] (0.00ns)   --->   "%sext_ln32 = sext i16 %shift_reg_load" [fir.cpp:32]   --->   Operation 28 'sext' 'sext_ln32' <Predicate = (!icmp_ln28)> <Delay = 0.00>
ST_2 : Operation 29 [1/2] (2.32ns)   --->   "%c_load = load i7 %c_addr" [fir.cpp:32]   --->   Operation 29 'load' 'c_load' <Predicate = (!icmp_ln28)> <Delay = 2.32> <CoreInst = "ROM">   --->   Core 95 'ROM' <Latency = 1> <II = 1> <Delay = 2.32> <Storage> <Opcode : 'load'> <Ports = 0> <Width = 5> <Depth = 128> <ROM>
ST_2 : Operation 30 [1/1] (0.00ns)   --->   "%sext_ln32_1 = sext i5 %c_load" [fir.cpp:32]   --->   Operation 30 'sext' 'sext_ln32_1' <Predicate = (!icmp_ln28)> <Delay = 0.00>
ST_2 : Operation 31 [3/3] (1.05ns) (grouped into DSP with root node acc_3)   --->   "%mul_ln32 = mul i21 %sext_ln32_1, i21 %sext_ln32" [fir.cpp:32]   --->   Operation 31 'mul' 'mul_ln32' <Predicate = (!icmp_ln28)> <Delay = 1.05> <CoreInst = "DSP48">   --->   Core 119 'DSP48' <Latency = 3> <II = 1> <Delay = 2.15> <IPBlock> <Opcode : '' 'add' 'sub' 'mul' 'select'> <InPorts = 0> <OutPorts = 1> <Sync> <CReg>

State 3 <SV = 2> <Delay = 1.05>
ST_3 : Operation 32 [2/3] (1.05ns) (grouped into DSP with root node acc_3)   --->   "%mul_ln32 = mul i21 %sext_ln32_1, i21 %sext_ln32" [fir.cpp:32]   --->   Operation 32 'mul' 'mul_ln32' <Predicate = (!icmp_ln28)> <Delay = 1.05> <CoreInst = "DSP48">   --->   Core 119 'DSP48' <Latency = 3> <II = 1> <Delay = 2.15> <IPBlock> <Opcode : '' 'add' 'sub' 'mul' 'select'> <InPorts = 0> <OutPorts = 1> <Sync> <CReg>

State 4 <SV = 3> <Delay = 2.10>
ST_4 : Operation 33 [1/1] (0.00ns)   --->   "%acc_2 = load i27 %acc" [fir.cpp:28]   --->   Operation 33 'load' 'acc_2' <Predicate = true> <Delay = 0.00>
ST_4 : Operation 34 [1/1] (0.00ns)   --->   "%trunc_ln28 = trunc i27 %acc_2" [fir.cpp:28]   --->   Operation 34 'trunc' 'trunc_ln28' <Predicate = true> <Delay = 0.00>
ST_4 : Operation 35 [1/3] (0.00ns) (grouped into DSP with root node acc_3)   --->   "%mul_ln32 = mul i21 %sext_ln32_1, i21 %sext_ln32" [fir.cpp:32]   --->   Operation 35 'mul' 'mul_ln32' <Predicate = (!icmp_ln28)> <Delay = 0.00> <CoreInst = "DSP48">   --->   Core 119 'DSP48' <Latency = 3> <II = 1> <Delay = 2.15> <IPBlock> <Opcode : '' 'add' 'sub' 'mul' 'select'> <InPorts = 0> <OutPorts = 1> <Sync> <CReg>
ST_4 : Operation 36 [1/1] (0.00ns) (grouped into DSP with root node acc_3)   --->   "%sext_ln30 = sext i21 %mul_ln32" [fir.cpp:30]   --->   Operation 36 'sext' 'sext_ln30' <Predicate = (!icmp_ln28)> <Delay = 0.00>
ST_4 : Operation 37 [1/1] (0.00ns)   --->   "%specfucore_ln30 = specfucore void @_ssdm_op_SpecFUCore, i21 %mul_ln32, i64 12, i64 3, i64 18446744073709551615" [fir.cpp:30]   --->   Operation 37 'specfucore' 'specfucore_ln30' <Predicate = (!icmp_ln28)> <Delay = 0.00>
ST_4 : Operation 38 [2/2] (2.10ns) (root node of the DSP)   --->   "%acc_3 = add i27 %sext_ln30, i27 %acc_2" [fir.cpp:32]   --->   Operation 38 'add' 'acc_3' <Predicate = (!icmp_ln28)> <Delay = 2.10> <CoreInst = "DSP48">   --->   Core 119 'DSP48' <Latency = 3> <II = 1> <Delay = 2.15> <IPBlock> <Opcode : '' 'add' 'sub' 'mul' 'select'> <InPorts = 0> <OutPorts = 1> <Sync> <CReg>
ST_4 : Operation 47 [1/1] (0.00ns)   --->   "%write_ln28 = write void @_ssdm_op_Write.ap_auto.i16P0A, i16 %acc_out, i16 %trunc_ln28" [fir.cpp:28]   --->   Operation 47 'write' 'write_ln28' <Predicate = (icmp_ln28)> <Delay = 0.00>
ST_4 : Operation 48 [1/1] (0.00ns)   --->   "%ret_ln0 = ret"   --->   Operation 48 'ret' 'ret_ln0' <Predicate = (icmp_ln28)> <Delay = 0.00>

State 5 <SV = 4> <Delay = 3.68>
ST_5 : Operation 39 [1/1] (0.00ns)   --->   "%specpipeline_ln29 = specpipeline void @_ssdm_op_SpecPipeline, i32 1, i32 0, i32 0, i32 0, void @empty_2" [fir.cpp:29]   --->   Operation 39 'specpipeline' 'specpipeline_ln29' <Predicate = true> <Delay = 0.00>
ST_5 : Operation 40 [1/1] (0.00ns)   --->   "%speclooptripcount_ln25 = speclooptripcount void @_ssdm_op_SpecLoopTripCount, i64 128, i64 128, i64 128" [fir.cpp:25]   --->   Operation 40 'speclooptripcount' 'speclooptripcount_ln25' <Predicate = true> <Delay = 0.00>
ST_5 : Operation 41 [1/1] (0.00ns)   --->   "%specloopname_ln28 = specloopname void @_ssdm_op_SpecLoopName, void @empty_7" [fir.cpp:28]   --->   Operation 41 'specloopname' 'specloopname_ln28' <Predicate = true> <Delay = 0.00>
ST_5 : Operation 42 [1/1] (0.00ns)   --->   "%rbegin = specregionbegin i32 @_ssdm_op_SpecRegionBegin, void @empty" [fir.cpp:31]   --->   Operation 42 'specregionbegin' 'rbegin' <Predicate = true> <Delay = 0.00>
ST_5 : Operation 43 [1/2] (2.10ns) (root node of the DSP)   --->   "%acc_3 = add i27 %sext_ln30, i27 %acc_2" [fir.cpp:32]   --->   Operation 43 'add' 'acc_3' <Predicate = true> <Delay = 2.10> <CoreInst = "DSP48">   --->   Core 119 'DSP48' <Latency = 3> <II = 1> <Delay = 2.15> <IPBlock> <Opcode : '' 'add' 'sub' 'mul' 'select'> <InPorts = 0> <OutPorts = 1> <Sync> <CReg>
ST_5 : Operation 44 [1/1] (0.00ns)   --->   "%rend = specregionend i32 @_ssdm_op_SpecRegionEnd, void @empty, i32 %rbegin" [fir.cpp:32]   --->   Operation 44 'specregionend' 'rend' <Predicate = true> <Delay = 0.00>
ST_5 : Operation 45 [1/1] (1.58ns)   --->   "%store_ln25 = store i27 %acc_3, i27 %acc" [fir.cpp:25]   --->   Operation 45 'store' 'store_ln25' <Predicate = true> <Delay = 1.58>
ST_5 : Operation 46 [1/1] (0.00ns)   --->   "%br_ln28 = br void %for.inc" [fir.cpp:28]   --->   Operation 46 'br' 'br_ln28' <Predicate = true> <Delay = 0.00>


============================================================
+ Verbose Summary: Binding
============================================================
STG Binding: 
---------------- STG Properties BEGIN ----------------
- Is combinational: 0
- Is one-state seq: 0
- Is datapath-only: 0
- Is pipelined: 0
- Is top level: 0
Port [ Return ] is wired: 1; IO mode=ap_ctrl_hs:ce=0
Port [ ptr_load]:  wired=1; compound=0; hidden=0; nouse=0; global=0; static=0; extern=0; dir=0; type=0; pingpong=0; private_global=0; IO mode=ap_none:ce=0
Port [ acc_out]:  wired=1; compound=0; hidden=0; nouse=0; global=0; static=0; extern=0; dir=1; type=0; pingpong=0; private_global=0; IO mode=ap_vld:ce=0
Port [ shift_reg]:  wired=1; compound=1; hidden=0; nouse=0; global=1; static=1; extern=0; dir=0; type=1; pingpong=0; private_global=0; MemPort=[13]; IO mode=ap_memory:ce=0
Port [ c]:  wired=0; compound=1; hidden=1; nouse=0; global=1; static=1; extern=0; dir=0; type=1; pingpong=0; private_global=1; MemPort=[1]; IO mode=ap_memory:ce=0
---------------- STG Properties END ------------------

---------------- Datapath Model BEGIN ----------------

<LifeTime>
<method=bitvector/>
acc                    (alloca           ) [ 011111]
i                      (alloca           ) [ 010000]
ptr_load_read          (read             ) [ 000000]
store_ln28             (store            ) [ 000000]
store_ln25             (store            ) [ 000000]
br_ln0                 (br               ) [ 000000]
i_1                    (load             ) [ 000000]
icmp_ln28              (icmp             ) [ 011110]
add_ln28               (add              ) [ 000000]
br_ln28                (br               ) [ 000000]
zext_ln28              (zext             ) [ 000000]
trunc_ln31             (trunc            ) [ 000000]
idx                    (sub              ) [ 000000]
zext_ln32              (zext             ) [ 000000]
shift_reg_addr         (getelementptr    ) [ 011000]
c_addr                 (getelementptr    ) [ 011000]
store_ln28             (store            ) [ 000000]
shift_reg_load         (load             ) [ 000000]
sext_ln32              (sext             ) [ 010110]
c_load                 (load             ) [ 000000]
sext_ln32_1            (sext             ) [ 010110]
acc_2                  (load             ) [ 010001]
trunc_ln28             (trunc            ) [ 000000]
mul_ln32               (mul              ) [ 000000]
sext_ln30              (sext             ) [ 010001]
specfucore_ln30        (specfucore       ) [ 000000]
specpipeline_ln29      (specpipeline     ) [ 000000]
speclooptripcount_ln25 (speclooptripcount) [ 000000]
specloopname_ln28      (specloopname     ) [ 000000]
rbegin                 (specregionbegin  ) [ 000000]
acc_3                  (add              ) [ 000000]
rend                   (specregionend    ) [ 000000]
store_ln25             (store            ) [ 000000]
br_ln28                (br               ) [ 000000]
write_ln28             (write            ) [ 000000]
ret_ln0                (ret              ) [ 000000]
</LifeTime>

<model>

<comp_list>
<comp id="0" class="1000" name="ptr_load">
<pin_list>
<pin id="1" dir="1" index="0" bw="1" slack="0"/>
</pin_list>
<bind>
<StgValue><ssdm name="ptr_load"/></StgValue>
</bind>
</comp>

<comp id="2" class="1000" name="acc_out">
<pin_list>
<pin id="3" dir="1" index="0" bw="1" slack="0"/>
</pin_list>
<bind>
<StgValue><ssdm name="acc_out"/></StgValue>
</bind>
</comp>

<comp id="4" class="1000" name="shift_reg">
<pin_list>
<pin id="5" dir="1" index="0" bw="1" slack="0"/>
</pin_list>
<bind>
<StgValue><ssdm name="shift_reg"/><MemPortTyVec>1 3 </MemPortTyVec>
</StgValue>
</bind>
</comp>

<comp id="6" class="1000" name="c">
<pin_list>
<pin id="7" dir="1" index="0" bw="1" slack="0"/>
</pin_list>
<bind>
<StgValue><ssdm name="c"/><MemPortTyVec>1 </MemPortTyVec>
</StgValue>
</bind>
</comp>

<comp id="8" class="1001" name="const_8">
<pin_list>
<pin id="9" dir="1" index="0" bw="1" slack="0"/>
</pin_list>
<bind>
<StgValue><ssdm name=""/></StgValue>
</bind>
</comp>

<comp id="10" class="1001" name="const_10">
<pin_list>
<pin id="11" dir="1" index="0" bw="1" slack="0"/>
</pin_list>
<bind>
<StgValue><ssdm name="_ssdm_op_Read.ap_auto.i7"/></StgValue>
</bind>
</comp>

<comp id="12" class="1001" name="const_12">
<pin_list>
<pin id="13" dir="1" index="0" bw="1" slack="0"/>
</pin_list>
<bind>
<StgValue><ssdm name=""/></StgValue>
</bind>
</comp>

<comp id="14" class="1001" name="const_14">
<pin_list>
<pin id="15" dir="1" index="0" bw="1" slack="0"/>
</pin_list>
<bind>
<StgValue><ssdm name=""/></StgValue>
</bind>
</comp>

<comp id="16" class="1001" name="const_16">
<pin_list>
<pin id="17" dir="1" index="0" bw="1" slack="0"/>
</pin_list>
<bind>
<StgValue><ssdm name=""/></StgValue>
</bind>
</comp>

<comp id="18" class="1001" name="const_18">
<pin_list>
<pin id="19" dir="1" index="0" bw="1" slack="0"/>
</pin_list>
<bind>
<StgValue><ssdm name=""/></StgValue>
</bind>
</comp>

<comp id="20" class="1001" name="const_20">
<pin_list>
<pin id="21" dir="1" index="0" bw="1" slack="0"/>
</pin_list>
<bind>
<StgValue><ssdm name=""/></StgValue>
</bind>
</comp>

<comp id="22" class="1001" name="const_22">
<pin_list>
<pin id="23" dir="1" index="0" bw="1" slack="2147483647"/>
</pin_list>
<bind>
<StgValue><ssdm name="_ssdm_op_SpecFUCore"/></StgValue>
</bind>
</comp>

<comp id="24" class="1001" name="const_24">
<pin_list>
<pin id="25" dir="1" index="0" bw="1" slack="2147483647"/>
</pin_list>
<bind>
<StgValue><ssdm name=""/></StgValue>
</bind>
</comp>

<comp id="26" class="1001" name="const_26">
<pin_list>
<pin id="27" dir="1" index="0" bw="1" slack="2147483647"/>
</pin_list>
<bind>
<StgValue><ssdm name=""/></StgValue>
</bind>
</comp>

<comp id="28" class="1001" name="const_28">
<pin_list>
<pin id="29" dir="1" index="0" bw="1" slack="2147483647"/>
</pin_list>
<bind>
<StgValue><ssdm name=""/></StgValue>
</bind>
</comp>

<comp id="30" class="1001" name="const_30">
<pin_list>
<pin id="31" dir="1" index="0" bw="1" slack="2147483647"/>
</pin_list>
<bind>
<StgValue><ssdm name="_ssdm_op_SpecPipeline"/></StgValue>
</bind>
</comp>

<comp id="32" class="1001" name="const_32">
<pin_list>
<pin id="33" dir="1" index="0" bw="1" slack="2147483647"/>
</pin_list>
<bind>
<StgValue><ssdm name=""/></StgValue>
</bind>
</comp>

<comp id="34" class="1001" name="const_34">
<pin_list>
<pin id="35" dir="1" index="0" bw="1" slack="2147483647"/>
</pin_list>
<bind>
<StgValue><ssdm name="empty_2"/></StgValue>
</bind>
</comp>

<comp id="36" class="1001" name="const_36">
<pin_list>
<pin id="37" dir="1" index="0" bw="1" slack="2147483647"/>
</pin_list>
<bind>
<StgValue><ssdm name="_ssdm_op_SpecLoopTripCount"/></StgValue>
</bind>
</comp>

<comp id="38" class="1001" name="const_38">
<pin_list>
<pin id="39" dir="1" index="0" bw="1" slack="2147483647"/>
</pin_list>
<bind>
<StgValue><ssdm name=""/></StgValue>
</bind>
</comp>

<comp id="40" class="1001" name="const_40">
<pin_list>
<pin id="41" dir="1" index="0" bw="1" slack="2147483647"/>
</pin_list>
<bind>
<StgValue><ssdm name="_ssdm_op_SpecLoopName"/></StgValue>
</bind>
</comp>

<comp id="42" class="1001" name="const_42">
<pin_list>
<pin id="43" dir="1" index="0" bw="1" slack="2147483647"/>
</pin_list>
<bind>
<StgValue><ssdm name="empty_7"/></StgValue>
</bind>
</comp>

<comp id="44" class="1001" name="const_44">
<pin_list>
<pin id="45" dir="1" index="0" bw="1" slack="2147483647"/>
</pin_list>
<bind>
<StgValue><ssdm name="_ssdm_op_SpecRegionBegin"/></StgValue>
</bind>
</comp>

<comp id="46" class="1001" name="const_46">
<pin_list>
<pin id="47" dir="1" index="0" bw="1" slack="2147483647"/>
</pin_list>
<bind>
<StgValue><ssdm name="empty"/></StgValue>
</bind>
</comp>

<comp id="48" class="1001" name="const_48">
<pin_list>
<pin id="49" dir="1" index="0" bw="1" slack="2147483647"/>
</pin_list>
<bind>
<StgValue><ssdm name="_ssdm_op_SpecRegionEnd"/></StgValue>
</bind>
</comp>

<comp id="50" class="1001" name="const_50">
<pin_list>
<pin id="51" dir="1" index="0" bw="1" slack="0"/>
</pin_list>
<bind>
<StgValue><ssdm name="_ssdm_op_Write.ap_auto.i16P0A"/></StgValue>
</bind>
</comp>

<comp id="52" class="1004" name="acc_fu_52">
<pin_list>
<pin id="53" dir="0" index="0" bw="1" slack="0"/>
<pin id="54" dir="1" index="1" bw="27" slack="0"/>
</pin_list>
<bind>
<opcode="alloca(26) " fcode="alloca"/>
<opset="acc/1 "/>
</bind>
</comp>

<comp id="56" class="1004" name="i_fu_56">
<pin_list>
<pin id="57" dir="0" index="0" bw="1" slack="0"/>
<pin id="58" dir="1" index="1" bw="8" slack="0"/>
</pin_list>
<bind>
<opcode="alloca(26) " fcode="alloca"/>
<opset="i/1 "/>
</bind>
</comp>

<comp id="60" class="1004" name="ptr_load_read_read_fu_60">
<pin_list>
<pin id="61" dir="0" index="0" bw="7" slack="0"/>
<pin id="62" dir="0" index="1" bw="7" slack="0"/>
<pin id="63" dir="1" index="2" bw="7" slack="0"/>
</pin_list>
<bind>
<opcode="read(1150) " fcode="read"/>
<opset="ptr_load_read/1 "/>
</bind>
</comp>

<comp id="66" class="1004" name="write_ln28_write_fu_66">
<pin_list>
<pin id="67" dir="0" index="0" bw="0" slack="0"/>
<pin id="68" dir="0" index="1" bw="16" slack="0"/>
<pin id="69" dir="0" index="2" bw="16" slack="0"/>
<pin id="70" dir="1" index="3" bw="0" slack="2147483647"/>
</pin_list>
<bind>
<opcode="write(1151) " fcode="write"/>
<opset="write_ln28/4 "/>
</bind>
</comp>

<comp id="73" class="1004" name="shift_reg_addr_gep_fu_73">
<pin_list>
<pin id="74" dir="0" index="0" bw="16" slack="0"/>
<pin id="75" dir="0" index="1" bw="1" slack="0"/>
<pin id="76" dir="0" index="2" bw="7" slack="0"/>
<pin id="77" dir="1" index="3" bw="7" slack="0"/>
</pin_list>
<bind>
<opcode="getelementptr(29) " fcode="getelementptr"/>
<opset="shift_reg_addr/1 "/>
</bind>
</comp>

<comp id="80" class="1004" name="grp_access_fu_80">
<pin_list>
<pin id="81" dir="0" index="0" bw="7" slack="0"/>
<pin id="82" dir="0" index="1" bw="16" slack="2147483647"/>
<pin id="83" dir="0" index="2" bw="0" slack="2147483647"/>
<pin id="84" dir="1" index="3" bw="16" slack="0"/>
</pin_list>
<bind>
<opcode="load(27) " fcode="load"/>
<opset="shift_reg_load/1 "/>
</bind>
</comp>

<comp id="86" class="1004" name="c_addr_gep_fu_86">
<pin_list>
<pin id="87" dir="0" index="0" bw="5" slack="0"/>
<pin id="88" dir="0" index="1" bw="1" slack="0"/>
<pin id="89" dir="0" index="2" bw="8" slack="0"/>
<pin id="90" dir="1" index="3" bw="7" slack="0"/>
</pin_list>
<bind>
<opcode="getelementptr(29) " fcode="getelementptr"/>
<opset="c_addr/1 "/>
</bind>
</comp>

<comp id="93" class="1004" name="grp_access_fu_93">
<pin_list>
<pin id="94" dir="0" index="0" bw="7" slack="0"/>
<pin id="95" dir="0" index="1" bw="5" slack="2147483647"/>
<pin id="96" dir="0" index="2" bw="0" slack="2147483647"/>
<pin id="97" dir="1" index="3" bw="5" slack="0"/>
</pin_list>
<bind>
<opcode="load(27) " fcode="load"/>
<opset="c_load/1 "/>
</bind>
</comp>

<comp id="99" class="1004" name="store_ln28_store_fu_99">
<pin_list>
<pin id="100" dir="0" index="0" bw="1" slack="0"/>
<pin id="101" dir="0" index="1" bw="8" slack="0"/>
<pin id="102" dir="1" index="2" bw="0" slack="2147483647"/>
</pin_list>
<bind>
<opcode="store(28) " fcode="store"/>
<opset="store_ln28/1 "/>
</bind>
</comp>

<comp id="104" class="1004" name="store_ln25_store_fu_104">
<pin_list>
<pin id="105" dir="0" index="0" bw="1" slack="0"/>
<pin id="106" dir="0" index="1" bw="27" slack="0"/>
<pin id="107" dir="1" index="2" bw="0" slack="2147483647"/>
</pin_list>
<bind>
<opcode="store(28) " fcode="store"/>
<opset="store_ln25/1 "/>
</bind>
</comp>

<comp id="109" class="1004" name="i_1_load_fu_109">
<pin_list>
<pin id="110" dir="0" index="0" bw="8" slack="0"/>
<pin id="111" dir="1" index="1" bw="8" slack="0"/>
</pin_list>
<bind>
<opcode="load(27) " fcode="load"/>
<opset="i_1/1 "/>
</bind>
</comp>

<comp id="112" class="1004" name="icmp_ln28_fu_112">
<pin_list>
<pin id="113" dir="0" index="0" bw="8" slack="0"/>
<pin id="114" dir="0" index="1" bw="8" slack="0"/>
<pin id="115" dir="1" index="2" bw="1" slack="1"/>
</pin_list>
<bind>
<opcode="icmp(45) " fcode="icmp"/>
<opset="icmp_ln28/1 "/>
</bind>
</comp>

<comp id="118" class="1004" name="add_ln28_fu_118">
<pin_list>
<pin id="119" dir="0" index="0" bw="8" slack="0"/>
<pin id="120" dir="0" index="1" bw="1" slack="0"/>
<pin id="121" dir="1" index="2" bw="8" slack="0"/>
</pin_list>
<bind>
<opcode="add(8) " fcode="add"/>
<opset="add_ln28/1 "/>
</bind>
</comp>

<comp id="124" class="1004" name="zext_ln28_fu_124">
<pin_list>
<pin id="125" dir="0" index="0" bw="8" slack="0"/>
<pin id="126" dir="1" index="1" bw="64" slack="0"/>
</pin_list>
<bind>
<opcode="zext(34) " fcode="zext"/>
<opset="zext_ln28/1 "/>
</bind>
</comp>

<comp id="129" class="1004" name="trunc_ln31_fu_129">
<pin_list>
<pin id="130" dir="0" index="0" bw="8" slack="0"/>
<pin id="131" dir="1" index="1" bw="7" slack="0"/>
</pin_list>
<bind>
<opcode="trunc(33) " fcode="trunc"/>
<opset="trunc_ln31/1 "/>
</bind>
</comp>

<comp id="133" class="1004" name="idx_fu_133">
<pin_list>
<pin id="134" dir="0" index="0" bw="7" slack="0"/>
<pin id="135" dir="0" index="1" bw="7" slack="0"/>
<pin id="136" dir="1" index="2" bw="7" slack="0"/>
</pin_list>
<bind>
<opcode="sub(10) " fcode="sub"/>
<opset="idx/1 "/>
</bind>
</comp>

<comp id="139" class="1004" name="zext_ln32_fu_139">
<pin_list>
<pin id="140" dir="0" index="0" bw="7" slack="0"/>
<pin id="141" dir="1" index="1" bw="64" slack="0"/>
</pin_list>
<bind>
<opcode="zext(34) " fcode="zext"/>
<opset="zext_ln32/1 "/>
</bind>
</comp>

<comp id="144" class="1004" name="store_ln28_store_fu_144">
<pin_list>
<pin id="145" dir="0" index="0" bw="8" slack="0"/>
<pin id="146" dir="0" index="1" bw="8" slack="0"/>
<pin id="147" dir="1" index="2" bw="0" slack="2147483647"/>
</pin_list>
<bind>
<opcode="store(28) " fcode="store"/>
<opset="store_ln28/1 "/>
</bind>
</comp>

<comp id="149" class="1004" name="sext_ln32_fu_149">
<pin_list>
<pin id="150" dir="0" index="0" bw="16" slack="0"/>
<pin id="151" dir="1" index="1" bw="21" slack="0"/>
</pin_list>
<bind>
<opcode="sext(35) " fcode="sext"/>
<opset="sext_ln32/2 "/>
</bind>
</comp>

<comp id="153" class="1004" name="sext_ln32_1_fu_153">
<pin_list>
<pin id="154" dir="0" index="0" bw="5" slack="0"/>
<pin id="155" dir="1" index="1" bw="21" slack="0"/>
</pin_list>
<bind>
<opcode="sext(35) " fcode="sext"/>
<opset="sext_ln32_1/2 "/>
</bind>
</comp>

<comp id="157" class="1004" name="acc_2_load_fu_157">
<pin_list>
<pin id="158" dir="0" index="0" bw="27" slack="3"/>
<pin id="159" dir="1" index="1" bw="27" slack="0"/>
</pin_list>
<bind>
<opcode="load(27) " fcode="load"/>
<opset="acc_2/4 "/>
</bind>
</comp>

<comp id="160" class="1004" name="trunc_ln28_fu_160">
<pin_list>
<pin id="161" dir="0" index="0" bw="27" slack="0"/>
<pin id="162" dir="1" index="1" bw="16" slack="0"/>
</pin_list>
<bind>
<opcode="trunc(33) " fcode="trunc"/>
<opset="trunc_ln28/4 "/>
</bind>
</comp>

<comp id="165" class="1004" name="store_ln25_store_fu_165">
<pin_list>
<pin id="166" dir="0" index="0" bw="27" slack="0"/>
<pin id="167" dir="0" index="1" bw="27" slack="4"/>
<pin id="168" dir="1" index="2" bw="0" slack="2147483647"/>
</pin_list>
<bind>
<opcode="store(28) " fcode="store"/>
<opset="store_ln25/5 "/>
</bind>
</comp>

<comp id="169" class="1007" name="grp_fu_169">
<pin_list>
<pin id="170" dir="0" index="0" bw="5" slack="0"/>
<pin id="171" dir="0" index="1" bw="16" slack="0"/>
<pin id="172" dir="0" index="2" bw="27" slack="0"/>
<pin id="173" dir="1" index="3" bw="27" slack="0"/>
</pin_list>
<bind>
<opcode="muladd(1172) " fcode="muladd"/>
<opset="mul_ln32/2 sext_ln30/4 acc_3/4 "/>
</bind>
</comp>

<comp id="178" class="1005" name="acc_reg_178">
<pin_list>
<pin id="179" dir="0" index="0" bw="27" slack="0"/>
<pin id="180" dir="1" index="1" bw="27" slack="0"/>
</pin_list>
<bind>
<opset="acc "/>
</bind>
</comp>

<comp id="185" class="1005" name="i_reg_185">
<pin_list>
<pin id="186" dir="0" index="0" bw="8" slack="0"/>
<pin id="187" dir="1" index="1" bw="8" slack="0"/>
</pin_list>
<bind>
<opset="i "/>
</bind>
</comp>

<comp id="192" class="1005" name="icmp_ln28_reg_192">
<pin_list>
<pin id="193" dir="0" index="0" bw="1" slack="1"/>
<pin id="194" dir="1" index="1" bw="1" slack="2147483647"/>
</pin_list>
<bind>
<opset="icmp_ln28 "/>
</bind>
</comp>

<comp id="196" class="1005" name="shift_reg_addr_reg_196">
<pin_list>
<pin id="197" dir="0" index="0" bw="7" slack="1"/>
<pin id="198" dir="1" index="1" bw="7" slack="1"/>
</pin_list>
<bind>
<opset="shift_reg_addr "/>
</bind>
</comp>

<comp id="201" class="1005" name="c_addr_reg_201">
<pin_list>
<pin id="202" dir="0" index="0" bw="7" slack="1"/>
<pin id="203" dir="1" index="1" bw="7" slack="1"/>
</pin_list>
<bind>
<opset="c_addr "/>
</bind>
</comp>

<comp id="206" class="1005" name="sext_ln32_reg_206">
<pin_list>
<pin id="207" dir="0" index="0" bw="21" slack="1"/>
<pin id="208" dir="1" index="1" bw="21" slack="1"/>
</pin_list>
<bind>
<opset="sext_ln32 "/>
</bind>
</comp>

<comp id="211" class="1005" name="sext_ln32_1_reg_211">
<pin_list>
<pin id="212" dir="0" index="0" bw="21" slack="1"/>
<pin id="213" dir="1" index="1" bw="21" slack="1"/>
</pin_list>
<bind>
<opset="sext_ln32_1 "/>
</bind>
</comp>

<comp id="216" class="1005" name="acc_2_reg_216">
<pin_list>
<pin id="217" dir="0" index="0" bw="27" slack="1"/>
<pin id="218" dir="1" index="1" bw="27" slack="1"/>
</pin_list>
<bind>
<opset="acc_2 "/>
</bind>
</comp>

</comp_list>

<net_list>
<net id="55"><net_src comp="8" pin="0"/><net_sink comp="52" pin=0"/></net>

<net id="59"><net_src comp="8" pin="0"/><net_sink comp="56" pin=0"/></net>

<net id="64"><net_src comp="10" pin="0"/><net_sink comp="60" pin=0"/></net>

<net id="65"><net_src comp="0" pin="0"/><net_sink comp="60" pin=1"/></net>

<net id="71"><net_src comp="50" pin="0"/><net_sink comp="66" pin=0"/></net>

<net id="72"><net_src comp="2" pin="0"/><net_sink comp="66" pin=1"/></net>

<net id="78"><net_src comp="4" pin="0"/><net_sink comp="73" pin=0"/></net>

<net id="79"><net_src comp="20" pin="0"/><net_sink comp="73" pin=1"/></net>

<net id="85"><net_src comp="73" pin="3"/><net_sink comp="80" pin=0"/></net>

<net id="91"><net_src comp="6" pin="0"/><net_sink comp="86" pin=0"/></net>

<net id="92"><net_src comp="20" pin="0"/><net_sink comp="86" pin=1"/></net>

<net id="98"><net_src comp="86" pin="3"/><net_sink comp="93" pin=0"/></net>

<net id="103"><net_src comp="12" pin="0"/><net_sink comp="99" pin=0"/></net>

<net id="108"><net_src comp="14" pin="0"/><net_sink comp="104" pin=0"/></net>

<net id="116"><net_src comp="109" pin="1"/><net_sink comp="112" pin=0"/></net>

<net id="117"><net_src comp="16" pin="0"/><net_sink comp="112" pin=1"/></net>

<net id="122"><net_src comp="109" pin="1"/><net_sink comp="118" pin=0"/></net>

<net id="123"><net_src comp="18" pin="0"/><net_sink comp="118" pin=1"/></net>

<net id="127"><net_src comp="109" pin="1"/><net_sink comp="124" pin=0"/></net>

<net id="128"><net_src comp="124" pin="1"/><net_sink comp="86" pin=2"/></net>

<net id="132"><net_src comp="109" pin="1"/><net_sink comp="129" pin=0"/></net>

<net id="137"><net_src comp="60" pin="2"/><net_sink comp="133" pin=0"/></net>

<net id="138"><net_src comp="129" pin="1"/><net_sink comp="133" pin=1"/></net>

<net id="142"><net_src comp="133" pin="2"/><net_sink comp="139" pin=0"/></net>

<net id="143"><net_src comp="139" pin="1"/><net_sink comp="73" pin=2"/></net>

<net id="148"><net_src comp="118" pin="2"/><net_sink comp="144" pin=0"/></net>

<net id="152"><net_src comp="80" pin="3"/><net_sink comp="149" pin=0"/></net>

<net id="156"><net_src comp="93" pin="3"/><net_sink comp="153" pin=0"/></net>

<net id="163"><net_src comp="157" pin="1"/><net_sink comp="160" pin=0"/></net>

<net id="164"><net_src comp="160" pin="1"/><net_sink comp="66" pin=2"/></net>

<net id="174"><net_src comp="153" pin="1"/><net_sink comp="169" pin=0"/></net>

<net id="175"><net_src comp="149" pin="1"/><net_sink comp="169" pin=1"/></net>

<net id="176"><net_src comp="157" pin="1"/><net_sink comp="169" pin=2"/></net>

<net id="177"><net_src comp="169" pin="3"/><net_sink comp="165" pin=0"/></net>

<net id="181"><net_src comp="52" pin="1"/><net_sink comp="178" pin=0"/></net>

<net id="182"><net_src comp="178" pin="1"/><net_sink comp="104" pin=1"/></net>

<net id="183"><net_src comp="178" pin="1"/><net_sink comp="157" pin=0"/></net>

<net id="184"><net_src comp="178" pin="1"/><net_sink comp="165" pin=1"/></net>

<net id="188"><net_src comp="56" pin="1"/><net_sink comp="185" pin=0"/></net>

<net id="189"><net_src comp="185" pin="1"/><net_sink comp="99" pin=1"/></net>

<net id="190"><net_src comp="185" pin="1"/><net_sink comp="109" pin=0"/></net>

<net id="191"><net_src comp="185" pin="1"/><net_sink comp="144" pin=1"/></net>

<net id="195"><net_src comp="112" pin="2"/><net_sink comp="192" pin=0"/></net>

<net id="199"><net_src comp="73" pin="3"/><net_sink comp="196" pin=0"/></net>

<net id="200"><net_src comp="196" pin="1"/><net_sink comp="80" pin=0"/></net>

<net id="204"><net_src comp="86" pin="3"/><net_sink comp="201" pin=0"/></net>

<net id="205"><net_src comp="201" pin="1"/><net_sink comp="93" pin=0"/></net>

<net id="209"><net_src comp="149" pin="1"/><net_sink comp="206" pin=0"/></net>

<net id="210"><net_src comp="206" pin="1"/><net_sink comp="169" pin=1"/></net>

<net id="214"><net_src comp="153" pin="1"/><net_sink comp="211" pin=0"/></net>

<net id="215"><net_src comp="211" pin="1"/><net_sink comp="169" pin=0"/></net>

<net id="219"><net_src comp="157" pin="1"/><net_sink comp="216" pin=0"/></net>

<net id="220"><net_src comp="216" pin="1"/><net_sink comp="169" pin=1"/></net>

</net_list>

</model> 
---------------- Datapath Model END ------------------

* FSMD analyzer results:
  - Output states:
	Port: acc_out | {4 }
	Port: shift_reg | {}
	Port: c | {}
 - Input state : 
	Port: fir_Pipeline_MAC_Loop : ptr_load | {1 }
	Port: fir_Pipeline_MAC_Loop : shift_reg | {1 2 }
	Port: fir_Pipeline_MAC_Loop : c | {1 2 }
  - Chain level:
	State 1
		store_ln28 : 1
		store_ln25 : 1
		i_1 : 1
		icmp_ln28 : 2
		add_ln28 : 2
		br_ln28 : 3
		zext_ln28 : 2
		trunc_ln31 : 2
		idx : 3
		zext_ln32 : 4
		shift_reg_addr : 5
		shift_reg_load : 6
		c_addr : 3
		c_load : 4
		store_ln28 : 3
	State 2
		sext_ln32 : 1
		sext_ln32_1 : 1
		mul_ln32 : 2
	State 3
	State 4
		trunc_ln28 : 1
		sext_ln30 : 1
		specfucore_ln30 : 1
		acc_3 : 2
		write_ln28 : 2
	State 5
		rend : 1
		store_ln25 : 1


============================================================
+ Verbose Summary: Datapath Resource usage 
============================================================

* Functional unit list:
|----------|--------------------------|---------|---------|---------|
| Operation|      Functional Unit     |   DSP   |    FF   |   LUT   |
|----------|--------------------------|---------|---------|---------|
|   icmp   |     icmp_ln28_fu_112     |    0    |    0    |    15   |
|----------|--------------------------|---------|---------|---------|
|    add   |      add_ln28_fu_118     |    0    |    0    |    15   |
|----------|--------------------------|---------|---------|---------|
|    sub   |        idx_fu_133        |    0    |    0    |    14   |
|----------|--------------------------|---------|---------|---------|
|  muladd  |        grp_fu_169        |    1    |    0    |    0    |
|----------|--------------------------|---------|---------|---------|
|   read   | ptr_load_read_read_fu_60 |    0    |    0    |    0    |
|----------|--------------------------|---------|---------|---------|
|   write  |  write_ln28_write_fu_66  |    0    |    0    |    0    |
|----------|--------------------------|---------|---------|---------|
|   zext   |     zext_ln28_fu_124     |    0    |    0    |    0    |
|          |     zext_ln32_fu_139     |    0    |    0    |    0    |
|----------|--------------------------|---------|---------|---------|
|   trunc  |     trunc_ln31_fu_129    |    0    |    0    |    0    |
|          |     trunc_ln28_fu_160    |    0    |    0    |    0    |
|----------|--------------------------|---------|---------|---------|
|   sext   |     sext_ln32_fu_149     |    0    |    0    |    0    |
|          |    sext_ln32_1_fu_153    |    0    |    0    |    0    |
|----------|--------------------------|---------|---------|---------|
|   Total  |                          |    1    |    0    |    44   |
|----------|--------------------------|---------|---------|---------|

Memories:
N/A

* Register list:
+----------------------+--------+
|                      |   FF   |
+----------------------+--------+
|     acc_2_reg_216    |   27   |
|      acc_reg_178     |   27   |
|    c_addr_reg_201    |    7   |
|       i_reg_185      |    8   |
|   icmp_ln28_reg_192  |    1   |
|  sext_ln32_1_reg_211 |   21   |
|   sext_ln32_reg_206  |   21   |
|shift_reg_addr_reg_196|    7   |
+----------------------+--------+
|         Total        |   119  |
+----------------------+--------+

* Multiplexer (MUX) list: 
|------------------|------|------|------|--------||---------||---------|
|       Comp       |  Pin | Size |  BW  | S x BW ||  Delay  ||   LUT   |
|------------------|------|------|------|--------||---------||---------|
| grp_access_fu_80 |  p0  |   2  |   7  |   14   ||    9    |
| grp_access_fu_93 |  p0  |   2  |   7  |   14   ||    9    |
|    grp_fu_169    |  p0  |   2  |   5  |   10   ||    9    |
|    grp_fu_169    |  p1  |   3  |  16  |   48   ||    14   |
|------------------|------|------|------|--------||---------||---------|
|       Total      |      |      |      |   86   ||  6.4713 ||    41   |
|------------------|------|------|------|--------||---------||---------|



* Summary:
+-----------+--------+--------+--------+--------+
|           |   DSP  |  Delay |   FF   |   LUT  |
+-----------+--------+--------+--------+--------+
|  Function |    1   |    -   |    0   |   44   |
|   Memory  |    -   |    -   |    -   |    -   |
|Multiplexer|    -   |    6   |    -   |   41   |
|  Register |    -   |    -   |   119  |    -   |
+-----------+--------+--------+--------+--------+
|   Total   |    1   |    6   |   119  |   85   |
+-----------+--------+--------+--------+--------+
