

================================================================
== Vitis HLS Report for 'fir_Pipeline_MAC_Loop'
================================================================
* Date:           Fri May  1 13:57:34 2026

* Version:        2023.2 (Build 4023990 on Oct 11 2023)
* Project:        fir128
* Solution:       solution1 (Vivado IP Flow Target)
* Product family: zynq
* Target device:  xc7z010-clg400-1


================================================================
== Performance Estimates
================================================================
+ Timing: 
    * Summary: 
    +--------+----------+----------+------------+
    |  Clock |  Target  | Estimated| Uncertainty|
    +--------+----------+----------+------------+
    |ap_clk  |  10.00 ns|  6.712 ns|     2.70 ns|
    +--------+----------+----------+------------+

+ Latency: 
    * Summary: 
    +---------+---------+----------+----------+-----+-----+---------+
    |  Latency (cycles) |  Latency (absolute) |  Interval | Pipeline|
    |   min   |   max   |    min   |    max   | min | max |   Type  |
    +---------+---------+----------+----------+-----+-----+---------+
    |      133|      133|  1.330 us|  1.330 us|  133|  133|       no|
    +---------+---------+----------+----------+-----+-----+---------+

    + Detail: 
        * Instance: 
        N/A

        * Loop: 
        +------------+---------+---------+----------+-----------+-----------+------+----------+
        |            |  Latency (cycles) | Iteration|  Initiation Interval  | Trip |          |
        |  Loop Name |   min   |   max   |  Latency |  achieved |   target  | Count| Pipelined|
        +------------+---------+---------+----------+-----------+-----------+------+----------+
        |- MAC_Loop  |      131|      131|         5|          1|          1|   128|       yes|
        +------------+---------+---------+----------+-----------+-----------+------+----------+

============================================================
+ Verbose Summary: Synthesis Manager
============================================================
InlineROM: 1
ExposeGlobal: 0
============================================================
+ Verbose Summary: CDFG Model
============================================================
IsTopModel: 0
ResetActiveHigh: 1
IsCombinational: 0
IsDatapathOnly: 0
HasWiredReturn: 1
HasMFsm: 2
HasVarLatency: 1
IsPipeline: 0
IsRtlPipelined: 0
IsInstanceOverlapped: 0
IsDontTouch: 0
HasImplIP: 0
IsGatedGlobalClock: 0

+ Individual pipeline summary: 
  * Pipeline-0: initiation interval (II) = 1, depth = 5


============================================================
+ Verbose Summary: Schedule
============================================================
* Number of FSM states : 5
* Pipeline : 1
  Pipeline-0 : II = 1, D = 5, States = { 1 2 3 4 5 }
* Dataflow Pipeline: 0

* FSM state transitions: 
1 --> 2 
2 --> 3 
3 --> 4 
4 --> 5 
5 --> 

* FSM state operations: 

State 1 <SV = 0> <Delay = 6.71>
ST_1 : Operation 8 [1/1] (0.00ns)   --->   "%acc = alloca i32 1" [fir.cpp:25]   --->   Operation 8 'alloca' 'acc' <Predicate = true> <Delay = 0.00>
ST_1 : Operation 9 [1/1] (0.00ns)   --->   "%i = alloca i32 1" [fir.cpp:28]   --->   Operation 9 'alloca' 'i' <Predicate = true> <Delay = 0.00>
ST_1 : Operation 10 [1/1] (0.00ns)   --->   "%ptr_load_read = read i7 @_ssdm_op_Read.ap_auto.i7, i7 %ptr_load"   --->   Operation 10 'read' 'ptr_load_read' <Predicate = true> <Delay = 0.00>
ST_1 : Operation 11 [1/1] (1.58ns)   --->   "%store_ln28 = store i8 0, i8 %i" [fir.cpp:28]   --->   Operation 11 'store' 'store_ln28' <Predicate = true> <Delay = 1.58>
ST_1 : Operation 12 [1/1] (1.58ns)   --->   "%store_ln25 = store i27 0, i27 %acc" [fir.cpp:25]   --->   Operation 12 'store' 'store_ln25' <Predicate = true> <Delay = 1.58>
ST_1 : Operation 13 [1/1] (0.00ns)   --->   "%br_ln0 = br void %for.inc"   --->   Operation 13 'br' 'br_ln0' <Predicate = true> <Delay = 0.00>
ST_1 : Operation 14 [1/1] (0.00ns)   --->   "%i_1 = load i8 %i" [fir.cpp:31]   --->   Operation 14 'load' 'i_1' <Predicate = true> <Delay = 0.00>
ST_1 : Operation 15 [1/1] (1.91ns)   --->   "%icmp_ln28 = icmp_eq  i8 %i_1, i8 128" [fir.cpp:28]   --->   Operation 15 'icmp' 'icmp_ln28' <Predicate = true> <Delay = 1.91> <CoreInst = "Cmp">   --->   Core 9 'Cmp' <Latency = 0> <II = 1> <Delay = 1.91> <FuncUnit> <Opcode : 'icmp'> <InPorts = 2> <OutPorts = 1>
ST_1 : Operation 16 [1/1] (1.91ns)   --->   "%add_ln28 = add i8 %i_1, i8 1" [fir.cpp:28]   --->   Operation 16 'add' 'add_ln28' <Predicate = true> <Delay = 1.91> <CoreInst = "Adder">   --->   Core 1 'Adder' <Latency = 0> <II = 1> <Delay = 1.91> <FuncUnit> <Opcode : 'add' 'sub'> <InPorts = 2> <OutPorts = 1>
ST_1 : Operation 17 [1/1] (0.00ns)   --->   "%br_ln28 = br i1 %icmp_ln28, void %fpga_resource_hint.for.inc.0, void %for.end.exitStub" [fir.cpp:28]   --->   Operation 17 'br' 'br_ln28' <Predicate = true> <Delay = 0.00>
ST_1 : Operation 18 [1/1] (0.00ns)   --->   "%zext_ln28 = zext i8 %i_1" [fir.cpp:28]   --->   Operation 18 'zext' 'zext_ln28' <Predicate = (!icmp_ln28)> <Delay = 0.00>
ST_1 : Operation 19 [1/1] (0.00ns)   --->   "%trunc_ln31 = trunc i8 %i_1" [fir.cpp:31]   --->   Operation 19 'trunc' 'trunc_ln31' <Predicate = (!icmp_ln28)> <Delay = 0.00>
ST_1 : Operation 20 [1/1] (1.87ns)   --->   "%idx = sub i7 %ptr_load_read, i7 %trunc_ln31" [fir.cpp:31]   --->   Operation 20 'sub' 'idx' <Predicate = (!icmp_ln28)> <Delay = 1.87> <CoreInst = "Adder">   --->   Core 1 'Adder' <Latency = 0> <II = 1> <Delay = 1.87> <FuncUnit> <Opcode : 'add' 'sub'> <InPorts = 2> <OutPorts = 1>
ST_1 : Operation 21 [1/1] (0.00ns)   --->   "%zext_ln32 = zext i7 %idx" [fir.cpp:32]   --->   Operation 21 'zext' 'zext_ln32' <Predicate = (!icmp_ln28)> <Delay = 0.00>
ST_1 : Operation 22 [1/1] (0.00ns)   --->   "%shift_reg_addr = getelementptr i16 %shift_reg, i64 0, i64 %zext_ln32" [fir.cpp:32]   --->   Operation 22 'getelementptr' 'shift_reg_addr' <Predicate = (!icmp_ln28)> <Delay = 0.00>
ST_1 : Operation 23 [2/2] (3.25ns)   --->   "%shift_reg_load = load i7 %shift_reg_addr" [fir.cpp:32]   --->   Operation 23 'load' 'shift_reg_load' <Predicate = (!icmp_ln28)> <Delay = 3.25> <CoreInst = "RAM">   --->   Core 82 'RAM' <Latency = 1> <II = 1> <Delay = 3.25> <Storage> <Opcode : 'load' 'store'> <Ports = 2> <Width = 16> <Depth = 128> <RAM>
ST_1 : Operation 24 [1/1] (0.00ns)   --->   "%c_addr = getelementptr i5 %c, i64 0, i64 %zext_ln28" [fir.cpp:32]   --->   Operation 24 'getelementptr' 'c_addr' <Predicate = (!icmp_ln28)> <Delay = 0.00>
ST_1 : Operation 25 [2/2] (2.32ns)   --->   "%c_load = load i7 %c_addr" [fir.cpp:32]   --->   Operation 25 'load' 'c_load' <Predicate = (!icmp_ln28)> <Delay = 2.32> <CoreInst = "ROM">   --->   Core 95 'ROM' <Latency = 1> <II = 1> <Delay = 2.32> <Storage> <Opcode : 'load'> <Ports = 0> <Width = 5> <Depth = 128> <ROM>
ST_1 : Operation 26 [1/1] (1.58ns)   --->   "%store_ln28 = store i8 %add_ln28, i8 %i" [fir.cpp:28]   --->   Operation 26 'store' 'store_ln28' <Predicate = (!icmp_ln28)> <Delay = 1.58>

State 2 <SV = 1> <Delay = 4.30>
ST_2 : Operation 27 [1/2] (3.25ns)   --->   "%shift_reg_load = load i7 %shift_reg_addr" [fir.cpp:32]   --->   Operation 27 'load' 'shift_reg_load' <Predicate = (!icmp_ln28)> <Delay = 3.25> <CoreInst = "RAM">   --->   Core 82 'RAM' <Latency = 1> <II = 1> <Delay = 3.25> <Storage> <Opcode : 'load' 'store'> <Ports = 2> <Width = 16> <Depth = 128> <RAM>
ST_2 : Operation 28 [1/1] (0.00ns)   --->   "%sext_ln32 = sext i16 %shift_reg_load" [fir.cpp:32]   --->   Operation 28 'sext' 'sext_ln32' <Predicate = (!icmp_ln28)> <Delay = 0.00>
ST_2 : Operation 29 [1/2] (2.32ns)   --->   "%c_load = load i7 %c_addr" [fir.cpp:32]   --->   Operation 29 'load' 'c_load' <Predicate = (!icmp_ln28)> <Delay = 2.32> <CoreInst = "ROM">   --->   Core 95 'ROM' <Latency = 1> <II = 1> <Delay = 2.32> <Storage> <Opcode : 'load'> <Ports = 0> <Width = 5> <Depth = 128> <ROM>
ST_2 : Operation 30 [1/1] (0.00ns)   --->   "%sext_ln32_1 = sext i5 %c_load" [fir.cpp:32]   --->   Operation 30 'sext' 'sext_ln32_1' <Predicate = (!icmp_ln28)> <Delay = 0.00>
ST_2 : Operation 31 [3/3] (1.05ns) (grouped into DSP with root node acc_3)   --->   "%mul_ln32 = mul i21 %sext_ln32_1, i21 %sext_ln32" [fir.cpp:32]   --->   Operation 31 'mul' 'mul_ln32' <Predicate = (!icmp_ln28)> <Delay = 1.05> <CoreInst = "DSP48">   --->   Core 119 'DSP48' <Latency = 3> <II = 1> <Delay = 2.15> <IPBlock> <Opcode : '' 'add' 'sub' 'mul' 'select'> <InPorts = 0> <OutPorts = 1> <Sync> <CReg>

State 3 <SV = 2> <Delay = 1.05>
ST_3 : Operation 32 [2/3] (1.05ns) (grouped into DSP with root node acc_3)   --->   "%mul_ln32 = mul i21 %sext_ln32_1, i21 %sext_ln32" [fir.cpp:32]   --->   Operation 32 'mul' 'mul_ln32' <Predicate = (!icmp_ln28)> <Delay = 1.05> <CoreInst = "DSP48">   --->   Core 119 'DSP48' <Latency = 3> <II = 1> <Delay = 2.15> <IPBlock> <Opcode : '' 'add' 'sub' 'mul' 'select'> <InPorts = 0> <OutPorts = 1> <Sync> <CReg>

State 4 <SV = 3> <Delay = 2.10>
ST_4 : Operation 33 [1/1] (0.00ns)   --->   "%acc_2 = load i27 %acc" [fir.cpp:28]   --->   Operation 33 'load' 'acc_2' <Predicate = true> <Delay = 0.00>
ST_4 : Operation 34 [1/1] (0.00ns)   --->   "%trunc_ln28 = trunc i27 %acc_2" [fir.cpp:28]   --->   Operation 34 'trunc' 'trunc_ln28' <Predicate = true> <Delay = 0.00>
ST_4 : Operation 35 [1/3] (0.00ns) (grouped into DSP with root node acc_3)   --->   "%mul_ln32 = mul i21 %sext_ln32_1, i21 %sext_ln32" [fir.cpp:32]   --->   Operation 35 'mul' 'mul_ln32' <Predicate = (!icmp_ln28)> <Delay = 0.00> <CoreInst = "DSP48">   --->   Core 119 'DSP48' <Latency = 3> <II = 1> <Delay = 2.15> <IPBlock> <Opcode : '' 'add' 'sub' 'mul' 'select'> <InPorts = 0> <OutPorts = 1> <Sync> <CReg>
ST_4 : Operation 36 [1/1] (0.00ns) (grouped into DSP with root node acc_3)   --->   "%sext_ln30 = sext i21 %mul_ln32" [fir.cpp:30]   --->   Operation 36 'sext' 'sext_ln30' <Predicate = (!icmp_ln28)> <Delay = 0.00>
ST_4 : Operation 37 [1/1] (0.00ns)   --->   "%specfucore_ln30 = specfucore void @_ssdm_op_SpecFUCore, i21 %mul_ln32, i64 12, i64 3, i64 18446744073709551615" [fir.cpp:30]   --->   Operation 37 'specfucore' 'specfucore_ln30' <Predicate = (!icmp_ln28)> <Delay = 0.00>
ST_4 : Operation 38 [2/2] (2.10ns) (root node of the DSP)   --->   "%acc_3 = add i27 %sext_ln30, i27 %acc_2" [fir.cpp:32]   --->   Operation 38 'add' 'acc_3' <Predicate = (!icmp_ln28)> <Delay = 2.10> <CoreInst = "DSP48">   --->   Core 119 'DSP48' <Latency = 3> <II = 1> <Delay = 2.15> <IPBlock> <Opcode : '' 'add' 'sub' 'mul' 'select'> <InPorts = 0> <OutPorts = 1> <Sync> <CReg>
ST_4 : Operation 47 [1/1] (0.00ns)   --->   "%write_ln28 = write void @_ssdm_op_Write.ap_auto.i16P0A, i16 %acc_out, i16 %trunc_ln28" [fir.cpp:28]   --->   Operation 47 'write' 'write_ln28' <Predicate = (icmp_ln28)> <Delay = 0.00>
ST_4 : Operation 48 [1/1] (0.00ns)   --->   "%ret_ln0 = ret"   --->   Operation 48 'ret' 'ret_ln0' <Predicate = (icmp_ln28)> <Delay = 0.00>

State 5 <SV = 4> <Delay = 3.68>
ST_5 : Operation 39 [1/1] (0.00ns)   --->   "%specpipeline_ln29 = specpipeline void @_ssdm_op_SpecPipeline, i32 1, i32 0, i32 0, i32 0, void @empty_2" [fir.cpp:29]   --->   Operation 39 'specpipeline' 'specpipeline_ln29' <Predicate = true> <Delay = 0.00>
ST_5 : Operation 40 [1/1] (0.00ns)   --->   "%speclooptripcount_ln25 = speclooptripcount void @_ssdm_op_SpecLoopTripCount, i64 128, i64 128, i64 128" [fir.cpp:25]   --->   Operation 40 'speclooptripcount' 'speclooptripcount_ln25' <Predicate = true> <Delay = 0.00>
ST_5 : Operation 41 [1/1] (0.00ns)   --->   "%specloopname_ln28 = specloopname void @_ssdm_op_SpecLoopName, void @empty_7" [fir.cpp:28]   --->   Operation 41 'specloopname' 'specloopname_ln28' <Predicate = true> <Delay = 0.00>
ST_5 : Operation 42 [1/1] (0.00ns)   --->   "%rbegin = specregionbegin i32 @_ssdm_op_SpecRegionBegin, void @empty" [fir.cpp:31]   --->   Operation 42 'specregionbegin' 'rbegin' <Predicate = true> <Delay = 0.00>
ST_5 : Operation 43 [1/2] (2.10ns) (root node of the DSP)   --->   "%acc_3 = add i27 %sext_ln30, i27 %acc_2" [fir.cpp:32]   --->   Operation 43 'add' 'acc_3' <Predicate = true> <Delay = 2.10> <CoreInst = "DSP48">   --->   Core 119 'DSP48' <Latency = 3> <II = 1> <Delay = 2.15> <IPBlock> <Opcode : '' 'add' 'sub' 'mul' 'select'> <InPorts = 0> <OutPorts = 1> <Sync> <CReg>
ST_5 : Operation 44 [1/1] (0.00ns)   --->   "%rend = specregionend i32 @_ssdm_op_SpecRegionEnd, void @empty, i32 %rbegin" [fir.cpp:32]   --->   Operation 44 'specregionend' 'rend' <Predicate = true> <Delay = 0.00>
ST_5 : Operation 45 [1/1] (1.58ns)   --->   "%store_ln25 = store i27 %acc_3, i27 %acc" [fir.cpp:25]   --->   Operation 45 'store' 'store_ln25' <Predicate = true> <Delay = 1.58>
ST_5 : Operation 46 [1/1] (0.00ns)   --->   "%br_ln28 = br void %for.inc" [fir.cpp:28]   --->   Operation 46 'br' 'br_ln28' <Predicate = true> <Delay = 0.00>


============================================================
+ Verbose Summary: Timing violations
============================================================
Target clock period: 10.000ns, clock uncertainty: 2.700ns.

 <State 1>: 6.712ns
The critical path consists of the following:
	'store' operation 0 bit ('store_ln28', fir.cpp:28) of constant 0 on local variable 'i', fir.cpp:28 [8]  (1.588 ns)
	'load' operation 8 bit ('i', fir.cpp:31) on local variable 'i', fir.cpp:28 [13]  (0.000 ns)
	'sub' operation 7 bit ('idx', fir.cpp:31) [24]  (1.870 ns)
	'getelementptr' operation 7 bit ('shift_reg_addr', fir.cpp:32) [27]  (0.000 ns)
	'load' operation 16 bit ('shift_reg_load', fir.cpp:32) on array 'shift_reg' [28]  (3.254 ns)

 <State 2>: 4.304ns
The critical path consists of the following:
	'load' operation 16 bit ('shift_reg_load', fir.cpp:32) on array 'shift_reg' [28]  (3.254 ns)
	'mul' operation 21 bit of DSP[36] ('mul_ln32', fir.cpp:32) [33]  (1.050 ns)

 <State 3>: 1.050ns
The critical path consists of the following:
	'mul' operation 21 bit of DSP[36] ('mul_ln32', fir.cpp:32) [33]  (1.050 ns)

 <State 4>: 2.100ns
The critical path consists of the following:
	'load' operation 27 bit ('acc', fir.cpp:28) on local variable 'acc', fir.cpp:25 [12]  (0.000 ns)
	'add' operation 27 bit of DSP[36] ('acc', fir.cpp:32) [36]  (2.100 ns)

 <State 5>: 3.688ns
The critical path consists of the following:
	'add' operation 27 bit of DSP[36] ('acc', fir.cpp:32) [36]  (2.100 ns)
	'store' operation 0 bit ('store_ln25', fir.cpp:25) of variable 'acc', fir.cpp:32 on local variable 'acc', fir.cpp:25 [39]  (1.588 ns)


============================================================
+ Verbose Summary: Binding
============================================================
N/A
* FSMD analyzer results:
  - Output states:
 - Input state : 
  - Chain level:
	State 1
	State 2
	State 3
	State 4
	State 5


============================================================
+ Verbose Summary: Datapath Resource usage 
============================================================
N/A
