

================================================================
== Vitis HLS Report for 'fir_Pipeline_VITIS_LOOP_13_1'
================================================================
* Date:           Thu May 14 01:34:12 2026

* Version:        2023.2 (Build 4023990 on Oct 11 2023)
* Project:        fir128
* Solution:       solution1 (Vivado IP Flow Target)
* Product family: zynq
* Target device:  xc7z010-clg225-1


================================================================
== Performance Estimates
================================================================
+ Timing: 
    * Summary: 
    +--------+---------+----------+------------+
    |  Clock |  Target | Estimated| Uncertainty|
    +--------+---------+----------+------------+
    |ap_clk  |  8.00 ns|  6.508 ns|     1.00 ns|
    +--------+---------+----------+------------+

+ Latency: 
    * Summary: 
    +---------+---------+----------+----------+-----+-----+---------+
    |  Latency (cycles) |  Latency (absolute) |  Interval | Pipeline|
    |   min   |   max   |    min   |    max   | min | max |   Type  |
    +---------+---------+----------+----------+-----+-----+---------+
    |      130|      130|  1.040 us|  1.040 us|  130|  130|       no|
    +---------+---------+----------+----------+-----+-----+---------+

    + Detail: 
        * Instance: 
        N/A

        * Loop: 
        +-------------------+---------+---------+----------+-----------+-----------+------+----------+
        |                   |  Latency (cycles) | Iteration|  Initiation Interval  | Trip |          |
        |     Loop Name     |   min   |   max   |  Latency |  achieved |   target  | Count| Pipelined|
        +-------------------+---------+---------+----------+-----------+-----------+------+----------+
        |- VITIS_LOOP_13_1  |      128|      128|         2|          1|          1|   128|       yes|
        +-------------------+---------+---------+----------+-----------+-----------+------+----------+

============================================================
+ Verbose Summary: Synthesis Manager
============================================================
InlineROM: 1
ExposeGlobal: 0
============================================================
+ Verbose Summary: CDFG Model
============================================================
IsTopModel: 0
ResetActiveHigh: 1
IsCombinational: 0
IsDatapathOnly: 0
HasWiredReturn: 1
HasMFsm: 2
HasVarLatency: 1
IsPipeline: 0
IsRtlPipelined: 0
IsInstanceOverlapped: 0
IsDontTouch: 0
HasImplIP: 0
IsGatedGlobalClock: 0

+ Individual pipeline summary: 
  * Pipeline-0: initiation interval (II) = 1, depth = 2


============================================================
+ Verbose Summary: Schedule
============================================================
* Number of FSM states : 2
* Pipeline : 1
  Pipeline-0 : II = 1, D = 2, States = { 1 2 }
* Dataflow Pipeline: 0

* FSM state transitions: 
1 --> 2 
2 --> 

* FSM state operations: 

State 1 <SV = 0> <Delay = 5.09>
ST_1 : Operation 5 [1/1] (0.00ns)   --->   "%i = alloca i32 1" [fir.cpp:13]   --->   Operation 5 'alloca' 'i' <Predicate = true> <Delay = 0.00>
ST_1 : Operation 6 [1/1] (0.00ns)   --->   "%specmemcore_ln0 = specmemcore void @_ssdm_op_SpecMemCore, i16 %coeffs, i64 666, i64 207, i64 1"   --->   Operation 6 'specmemcore' 'specmemcore_ln0' <Predicate = true> <Delay = 0.00>
ST_1 : Operation 7 [1/1] (0.00ns)   --->   "%specinterface_ln0 = specinterface void @_ssdm_op_SpecInterface, i16 %coeffs, void @empty_2, i32 0, i32 0, void @empty_11, i32 1, i32 0, void @empty_11, void @empty_11, void @empty_11, i32 0, i32 0, i32 0, i32 0, void @empty_11, void @empty_11, i32 4294967295, i32 0"   --->   Operation 7 'specinterface' 'specinterface_ln0' <Predicate = true> <Delay = 0.00>
ST_1 : Operation 8 [1/1] (1.58ns)   --->   "%store_ln13 = store i8 0, i8 %i" [fir.cpp:13]   --->   Operation 8 'store' 'store_ln13' <Predicate = true> <Delay = 1.58>
ST_1 : Operation 9 [1/1] (0.00ns)   --->   "%br_ln0 = br void %for.inc"   --->   Operation 9 'br' 'br_ln0' <Predicate = true> <Delay = 0.00>
ST_1 : Operation 10 [1/1] (0.00ns)   --->   "%i_1 = load i8 %i" [fir.cpp:13]   --->   Operation 10 'load' 'i_1' <Predicate = true> <Delay = 0.00>
ST_1 : Operation 11 [1/1] (1.91ns)   --->   "%icmp_ln13 = icmp_eq  i8 %i_1, i8 128" [fir.cpp:13]   --->   Operation 11 'icmp' 'icmp_ln13' <Predicate = true> <Delay = 1.91> <CoreInst = "Cmp">   --->   Core 9 'Cmp' <Latency = 0> <II = 1> <Delay = 1.91> <FuncUnit> <Opcode : 'icmp'> <InPorts = 2> <OutPorts = 1>
ST_1 : Operation 12 [1/1] (1.91ns)   --->   "%add_ln13 = add i8 %i_1, i8 1" [fir.cpp:13]   --->   Operation 12 'add' 'add_ln13' <Predicate = true> <Delay = 1.91> <CoreInst = "Adder">   --->   Core 1 'Adder' <Latency = 0> <II = 1> <Delay = 1.91> <FuncUnit> <Opcode : 'add' 'sub'> <InPorts = 2> <OutPorts = 1>
ST_1 : Operation 13 [1/1] (0.00ns)   --->   "%br_ln13 = br i1 %icmp_ln13, void %for.inc.split, void %for.end.exitStub" [fir.cpp:13]   --->   Operation 13 'br' 'br_ln13' <Predicate = true> <Delay = 0.00>
ST_1 : Operation 14 [1/1] (0.00ns)   --->   "%zext_ln13 = zext i8 %i_1" [fir.cpp:13]   --->   Operation 14 'zext' 'zext_ln13' <Predicate = (!icmp_ln13)> <Delay = 0.00>
ST_1 : Operation 15 [1/1] (0.00ns)   --->   "%trunc_ln13 = trunc i8 %i_1" [fir.cpp:13]   --->   Operation 15 'trunc' 'trunc_ln13' <Predicate = (!icmp_ln13)> <Delay = 0.00>
ST_1 : Operation 16 [1/1] (0.00ns)   --->   "%lshr_ln = partselect i6 @_ssdm_op_PartSelect.i6.i8.i32.i32, i8 %i_1, i32 1, i32 6" [fir.cpp:13]   --->   Operation 16 'partselect' 'lshr_ln' <Predicate = (!icmp_ln13)> <Delay = 0.00>
ST_1 : Operation 17 [1/1] (0.00ns)   --->   "%coeffs_addr = getelementptr i16 %coeffs, i64 0, i64 %zext_ln13" [fir.cpp:15]   --->   Operation 17 'getelementptr' 'coeffs_addr' <Predicate = (!icmp_ln13)> <Delay = 0.00>
ST_1 : Operation 18 [2/2] (3.25ns)   --->   "%coeffs_load = load i7 %coeffs_addr" [fir.cpp:15]   --->   Operation 18 'load' 'coeffs_load' <Predicate = (!icmp_ln13)> <Delay = 3.25> <CoreInst = "RAM_1P">   --->   Core 86 'RAM_1P' <Latency = 1> <II = 1> <Delay = 3.25> <Storage> <Opcode : 'load' 'store'> <Ports = 1> <Width = 16> <Depth = 128> <RAM>
ST_1 : Operation 19 [1/1] (0.00ns)   --->   "%br_ln15 = br i1 %trunc_ln13, void %arrayidx2.case.0, void %arrayidx2.case.1" [fir.cpp:15]   --->   Operation 19 'br' 'br_ln15' <Predicate = (!icmp_ln13)> <Delay = 0.00>
ST_1 : Operation 20 [1/1] (1.58ns)   --->   "%store_ln13 = store i8 %add_ln13, i8 %i" [fir.cpp:13]   --->   Operation 20 'store' 'store_ln13' <Predicate = (!icmp_ln13)> <Delay = 1.58>
ST_1 : Operation 21 [1/1] (0.00ns)   --->   "%br_ln13 = br void %for.inc" [fir.cpp:13]   --->   Operation 21 'br' 'br_ln13' <Predicate = (!icmp_ln13)> <Delay = 0.00>
ST_1 : Operation 33 [1/1] (0.00ns)   --->   "%ret_ln0 = ret"   --->   Operation 33 'ret' 'ret_ln0' <Predicate = (icmp_ln13)> <Delay = 0.00>

State 2 <SV = 1> <Delay = 6.50>
ST_2 : Operation 22 [1/1] (0.00ns)   --->   "%specpipeline_ln14 = specpipeline void @_ssdm_op_SpecPipeline, i32 1, i32 0, i32 0, i32 0, void @empty_11" [fir.cpp:14]   --->   Operation 22 'specpipeline' 'specpipeline_ln14' <Predicate = true> <Delay = 0.00>
ST_2 : Operation 23 [1/1] (0.00ns)   --->   "%speclooptripcount_ln13 = speclooptripcount void @_ssdm_op_SpecLoopTripCount, i64 128, i64 128, i64 128" [fir.cpp:13]   --->   Operation 23 'speclooptripcount' 'speclooptripcount_ln13' <Predicate = true> <Delay = 0.00>
ST_2 : Operation 24 [1/1] (0.00ns)   --->   "%specloopname_ln13 = specloopname void @_ssdm_op_SpecLoopName, void @empty_6" [fir.cpp:13]   --->   Operation 24 'specloopname' 'specloopname_ln13' <Predicate = true> <Delay = 0.00>
ST_2 : Operation 25 [1/1] (0.00ns)   --->   "%zext_ln13_1 = zext i6 %lshr_ln" [fir.cpp:13]   --->   Operation 25 'zext' 'zext_ln13_1' <Predicate = true> <Delay = 0.00>
ST_2 : Operation 26 [1/1] (0.00ns)   --->   "%c_addr = getelementptr i16 %c, i64 0, i64 %zext_ln13_1" [fir.cpp:15]   --->   Operation 26 'getelementptr' 'c_addr' <Predicate = true> <Delay = 0.00>
ST_2 : Operation 27 [1/1] (0.00ns)   --->   "%c_1_addr = getelementptr i16 %c_1, i64 0, i64 %zext_ln13_1" [fir.cpp:15]   --->   Operation 27 'getelementptr' 'c_1_addr' <Predicate = true> <Delay = 0.00>
ST_2 : Operation 28 [1/2] (3.25ns)   --->   "%coeffs_load = load i7 %coeffs_addr" [fir.cpp:15]   --->   Operation 28 'load' 'coeffs_load' <Predicate = true> <Delay = 3.25> <CoreInst = "RAM_1P">   --->   Core 86 'RAM_1P' <Latency = 1> <II = 1> <Delay = 3.25> <Storage> <Opcode : 'load' 'store'> <Ports = 1> <Width = 16> <Depth = 128> <RAM>
ST_2 : Operation 29 [1/1] (3.25ns)   --->   "%store_ln15 = store i16 %coeffs_load, i6 %c_addr" [fir.cpp:15]   --->   Operation 29 'store' 'store_ln15' <Predicate = (!trunc_ln13)> <Delay = 3.25> <CoreInst = "RAM">   --->   Core 82 'RAM' <Latency = 1> <II = 1> <Delay = 3.25> <Storage> <Opcode : 'load' 'store'> <Ports = 2> <Width = 16> <Depth = 64> <RAM>
ST_2 : Operation 30 [1/1] (0.00ns)   --->   "%br_ln15 = br void %arrayidx2.exit" [fir.cpp:15]   --->   Operation 30 'br' 'br_ln15' <Predicate = (!trunc_ln13)> <Delay = 0.00>
ST_2 : Operation 31 [1/1] (3.25ns)   --->   "%store_ln15 = store i16 %coeffs_load, i6 %c_1_addr" [fir.cpp:15]   --->   Operation 31 'store' 'store_ln15' <Predicate = (trunc_ln13)> <Delay = 3.25> <CoreInst = "RAM">   --->   Core 82 'RAM' <Latency = 1> <II = 1> <Delay = 3.25> <Storage> <Opcode : 'load' 'store'> <Ports = 2> <Width = 16> <Depth = 64> <RAM>
ST_2 : Operation 32 [1/1] (0.00ns)   --->   "%br_ln15 = br void %arrayidx2.exit" [fir.cpp:15]   --->   Operation 32 'br' 'br_ln15' <Predicate = (trunc_ln13)> <Delay = 0.00>


============================================================
+ Verbose Summary: Timing violations
============================================================
Target clock period: 8.000ns, clock uncertainty: 1.000ns.

 <State 1>: 5.091ns
The critical path consists of the following:
	'store' operation 0 bit ('store_ln13', fir.cpp:13) of constant 0 on local variable 'i', fir.cpp:13 [7]  (1.588 ns)
	'load' operation 8 bit ('i', fir.cpp:13) on local variable 'i', fir.cpp:13 [10]  (0.000 ns)
	'icmp' operation 1 bit ('icmp_ln13', fir.cpp:13) [11]  (1.915 ns)
	'store' operation 0 bit ('store_ln13', fir.cpp:13) of variable 'add_ln13', fir.cpp:13 on local variable 'i', fir.cpp:13 [34]  (1.588 ns)

 <State 2>: 6.508ns
The critical path consists of the following:
	'load' operation 16 bit ('coeffs_load', fir.cpp:15) on array 'coeffs' [25]  (3.254 ns)
	'store' operation 0 bit ('store_ln15', fir.cpp:15) of variable 'coeffs_load', fir.cpp:15 on array 'c' [28]  (3.254 ns)


============================================================
+ Verbose Summary: Binding
============================================================
N/A
* FSMD analyzer results:
  - Output states:
 - Input state : 
  - Chain level:
	State 1
	State 2


============================================================
+ Verbose Summary: Datapath Resource usage 
============================================================
N/A
