

================================================================
== Vitis HLS Report for 'fir_Pipeline_VITIS_LOOP_13_1'
================================================================
* Date:           Thu May 14 01:34:12 2026

* Version:        2023.2 (Build 4023990 on Oct 11 2023)
* Project:        fir128
* Solution:       solution1 (Vivado IP Flow Target)
* Product family: zynq
* Target device:  xc7z010-clg225-1


================================================================
== Performance Estimates
================================================================
+ Timing: 
    * Summary: 
    +--------+---------+----------+------------+
    |  Clock |  Target | Estimated| Uncertainty|
    +--------+---------+----------+------------+
    |ap_clk  |  8.00 ns|  6.508 ns|     1.00 ns|
    +--------+---------+----------+------------+

+ Latency: 
    * Summary: 
    +---------+---------+----------+----------+-----+-----+---------+
    |  Latency (cycles) |  Latency (absolute) |  Interval | Pipeline|
    |   min   |   max   |    min   |    max   | min | max |   Type  |
    +---------+---------+----------+----------+-----+-----+---------+
    |      130|      130|  1.040 us|  1.040 us|  130|  130|       no|
    +---------+---------+----------+----------+-----+-----+---------+

    + Detail: 
        * Instance: 
        N/A

        * Loop: 
        +-------------------+---------+---------+----------+-----------+-----------+------+----------+
        |                   |  Latency (cycles) | Iteration|  Initiation Interval  | Trip |          |
        |     Loop Name     |   min   |   max   |  Latency |  achieved |   target  | Count| Pipelined|
        +-------------------+---------+---------+----------+-----------+-----------+------+----------+
        |- VITIS_LOOP_13_1  |      128|      128|         2|          1|          1|   128|       yes|
        +-------------------+---------+---------+----------+-----------+-----------+------+----------+



================================================================
== Utilization Estimates
================================================================
* Summary: 
+-----------------+---------+----+-------+-------+-----+
|       Name      | BRAM_18K| DSP|   FF  |  LUT  | URAM|
+-----------------+---------+----+-------+-------+-----+
|DSP              |        -|   -|      -|      -|    -|
|Expression       |        -|   -|      0|     31|    -|
|FIFO             |        -|   -|      -|      -|    -|
|Instance         |        -|   -|      -|      -|    -|
|Memory           |        -|   -|      -|      -|    -|
|Multiplexer      |        -|   -|      -|     36|    -|
|Register         |        -|   -|     18|      -|    -|
+-----------------+---------+----+-------+-------+-----+
|Total            |        0|   0|     18|     67|    0|
+-----------------+---------+----+-------+-------+-----+
|Available        |      120|  80|  35200|  17600|    0|
+-----------------+---------+----+-------+-------+-----+
|Utilization (%)  |        0|   0|     ~0|     ~0|    0|
+-----------------+---------+----+-------+-------+-----+

+ Detail: 
    * Instance: 
    N/A

    * DSP: 
    N/A

    * Memory: 
    N/A

    * FIFO: 
    N/A

    * Expression: 
    +---------------------+----------+----+---+----+------------+------------+
    |    Variable Name    | Operation| DSP| FF| LUT| Bitwidth P0| Bitwidth P1|
    +---------------------+----------+----+---+----+------------+------------+
    |add_ln13_fu_107_p2   |         +|   0|  0|  15|           8|           1|
    |icmp_ln13_fu_101_p2  |      icmp|   0|  0|  14|           8|           9|
    |ap_enable_pp0        |       xor|   0|  0|   2|           1|           2|
    +---------------------+----------+----+---+----+------------+------------+
    |Total                |          |   0|  0|  31|          17|          12|
    +---------------------+----------+----+---+----+------------+------------+

    * Multiplexer: 
    +-------------------------+----+-----------+-----+-----------+
    |           Name          | LUT| Input Size| Bits| Total Bits|
    +-------------------------+----+-----------+-----+-----------+
    |ap_done_int              |   9|          2|    1|          2|
    |ap_enable_reg_pp0_iter1  |   9|          2|    1|          2|
    |ap_sig_allocacmp_i_1     |   9|          2|    8|         16|
    |i_fu_48                  |   9|          2|    8|         16|
    +-------------------------+----+-----------+-----+-----------+
    |Total                    |  36|          8|   18|         36|
    +-------------------------+----+-----------+-----+-----------+

    * Register: 
    +-------------------------+---+----+-----+-----------+
    |           Name          | FF| LUT| Bits| Const Bits|
    +-------------------------+---+----+-----+-----------+
    |ap_CS_fsm                |  1|   0|    1|          0|
    |ap_done_reg              |  1|   0|    1|          0|
    |ap_enable_reg_pp0_iter1  |  1|   0|    1|          0|
    |i_fu_48                  |  8|   0|    8|          0|
    |lshr_ln_reg_156          |  6|   0|    6|          0|
    |trunc_ln13_reg_152       |  1|   0|    1|          0|
    +-------------------------+---+----+-----+-----------+
    |Total                    | 18|   0|   18|          0|
    +-------------------------+---+----+-----+-----------+



================================================================
== Interface
================================================================
* Summary: 
+-----------------+-----+-----+------------+------------------------------+--------------+
|    RTL Ports    | Dir | Bits|  Protocol  |         Source Object        |    C Type    |
+-----------------+-----+-----+------------+------------------------------+--------------+
|ap_clk           |   in|    1|  ap_ctrl_hs|  fir_Pipeline_VITIS_LOOP_13_1|  return value|
|ap_rst           |   in|    1|  ap_ctrl_hs|  fir_Pipeline_VITIS_LOOP_13_1|  return value|
|ap_start         |   in|    1|  ap_ctrl_hs|  fir_Pipeline_VITIS_LOOP_13_1|  return value|
|ap_done          |  out|    1|  ap_ctrl_hs|  fir_Pipeline_VITIS_LOOP_13_1|  return value|
|ap_idle          |  out|    1|  ap_ctrl_hs|  fir_Pipeline_VITIS_LOOP_13_1|  return value|
|ap_ready         |  out|    1|  ap_ctrl_hs|  fir_Pipeline_VITIS_LOOP_13_1|  return value|
|c_1_address0     |  out|    6|   ap_memory|                           c_1|         array|
|c_1_ce0          |  out|    1|   ap_memory|                           c_1|         array|
|c_1_we0          |  out|    1|   ap_memory|                           c_1|         array|
|c_1_d0           |  out|   16|   ap_memory|                           c_1|         array|
|c_address0       |  out|    6|   ap_memory|                             c|         array|
|c_ce0            |  out|    1|   ap_memory|                             c|         array|
|c_we0            |  out|    1|   ap_memory|                             c|         array|
|c_d0             |  out|   16|   ap_memory|                             c|         array|
|coeffs_address0  |  out|    7|   ap_memory|                        coeffs|         array|
|coeffs_ce0       |  out|    1|   ap_memory|                        coeffs|         array|
|coeffs_q0        |   in|   16|   ap_memory|                        coeffs|         array|
+-----------------+-----+-----+------------+------------------------------+--------------+

============================================================
+ Verbose Summary: Synthesis Manager
============================================================
InlineROM: 1
ExposeGlobal: 0
============================================================
+ Verbose Summary: CDFG Model
============================================================
IsTopModel: 0
ResetActiveHigh: 1
IsCombinational: 2
IsDatapathOnly: 2
HasWiredReturn: 1
HasMFsm: 2
HasVarLatency: 1
IsPipeline: 0
IsRtlPipelined: 0
IsInstanceOverlapped: 0
IsDontTouch: 0
HasImplIP: 0
IsGatedGlobalClock: 0

+ Individual pipeline summary: 
  * Pipeline-0: initiation interval (II) = 1, depth = 2


============================================================
+ Verbose Summary: Schedule
============================================================
* Number of FSM states : 2
* Pipeline : 1
  Pipeline-0 : II = 1, D = 2, States = { 1 2 }
* Dataflow Pipeline: 0

* FSM state transitions: 
1 --> 2 
2 --> 

* FSM state operations: 

State 1 <SV = 0> <Delay = 5.09>
ST_1 : Operation 5 [1/1] (0.00ns)   --->   "%i = alloca i32 1" [fir.cpp:13]   --->   Operation 5 'alloca' 'i' <Predicate = true> <Delay = 0.00>
ST_1 : Operation 6 [1/1] (0.00ns)   --->   "%specmemcore_ln0 = specmemcore void @_ssdm_op_SpecMemCore, i16 %coeffs, i64 666, i64 207, i64 1"   --->   Operation 6 'specmemcore' 'specmemcore_ln0' <Predicate = true> <Delay = 0.00>
ST_1 : Operation 7 [1/1] (0.00ns)   --->   "%specinterface_ln0 = specinterface void @_ssdm_op_SpecInterface, i16 %coeffs, void @empty_2, i32 0, i32 0, void @empty_11, i32 1, i32 0, void @empty_11, void @empty_11, void @empty_11, i32 0, i32 0, i32 0, i32 0, void @empty_11, void @empty_11, i32 4294967295, i32 0"   --->   Operation 7 'specinterface' 'specinterface_ln0' <Predicate = true> <Delay = 0.00>
ST_1 : Operation 8 [1/1] (1.58ns)   --->   "%store_ln13 = store i8 0, i8 %i" [fir.cpp:13]   --->   Operation 8 'store' 'store_ln13' <Predicate = true> <Delay = 1.58>
ST_1 : Operation 9 [1/1] (0.00ns)   --->   "%br_ln0 = br void %for.inc"   --->   Operation 9 'br' 'br_ln0' <Predicate = true> <Delay = 0.00>
ST_1 : Operation 10 [1/1] (0.00ns)   --->   "%i_1 = load i8 %i" [fir.cpp:13]   --->   Operation 10 'load' 'i_1' <Predicate = true> <Delay = 0.00>
ST_1 : Operation 11 [1/1] (1.91ns)   --->   "%icmp_ln13 = icmp_eq  i8 %i_1, i8 128" [fir.cpp:13]   --->   Operation 11 'icmp' 'icmp_ln13' <Predicate = true> <Delay = 1.91> <CoreInst = "Cmp">   --->   Core 9 'Cmp' <Latency = 0> <II = 1> <Delay = 1.82> <FuncUnit> <Opcode : 'icmp'> <InPorts = 2> <OutPorts = 1>
ST_1 : Operation 12 [1/1] (1.91ns)   --->   "%add_ln13 = add i8 %i_1, i8 1" [fir.cpp:13]   --->   Operation 12 'add' 'add_ln13' <Predicate = true> <Delay = 1.91> <CoreInst = "Adder">   --->   Core 1 'Adder' <Latency = 0> <II = 1> <Delay = 1.91> <FuncUnit> <Opcode : 'add' 'sub'> <InPorts = 2> <OutPorts = 1>
ST_1 : Operation 13 [1/1] (0.00ns)   --->   "%br_ln13 = br i1 %icmp_ln13, void %for.inc.split, void %for.end.exitStub" [fir.cpp:13]   --->   Operation 13 'br' 'br_ln13' <Predicate = true> <Delay = 0.00>
ST_1 : Operation 14 [1/1] (0.00ns)   --->   "%zext_ln13 = zext i8 %i_1" [fir.cpp:13]   --->   Operation 14 'zext' 'zext_ln13' <Predicate = (!icmp_ln13)> <Delay = 0.00>
ST_1 : Operation 15 [1/1] (0.00ns)   --->   "%trunc_ln13 = trunc i8 %i_1" [fir.cpp:13]   --->   Operation 15 'trunc' 'trunc_ln13' <Predicate = (!icmp_ln13)> <Delay = 0.00>
ST_1 : Operation 16 [1/1] (0.00ns)   --->   "%lshr_ln = partselect i6 @_ssdm_op_PartSelect.i6.i8.i32.i32, i8 %i_1, i32 1, i32 6" [fir.cpp:13]   --->   Operation 16 'partselect' 'lshr_ln' <Predicate = (!icmp_ln13)> <Delay = 0.00>
ST_1 : Operation 17 [1/1] (0.00ns)   --->   "%coeffs_addr = getelementptr i16 %coeffs, i64 0, i64 %zext_ln13" [fir.cpp:15]   --->   Operation 17 'getelementptr' 'coeffs_addr' <Predicate = (!icmp_ln13)> <Delay = 0.00>
ST_1 : Operation 18 [2/2] (3.25ns)   --->   "%coeffs_load = load i7 %coeffs_addr" [fir.cpp:15]   --->   Operation 18 'load' 'coeffs_load' <Predicate = (!icmp_ln13)> <Delay = 3.25> <CoreInst = "RAM_1P">   --->   Core 86 'RAM_1P' <Latency = 1> <II = 1> <Delay = 3.25> <Storage> <Opcode : 'load' 'store'> <Ports = 1> <Width = 16> <Depth = 128> <RAM>
ST_1 : Operation 19 [1/1] (0.00ns)   --->   "%br_ln15 = br i1 %trunc_ln13, void %arrayidx2.case.0, void %arrayidx2.case.1" [fir.cpp:15]   --->   Operation 19 'br' 'br_ln15' <Predicate = (!icmp_ln13)> <Delay = 0.00>
ST_1 : Operation 20 [1/1] (1.58ns)   --->   "%store_ln13 = store i8 %add_ln13, i8 %i" [fir.cpp:13]   --->   Operation 20 'store' 'store_ln13' <Predicate = (!icmp_ln13)> <Delay = 1.58>
ST_1 : Operation 21 [1/1] (0.00ns)   --->   "%br_ln13 = br void %for.inc" [fir.cpp:13]   --->   Operation 21 'br' 'br_ln13' <Predicate = (!icmp_ln13)> <Delay = 0.00>
ST_1 : Operation 33 [1/1] (0.00ns)   --->   "%ret_ln0 = ret"   --->   Operation 33 'ret' 'ret_ln0' <Predicate = (icmp_ln13)> <Delay = 0.00>

State 2 <SV = 1> <Delay = 6.50>
ST_2 : Operation 22 [1/1] (0.00ns)   --->   "%specpipeline_ln14 = specpipeline void @_ssdm_op_SpecPipeline, i32 1, i32 0, i32 0, i32 0, void @empty_11" [fir.cpp:14]   --->   Operation 22 'specpipeline' 'specpipeline_ln14' <Predicate = true> <Delay = 0.00>
ST_2 : Operation 23 [1/1] (0.00ns)   --->   "%speclooptripcount_ln13 = speclooptripcount void @_ssdm_op_SpecLoopTripCount, i64 128, i64 128, i64 128" [fir.cpp:13]   --->   Operation 23 'speclooptripcount' 'speclooptripcount_ln13' <Predicate = true> <Delay = 0.00>
ST_2 : Operation 24 [1/1] (0.00ns)   --->   "%specloopname_ln13 = specloopname void @_ssdm_op_SpecLoopName, void @empty_6" [fir.cpp:13]   --->   Operation 24 'specloopname' 'specloopname_ln13' <Predicate = true> <Delay = 0.00>
ST_2 : Operation 25 [1/1] (0.00ns)   --->   "%zext_ln13_1 = zext i6 %lshr_ln" [fir.cpp:13]   --->   Operation 25 'zext' 'zext_ln13_1' <Predicate = true> <Delay = 0.00>
ST_2 : Operation 26 [1/1] (0.00ns)   --->   "%c_addr = getelementptr i16 %c, i64 0, i64 %zext_ln13_1" [fir.cpp:15]   --->   Operation 26 'getelementptr' 'c_addr' <Predicate = true> <Delay = 0.00>
ST_2 : Operation 27 [1/1] (0.00ns)   --->   "%c_1_addr = getelementptr i16 %c_1, i64 0, i64 %zext_ln13_1" [fir.cpp:15]   --->   Operation 27 'getelementptr' 'c_1_addr' <Predicate = true> <Delay = 0.00>
ST_2 : Operation 28 [1/2] (3.25ns)   --->   "%coeffs_load = load i7 %coeffs_addr" [fir.cpp:15]   --->   Operation 28 'load' 'coeffs_load' <Predicate = true> <Delay = 3.25> <CoreInst = "RAM_1P">   --->   Core 86 'RAM_1P' <Latency = 1> <II = 1> <Delay = 3.25> <Storage> <Opcode : 'load' 'store'> <Ports = 1> <Width = 16> <Depth = 128> <RAM>
ST_2 : Operation 29 [1/1] (3.25ns)   --->   "%store_ln15 = store i16 %coeffs_load, i6 %c_addr" [fir.cpp:15]   --->   Operation 29 'store' 'store_ln15' <Predicate = (!trunc_ln13)> <Delay = 3.25> <CoreInst = "RAM">   --->   Core 82 'RAM' <Latency = 1> <II = 1> <Delay = 3.25> <Storage> <Opcode : 'load' 'store'> <Ports = 2> <Width = 16> <Depth = 64> <RAM>
ST_2 : Operation 30 [1/1] (0.00ns)   --->   "%br_ln15 = br void %arrayidx2.exit" [fir.cpp:15]   --->   Operation 30 'br' 'br_ln15' <Predicate = (!trunc_ln13)> <Delay = 0.00>
ST_2 : Operation 31 [1/1] (3.25ns)   --->   "%store_ln15 = store i16 %coeffs_load, i6 %c_1_addr" [fir.cpp:15]   --->   Operation 31 'store' 'store_ln15' <Predicate = (trunc_ln13)> <Delay = 3.25> <CoreInst = "RAM">   --->   Core 82 'RAM' <Latency = 1> <II = 1> <Delay = 3.25> <Storage> <Opcode : 'load' 'store'> <Ports = 2> <Width = 16> <Depth = 64> <RAM>
ST_2 : Operation 32 [1/1] (0.00ns)   --->   "%br_ln15 = br void %arrayidx2.exit" [fir.cpp:15]   --->   Operation 32 'br' 'br_ln15' <Predicate = (trunc_ln13)> <Delay = 0.00>


============================================================
+ Verbose Summary: Binding
============================================================
STG Binding: 
---------------- STG Properties BEGIN ----------------
- Is combinational: 0
- Is one-state seq: 0
- Is datapath-only: 0
- Is pipelined: 0
- Is top level: 0
Port [ Return ] is wired: 1; IO mode=ap_ctrl_hs:ce=0
Port [ c_1]:  wired=1; compound=1; hidden=0; nouse=0; global=0; static=0; extern=0; dir=1; type=1; pingpong=0; private_global=0; MemPort=[03]; IO mode=ap_memory:ce=0
Port [ c]:  wired=1; compound=1; hidden=0; nouse=0; global=0; static=0; extern=0; dir=1; type=1; pingpong=0; private_global=0; MemPort=[03]; IO mode=ap_memory:ce=0
Port [ coeffs]:  wired=1; compound=1; hidden=0; nouse=0; global=0; static=0; extern=0; dir=0; type=1; pingpong=0; private_global=0; MemPort=[1]; IO mode=ap_memory:ce=0
---------------- STG Properties END ------------------

---------------- Datapath Model BEGIN ----------------

<LifeTime>
<method=bitvector/>
i                      (alloca           ) [ 010]
specmemcore_ln0        (specmemcore      ) [ 000]
specinterface_ln0      (specinterface    ) [ 000]
store_ln13             (store            ) [ 000]
br_ln0                 (br               ) [ 000]
i_1                    (load             ) [ 000]
icmp_ln13              (icmp             ) [ 010]
add_ln13               (add              ) [ 000]
br_ln13                (br               ) [ 000]
zext_ln13              (zext             ) [ 000]
trunc_ln13             (trunc            ) [ 011]
lshr_ln                (partselect       ) [ 011]
coeffs_addr            (getelementptr    ) [ 011]
br_ln15                (br               ) [ 000]
store_ln13             (store            ) [ 000]
br_ln13                (br               ) [ 000]
specpipeline_ln14      (specpipeline     ) [ 000]
speclooptripcount_ln13 (speclooptripcount) [ 000]
specloopname_ln13      (specloopname     ) [ 000]
zext_ln13_1            (zext             ) [ 000]
c_addr                 (getelementptr    ) [ 000]
c_1_addr               (getelementptr    ) [ 000]
coeffs_load            (load             ) [ 000]
store_ln15             (store            ) [ 000]
br_ln15                (br               ) [ 000]
store_ln15             (store            ) [ 000]
br_ln15                (br               ) [ 000]
ret_ln0                (ret              ) [ 000]
</LifeTime>

<model>

<comp_list>
<comp id="0" class="1000" name="c_1">
<pin_list>
<pin id="1" dir="1" index="0" bw="1" slack="0"/>
</pin_list>
<bind>
<StgValue><ssdm name="c_1"/><MemPortTyVec>0 3 </MemPortTyVec>
</StgValue>
</bind>
</comp>

<comp id="2" class="1000" name="c">
<pin_list>
<pin id="3" dir="1" index="0" bw="1" slack="0"/>
</pin_list>
<bind>
<StgValue><ssdm name="c"/><MemPortTyVec>0 3 </MemPortTyVec>
</StgValue>
</bind>
</comp>

<comp id="4" class="1000" name="coeffs">
<pin_list>
<pin id="5" dir="1" index="0" bw="1" slack="0"/>
</pin_list>
<bind>
<StgValue><ssdm name="coeffs"/><MemPortTyVec>1 </MemPortTyVec>
</StgValue>
</bind>
</comp>

<comp id="6" class="1001" name="const_6">
<pin_list>
<pin id="7" dir="1" index="0" bw="1" slack="0"/>
</pin_list>
<bind>
<StgValue><ssdm name=""/></StgValue>
</bind>
</comp>

<comp id="8" class="1001" name="const_8">
<pin_list>
<pin id="9" dir="1" index="0" bw="1" slack="2147483647"/>
</pin_list>
<bind>
<StgValue><ssdm name="_ssdm_op_SpecMemCore"/></StgValue>
</bind>
</comp>

<comp id="10" class="1001" name="const_10">
<pin_list>
<pin id="11" dir="1" index="0" bw="1" slack="2147483647"/>
</pin_list>
<bind>
<StgValue><ssdm name=""/></StgValue>
</bind>
</comp>

<comp id="12" class="1001" name="const_12">
<pin_list>
<pin id="13" dir="1" index="0" bw="1" slack="2147483647"/>
</pin_list>
<bind>
<StgValue><ssdm name=""/></StgValue>
</bind>
</comp>

<comp id="14" class="1001" name="const_14">
<pin_list>
<pin id="15" dir="1" index="0" bw="1" slack="2147483647"/>
</pin_list>
<bind>
<StgValue><ssdm name=""/></StgValue>
</bind>
</comp>

<comp id="16" class="1001" name="const_16">
<pin_list>
<pin id="17" dir="1" index="0" bw="1" slack="2147483647"/>
</pin_list>
<bind>
<StgValue><ssdm name="_ssdm_op_SpecInterface"/></StgValue>
</bind>
</comp>

<comp id="18" class="1001" name="const_18">
<pin_list>
<pin id="19" dir="1" index="0" bw="1" slack="2147483647"/>
</pin_list>
<bind>
<StgValue><ssdm name="empty_2"/></StgValue>
</bind>
</comp>

<comp id="20" class="1001" name="const_20">
<pin_list>
<pin id="21" dir="1" index="0" bw="1" slack="2147483647"/>
</pin_list>
<bind>
<StgValue><ssdm name=""/></StgValue>
</bind>
</comp>

<comp id="22" class="1001" name="const_22">
<pin_list>
<pin id="23" dir="1" index="0" bw="1" slack="2147483647"/>
</pin_list>
<bind>
<StgValue><ssdm name="empty_11"/></StgValue>
</bind>
</comp>

<comp id="24" class="1001" name="const_24">
<pin_list>
<pin id="25" dir="1" index="0" bw="1" slack="2147483647"/>
</pin_list>
<bind>
<StgValue><ssdm name=""/></StgValue>
</bind>
</comp>

<comp id="26" class="1001" name="const_26">
<pin_list>
<pin id="27" dir="1" index="0" bw="1" slack="0"/>
</pin_list>
<bind>
<StgValue><ssdm name=""/></StgValue>
</bind>
</comp>

<comp id="28" class="1001" name="const_28">
<pin_list>
<pin id="29" dir="1" index="0" bw="1" slack="0"/>
</pin_list>
<bind>
<StgValue><ssdm name=""/></StgValue>
</bind>
</comp>

<comp id="30" class="1001" name="const_30">
<pin_list>
<pin id="31" dir="1" index="0" bw="1" slack="0"/>
</pin_list>
<bind>
<StgValue><ssdm name=""/></StgValue>
</bind>
</comp>

<comp id="32" class="1001" name="const_32">
<pin_list>
<pin id="33" dir="1" index="0" bw="1" slack="0"/>
</pin_list>
<bind>
<StgValue><ssdm name="_ssdm_op_PartSelect.i6.i8.i32.i32"/></StgValue>
</bind>
</comp>

<comp id="34" class="1001" name="const_34">
<pin_list>
<pin id="35" dir="1" index="0" bw="1" slack="0"/>
</pin_list>
<bind>
<StgValue><ssdm name=""/></StgValue>
</bind>
</comp>

<comp id="36" class="1001" name="const_36">
<pin_list>
<pin id="37" dir="1" index="0" bw="1" slack="0"/>
</pin_list>
<bind>
<StgValue><ssdm name=""/></StgValue>
</bind>
</comp>

<comp id="38" class="1001" name="const_38">
<pin_list>
<pin id="39" dir="1" index="0" bw="1" slack="2147483647"/>
</pin_list>
<bind>
<StgValue><ssdm name="_ssdm_op_SpecPipeline"/></StgValue>
</bind>
</comp>

<comp id="40" class="1001" name="const_40">
<pin_list>
<pin id="41" dir="1" index="0" bw="1" slack="2147483647"/>
</pin_list>
<bind>
<StgValue><ssdm name="_ssdm_op_SpecLoopTripCount"/></StgValue>
</bind>
</comp>

<comp id="42" class="1001" name="const_42">
<pin_list>
<pin id="43" dir="1" index="0" bw="1" slack="2147483647"/>
</pin_list>
<bind>
<StgValue><ssdm name=""/></StgValue>
</bind>
</comp>

<comp id="44" class="1001" name="const_44">
<pin_list>
<pin id="45" dir="1" index="0" bw="1" slack="2147483647"/>
</pin_list>
<bind>
<StgValue><ssdm name="_ssdm_op_SpecLoopName"/></StgValue>
</bind>
</comp>

<comp id="46" class="1001" name="const_46">
<pin_list>
<pin id="47" dir="1" index="0" bw="1" slack="2147483647"/>
</pin_list>
<bind>
<StgValue><ssdm name="empty_6"/></StgValue>
</bind>
</comp>

<comp id="48" class="1004" name="i_fu_48">
<pin_list>
<pin id="49" dir="0" index="0" bw="1" slack="0"/>
<pin id="50" dir="1" index="1" bw="8" slack="0"/>
</pin_list>
<bind>
<opcode="alloca(26) " fcode="alloca"/>
<opset="i/1 "/>
</bind>
</comp>

<comp id="52" class="1004" name="coeffs_addr_gep_fu_52">
<pin_list>
<pin id="53" dir="0" index="0" bw="16" slack="0"/>
<pin id="54" dir="0" index="1" bw="1" slack="0"/>
<pin id="55" dir="0" index="2" bw="8" slack="0"/>
<pin id="56" dir="1" index="3" bw="7" slack="0"/>
</pin_list>
<bind>
<opcode="getelementptr(29) " fcode="getelementptr"/>
<opset="coeffs_addr/1 "/>
</bind>
</comp>

<comp id="59" class="1004" name="grp_access_fu_59">
<pin_list>
<pin id="60" dir="0" index="0" bw="7" slack="0"/>
<pin id="61" dir="0" index="1" bw="16" slack="2147483647"/>
<pin id="62" dir="0" index="2" bw="0" slack="2147483647"/>
<pin id="63" dir="1" index="3" bw="16" slack="0"/>
</pin_list>
<bind>
<opcode="load(27) " fcode="load"/>
<opset="coeffs_load/1 "/>
</bind>
</comp>

<comp id="65" class="1004" name="c_addr_gep_fu_65">
<pin_list>
<pin id="66" dir="0" index="0" bw="16" slack="0"/>
<pin id="67" dir="0" index="1" bw="1" slack="0"/>
<pin id="68" dir="0" index="2" bw="6" slack="0"/>
<pin id="69" dir="1" index="3" bw="6" slack="0"/>
</pin_list>
<bind>
<opcode="getelementptr(29) " fcode="getelementptr"/>
<opset="c_addr/2 "/>
</bind>
</comp>

<comp id="72" class="1004" name="c_1_addr_gep_fu_72">
<pin_list>
<pin id="73" dir="0" index="0" bw="16" slack="0"/>
<pin id="74" dir="0" index="1" bw="1" slack="0"/>
<pin id="75" dir="0" index="2" bw="6" slack="0"/>
<pin id="76" dir="1" index="3" bw="6" slack="0"/>
</pin_list>
<bind>
<opcode="getelementptr(29) " fcode="getelementptr"/>
<opset="c_1_addr/2 "/>
</bind>
</comp>

<comp id="79" class="1004" name="store_ln15_access_fu_79">
<pin_list>
<pin id="80" dir="0" index="0" bw="6" slack="0"/>
<pin id="81" dir="0" index="1" bw="16" slack="0"/>
<pin id="82" dir="0" index="2" bw="0" slack="2147483647"/>
<pin id="83" dir="1" index="3" bw="16" slack="2147483647"/>
</pin_list>
<bind>
<opcode="store(28) " fcode="store"/>
<opset="store_ln15/2 "/>
</bind>
</comp>

<comp id="86" class="1004" name="store_ln15_access_fu_86">
<pin_list>
<pin id="87" dir="0" index="0" bw="6" slack="0"/>
<pin id="88" dir="0" index="1" bw="16" slack="0"/>
<pin id="89" dir="0" index="2" bw="0" slack="2147483647"/>
<pin id="90" dir="1" index="3" bw="16" slack="2147483647"/>
</pin_list>
<bind>
<opcode="store(28) " fcode="store"/>
<opset="store_ln15/2 "/>
</bind>
</comp>

<comp id="93" class="1004" name="store_ln13_store_fu_93">
<pin_list>
<pin id="94" dir="0" index="0" bw="1" slack="0"/>
<pin id="95" dir="0" index="1" bw="8" slack="0"/>
<pin id="96" dir="1" index="2" bw="0" slack="2147483647"/>
</pin_list>
<bind>
<opcode="store(28) " fcode="store"/>
<opset="store_ln13/1 "/>
</bind>
</comp>

<comp id="98" class="1004" name="i_1_load_fu_98">
<pin_list>
<pin id="99" dir="0" index="0" bw="8" slack="0"/>
<pin id="100" dir="1" index="1" bw="8" slack="0"/>
</pin_list>
<bind>
<opcode="load(27) " fcode="load"/>
<opset="i_1/1 "/>
</bind>
</comp>

<comp id="101" class="1004" name="icmp_ln13_fu_101">
<pin_list>
<pin id="102" dir="0" index="0" bw="8" slack="0"/>
<pin id="103" dir="0" index="1" bw="8" slack="0"/>
<pin id="104" dir="1" index="2" bw="1" slack="2147483647"/>
</pin_list>
<bind>
<opcode="icmp(45) " fcode="icmp"/>
<opset="icmp_ln13/1 "/>
</bind>
</comp>

<comp id="107" class="1004" name="add_ln13_fu_107">
<pin_list>
<pin id="108" dir="0" index="0" bw="8" slack="0"/>
<pin id="109" dir="0" index="1" bw="1" slack="0"/>
<pin id="110" dir="1" index="2" bw="8" slack="0"/>
</pin_list>
<bind>
<opcode="add(8) " fcode="add"/>
<opset="add_ln13/1 "/>
</bind>
</comp>

<comp id="113" class="1004" name="zext_ln13_fu_113">
<pin_list>
<pin id="114" dir="0" index="0" bw="8" slack="0"/>
<pin id="115" dir="1" index="1" bw="64" slack="0"/>
</pin_list>
<bind>
<opcode="zext(34) " fcode="zext"/>
<opset="zext_ln13/1 "/>
</bind>
</comp>

<comp id="118" class="1004" name="trunc_ln13_fu_118">
<pin_list>
<pin id="119" dir="0" index="0" bw="8" slack="0"/>
<pin id="120" dir="1" index="1" bw="1" slack="1"/>
</pin_list>
<bind>
<opcode="trunc(33) " fcode="trunc"/>
<opset="trunc_ln13/1 "/>
</bind>
</comp>

<comp id="122" class="1004" name="lshr_ln_fu_122">
<pin_list>
<pin id="123" dir="0" index="0" bw="6" slack="0"/>
<pin id="124" dir="0" index="1" bw="8" slack="0"/>
<pin id="125" dir="0" index="2" bw="1" slack="0"/>
<pin id="126" dir="0" index="3" bw="4" slack="0"/>
<pin id="127" dir="1" index="4" bw="6" slack="1"/>
</pin_list>
<bind>
<opcode="partselect(1002) " fcode="partselect"/>
<opset="lshr_ln/1 "/>
</bind>
</comp>

<comp id="132" class="1004" name="store_ln13_store_fu_132">
<pin_list>
<pin id="133" dir="0" index="0" bw="8" slack="0"/>
<pin id="134" dir="0" index="1" bw="8" slack="0"/>
<pin id="135" dir="1" index="2" bw="0" slack="2147483647"/>
</pin_list>
<bind>
<opcode="store(28) " fcode="store"/>
<opset="store_ln13/1 "/>
</bind>
</comp>

<comp id="137" class="1004" name="zext_ln13_1_fu_137">
<pin_list>
<pin id="138" dir="0" index="0" bw="6" slack="1"/>
<pin id="139" dir="1" index="1" bw="64" slack="0"/>
</pin_list>
<bind>
<opcode="zext(34) " fcode="zext"/>
<opset="zext_ln13_1/2 "/>
</bind>
</comp>

<comp id="142" class="1005" name="i_reg_142">
<pin_list>
<pin id="143" dir="0" index="0" bw="8" slack="0"/>
<pin id="144" dir="1" index="1" bw="8" slack="0"/>
</pin_list>
<bind>
<opset="i "/>
</bind>
</comp>

<comp id="152" class="1005" name="trunc_ln13_reg_152">
<pin_list>
<pin id="153" dir="0" index="0" bw="1" slack="1"/>
<pin id="154" dir="1" index="1" bw="1" slack="2147483647"/>
</pin_list>
<bind>
<opset="trunc_ln13 "/>
</bind>
</comp>

<comp id="156" class="1005" name="lshr_ln_reg_156">
<pin_list>
<pin id="157" dir="0" index="0" bw="6" slack="1"/>
<pin id="158" dir="1" index="1" bw="6" slack="1"/>
</pin_list>
<bind>
<opset="lshr_ln "/>
</bind>
</comp>

<comp id="161" class="1005" name="coeffs_addr_reg_161">
<pin_list>
<pin id="162" dir="0" index="0" bw="7" slack="1"/>
<pin id="163" dir="1" index="1" bw="7" slack="1"/>
</pin_list>
<bind>
<opset="coeffs_addr "/>
</bind>
</comp>

</comp_list>

<net_list>
<net id="51"><net_src comp="6" pin="0"/><net_sink comp="48" pin=0"/></net>

<net id="57"><net_src comp="4" pin="0"/><net_sink comp="52" pin=0"/></net>

<net id="58"><net_src comp="36" pin="0"/><net_sink comp="52" pin=1"/></net>

<net id="64"><net_src comp="52" pin="3"/><net_sink comp="59" pin=0"/></net>

<net id="70"><net_src comp="2" pin="0"/><net_sink comp="65" pin=0"/></net>

<net id="71"><net_src comp="36" pin="0"/><net_sink comp="65" pin=1"/></net>

<net id="77"><net_src comp="0" pin="0"/><net_sink comp="72" pin=0"/></net>

<net id="78"><net_src comp="36" pin="0"/><net_sink comp="72" pin=1"/></net>

<net id="84"><net_src comp="59" pin="3"/><net_sink comp="79" pin=1"/></net>

<net id="85"><net_src comp="65" pin="3"/><net_sink comp="79" pin=0"/></net>

<net id="91"><net_src comp="59" pin="3"/><net_sink comp="86" pin=1"/></net>

<net id="92"><net_src comp="72" pin="3"/><net_sink comp="86" pin=0"/></net>

<net id="97"><net_src comp="26" pin="0"/><net_sink comp="93" pin=0"/></net>

<net id="105"><net_src comp="98" pin="1"/><net_sink comp="101" pin=0"/></net>

<net id="106"><net_src comp="28" pin="0"/><net_sink comp="101" pin=1"/></net>

<net id="111"><net_src comp="98" pin="1"/><net_sink comp="107" pin=0"/></net>

<net id="112"><net_src comp="30" pin="0"/><net_sink comp="107" pin=1"/></net>

<net id="116"><net_src comp="98" pin="1"/><net_sink comp="113" pin=0"/></net>

<net id="117"><net_src comp="113" pin="1"/><net_sink comp="52" pin=2"/></net>

<net id="121"><net_src comp="98" pin="1"/><net_sink comp="118" pin=0"/></net>

<net id="128"><net_src comp="32" pin="0"/><net_sink comp="122" pin=0"/></net>

<net id="129"><net_src comp="98" pin="1"/><net_sink comp="122" pin=1"/></net>

<net id="130"><net_src comp="6" pin="0"/><net_sink comp="122" pin=2"/></net>

<net id="131"><net_src comp="34" pin="0"/><net_sink comp="122" pin=3"/></net>

<net id="136"><net_src comp="107" pin="2"/><net_sink comp="132" pin=0"/></net>

<net id="140"><net_src comp="137" pin="1"/><net_sink comp="65" pin=2"/></net>

<net id="141"><net_src comp="137" pin="1"/><net_sink comp="72" pin=2"/></net>

<net id="145"><net_src comp="48" pin="1"/><net_sink comp="142" pin=0"/></net>

<net id="146"><net_src comp="142" pin="1"/><net_sink comp="93" pin=1"/></net>

<net id="147"><net_src comp="142" pin="1"/><net_sink comp="98" pin=0"/></net>

<net id="148"><net_src comp="142" pin="1"/><net_sink comp="132" pin=1"/></net>

<net id="155"><net_src comp="118" pin="1"/><net_sink comp="152" pin=0"/></net>

<net id="159"><net_src comp="122" pin="4"/><net_sink comp="156" pin=0"/></net>

<net id="160"><net_src comp="156" pin="1"/><net_sink comp="137" pin=0"/></net>

<net id="164"><net_src comp="52" pin="3"/><net_sink comp="161" pin=0"/></net>

<net id="165"><net_src comp="161" pin="1"/><net_sink comp="59" pin=0"/></net>

</net_list>

</model> 
---------------- Datapath Model END ------------------

* FSMD analyzer results:
  - Output states:
	Port: c_1 | {2 }
	Port: c | {2 }
	Port: coeffs | {}
 - Input state : 
	Port: fir_Pipeline_VITIS_LOOP_13_1 : coeffs | {1 2 }
  - Chain level:
	State 1
		store_ln13 : 1
		i_1 : 1
		icmp_ln13 : 2
		add_ln13 : 2
		br_ln13 : 3
		zext_ln13 : 2
		trunc_ln13 : 2
		lshr_ln : 2
		coeffs_addr : 3
		coeffs_load : 4
		br_ln15 : 3
		store_ln13 : 3
	State 2
		c_addr : 1
		c_1_addr : 1
		store_ln15 : 2
		store_ln15 : 2


============================================================
+ Verbose Summary: Datapath Resource usage 
============================================================

* Functional unit list:
|----------|--------------------|---------|---------|
| Operation|   Functional Unit  |    FF   |   LUT   |
|----------|--------------------|---------|---------|
|   icmp   |  icmp_ln13_fu_101  |    0    |    15   |
|----------|--------------------|---------|---------|
|    add   |   add_ln13_fu_107  |    0    |    15   |
|----------|--------------------|---------|---------|
|   zext   |  zext_ln13_fu_113  |    0    |    0    |
|          | zext_ln13_1_fu_137 |    0    |    0    |
|----------|--------------------|---------|---------|
|   trunc  |  trunc_ln13_fu_118 |    0    |    0    |
|----------|--------------------|---------|---------|
|partselect|   lshr_ln_fu_122   |    0    |    0    |
|----------|--------------------|---------|---------|
|   Total  |                    |    0    |    30   |
|----------|--------------------|---------|---------|

Memories:
N/A

* Register list:
+-------------------+--------+
|                   |   FF   |
+-------------------+--------+
|coeffs_addr_reg_161|    7   |
|     i_reg_142     |    8   |
|  lshr_ln_reg_156  |    6   |
| trunc_ln13_reg_152|    1   |
+-------------------+--------+
|       Total       |   22   |
+-------------------+--------+

* Multiplexer (MUX) list: 
|------------------|------|------|------|--------||---------||---------|
|       Comp       |  Pin | Size |  BW  | S x BW ||  Delay  ||   LUT   |
|------------------|------|------|------|--------||---------||---------|
| grp_access_fu_59 |  p0  |   2  |   7  |   14   ||    9    |
|------------------|------|------|------|--------||---------||---------|
|       Total      |      |      |      |   14   ||  1.588  ||    9    |
|------------------|------|------|------|--------||---------||---------|



* Summary:
+-----------+--------+--------+--------+
|           |  Delay |   FF   |   LUT  |
+-----------+--------+--------+--------+
|  Function |    -   |    0   |   30   |
|   Memory  |    -   |    -   |    -   |
|Multiplexer|    1   |    -   |    9   |
|  Register |    -   |   22   |    -   |
+-----------+--------+--------+--------+
|   Total   |    1   |   22   |   39   |
+-----------+--------+--------+--------+
