

================================================================
== Vitis HLS Report for 'fir_Pipeline_MAC_Loop_0'
================================================================
* Date:           Sat May  9 16:30:59 2026

* Version:        2023.2 (Build 4023990 on Oct 11 2023)
* Project:        fir128
* Solution:       solution1 (Vivado IP Flow Target)
* Product family: zynq
* Target device:  xc7z010-clg400-1


================================================================
== Performance Estimates
================================================================
+ Timing: 
    * Summary: 
    +--------+----------+----------+------------+
    |  Clock |  Target  | Estimated| Uncertainty|
    +--------+----------+----------+------------+
    |ap_clk  |  10.00 ns|  6.712 ns|     2.70 ns|
    +--------+----------+----------+------------+

+ Latency: 
    * Summary: 
    +---------+---------+----------+----------+-----+-----+---------+
    |  Latency (cycles) |  Latency (absolute) |  Interval | Pipeline|
    |   min   |   max   |    min   |    max   | min | max |   Type  |
    +---------+---------+----------+----------+-----+-----+---------+
    |      133|      133|  1.330 us|  1.330 us|  133|  133|       no|
    +---------+---------+----------+----------+-----+-----+---------+

    + Detail: 
        * Instance: 
        N/A

        * Loop: 
        +--------------+---------+---------+----------+-----------+-----------+------+----------+
        |              |  Latency (cycles) | Iteration|  Initiation Interval  | Trip |          |
        |   Loop Name  |   min   |   max   |  Latency |  achieved |   target  | Count| Pipelined|
        +--------------+---------+---------+----------+-----------+-----------+------+----------+
        |- MAC_Loop_0  |      131|      131|         4|          1|          1|   128|       yes|
        +--------------+---------+---------+----------+-----------+-----------+------+----------+

============================================================
+ Verbose Summary: Synthesis Manager
============================================================
InlineROM: 1
ExposeGlobal: 0
============================================================
+ Verbose Summary: CDFG Model
============================================================
IsTopModel: 0
ResetActiveHigh: 1
IsCombinational: 0
IsDatapathOnly: 0
HasWiredReturn: 1
HasMFsm: 2
HasVarLatency: 1
IsPipeline: 0
IsRtlPipelined: 0
IsInstanceOverlapped: 0
IsDontTouch: 0
HasImplIP: 0
IsGatedGlobalClock: 0

+ Individual pipeline summary: 
  * Pipeline-0: initiation interval (II) = 1, depth = 4


============================================================
+ Verbose Summary: Schedule
============================================================
* Number of FSM states : 4
* Pipeline : 1
  Pipeline-0 : II = 1, D = 4, States = { 1 2 3 4 }
* Dataflow Pipeline: 0

* FSM state transitions: 
1 --> 2 
2 --> 3 
3 --> 4 
4 --> 

* FSM state operations: 

State 1 <SV = 0> <Delay = 6.71>
ST_1 : Operation 7 [1/1] (0.00ns)   --->   "%acc_i0 = alloca i32 1" [fir.cpp:41]   --->   Operation 7 'alloca' 'acc_i0' <Predicate = true> <Delay = 0.00>
ST_1 : Operation 8 [1/1] (0.00ns)   --->   "%acc_q0 = alloca i32 1" [fir.cpp:42]   --->   Operation 8 'alloca' 'acc_q0' <Predicate = true> <Delay = 0.00>
ST_1 : Operation 9 [1/1] (0.00ns)   --->   "%i = alloca i32 1" [fir.cpp:45]   --->   Operation 9 'alloca' 'i' <Predicate = true> <Delay = 0.00>
ST_1 : Operation 10 [1/1] (0.00ns)   --->   "%specmemcore_ln0 = specmemcore void @_ssdm_op_SpecMemCore, i16 %shift_q, i64 666, i64 22, i64 18446744073709551615"   --->   Operation 10 'specmemcore' 'specmemcore_ln0' <Predicate = true> <Delay = 0.00>
ST_1 : Operation 11 [1/1] (0.00ns)   --->   "%specmemcore_ln0 = specmemcore void @_ssdm_op_SpecMemCore, i16 %shift_i, i64 666, i64 22, i64 18446744073709551615"   --->   Operation 11 'specmemcore' 'specmemcore_ln0' <Predicate = true> <Delay = 0.00>
ST_1 : Operation 12 [1/1] (0.00ns)   --->   "%ptr_load_read = read i7 @_ssdm_op_Read.ap_auto.i7, i7 %ptr_load"   --->   Operation 12 'read' 'ptr_load_read' <Predicate = true> <Delay = 0.00>
ST_1 : Operation 13 [1/1] (1.58ns)   --->   "%store_ln45 = store i8 0, i8 %i" [fir.cpp:45]   --->   Operation 13 'store' 'store_ln45' <Predicate = true> <Delay = 1.58>
ST_1 : Operation 14 [1/1] (1.58ns)   --->   "%store_ln42 = store i27 0, i27 %acc_q0" [fir.cpp:42]   --->   Operation 14 'store' 'store_ln42' <Predicate = true> <Delay = 1.58>
ST_1 : Operation 15 [1/1] (1.58ns)   --->   "%store_ln41 = store i27 0, i27 %acc_i0" [fir.cpp:41]   --->   Operation 15 'store' 'store_ln41' <Predicate = true> <Delay = 1.58>
ST_1 : Operation 16 [1/1] (0.00ns)   --->   "%br_ln0 = br void %for.inc"   --->   Operation 16 'br' 'br_ln0' <Predicate = true> <Delay = 0.00>
ST_1 : Operation 17 [1/1] (0.00ns)   --->   "%i_2 = load i8 %i" [fir.cpp:49]   --->   Operation 17 'load' 'i_2' <Predicate = true> <Delay = 0.00>
ST_1 : Operation 18 [1/1] (1.91ns)   --->   "%icmp_ln45 = icmp_eq  i8 %i_2, i8 128" [fir.cpp:45]   --->   Operation 18 'icmp' 'icmp_ln45' <Predicate = true> <Delay = 1.91> <CoreInst = "Cmp">   --->   Core 9 'Cmp' <Latency = 0> <II = 1> <Delay = 1.91> <FuncUnit> <Opcode : 'icmp'> <InPorts = 2> <OutPorts = 1>
ST_1 : Operation 19 [1/1] (1.91ns)   --->   "%add_ln45 = add i8 %i_2, i8 1" [fir.cpp:45]   --->   Operation 19 'add' 'add_ln45' <Predicate = true> <Delay = 1.91> <CoreInst = "Adder">   --->   Core 1 'Adder' <Latency = 0> <II = 1> <Delay = 1.91> <FuncUnit> <Opcode : 'add' 'sub'> <InPorts = 2> <OutPorts = 1>
ST_1 : Operation 20 [1/1] (0.00ns)   --->   "%br_ln45 = br i1 %icmp_ln45, void %fpga_resource_hint.for.inc.3, void %for.end.exitStub" [fir.cpp:45]   --->   Operation 20 'br' 'br_ln45' <Predicate = true> <Delay = 0.00>
ST_1 : Operation 21 [1/1] (0.00ns)   --->   "%zext_ln45 = zext i8 %i_2" [fir.cpp:45]   --->   Operation 21 'zext' 'zext_ln45' <Predicate = (!icmp_ln45)> <Delay = 0.00>
ST_1 : Operation 22 [1/1] (0.00ns)   --->   "%trunc_ln49 = trunc i8 %i_2" [fir.cpp:49]   --->   Operation 22 'trunc' 'trunc_ln49' <Predicate = (!icmp_ln45)> <Delay = 0.00>
ST_1 : Operation 23 [1/1] (1.87ns)   --->   "%idx = sub i7 %ptr_load_read, i7 %trunc_ln49" [fir.cpp:49]   --->   Operation 23 'sub' 'idx' <Predicate = (!icmp_ln45)> <Delay = 1.87> <CoreInst = "Adder">   --->   Core 1 'Adder' <Latency = 0> <II = 1> <Delay = 1.87> <FuncUnit> <Opcode : 'add' 'sub'> <InPorts = 2> <OutPorts = 1>
ST_1 : Operation 24 [1/1] (0.00ns)   --->   "%zext_ln50 = zext i7 %idx" [fir.cpp:50]   --->   Operation 24 'zext' 'zext_ln50' <Predicate = (!icmp_ln45)> <Delay = 0.00>
ST_1 : Operation 25 [1/1] (0.00ns)   --->   "%shift_i_addr = getelementptr i16 %shift_i, i64 0, i64 %zext_ln50" [fir.cpp:50]   --->   Operation 25 'getelementptr' 'shift_i_addr' <Predicate = (!icmp_ln45)> <Delay = 0.00>
ST_1 : Operation 26 [2/2] (3.25ns)   --->   "%shift_i_load = load i7 %shift_i_addr" [fir.cpp:50]   --->   Operation 26 'load' 'shift_i_load' <Predicate = (!icmp_ln45)> <Delay = 3.25> <CoreInst = "RAM_2P_BRAM">   --->   Core 91 'RAM_2P_BRAM' <Latency = 1> <II = 1> <Delay = 3.25> <Storage> <Opcode : 'load' 'store'> <Ports = 2> <Width = 16> <Depth = 128> <RAM>
ST_1 : Operation 27 [1/1] (0.00ns)   --->   "%c_addr = getelementptr i5 %c, i64 0, i64 %zext_ln45" [fir.cpp:50]   --->   Operation 27 'getelementptr' 'c_addr' <Predicate = (!icmp_ln45)> <Delay = 0.00>
ST_1 : Operation 28 [2/2] (2.32ns)   --->   "%c_load = load i7 %c_addr" [fir.cpp:50]   --->   Operation 28 'load' 'c_load' <Predicate = (!icmp_ln45)> <Delay = 2.32> <CoreInst = "ROM">   --->   Core 95 'ROM' <Latency = 1> <II = 1> <Delay = 2.32> <Storage> <Opcode : 'load'> <Ports = 0> <Width = 5> <Depth = 128> <ROM>
ST_1 : Operation 29 [1/1] (0.00ns)   --->   "%shift_q_addr = getelementptr i16 %shift_q, i64 0, i64 %zext_ln50" [fir.cpp:51]   --->   Operation 29 'getelementptr' 'shift_q_addr' <Predicate = (!icmp_ln45)> <Delay = 0.00>
ST_1 : Operation 30 [2/2] (3.25ns)   --->   "%shift_q_load = load i7 %shift_q_addr" [fir.cpp:51]   --->   Operation 30 'load' 'shift_q_load' <Predicate = (!icmp_ln45)> <Delay = 3.25> <CoreInst = "RAM_2P_BRAM">   --->   Core 91 'RAM_2P_BRAM' <Latency = 1> <II = 1> <Delay = 3.25> <Storage> <Opcode : 'load' 'store'> <Ports = 2> <Width = 16> <Depth = 128> <RAM>
ST_1 : Operation 31 [1/1] (1.58ns)   --->   "%store_ln45 = store i8 %add_ln45, i8 %i" [fir.cpp:45]   --->   Operation 31 'store' 'store_ln45' <Predicate = (!icmp_ln45)> <Delay = 1.58>

State 2 <SV = 1> <Delay = 3.25>
ST_2 : Operation 32 [1/2] (3.25ns)   --->   "%shift_i_load = load i7 %shift_i_addr" [fir.cpp:50]   --->   Operation 32 'load' 'shift_i_load' <Predicate = (!icmp_ln45)> <Delay = 3.25> <CoreInst = "RAM_2P_BRAM">   --->   Core 91 'RAM_2P_BRAM' <Latency = 1> <II = 1> <Delay = 3.25> <Storage> <Opcode : 'load' 'store'> <Ports = 2> <Width = 16> <Depth = 128> <RAM>
ST_2 : Operation 33 [1/2] (2.32ns)   --->   "%c_load = load i7 %c_addr" [fir.cpp:50]   --->   Operation 33 'load' 'c_load' <Predicate = (!icmp_ln45)> <Delay = 2.32> <CoreInst = "ROM">   --->   Core 95 'ROM' <Latency = 1> <II = 1> <Delay = 2.32> <Storage> <Opcode : 'load'> <Ports = 0> <Width = 5> <Depth = 128> <ROM>
ST_2 : Operation 34 [1/2] (3.25ns)   --->   "%shift_q_load = load i7 %shift_q_addr" [fir.cpp:51]   --->   Operation 34 'load' 'shift_q_load' <Predicate = (!icmp_ln45)> <Delay = 3.25> <CoreInst = "RAM_2P_BRAM">   --->   Core 91 'RAM_2P_BRAM' <Latency = 1> <II = 1> <Delay = 3.25> <Storage> <Opcode : 'load' 'store'> <Ports = 2> <Width = 16> <Depth = 128> <RAM>

State 3 <SV = 2> <Delay = 4.58>
ST_3 : Operation 35 [1/1] (0.00ns)   --->   "%sext_ln50 = sext i16 %shift_i_load" [fir.cpp:50]   --->   Operation 35 'sext' 'sext_ln50' <Predicate = (!icmp_ln45)> <Delay = 0.00>
ST_3 : Operation 36 [1/1] (0.00ns)   --->   "%sext_ln50_1 = sext i5 %c_load" [fir.cpp:50]   --->   Operation 36 'sext' 'sext_ln50_1' <Predicate = (!icmp_ln45)> <Delay = 0.00>
ST_3 : Operation 37 [1/1] (4.58ns)   --->   "%mul_ln50 = mul i21 %sext_ln50_1, i21 %sext_ln50" [fir.cpp:50]   --->   Operation 37 'mul' 'mul_ln50' <Predicate = (!icmp_ln45)> <Delay = 4.58> <CoreInst = "Mul_DSP">   --->   Core 5 'Mul_DSP' <Latency = 0> <II = 1> <Delay = 4.58> <FuncUnit> <Opcode : 'mul'> <InPorts = 2> <OutPorts = 1>
ST_3 : Operation 38 [1/1] (0.00ns)   --->   "%specfucore_ln47 = specfucore void @_ssdm_op_SpecFUCore, i21 %mul_ln50, i64 12, i64 3, i64 18446744073709551615" [fir.cpp:47]   --->   Operation 38 'specfucore' 'specfucore_ln47' <Predicate = (!icmp_ln45)> <Delay = 0.00>
ST_3 : Operation 39 [1/1] (0.00ns)   --->   "%trunc_ln50 = trunc i21 %mul_ln50" [fir.cpp:50]   --->   Operation 39 'trunc' 'trunc_ln50' <Predicate = (!icmp_ln45)> <Delay = 0.00>
ST_3 : Operation 40 [1/1] (0.00ns)   --->   "%sext_ln51 = sext i16 %shift_q_load" [fir.cpp:51]   --->   Operation 40 'sext' 'sext_ln51' <Predicate = (!icmp_ln45)> <Delay = 0.00>
ST_3 : Operation 41 [1/1] (4.58ns)   --->   "%mul_ln51 = mul i21 %sext_ln51, i21 %sext_ln50_1" [fir.cpp:51]   --->   Operation 41 'mul' 'mul_ln51' <Predicate = (!icmp_ln45)> <Delay = 4.58> <CoreInst = "Mul_DSP">   --->   Core 5 'Mul_DSP' <Latency = 0> <II = 1> <Delay = 4.58> <FuncUnit> <Opcode : 'mul'> <InPorts = 2> <OutPorts = 1>
ST_3 : Operation 42 [1/1] (0.00ns)   --->   "%specfucore_ln48 = specfucore void @_ssdm_op_SpecFUCore, i21 %mul_ln51, i64 12, i64 3, i64 18446744073709551615" [fir.cpp:48]   --->   Operation 42 'specfucore' 'specfucore_ln48' <Predicate = (!icmp_ln45)> <Delay = 0.00>
ST_3 : Operation 43 [1/1] (0.00ns)   --->   "%trunc_ln51 = trunc i21 %mul_ln51" [fir.cpp:51]   --->   Operation 43 'trunc' 'trunc_ln51' <Predicate = (!icmp_ln45)> <Delay = 0.00>

State 4 <SV = 3> <Delay = 3.99>
ST_4 : Operation 44 [1/1] (0.00ns)   --->   "%acc_i0_2 = load i27 %acc_i0" [fir.cpp:45]   --->   Operation 44 'load' 'acc_i0_2' <Predicate = true> <Delay = 0.00>
ST_4 : Operation 45 [1/1] (0.00ns)   --->   "%acc_q0_2 = load i27 %acc_q0" [fir.cpp:45]   --->   Operation 45 'load' 'acc_q0_2' <Predicate = true> <Delay = 0.00>
ST_4 : Operation 46 [1/1] (0.00ns)   --->   "%trunc_ln45 = trunc i27 %acc_i0_2" [fir.cpp:45]   --->   Operation 46 'trunc' 'trunc_ln45' <Predicate = true> <Delay = 0.00>
ST_4 : Operation 47 [1/1] (0.00ns)   --->   "%trunc_ln45_1 = trunc i27 %acc_q0_2" [fir.cpp:45]   --->   Operation 47 'trunc' 'trunc_ln45_1' <Predicate = true> <Delay = 0.00>
ST_4 : Operation 48 [1/1] (0.00ns)   --->   "%specpipeline_ln46 = specpipeline void @_ssdm_op_SpecPipeline, i32 1, i32 0, i32 0, i32 0, void @empty_0" [fir.cpp:46]   --->   Operation 48 'specpipeline' 'specpipeline_ln46' <Predicate = (!icmp_ln45)> <Delay = 0.00>
ST_4 : Operation 49 [1/1] (0.00ns)   --->   "%speclooptripcount_ln41 = speclooptripcount void @_ssdm_op_SpecLoopTripCount, i64 128, i64 128, i64 128" [fir.cpp:41]   --->   Operation 49 'speclooptripcount' 'speclooptripcount_ln41' <Predicate = (!icmp_ln45)> <Delay = 0.00>
ST_4 : Operation 50 [1/1] (0.00ns)   --->   "%specloopname_ln45 = specloopname void @_ssdm_op_SpecLoopName, void @empty_2" [fir.cpp:45]   --->   Operation 50 'specloopname' 'specloopname_ln45' <Predicate = (!icmp_ln45)> <Delay = 0.00>
ST_4 : Operation 51 [1/1] (0.00ns)   --->   "%rbegin4 = specregionbegin i32 @_ssdm_op_SpecRegionBegin, void @empty_8" [fir.cpp:49]   --->   Operation 51 'specregionbegin' 'rbegin4' <Predicate = (!icmp_ln45)> <Delay = 0.00>
ST_4 : Operation 52 [1/1] (0.00ns)   --->   "%sext_ln50_2 = sext i20 %trunc_ln50" [fir.cpp:50]   --->   Operation 52 'sext' 'sext_ln50_2' <Predicate = (!icmp_ln45)> <Delay = 0.00>
ST_4 : Operation 53 [1/1] (2.40ns)   --->   "%acc_i0_3 = add i27 %sext_ln50_2, i27 %acc_i0_2" [fir.cpp:50]   --->   Operation 53 'add' 'acc_i0_3' <Predicate = (!icmp_ln45)> <Delay = 2.40> <CoreInst = "Adder">   --->   Core 1 'Adder' <Latency = 0> <II = 1> <Delay = 2.40> <FuncUnit> <Opcode : 'add' 'sub'> <InPorts = 2> <OutPorts = 1>
ST_4 : Operation 54 [1/1] (0.00ns)   --->   "%rend5 = specregionend i32 @_ssdm_op_SpecRegionEnd, void @empty_8, i32 %rbegin4" [fir.cpp:50]   --->   Operation 54 'specregionend' 'rend5' <Predicate = (!icmp_ln45)> <Delay = 0.00>
ST_4 : Operation 55 [1/1] (0.00ns)   --->   "%rbegin = specregionbegin i32 @_ssdm_op_SpecRegionBegin, void @empty_9" [fir.cpp:50]   --->   Operation 55 'specregionbegin' 'rbegin' <Predicate = (!icmp_ln45)> <Delay = 0.00>
ST_4 : Operation 56 [1/1] (0.00ns)   --->   "%sext_ln51_1 = sext i20 %trunc_ln51" [fir.cpp:51]   --->   Operation 56 'sext' 'sext_ln51_1' <Predicate = (!icmp_ln45)> <Delay = 0.00>
ST_4 : Operation 57 [1/1] (2.40ns)   --->   "%acc_q0_3 = add i27 %sext_ln51_1, i27 %acc_q0_2" [fir.cpp:51]   --->   Operation 57 'add' 'acc_q0_3' <Predicate = (!icmp_ln45)> <Delay = 2.40> <CoreInst = "Adder">   --->   Core 1 'Adder' <Latency = 0> <II = 1> <Delay = 2.40> <FuncUnit> <Opcode : 'add' 'sub'> <InPorts = 2> <OutPorts = 1>
ST_4 : Operation 58 [1/1] (0.00ns)   --->   "%rend = specregionend i32 @_ssdm_op_SpecRegionEnd, void @empty_9, i32 %rbegin" [fir.cpp:51]   --->   Operation 58 'specregionend' 'rend' <Predicate = (!icmp_ln45)> <Delay = 0.00>
ST_4 : Operation 59 [1/1] (1.58ns)   --->   "%store_ln42 = store i27 %acc_q0_3, i27 %acc_q0" [fir.cpp:42]   --->   Operation 59 'store' 'store_ln42' <Predicate = (!icmp_ln45)> <Delay = 1.58>
ST_4 : Operation 60 [1/1] (1.58ns)   --->   "%store_ln41 = store i27 %acc_i0_3, i27 %acc_i0" [fir.cpp:41]   --->   Operation 60 'store' 'store_ln41' <Predicate = (!icmp_ln45)> <Delay = 1.58>
ST_4 : Operation 61 [1/1] (0.00ns)   --->   "%br_ln45 = br void %for.inc" [fir.cpp:45]   --->   Operation 61 'br' 'br_ln45' <Predicate = (!icmp_ln45)> <Delay = 0.00>
ST_4 : Operation 62 [1/1] (0.00ns)   --->   "%write_ln45 = write void @_ssdm_op_Write.ap_auto.i16P0A, i16 %acc_q0_out, i16 %trunc_ln45_1" [fir.cpp:45]   --->   Operation 62 'write' 'write_ln45' <Predicate = (icmp_ln45)> <Delay = 0.00>
ST_4 : Operation 63 [1/1] (0.00ns)   --->   "%write_ln45 = write void @_ssdm_op_Write.ap_auto.i16P0A, i16 %acc_i0_out, i16 %trunc_ln45" [fir.cpp:45]   --->   Operation 63 'write' 'write_ln45' <Predicate = (icmp_ln45)> <Delay = 0.00>
ST_4 : Operation 64 [1/1] (0.00ns)   --->   "%ret_ln0 = ret"   --->   Operation 64 'ret' 'ret_ln0' <Predicate = (icmp_ln45)> <Delay = 0.00>


============================================================
+ Verbose Summary: Binding
============================================================
STG Binding: 
---------------- STG Properties BEGIN ----------------
- Is combinational: 0
- Is one-state seq: 0
- Is datapath-only: 0
- Is pipelined: 0
- Is top level: 0
Port [ Return ] is wired: 1; IO mode=ap_ctrl_hs:ce=0
Port [ ptr_load]:  wired=1; compound=0; hidden=0; nouse=0; global=0; static=0; extern=0; dir=0; type=0; pingpong=0; private_global=0; IO mode=ap_none:ce=0
Port [ acc_q0_out]:  wired=1; compound=0; hidden=0; nouse=0; global=0; static=0; extern=0; dir=1; type=0; pingpong=0; private_global=0; IO mode=ap_vld:ce=0
Port [ acc_i0_out]:  wired=1; compound=0; hidden=0; nouse=0; global=0; static=0; extern=0; dir=1; type=0; pingpong=0; private_global=0; IO mode=ap_vld:ce=0
Port [ shift_i]:  wired=1; compound=1; hidden=0; nouse=0; global=1; static=1; extern=0; dir=0; type=1; pingpong=0; private_global=0; MemPort=[13]; IO mode=ap_memory:ce=0
Port [ c]:  wired=0; compound=1; hidden=1; nouse=0; global=1; static=1; extern=0; dir=0; type=1; pingpong=0; private_global=0; MemPort=[1]; IO mode=ap_memory:ce=0
Port [ shift_q]:  wired=1; compound=1; hidden=0; nouse=0; global=1; static=1; extern=0; dir=0; type=1; pingpong=0; private_global=0; MemPort=[13]; IO mode=ap_memory:ce=0
---------------- STG Properties END ------------------

---------------- Datapath Model BEGIN ----------------

<LifeTime>
<method=bitvector/>
acc_i0                 (alloca           ) [ 01111]
acc_q0                 (alloca           ) [ 01111]
i                      (alloca           ) [ 01000]
specmemcore_ln0        (specmemcore      ) [ 00000]
specmemcore_ln0        (specmemcore      ) [ 00000]
ptr_load_read          (read             ) [ 00000]
store_ln45             (store            ) [ 00000]
store_ln42             (store            ) [ 00000]
store_ln41             (store            ) [ 00000]
br_ln0                 (br               ) [ 00000]
i_2                    (load             ) [ 00000]
icmp_ln45              (icmp             ) [ 01111]
add_ln45               (add              ) [ 00000]
br_ln45                (br               ) [ 00000]
zext_ln45              (zext             ) [ 00000]
trunc_ln49             (trunc            ) [ 00000]
idx                    (sub              ) [ 00000]
zext_ln50              (zext             ) [ 00000]
shift_i_addr           (getelementptr    ) [ 01100]
c_addr                 (getelementptr    ) [ 01100]
shift_q_addr           (getelementptr    ) [ 01100]
store_ln45             (store            ) [ 00000]
shift_i_load           (load             ) [ 01010]
c_load                 (load             ) [ 01010]
shift_q_load           (load             ) [ 01010]
sext_ln50              (sext             ) [ 00000]
sext_ln50_1            (sext             ) [ 00000]
mul_ln50               (mul              ) [ 00000]
specfucore_ln47        (specfucore       ) [ 00000]
trunc_ln50             (trunc            ) [ 01001]
sext_ln51              (sext             ) [ 00000]
mul_ln51               (mul              ) [ 00000]
specfucore_ln48        (specfucore       ) [ 00000]
trunc_ln51             (trunc            ) [ 01001]
acc_i0_2               (load             ) [ 00000]
acc_q0_2               (load             ) [ 00000]
trunc_ln45             (trunc            ) [ 00000]
trunc_ln45_1           (trunc            ) [ 00000]
specpipeline_ln46      (specpipeline     ) [ 00000]
speclooptripcount_ln41 (speclooptripcount) [ 00000]
specloopname_ln45      (specloopname     ) [ 00000]
rbegin4                (specregionbegin  ) [ 00000]
sext_ln50_2            (sext             ) [ 00000]
acc_i0_3               (add              ) [ 00000]
rend5                  (specregionend    ) [ 00000]
rbegin                 (specregionbegin  ) [ 00000]
sext_ln51_1            (sext             ) [ 00000]
acc_q0_3               (add              ) [ 00000]
rend                   (specregionend    ) [ 00000]
store_ln42             (store            ) [ 00000]
store_ln41             (store            ) [ 00000]
br_ln45                (br               ) [ 00000]
write_ln45             (write            ) [ 00000]
write_ln45             (write            ) [ 00000]
ret_ln0                (ret              ) [ 00000]
</LifeTime>

<model>

<comp_list>
<comp id="0" class="1000" name="ptr_load">
<pin_list>
<pin id="1" dir="1" index="0" bw="1" slack="0"/>
</pin_list>
<bind>
<StgValue><ssdm name="ptr_load"/></StgValue>
</bind>
</comp>

<comp id="2" class="1000" name="acc_q0_out">
<pin_list>
<pin id="3" dir="1" index="0" bw="1" slack="0"/>
</pin_list>
<bind>
<StgValue><ssdm name="acc_q0_out"/></StgValue>
</bind>
</comp>

<comp id="4" class="1000" name="acc_i0_out">
<pin_list>
<pin id="5" dir="1" index="0" bw="1" slack="0"/>
</pin_list>
<bind>
<StgValue><ssdm name="acc_i0_out"/></StgValue>
</bind>
</comp>

<comp id="6" class="1000" name="shift_i">
<pin_list>
<pin id="7" dir="1" index="0" bw="1" slack="0"/>
</pin_list>
<bind>
<StgValue><ssdm name="shift_i"/><MemPortTyVec>1 3 </MemPortTyVec>
</StgValue>
</bind>
</comp>

<comp id="8" class="1000" name="c">
<pin_list>
<pin id="9" dir="1" index="0" bw="1" slack="0"/>
</pin_list>
<bind>
<StgValue><ssdm name="c"/><MemPortTyVec>1 </MemPortTyVec>
</StgValue>
</bind>
</comp>

<comp id="10" class="1000" name="shift_q">
<pin_list>
<pin id="11" dir="1" index="0" bw="1" slack="0"/>
</pin_list>
<bind>
<StgValue><ssdm name="shift_q"/><MemPortTyVec>1 3 </MemPortTyVec>
</StgValue>
</bind>
</comp>

<comp id="12" class="1001" name="const_12">
<pin_list>
<pin id="13" dir="1" index="0" bw="1" slack="0"/>
</pin_list>
<bind>
<StgValue><ssdm name=""/></StgValue>
</bind>
</comp>

<comp id="14" class="1001" name="const_14">
<pin_list>
<pin id="15" dir="1" index="0" bw="1" slack="2147483647"/>
</pin_list>
<bind>
<StgValue><ssdm name="_ssdm_op_SpecMemCore"/></StgValue>
</bind>
</comp>

<comp id="16" class="1001" name="const_16">
<pin_list>
<pin id="17" dir="1" index="0" bw="1" slack="2147483647"/>
</pin_list>
<bind>
<StgValue><ssdm name=""/></StgValue>
</bind>
</comp>

<comp id="18" class="1001" name="const_18">
<pin_list>
<pin id="19" dir="1" index="0" bw="1" slack="2147483647"/>
</pin_list>
<bind>
<StgValue><ssdm name=""/></StgValue>
</bind>
</comp>

<comp id="20" class="1001" name="const_20">
<pin_list>
<pin id="21" dir="1" index="0" bw="1" slack="2147483647"/>
</pin_list>
<bind>
<StgValue><ssdm name=""/></StgValue>
</bind>
</comp>

<comp id="22" class="1001" name="const_22">
<pin_list>
<pin id="23" dir="1" index="0" bw="1" slack="0"/>
</pin_list>
<bind>
<StgValue><ssdm name="_ssdm_op_Read.ap_auto.i7"/></StgValue>
</bind>
</comp>

<comp id="24" class="1001" name="const_24">
<pin_list>
<pin id="25" dir="1" index="0" bw="1" slack="0"/>
</pin_list>
<bind>
<StgValue><ssdm name=""/></StgValue>
</bind>
</comp>

<comp id="26" class="1001" name="const_26">
<pin_list>
<pin id="27" dir="1" index="0" bw="1" slack="0"/>
</pin_list>
<bind>
<StgValue><ssdm name=""/></StgValue>
</bind>
</comp>

<comp id="28" class="1001" name="const_28">
<pin_list>
<pin id="29" dir="1" index="0" bw="1" slack="0"/>
</pin_list>
<bind>
<StgValue><ssdm name=""/></StgValue>
</bind>
</comp>

<comp id="30" class="1001" name="const_30">
<pin_list>
<pin id="31" dir="1" index="0" bw="1" slack="0"/>
</pin_list>
<bind>
<StgValue><ssdm name=""/></StgValue>
</bind>
</comp>

<comp id="32" class="1001" name="const_32">
<pin_list>
<pin id="33" dir="1" index="0" bw="1" slack="0"/>
</pin_list>
<bind>
<StgValue><ssdm name=""/></StgValue>
</bind>
</comp>

<comp id="34" class="1001" name="const_34">
<pin_list>
<pin id="35" dir="1" index="0" bw="1" slack="2147483647"/>
</pin_list>
<bind>
<StgValue><ssdm name="_ssdm_op_SpecFUCore"/></StgValue>
</bind>
</comp>

<comp id="36" class="1001" name="const_36">
<pin_list>
<pin id="37" dir="1" index="0" bw="1" slack="2147483647"/>
</pin_list>
<bind>
<StgValue><ssdm name=""/></StgValue>
</bind>
</comp>

<comp id="38" class="1001" name="const_38">
<pin_list>
<pin id="39" dir="1" index="0" bw="1" slack="2147483647"/>
</pin_list>
<bind>
<StgValue><ssdm name=""/></StgValue>
</bind>
</comp>

<comp id="40" class="1001" name="const_40">
<pin_list>
<pin id="41" dir="1" index="0" bw="1" slack="2147483647"/>
</pin_list>
<bind>
<StgValue><ssdm name="_ssdm_op_SpecPipeline"/></StgValue>
</bind>
</comp>

<comp id="42" class="1001" name="const_42">
<pin_list>
<pin id="43" dir="1" index="0" bw="1" slack="2147483647"/>
</pin_list>
<bind>
<StgValue><ssdm name=""/></StgValue>
</bind>
</comp>

<comp id="44" class="1001" name="const_44">
<pin_list>
<pin id="45" dir="1" index="0" bw="1" slack="2147483647"/>
</pin_list>
<bind>
<StgValue><ssdm name="empty_0"/></StgValue>
</bind>
</comp>

<comp id="46" class="1001" name="const_46">
<pin_list>
<pin id="47" dir="1" index="0" bw="1" slack="2147483647"/>
</pin_list>
<bind>
<StgValue><ssdm name="_ssdm_op_SpecLoopTripCount"/></StgValue>
</bind>
</comp>

<comp id="48" class="1001" name="const_48">
<pin_list>
<pin id="49" dir="1" index="0" bw="1" slack="2147483647"/>
</pin_list>
<bind>
<StgValue><ssdm name=""/></StgValue>
</bind>
</comp>

<comp id="50" class="1001" name="const_50">
<pin_list>
<pin id="51" dir="1" index="0" bw="1" slack="2147483647"/>
</pin_list>
<bind>
<StgValue><ssdm name="_ssdm_op_SpecLoopName"/></StgValue>
</bind>
</comp>

<comp id="52" class="1001" name="const_52">
<pin_list>
<pin id="53" dir="1" index="0" bw="1" slack="2147483647"/>
</pin_list>
<bind>
<StgValue><ssdm name="empty_2"/></StgValue>
</bind>
</comp>

<comp id="54" class="1001" name="const_54">
<pin_list>
<pin id="55" dir="1" index="0" bw="1" slack="2147483647"/>
</pin_list>
<bind>
<StgValue><ssdm name="_ssdm_op_SpecRegionBegin"/></StgValue>
</bind>
</comp>

<comp id="56" class="1001" name="const_56">
<pin_list>
<pin id="57" dir="1" index="0" bw="1" slack="2147483647"/>
</pin_list>
<bind>
<StgValue><ssdm name="empty_8"/></StgValue>
</bind>
</comp>

<comp id="58" class="1001" name="const_58">
<pin_list>
<pin id="59" dir="1" index="0" bw="1" slack="2147483647"/>
</pin_list>
<bind>
<StgValue><ssdm name="_ssdm_op_SpecRegionEnd"/></StgValue>
</bind>
</comp>

<comp id="60" class="1001" name="const_60">
<pin_list>
<pin id="61" dir="1" index="0" bw="1" slack="2147483647"/>
</pin_list>
<bind>
<StgValue><ssdm name="empty_9"/></StgValue>
</bind>
</comp>

<comp id="62" class="1001" name="const_62">
<pin_list>
<pin id="63" dir="1" index="0" bw="1" slack="0"/>
</pin_list>
<bind>
<StgValue><ssdm name="_ssdm_op_Write.ap_auto.i16P0A"/></StgValue>
</bind>
</comp>

<comp id="64" class="1004" name="acc_i0_fu_64">
<pin_list>
<pin id="65" dir="0" index="0" bw="1" slack="0"/>
<pin id="66" dir="1" index="1" bw="27" slack="0"/>
</pin_list>
<bind>
<opcode="alloca(26) " fcode="alloca"/>
<opset="acc_i0/1 "/>
</bind>
</comp>

<comp id="68" class="1004" name="acc_q0_fu_68">
<pin_list>
<pin id="69" dir="0" index="0" bw="1" slack="0"/>
<pin id="70" dir="1" index="1" bw="27" slack="0"/>
</pin_list>
<bind>
<opcode="alloca(26) " fcode="alloca"/>
<opset="acc_q0/1 "/>
</bind>
</comp>

<comp id="72" class="1004" name="i_fu_72">
<pin_list>
<pin id="73" dir="0" index="0" bw="1" slack="0"/>
<pin id="74" dir="1" index="1" bw="8" slack="0"/>
</pin_list>
<bind>
<opcode="alloca(26) " fcode="alloca"/>
<opset="i/1 "/>
</bind>
</comp>

<comp id="76" class="1004" name="ptr_load_read_read_fu_76">
<pin_list>
<pin id="77" dir="0" index="0" bw="7" slack="0"/>
<pin id="78" dir="0" index="1" bw="7" slack="0"/>
<pin id="79" dir="1" index="2" bw="7" slack="0"/>
</pin_list>
<bind>
<opcode="read(1150) " fcode="read"/>
<opset="ptr_load_read/1 "/>
</bind>
</comp>

<comp id="82" class="1004" name="write_ln45_write_fu_82">
<pin_list>
<pin id="83" dir="0" index="0" bw="0" slack="0"/>
<pin id="84" dir="0" index="1" bw="16" slack="0"/>
<pin id="85" dir="0" index="2" bw="16" slack="0"/>
<pin id="86" dir="1" index="3" bw="0" slack="2147483647"/>
</pin_list>
<bind>
<opcode="write(1151) " fcode="write"/>
<opset="write_ln45/4 "/>
</bind>
</comp>

<comp id="89" class="1004" name="write_ln45_write_fu_89">
<pin_list>
<pin id="90" dir="0" index="0" bw="0" slack="0"/>
<pin id="91" dir="0" index="1" bw="16" slack="0"/>
<pin id="92" dir="0" index="2" bw="16" slack="0"/>
<pin id="93" dir="1" index="3" bw="0" slack="2147483647"/>
</pin_list>
<bind>
<opcode="write(1151) " fcode="write"/>
<opset="write_ln45/4 "/>
</bind>
</comp>

<comp id="96" class="1004" name="shift_i_addr_gep_fu_96">
<pin_list>
<pin id="97" dir="0" index="0" bw="16" slack="0"/>
<pin id="98" dir="0" index="1" bw="1" slack="0"/>
<pin id="99" dir="0" index="2" bw="7" slack="0"/>
<pin id="100" dir="1" index="3" bw="7" slack="0"/>
</pin_list>
<bind>
<opcode="getelementptr(29) " fcode="getelementptr"/>
<opset="shift_i_addr/1 "/>
</bind>
</comp>

<comp id="103" class="1004" name="grp_access_fu_103">
<pin_list>
<pin id="104" dir="0" index="0" bw="7" slack="0"/>
<pin id="105" dir="0" index="1" bw="16" slack="2147483647"/>
<pin id="106" dir="0" index="2" bw="0" slack="2147483647"/>
<pin id="107" dir="1" index="3" bw="16" slack="1"/>
</pin_list>
<bind>
<opcode="load(27) " fcode="load"/>
<opset="shift_i_load/1 "/>
</bind>
</comp>

<comp id="109" class="1004" name="c_addr_gep_fu_109">
<pin_list>
<pin id="110" dir="0" index="0" bw="5" slack="0"/>
<pin id="111" dir="0" index="1" bw="1" slack="0"/>
<pin id="112" dir="0" index="2" bw="8" slack="0"/>
<pin id="113" dir="1" index="3" bw="7" slack="0"/>
</pin_list>
<bind>
<opcode="getelementptr(29) " fcode="getelementptr"/>
<opset="c_addr/1 "/>
</bind>
</comp>

<comp id="116" class="1004" name="grp_access_fu_116">
<pin_list>
<pin id="117" dir="0" index="0" bw="7" slack="0"/>
<pin id="118" dir="0" index="1" bw="5" slack="2147483647"/>
<pin id="119" dir="0" index="2" bw="0" slack="2147483647"/>
<pin id="120" dir="1" index="3" bw="5" slack="1"/>
</pin_list>
<bind>
<opcode="load(27) " fcode="load"/>
<opset="c_load/1 "/>
</bind>
</comp>

<comp id="122" class="1004" name="shift_q_addr_gep_fu_122">
<pin_list>
<pin id="123" dir="0" index="0" bw="16" slack="0"/>
<pin id="124" dir="0" index="1" bw="1" slack="0"/>
<pin id="125" dir="0" index="2" bw="7" slack="0"/>
<pin id="126" dir="1" index="3" bw="7" slack="0"/>
</pin_list>
<bind>
<opcode="getelementptr(29) " fcode="getelementptr"/>
<opset="shift_q_addr/1 "/>
</bind>
</comp>

<comp id="129" class="1004" name="grp_access_fu_129">
<pin_list>
<pin id="130" dir="0" index="0" bw="7" slack="0"/>
<pin id="131" dir="0" index="1" bw="16" slack="2147483647"/>
<pin id="132" dir="0" index="2" bw="0" slack="2147483647"/>
<pin id="133" dir="1" index="3" bw="16" slack="1"/>
</pin_list>
<bind>
<opcode="load(27) " fcode="load"/>
<opset="shift_q_load/1 "/>
</bind>
</comp>

<comp id="135" class="1004" name="store_ln45_store_fu_135">
<pin_list>
<pin id="136" dir="0" index="0" bw="1" slack="0"/>
<pin id="137" dir="0" index="1" bw="8" slack="0"/>
<pin id="138" dir="1" index="2" bw="0" slack="2147483647"/>
</pin_list>
<bind>
<opcode="store(28) " fcode="store"/>
<opset="store_ln45/1 "/>
</bind>
</comp>

<comp id="140" class="1004" name="store_ln42_store_fu_140">
<pin_list>
<pin id="141" dir="0" index="0" bw="1" slack="0"/>
<pin id="142" dir="0" index="1" bw="27" slack="0"/>
<pin id="143" dir="1" index="2" bw="0" slack="2147483647"/>
</pin_list>
<bind>
<opcode="store(28) " fcode="store"/>
<opset="store_ln42/1 "/>
</bind>
</comp>

<comp id="145" class="1004" name="store_ln41_store_fu_145">
<pin_list>
<pin id="146" dir="0" index="0" bw="1" slack="0"/>
<pin id="147" dir="0" index="1" bw="27" slack="0"/>
<pin id="148" dir="1" index="2" bw="0" slack="2147483647"/>
</pin_list>
<bind>
<opcode="store(28) " fcode="store"/>
<opset="store_ln41/1 "/>
</bind>
</comp>

<comp id="150" class="1004" name="i_2_load_fu_150">
<pin_list>
<pin id="151" dir="0" index="0" bw="8" slack="0"/>
<pin id="152" dir="1" index="1" bw="8" slack="0"/>
</pin_list>
<bind>
<opcode="load(27) " fcode="load"/>
<opset="i_2/1 "/>
</bind>
</comp>

<comp id="153" class="1004" name="icmp_ln45_fu_153">
<pin_list>
<pin id="154" dir="0" index="0" bw="8" slack="0"/>
<pin id="155" dir="0" index="1" bw="8" slack="0"/>
<pin id="156" dir="1" index="2" bw="1" slack="1"/>
</pin_list>
<bind>
<opcode="icmp(45) " fcode="icmp"/>
<opset="icmp_ln45/1 "/>
</bind>
</comp>

<comp id="159" class="1004" name="add_ln45_fu_159">
<pin_list>
<pin id="160" dir="0" index="0" bw="8" slack="0"/>
<pin id="161" dir="0" index="1" bw="1" slack="0"/>
<pin id="162" dir="1" index="2" bw="8" slack="0"/>
</pin_list>
<bind>
<opcode="add(8) " fcode="add"/>
<opset="add_ln45/1 "/>
</bind>
</comp>

<comp id="165" class="1004" name="zext_ln45_fu_165">
<pin_list>
<pin id="166" dir="0" index="0" bw="8" slack="0"/>
<pin id="167" dir="1" index="1" bw="64" slack="0"/>
</pin_list>
<bind>
<opcode="zext(34) " fcode="zext"/>
<opset="zext_ln45/1 "/>
</bind>
</comp>

<comp id="170" class="1004" name="trunc_ln49_fu_170">
<pin_list>
<pin id="171" dir="0" index="0" bw="8" slack="0"/>
<pin id="172" dir="1" index="1" bw="7" slack="0"/>
</pin_list>
<bind>
<opcode="trunc(33) " fcode="trunc"/>
<opset="trunc_ln49/1 "/>
</bind>
</comp>

<comp id="174" class="1004" name="idx_fu_174">
<pin_list>
<pin id="175" dir="0" index="0" bw="7" slack="0"/>
<pin id="176" dir="0" index="1" bw="7" slack="0"/>
<pin id="177" dir="1" index="2" bw="7" slack="0"/>
</pin_list>
<bind>
<opcode="sub(10) " fcode="sub"/>
<opset="idx/1 "/>
</bind>
</comp>

<comp id="180" class="1004" name="zext_ln50_fu_180">
<pin_list>
<pin id="181" dir="0" index="0" bw="7" slack="0"/>
<pin id="182" dir="1" index="1" bw="64" slack="0"/>
</pin_list>
<bind>
<opcode="zext(34) " fcode="zext"/>
<opset="zext_ln50/1 "/>
</bind>
</comp>

<comp id="186" class="1004" name="store_ln45_store_fu_186">
<pin_list>
<pin id="187" dir="0" index="0" bw="8" slack="0"/>
<pin id="188" dir="0" index="1" bw="8" slack="0"/>
<pin id="189" dir="1" index="2" bw="0" slack="2147483647"/>
</pin_list>
<bind>
<opcode="store(28) " fcode="store"/>
<opset="store_ln45/1 "/>
</bind>
</comp>

<comp id="191" class="1004" name="sext_ln50_fu_191">
<pin_list>
<pin id="192" dir="0" index="0" bw="16" slack="1"/>
<pin id="193" dir="1" index="1" bw="21" slack="0"/>
</pin_list>
<bind>
<opcode="sext(35) " fcode="sext"/>
<opset="sext_ln50/3 "/>
</bind>
</comp>

<comp id="194" class="1004" name="sext_ln50_1_fu_194">
<pin_list>
<pin id="195" dir="0" index="0" bw="5" slack="1"/>
<pin id="196" dir="1" index="1" bw="21" slack="0"/>
</pin_list>
<bind>
<opcode="sext(35) " fcode="sext"/>
<opset="sext_ln50_1/3 "/>
</bind>
</comp>

<comp id="197" class="1004" name="mul_ln50_fu_197">
<pin_list>
<pin id="198" dir="0" index="0" bw="5" slack="0"/>
<pin id="199" dir="0" index="1" bw="16" slack="0"/>
<pin id="200" dir="1" index="2" bw="21" slack="0"/>
</pin_list>
<bind>
<opcode="mul(12) " fcode="mul"/>
<opset="mul_ln50/3 "/>
</bind>
</comp>

<comp id="203" class="1004" name="trunc_ln50_fu_203">
<pin_list>
<pin id="204" dir="0" index="0" bw="21" slack="0"/>
<pin id="205" dir="1" index="1" bw="20" slack="1"/>
</pin_list>
<bind>
<opcode="trunc(33) " fcode="trunc"/>
<opset="trunc_ln50/3 "/>
</bind>
</comp>

<comp id="207" class="1004" name="sext_ln51_fu_207">
<pin_list>
<pin id="208" dir="0" index="0" bw="16" slack="1"/>
<pin id="209" dir="1" index="1" bw="21" slack="0"/>
</pin_list>
<bind>
<opcode="sext(35) " fcode="sext"/>
<opset="sext_ln51/3 "/>
</bind>
</comp>

<comp id="210" class="1004" name="mul_ln51_fu_210">
<pin_list>
<pin id="211" dir="0" index="0" bw="16" slack="0"/>
<pin id="212" dir="0" index="1" bw="5" slack="0"/>
<pin id="213" dir="1" index="2" bw="21" slack="0"/>
</pin_list>
<bind>
<opcode="mul(12) " fcode="mul"/>
<opset="mul_ln51/3 "/>
</bind>
</comp>

<comp id="216" class="1004" name="trunc_ln51_fu_216">
<pin_list>
<pin id="217" dir="0" index="0" bw="21" slack="0"/>
<pin id="218" dir="1" index="1" bw="20" slack="1"/>
</pin_list>
<bind>
<opcode="trunc(33) " fcode="trunc"/>
<opset="trunc_ln51/3 "/>
</bind>
</comp>

<comp id="220" class="1004" name="acc_i0_2_load_fu_220">
<pin_list>
<pin id="221" dir="0" index="0" bw="27" slack="3"/>
<pin id="222" dir="1" index="1" bw="27" slack="0"/>
</pin_list>
<bind>
<opcode="load(27) " fcode="load"/>
<opset="acc_i0_2/4 "/>
</bind>
</comp>

<comp id="223" class="1004" name="acc_q0_2_load_fu_223">
<pin_list>
<pin id="224" dir="0" index="0" bw="27" slack="3"/>
<pin id="225" dir="1" index="1" bw="27" slack="0"/>
</pin_list>
<bind>
<opcode="load(27) " fcode="load"/>
<opset="acc_q0_2/4 "/>
</bind>
</comp>

<comp id="226" class="1004" name="trunc_ln45_fu_226">
<pin_list>
<pin id="227" dir="0" index="0" bw="27" slack="0"/>
<pin id="228" dir="1" index="1" bw="16" slack="0"/>
</pin_list>
<bind>
<opcode="trunc(33) " fcode="trunc"/>
<opset="trunc_ln45/4 "/>
</bind>
</comp>

<comp id="231" class="1004" name="trunc_ln45_1_fu_231">
<pin_list>
<pin id="232" dir="0" index="0" bw="27" slack="0"/>
<pin id="233" dir="1" index="1" bw="16" slack="0"/>
</pin_list>
<bind>
<opcode="trunc(33) " fcode="trunc"/>
<opset="trunc_ln45_1/4 "/>
</bind>
</comp>

<comp id="236" class="1004" name="sext_ln50_2_fu_236">
<pin_list>
<pin id="237" dir="0" index="0" bw="20" slack="1"/>
<pin id="238" dir="1" index="1" bw="27" slack="0"/>
</pin_list>
<bind>
<opcode="sext(35) " fcode="sext"/>
<opset="sext_ln50_2/4 "/>
</bind>
</comp>

<comp id="239" class="1004" name="acc_i0_3_fu_239">
<pin_list>
<pin id="240" dir="0" index="0" bw="20" slack="0"/>
<pin id="241" dir="0" index="1" bw="27" slack="0"/>
<pin id="242" dir="1" index="2" bw="27" slack="0"/>
</pin_list>
<bind>
<opcode="add(8) " fcode="add"/>
<opset="acc_i0_3/4 "/>
</bind>
</comp>

<comp id="245" class="1004" name="sext_ln51_1_fu_245">
<pin_list>
<pin id="246" dir="0" index="0" bw="20" slack="1"/>
<pin id="247" dir="1" index="1" bw="27" slack="0"/>
</pin_list>
<bind>
<opcode="sext(35) " fcode="sext"/>
<opset="sext_ln51_1/4 "/>
</bind>
</comp>

<comp id="248" class="1004" name="acc_q0_3_fu_248">
<pin_list>
<pin id="249" dir="0" index="0" bw="20" slack="0"/>
<pin id="250" dir="0" index="1" bw="27" slack="0"/>
<pin id="251" dir="1" index="2" bw="27" slack="0"/>
</pin_list>
<bind>
<opcode="add(8) " fcode="add"/>
<opset="acc_q0_3/4 "/>
</bind>
</comp>

<comp id="254" class="1004" name="store_ln42_store_fu_254">
<pin_list>
<pin id="255" dir="0" index="0" bw="27" slack="0"/>
<pin id="256" dir="0" index="1" bw="27" slack="3"/>
<pin id="257" dir="1" index="2" bw="0" slack="2147483647"/>
</pin_list>
<bind>
<opcode="store(28) " fcode="store"/>
<opset="store_ln42/4 "/>
</bind>
</comp>

<comp id="259" class="1004" name="store_ln41_store_fu_259">
<pin_list>
<pin id="260" dir="0" index="0" bw="27" slack="0"/>
<pin id="261" dir="0" index="1" bw="27" slack="3"/>
<pin id="262" dir="1" index="2" bw="0" slack="2147483647"/>
</pin_list>
<bind>
<opcode="store(28) " fcode="store"/>
<opset="store_ln41/4 "/>
</bind>
</comp>

<comp id="264" class="1005" name="acc_i0_reg_264">
<pin_list>
<pin id="265" dir="0" index="0" bw="27" slack="0"/>
<pin id="266" dir="1" index="1" bw="27" slack="0"/>
</pin_list>
<bind>
<opset="acc_i0 "/>
</bind>
</comp>

<comp id="271" class="1005" name="acc_q0_reg_271">
<pin_list>
<pin id="272" dir="0" index="0" bw="27" slack="0"/>
<pin id="273" dir="1" index="1" bw="27" slack="0"/>
</pin_list>
<bind>
<opset="acc_q0 "/>
</bind>
</comp>

<comp id="278" class="1005" name="i_reg_278">
<pin_list>
<pin id="279" dir="0" index="0" bw="8" slack="0"/>
<pin id="280" dir="1" index="1" bw="8" slack="0"/>
</pin_list>
<bind>
<opset="i "/>
</bind>
</comp>

<comp id="285" class="1005" name="icmp_ln45_reg_285">
<pin_list>
<pin id="286" dir="0" index="0" bw="1" slack="1"/>
<pin id="287" dir="1" index="1" bw="1" slack="2147483647"/>
</pin_list>
<bind>
<opset="icmp_ln45 "/>
</bind>
</comp>

<comp id="289" class="1005" name="shift_i_addr_reg_289">
<pin_list>
<pin id="290" dir="0" index="0" bw="7" slack="1"/>
<pin id="291" dir="1" index="1" bw="7" slack="1"/>
</pin_list>
<bind>
<opset="shift_i_addr "/>
</bind>
</comp>

<comp id="294" class="1005" name="c_addr_reg_294">
<pin_list>
<pin id="295" dir="0" index="0" bw="7" slack="1"/>
<pin id="296" dir="1" index="1" bw="7" slack="1"/>
</pin_list>
<bind>
<opset="c_addr "/>
</bind>
</comp>

<comp id="299" class="1005" name="shift_q_addr_reg_299">
<pin_list>
<pin id="300" dir="0" index="0" bw="7" slack="1"/>
<pin id="301" dir="1" index="1" bw="7" slack="1"/>
</pin_list>
<bind>
<opset="shift_q_addr "/>
</bind>
</comp>

<comp id="304" class="1005" name="shift_i_load_reg_304">
<pin_list>
<pin id="305" dir="0" index="0" bw="16" slack="1"/>
<pin id="306" dir="1" index="1" bw="16" slack="1"/>
</pin_list>
<bind>
<opset="shift_i_load "/>
</bind>
</comp>

<comp id="309" class="1005" name="c_load_reg_309">
<pin_list>
<pin id="310" dir="0" index="0" bw="5" slack="1"/>
<pin id="311" dir="1" index="1" bw="5" slack="1"/>
</pin_list>
<bind>
<opset="c_load "/>
</bind>
</comp>

<comp id="314" class="1005" name="shift_q_load_reg_314">
<pin_list>
<pin id="315" dir="0" index="0" bw="16" slack="1"/>
<pin id="316" dir="1" index="1" bw="16" slack="1"/>
</pin_list>
<bind>
<opset="shift_q_load "/>
</bind>
</comp>

<comp id="319" class="1005" name="trunc_ln50_reg_319">
<pin_list>
<pin id="320" dir="0" index="0" bw="20" slack="1"/>
<pin id="321" dir="1" index="1" bw="20" slack="1"/>
</pin_list>
<bind>
<opset="trunc_ln50 "/>
</bind>
</comp>

<comp id="324" class="1005" name="trunc_ln51_reg_324">
<pin_list>
<pin id="325" dir="0" index="0" bw="20" slack="1"/>
<pin id="326" dir="1" index="1" bw="20" slack="1"/>
</pin_list>
<bind>
<opset="trunc_ln51 "/>
</bind>
</comp>

</comp_list>

<net_list>
<net id="67"><net_src comp="12" pin="0"/><net_sink comp="64" pin=0"/></net>

<net id="71"><net_src comp="12" pin="0"/><net_sink comp="68" pin=0"/></net>

<net id="75"><net_src comp="12" pin="0"/><net_sink comp="72" pin=0"/></net>

<net id="80"><net_src comp="22" pin="0"/><net_sink comp="76" pin=0"/></net>

<net id="81"><net_src comp="0" pin="0"/><net_sink comp="76" pin=1"/></net>

<net id="87"><net_src comp="62" pin="0"/><net_sink comp="82" pin=0"/></net>

<net id="88"><net_src comp="2" pin="0"/><net_sink comp="82" pin=1"/></net>

<net id="94"><net_src comp="62" pin="0"/><net_sink comp="89" pin=0"/></net>

<net id="95"><net_src comp="4" pin="0"/><net_sink comp="89" pin=1"/></net>

<net id="101"><net_src comp="6" pin="0"/><net_sink comp="96" pin=0"/></net>

<net id="102"><net_src comp="32" pin="0"/><net_sink comp="96" pin=1"/></net>

<net id="108"><net_src comp="96" pin="3"/><net_sink comp="103" pin=0"/></net>

<net id="114"><net_src comp="8" pin="0"/><net_sink comp="109" pin=0"/></net>

<net id="115"><net_src comp="32" pin="0"/><net_sink comp="109" pin=1"/></net>

<net id="121"><net_src comp="109" pin="3"/><net_sink comp="116" pin=0"/></net>

<net id="127"><net_src comp="10" pin="0"/><net_sink comp="122" pin=0"/></net>

<net id="128"><net_src comp="32" pin="0"/><net_sink comp="122" pin=1"/></net>

<net id="134"><net_src comp="122" pin="3"/><net_sink comp="129" pin=0"/></net>

<net id="139"><net_src comp="24" pin="0"/><net_sink comp="135" pin=0"/></net>

<net id="144"><net_src comp="26" pin="0"/><net_sink comp="140" pin=0"/></net>

<net id="149"><net_src comp="26" pin="0"/><net_sink comp="145" pin=0"/></net>

<net id="157"><net_src comp="150" pin="1"/><net_sink comp="153" pin=0"/></net>

<net id="158"><net_src comp="28" pin="0"/><net_sink comp="153" pin=1"/></net>

<net id="163"><net_src comp="150" pin="1"/><net_sink comp="159" pin=0"/></net>

<net id="164"><net_src comp="30" pin="0"/><net_sink comp="159" pin=1"/></net>

<net id="168"><net_src comp="150" pin="1"/><net_sink comp="165" pin=0"/></net>

<net id="169"><net_src comp="165" pin="1"/><net_sink comp="109" pin=2"/></net>

<net id="173"><net_src comp="150" pin="1"/><net_sink comp="170" pin=0"/></net>

<net id="178"><net_src comp="76" pin="2"/><net_sink comp="174" pin=0"/></net>

<net id="179"><net_src comp="170" pin="1"/><net_sink comp="174" pin=1"/></net>

<net id="183"><net_src comp="174" pin="2"/><net_sink comp="180" pin=0"/></net>

<net id="184"><net_src comp="180" pin="1"/><net_sink comp="96" pin=2"/></net>

<net id="185"><net_src comp="180" pin="1"/><net_sink comp="122" pin=2"/></net>

<net id="190"><net_src comp="159" pin="2"/><net_sink comp="186" pin=0"/></net>

<net id="201"><net_src comp="194" pin="1"/><net_sink comp="197" pin=0"/></net>

<net id="202"><net_src comp="191" pin="1"/><net_sink comp="197" pin=1"/></net>

<net id="206"><net_src comp="197" pin="2"/><net_sink comp="203" pin=0"/></net>

<net id="214"><net_src comp="207" pin="1"/><net_sink comp="210" pin=0"/></net>

<net id="215"><net_src comp="194" pin="1"/><net_sink comp="210" pin=1"/></net>

<net id="219"><net_src comp="210" pin="2"/><net_sink comp="216" pin=0"/></net>

<net id="229"><net_src comp="220" pin="1"/><net_sink comp="226" pin=0"/></net>

<net id="230"><net_src comp="226" pin="1"/><net_sink comp="89" pin=2"/></net>

<net id="234"><net_src comp="223" pin="1"/><net_sink comp="231" pin=0"/></net>

<net id="235"><net_src comp="231" pin="1"/><net_sink comp="82" pin=2"/></net>

<net id="243"><net_src comp="236" pin="1"/><net_sink comp="239" pin=0"/></net>

<net id="244"><net_src comp="220" pin="1"/><net_sink comp="239" pin=1"/></net>

<net id="252"><net_src comp="245" pin="1"/><net_sink comp="248" pin=0"/></net>

<net id="253"><net_src comp="223" pin="1"/><net_sink comp="248" pin=1"/></net>

<net id="258"><net_src comp="248" pin="2"/><net_sink comp="254" pin=0"/></net>

<net id="263"><net_src comp="239" pin="2"/><net_sink comp="259" pin=0"/></net>

<net id="267"><net_src comp="64" pin="1"/><net_sink comp="264" pin=0"/></net>

<net id="268"><net_src comp="264" pin="1"/><net_sink comp="145" pin=1"/></net>

<net id="269"><net_src comp="264" pin="1"/><net_sink comp="220" pin=0"/></net>

<net id="270"><net_src comp="264" pin="1"/><net_sink comp="259" pin=1"/></net>

<net id="274"><net_src comp="68" pin="1"/><net_sink comp="271" pin=0"/></net>

<net id="275"><net_src comp="271" pin="1"/><net_sink comp="140" pin=1"/></net>

<net id="276"><net_src comp="271" pin="1"/><net_sink comp="223" pin=0"/></net>

<net id="277"><net_src comp="271" pin="1"/><net_sink comp="254" pin=1"/></net>

<net id="281"><net_src comp="72" pin="1"/><net_sink comp="278" pin=0"/></net>

<net id="282"><net_src comp="278" pin="1"/><net_sink comp="135" pin=1"/></net>

<net id="283"><net_src comp="278" pin="1"/><net_sink comp="150" pin=0"/></net>

<net id="284"><net_src comp="278" pin="1"/><net_sink comp="186" pin=1"/></net>

<net id="288"><net_src comp="153" pin="2"/><net_sink comp="285" pin=0"/></net>

<net id="292"><net_src comp="96" pin="3"/><net_sink comp="289" pin=0"/></net>

<net id="293"><net_src comp="289" pin="1"/><net_sink comp="103" pin=0"/></net>

<net id="297"><net_src comp="109" pin="3"/><net_sink comp="294" pin=0"/></net>

<net id="298"><net_src comp="294" pin="1"/><net_sink comp="116" pin=0"/></net>

<net id="302"><net_src comp="122" pin="3"/><net_sink comp="299" pin=0"/></net>

<net id="303"><net_src comp="299" pin="1"/><net_sink comp="129" pin=0"/></net>

<net id="307"><net_src comp="103" pin="3"/><net_sink comp="304" pin=0"/></net>

<net id="308"><net_src comp="304" pin="1"/><net_sink comp="191" pin=0"/></net>

<net id="312"><net_src comp="116" pin="3"/><net_sink comp="309" pin=0"/></net>

<net id="313"><net_src comp="309" pin="1"/><net_sink comp="194" pin=0"/></net>

<net id="317"><net_src comp="129" pin="3"/><net_sink comp="314" pin=0"/></net>

<net id="318"><net_src comp="314" pin="1"/><net_sink comp="207" pin=0"/></net>

<net id="322"><net_src comp="203" pin="1"/><net_sink comp="319" pin=0"/></net>

<net id="323"><net_src comp="319" pin="1"/><net_sink comp="236" pin=0"/></net>

<net id="327"><net_src comp="216" pin="1"/><net_sink comp="324" pin=0"/></net>

<net id="328"><net_src comp="324" pin="1"/><net_sink comp="245" pin=0"/></net>

</net_list>

</model> 
---------------- Datapath Model END ------------------

* FSMD analyzer results:
  - Output states:
	Port: acc_q0_out | {4 }
	Port: acc_i0_out | {4 }
 - Input state : 
	Port: fir_Pipeline_MAC_Loop_0 : ptr_load | {1 }
	Port: fir_Pipeline_MAC_Loop_0 : shift_i | {1 2 }
	Port: fir_Pipeline_MAC_Loop_0 : c | {1 2 }
	Port: fir_Pipeline_MAC_Loop_0 : shift_q | {1 2 }
  - Chain level:
	State 1
		store_ln45 : 1
		store_ln42 : 1
		store_ln41 : 1
		i_2 : 1
		icmp_ln45 : 2
		add_ln45 : 2
		br_ln45 : 3
		zext_ln45 : 2
		trunc_ln49 : 2
		idx : 3
		zext_ln50 : 4
		shift_i_addr : 5
		shift_i_load : 6
		c_addr : 3
		c_load : 4
		shift_q_addr : 5
		shift_q_load : 6
		store_ln45 : 3
	State 2
	State 3
		mul_ln50 : 1
		specfucore_ln47 : 2
		trunc_ln50 : 2
		mul_ln51 : 1
		specfucore_ln48 : 2
		trunc_ln51 : 2
	State 4
		trunc_ln45 : 1
		trunc_ln45_1 : 1
		acc_i0_3 : 1
		rend5 : 1
		acc_q0_3 : 1
		rend : 1
		store_ln42 : 2
		store_ln41 : 2
		write_ln45 : 2
		write_ln45 : 2


============================================================
+ Verbose Summary: Datapath Resource usage 
============================================================

* Functional unit list:
|----------|--------------------------|---------|---------|---------|
| Operation|      Functional Unit     |   DSP   |    FF   |   LUT   |
|----------|--------------------------|---------|---------|---------|
|          |      add_ln45_fu_159     |    0    |    0    |    15   |
|    add   |      acc_i0_3_fu_239     |    0    |    0    |    34   |
|          |      acc_q0_3_fu_248     |    0    |    0    |    34   |
|----------|--------------------------|---------|---------|---------|
|   icmp   |     icmp_ln45_fu_153     |    0    |    0    |    15   |
|----------|--------------------------|---------|---------|---------|
|    sub   |        idx_fu_174        |    0    |    0    |    14   |
|----------|--------------------------|---------|---------|---------|
|    mul   |      mul_ln50_fu_197     |    1    |    0    |    0    |
|          |      mul_ln51_fu_210     |    1    |    0    |    0    |
|----------|--------------------------|---------|---------|---------|
|   read   | ptr_load_read_read_fu_76 |    0    |    0    |    0    |
|----------|--------------------------|---------|---------|---------|
|   write  |  write_ln45_write_fu_82  |    0    |    0    |    0    |
|          |  write_ln45_write_fu_89  |    0    |    0    |    0    |
|----------|--------------------------|---------|---------|---------|
|   zext   |     zext_ln45_fu_165     |    0    |    0    |    0    |
|          |     zext_ln50_fu_180     |    0    |    0    |    0    |
|----------|--------------------------|---------|---------|---------|
|          |     trunc_ln49_fu_170    |    0    |    0    |    0    |
|          |     trunc_ln50_fu_203    |    0    |    0    |    0    |
|   trunc  |     trunc_ln51_fu_216    |    0    |    0    |    0    |
|          |     trunc_ln45_fu_226    |    0    |    0    |    0    |
|          |    trunc_ln45_1_fu_231   |    0    |    0    |    0    |
|----------|--------------------------|---------|---------|---------|
|          |     sext_ln50_fu_191     |    0    |    0    |    0    |
|          |    sext_ln50_1_fu_194    |    0    |    0    |    0    |
|   sext   |     sext_ln51_fu_207     |    0    |    0    |    0    |
|          |    sext_ln50_2_fu_236    |    0    |    0    |    0    |
|          |    sext_ln51_1_fu_245    |    0    |    0    |    0    |
|----------|--------------------------|---------|---------|---------|
|   Total  |                          |    2    |    0    |   112   |
|----------|--------------------------|---------|---------|---------|

Memories:
N/A

* Register list:
+--------------------+--------+
|                    |   FF   |
+--------------------+--------+
|   acc_i0_reg_264   |   27   |
|   acc_q0_reg_271   |   27   |
|   c_addr_reg_294   |    7   |
|   c_load_reg_309   |    5   |
|      i_reg_278     |    8   |
|  icmp_ln45_reg_285 |    1   |
|shift_i_addr_reg_289|    7   |
|shift_i_load_reg_304|   16   |
|shift_q_addr_reg_299|    7   |
|shift_q_load_reg_314|   16   |
| trunc_ln50_reg_319 |   20   |
| trunc_ln51_reg_324 |   20   |
+--------------------+--------+
|        Total       |   161  |
+--------------------+--------+

* Multiplexer (MUX) list: 
|-------------------|------|------|------|--------||---------||---------|
|        Comp       |  Pin | Size |  BW  | S x BW ||  Delay  ||   LUT   |
|-------------------|------|------|------|--------||---------||---------|
| grp_access_fu_103 |  p0  |   2  |   7  |   14   ||    9    |
| grp_access_fu_116 |  p0  |   2  |   7  |   14   ||    9    |
| grp_access_fu_129 |  p0  |   2  |   7  |   14   ||    9    |
|-------------------|------|------|------|--------||---------||---------|
|       Total       |      |      |      |   42   ||  4.764  ||    27   |
|-------------------|------|------|------|--------||---------||---------|



* Summary:
+-----------+--------+--------+--------+--------+
|           |   DSP  |  Delay |   FF   |   LUT  |
+-----------+--------+--------+--------+--------+
|  Function |    2   |    -   |    0   |   112  |
|   Memory  |    -   |    -   |    -   |    -   |
|Multiplexer|    -   |    4   |    -   |   27   |
|  Register |    -   |    -   |   161  |    -   |
+-----------+--------+--------+--------+--------+
|   Total   |    2   |    4   |   161  |   139  |
+-----------+--------+--------+--------+--------+
