

================================================================
== Vitis HLS Report for 'fir_Pipeline_MAC_Loop'
================================================================
* Date:           Sat May  9 15:18:02 2026

* Version:        2023.2 (Build 4023990 on Oct 11 2023)
* Project:        fir128
* Solution:       solution1 (Vivado IP Flow Target)
* Product family: zynq
* Target device:  xc7z010-clg400-1


================================================================
== Performance Estimates
================================================================
+ Timing: 
    * Summary: 
    +--------+----------+----------+------------+
    |  Clock |  Target  | Estimated| Uncertainty|
    +--------+----------+----------+------------+
    |ap_clk  |  15.00 ns|  9.559 ns|     4.05 ns|
    +--------+----------+----------+------------+

+ Latency: 
    * Summary: 
    +---------+---------+----------+----------+-----+-----+---------+
    |  Latency (cycles) |  Latency (absolute) |  Interval | Pipeline|
    |   min   |   max   |    min   |    max   | min | max |   Type  |
    +---------+---------+----------+----------+-----+-----+---------+
    |       20|       20|  0.300 us|  0.300 us|   20|   20|       no|
    +---------+---------+----------+----------+-----+-----+---------+

    + Detail: 
        * Instance: 
        N/A

        * Loop: 
        +------------+---------+---------+----------+-----------+-----------+------+----------+
        |            |  Latency (cycles) | Iteration|  Initiation Interval  | Trip |          |
        |  Loop Name |   min   |   max   |  Latency |  achieved |   target  | Count| Pipelined|
        +------------+---------+---------+----------+-----------+-----------+------+----------+
        |- MAC_Loop  |       18|       18|         3|          1|          1|    16|       yes|
        +------------+---------+---------+----------+-----------+-----------+------+----------+



================================================================
== Utilization Estimates
================================================================
* Summary: 
+-----------------+---------+----+-------+-------+-----+
|       Name      | BRAM_18K| DSP|   FF  |  LUT  | URAM|
+-----------------+---------+----+-------+-------+-----+
|DSP              |        -|   -|      -|      -|    -|
|Expression       |        -|   -|      0|    665|    -|
|FIFO             |        -|   -|      -|      -|    -|
|Instance         |        -|  16|      0|  10768|    -|
|Memory           |        0|   -|     40|     12|    -|
|Multiplexer      |        -|   -|      -|     54|    -|
|Register         |        -|   -|    494|      -|    -|
+-----------------+---------+----+-------+-------+-----+
|Total            |        0|  16|    534|  11499|    0|
+-----------------+---------+----+-------+-------+-----+
|Available        |      120|  80|  35200|  17600|    0|
+-----------------+---------+----+-------+-------+-----+
|Utilization (%)  |        0|  20|      1|     65|    0|
+-----------------+---------+----+-------+-------+-----+

+ Detail: 
    * Instance: 
    +----------------------------+------------------------+---------+----+---+-----+-----+
    |          Instance          |         Module         | BRAM_18K| DSP| FF| LUT | URAM|
    +----------------------------+------------------------+---------+----+---+-----+-----+
    |mul_16s_5s_21_1_1_U18       |mul_16s_5s_21_1_1       |        0|   1|  0|    0|    0|
    |mul_16s_5s_21_1_1_U20       |mul_16s_5s_21_1_1       |        0|   1|  0|    0|    0|
    |mul_16s_5s_21_1_1_U22       |mul_16s_5s_21_1_1       |        0|   1|  0|    0|    0|
    |mul_16s_5s_21_1_1_U24       |mul_16s_5s_21_1_1       |        0|   1|  0|    0|    0|
    |mul_16s_5s_21_1_1_U26       |mul_16s_5s_21_1_1       |        0|   1|  0|    0|    0|
    |mul_16s_5s_21_1_1_U28       |mul_16s_5s_21_1_1       |        0|   1|  0|    0|    0|
    |mul_16s_5s_21_1_1_U30       |mul_16s_5s_21_1_1       |        0|   1|  0|    0|    0|
    |mul_16s_5s_21_1_1_U32       |mul_16s_5s_21_1_1       |        0|   1|  0|    0|    0|
    |mul_5s_16s_21_1_1_U17       |mul_5s_16s_21_1_1       |        0|   1|  0|    0|    0|
    |mul_5s_16s_21_1_1_U19       |mul_5s_16s_21_1_1       |        0|   1|  0|    0|    0|
    |mul_5s_16s_21_1_1_U21       |mul_5s_16s_21_1_1       |        0|   1|  0|    0|    0|
    |mul_5s_16s_21_1_1_U23       |mul_5s_16s_21_1_1       |        0|   1|  0|    0|    0|
    |mul_5s_16s_21_1_1_U25       |mul_5s_16s_21_1_1       |        0|   1|  0|    0|    0|
    |mul_5s_16s_21_1_1_U27       |mul_5s_16s_21_1_1       |        0|   1|  0|    0|    0|
    |mul_5s_16s_21_1_1_U29       |mul_5s_16s_21_1_1       |        0|   1|  0|    0|    0|
    |mul_5s_16s_21_1_1_U31       |mul_5s_16s_21_1_1       |        0|   1|  0|    0|    0|
    |sparsemux_257_7_16_1_1_U1   |sparsemux_257_7_16_1_1  |        0|   0|  0|  673|    0|
    |sparsemux_257_7_16_1_1_U2   |sparsemux_257_7_16_1_1  |        0|   0|  0|  673|    0|
    |sparsemux_257_7_16_1_1_U3   |sparsemux_257_7_16_1_1  |        0|   0|  0|  673|    0|
    |sparsemux_257_7_16_1_1_U4   |sparsemux_257_7_16_1_1  |        0|   0|  0|  673|    0|
    |sparsemux_257_7_16_1_1_U5   |sparsemux_257_7_16_1_1  |        0|   0|  0|  673|    0|
    |sparsemux_257_7_16_1_1_U6   |sparsemux_257_7_16_1_1  |        0|   0|  0|  673|    0|
    |sparsemux_257_7_16_1_1_U7   |sparsemux_257_7_16_1_1  |        0|   0|  0|  673|    0|
    |sparsemux_257_7_16_1_1_U8   |sparsemux_257_7_16_1_1  |        0|   0|  0|  673|    0|
    |sparsemux_257_7_16_1_1_U9   |sparsemux_257_7_16_1_1  |        0|   0|  0|  673|    0|
    |sparsemux_257_7_16_1_1_U10  |sparsemux_257_7_16_1_1  |        0|   0|  0|  673|    0|
    |sparsemux_257_7_16_1_1_U11  |sparsemux_257_7_16_1_1  |        0|   0|  0|  673|    0|
    |sparsemux_257_7_16_1_1_U12  |sparsemux_257_7_16_1_1  |        0|   0|  0|  673|    0|
    |sparsemux_257_7_16_1_1_U13  |sparsemux_257_7_16_1_1  |        0|   0|  0|  673|    0|
    |sparsemux_257_7_16_1_1_U14  |sparsemux_257_7_16_1_1  |        0|   0|  0|  673|    0|
    |sparsemux_257_7_16_1_1_U15  |sparsemux_257_7_16_1_1  |        0|   0|  0|  673|    0|
    |sparsemux_257_7_16_1_1_U16  |sparsemux_257_7_16_1_1  |        0|   0|  0|  673|    0|
    +----------------------------+------------------------+---------+----+---+-----+-----+
    |Total                       |                        |        0|  16|  0|10768|    0|
    +----------------------------+------------------------+---------+----+---+-----+-----+

    * DSP: 
    N/A

    * Memory: 
    +--------------------------------------------------------------------------+----------------------------------------------------------------------------------+---------+----+----+-----+------+-----+------+-------------+
    |                                  Memory                                  |                                      Module                                      | BRAM_18K| FF | LUT| URAM| Words| Bits| Banks| W*Bits*Banks|
    +--------------------------------------------------------------------------+----------------------------------------------------------------------------------+---------+----+----+-----+------+-----+------+-------------+
    |fir_stream_stream_axis_ap_int_0ul_0ul_0ul_unsigned_char_56_false_0_c_3_U  |fir_Pipeline_MAC_Loop_fir_stream_stream_axis_ap_int_0ul_0ul_0ul_unsigned_charbkb  |        0|  10|   3|    0|    32|    5|     1|          160|
    |fir_stream_stream_axis_ap_int_0ul_0ul_0ul_unsigned_char_56_false_0_c_2_U  |fir_Pipeline_MAC_Loop_fir_stream_stream_axis_ap_int_0ul_0ul_0ul_unsigned_charcud  |        0|  10|   3|    0|    32|    5|     1|          160|
    |fir_stream_stream_axis_ap_int_0ul_0ul_0ul_unsigned_char_56_false_0_c_1_U  |fir_Pipeline_MAC_Loop_fir_stream_stream_axis_ap_int_0ul_0ul_0ul_unsigned_chardEe  |        0|  10|   3|    0|    32|    5|     1|          160|
    |fir_stream_stream_axis_ap_int_0ul_0ul_0ul_unsigned_char_56_false_0_c_U    |fir_Pipeline_MAC_Loop_fir_stream_stream_axis_ap_int_0ul_0ul_0ul_unsigned_chareOg  |        0|  10|   3|    0|    32|    5|     1|          160|
    +--------------------------------------------------------------------------+----------------------------------------------------------------------------------+---------+----+----+-----+------+-----+------+-------------+
    |Total                                                                     |                                                                                  |        0|  40|  12|    0|   128|   20|     4|          640|
    +--------------------------------------------------------------------------+----------------------------------------------------------------------------------+---------+----+----+-----+------+-----+------+-------------+

    * FIFO: 
    N/A

    * Expression: 
    +------------------------+----------+----+---+----+------------+------------+
    |      Variable Name     | Operation| DSP| FF| LUT| Bitwidth P0| Bitwidth P1|
    +------------------------+----------+----+---+----+------------+------------+
    |acc_i_3_fu_11465_p2     |         +|   0|  0|  34|          27|          27|
    |acc_q_3_fu_11513_p2     |         +|   0|  0|  34|          27|          27|
    |add_ln37_fu_11044_p2    |         +|   0|  0|  15|           8|           4|
    |add_ln41_1_fu_7861_p2   |         +|   0|  0|  14|           7|           2|
    |add_ln41_fu_6794_p2     |         +|   0|  0|  14|           7|           2|
    |add_ln42_1_fu_11348_p2  |         +|   0|  0|  28|          21|          21|
    |add_ln42_2_fu_11429_p2  |         +|   0|  0|  29|          22|          22|
    |add_ln42_3_fu_11354_p2  |         +|   0|  0|  28|          21|          21|
    |add_ln42_4_fu_11360_p2  |         +|   0|  0|  28|          21|          21|
    |add_ln42_5_fu_11445_p2  |         +|   0|  0|  29|          22|          22|
    |add_ln42_6_fu_11455_p2  |         +|   0|  0|  30|          23|          23|
    |add_ln42_fu_11342_p2    |         +|   0|  0|  28|          21|          21|
    |add_ln43_1_fu_11389_p2  |         +|   0|  0|  28|          21|          21|
    |add_ln43_2_fu_11477_p2  |         +|   0|  0|  29|          22|          22|
    |add_ln43_3_fu_11395_p2  |         +|   0|  0|  28|          21|          21|
    |add_ln43_4_fu_11401_p2  |         +|   0|  0|  28|          21|          21|
    |add_ln43_5_fu_11493_p2  |         +|   0|  0|  29|          22|          22|
    |add_ln43_6_fu_11503_p2  |         +|   0|  0|  30|          23|          23|
    |add_ln43_fu_11383_p2    |         +|   0|  0|  28|          21|          21|
    |sub_ln41_1_fu_3644_p2   |         -|   0|  0|  14|           7|           7|
    |sub_ln41_2_fu_4696_p2   |         -|   0|  0|  14|           7|           7|
    |sub_ln41_3_fu_5748_p2   |         -|   0|  0|  14|           7|           7|
    |sub_ln41_4_fu_6815_p2   |         -|   0|  0|  14|           7|           7|
    |sub_ln41_5_fu_7882_p2   |         -|   0|  0|  14|           7|           7|
    |sub_ln41_6_fu_8946_p2   |         -|   0|  0|  14|           7|           7|
    |sub_ln41_7_fu_9998_p2   |         -|   0|  0|  14|           7|           7|
    |sub_ln41_fu_2592_p2     |         -|   0|  0|  14|           7|           7|
    |or_ln37_fu_4690_p2      |        or|   0|  0|   7|           7|           2|
    |or_ln41_1_fu_5742_p2    |        or|   0|  0|   7|           7|           2|
    |or_ln41_2_fu_9992_p2    |        or|   0|  0|   7|           7|           3|
    |or_ln41_3_fu_8928_p2    |        or|   0|  0|   5|           5|           1|
    |or_ln41_4_fu_8940_p2    |        or|   0|  0|   7|           7|           3|
    |or_ln41_fu_3638_p2      |        or|   0|  0|   7|           7|           1|
    |ap_enable_pp0           |       xor|   0|  0|   2|           1|           2|
    +------------------------+----------+----+---+----+------------+------------+
    |Total                   |          |   0|  0| 665|         475|         434|
    +------------------------+----------+----+---+----+------------+------------+

    * Multiplexer: 
    +----------------------------------+----+-----------+-----+-----------+
    |               Name               | LUT| Input Size| Bits| Total Bits|
    +----------------------------------+----+-----------+-----+-----------+
    |acc_i_fu_876                      |   9|          2|   27|         54|
    |acc_q_fu_880                      |   9|          2|   27|         54|
    |ap_done_int                       |   9|          2|    1|          2|
    |ap_loop_exit_ready_pp0_iter2_reg  |   9|          2|    1|          2|
    |ap_sig_allocacmp_i_1              |   9|          2|    8|         16|
    |i_fu_884                          |   9|          2|    8|         16|
    +----------------------------------+----+-----------+-----+-----------+
    |Total                             |  54|         12|   72|        144|
    +----------------------------------+----+-----------+-----+-----------+

    * Register: 
    +----------------------------------+----+----+-----+-----------+
    |               Name               | FF | LUT| Bits| Const Bits|
    +----------------------------------+----+----+-----+-----------+
    |acc_i_fu_876                      |  27|   0|   27|          0|
    |acc_q_fu_880                      |  27|   0|   27|          0|
    |add_ln42_1_reg_11679              |  21|   0|   21|          0|
    |add_ln42_3_reg_11684              |  21|   0|   21|          0|
    |add_ln42_4_reg_11689              |  21|   0|   21|          0|
    |add_ln42_reg_11674                |  21|   0|   21|          0|
    |add_ln43_1_reg_11699              |  21|   0|   21|          0|
    |add_ln43_3_reg_11704              |  21|   0|   21|          0|
    |add_ln43_4_reg_11709              |  21|   0|   21|          0|
    |add_ln43_reg_11694                |  21|   0|   21|          0|
    |ap_CS_fsm                         |   1|   0|    1|          0|
    |ap_done_reg                       |   1|   0|    1|          0|
    |ap_enable_reg_pp0_iter1           |   1|   0|    1|          0|
    |ap_enable_reg_pp0_iter2           |   1|   0|    1|          0|
    |ap_loop_exit_ready_pp0_iter1_reg  |   1|   0|    1|          0|
    |ap_loop_exit_ready_pp0_iter2_reg  |   1|   0|    1|          0|
    |i_fu_884                          |   8|   0|    8|          0|
    |tmp_10_reg_11639                  |  16|   0|   16|          0|
    |tmp_11_reg_11644                  |  16|   0|   16|          0|
    |tmp_12_reg_11654                  |  16|   0|   16|          0|
    |tmp_13_reg_11659                  |  16|   0|   16|          0|
    |tmp_14_reg_11669                  |  16|   0|   16|          0|
    |tmp_15_reg_11550                  |   1|   0|    1|          0|
    |tmp_15_reg_11550_pp0_iter1_reg    |   1|   0|    1|          0|
    |tmp_1_reg_11564                   |  16|   0|   16|          0|
    |tmp_2_reg_11569                   |  16|   0|   16|          0|
    |tmp_3_reg_11579                   |  16|   0|   16|          0|
    |tmp_4_reg_11584                   |  16|   0|   16|          0|
    |tmp_5_reg_11594                   |  16|   0|   16|          0|
    |tmp_6_reg_11599                   |  16|   0|   16|          0|
    |tmp_7_reg_11609                   |  16|   0|   16|          0|
    |tmp_8_reg_11614                   |  16|   0|   16|          0|
    |tmp_9_reg_11624                   |  16|   0|   16|          0|
    |tmp_reg_11554                     |  16|   0|   16|          0|
    |tmp_s_reg_11629                   |  16|   0|   16|          0|
    +----------------------------------+----+----+-----+-----------+
    |Total                             | 494|   0|  494|          0|
    +----------------------------------+----+----+-----+-----------+



================================================================
== Interface
================================================================
* Summary: 
+---------------------------------------------------------------------------------------+-----+-----+------------+---------------------------------------------------------------------------------------+--------------+
|                                       RTL Ports                                       | Dir | Bits|  Protocol  |                                     Source Object                                     |    C Type    |
+---------------------------------------------------------------------------------------+-----+-----+------------+---------------------------------------------------------------------------------------+--------------+
|ap_clk                                                                                 |   in|    1|  ap_ctrl_hs|                                                                  fir_Pipeline_MAC_Loop|  return value|
|ap_rst                                                                                 |   in|    1|  ap_ctrl_hs|                                                                  fir_Pipeline_MAC_Loop|  return value|
|ap_start                                                                               |   in|    1|  ap_ctrl_hs|                                                                  fir_Pipeline_MAC_Loop|  return value|
|ap_done                                                                                |  out|    1|  ap_ctrl_hs|                                                                  fir_Pipeline_MAC_Loop|  return value|
|ap_idle                                                                                |  out|    1|  ap_ctrl_hs|                                                                  fir_Pipeline_MAC_Loop|  return value|
|ap_ready                                                                               |  out|    1|  ap_ctrl_hs|                                                                  fir_Pipeline_MAC_Loop|  return value|
|ptr_load                                                                               |   in|    7|     ap_none|                                                                               ptr_load|        scalar|
|fir_stream_stream_axis_0_shift_i_9_load                                                |   in|   16|     ap_none|                                                fir_stream_stream_axis_0_shift_i_9_load|        scalar|
|fir_stream_stream_axis_0_shift_i_5_load                                                |   in|   16|     ap_none|                                                fir_stream_stream_axis_0_shift_i_5_load|        scalar|
|fir_stream_stream_axis_0_shift_i_4_load                                                |   in|   16|     ap_none|                                                fir_stream_stream_axis_0_shift_i_4_load|        scalar|
|fir_stream_stream_axis_0_shift_i_3_load                                                |   in|   16|     ap_none|                                                fir_stream_stream_axis_0_shift_i_3_load|        scalar|
|fir_stream_stream_axis_0_shift_i_2_load                                                |   in|   16|     ap_none|                                                fir_stream_stream_axis_0_shift_i_2_load|        scalar|
|fir_stream_stream_axis_0_shift_i_1_load                                                |   in|   16|     ap_none|                                                fir_stream_stream_axis_0_shift_i_1_load|        scalar|
|fir_stream_stream_axis_0_shift_i_load                                                  |   in|   16|     ap_none|                                                  fir_stream_stream_axis_0_shift_i_load|        scalar|
|fir_stream_stream_axis_0_shift_i_8_load                                                |   in|   16|     ap_none|                                                fir_stream_stream_axis_0_shift_i_8_load|        scalar|
|fir_stream_stream_axis_0_shift_i_7_load                                                |   in|   16|     ap_none|                                                fir_stream_stream_axis_0_shift_i_7_load|        scalar|
|fir_stream_stream_axis_0_shift_i_6_load                                                |   in|   16|     ap_none|                                                fir_stream_stream_axis_0_shift_i_6_load|        scalar|
|p_ZZ3firRN3hls6streamINS_4axisI6ap_intILi32EELm0ELm0ELm0ELh56ELb0EEELi0EEES6_E7sh_236  |   in|   16|     ap_none|  p_ZZ3firRN3hls6streamINS_4axisI6ap_intILi32EELm0ELm0ELm0ELh56ELb0EEELi0EEES6_E7sh_236|        scalar|
|p_ZZ3firRN3hls6streamINS_4axisI6ap_intILi32EELm0ELm0ELm0ELh56ELb0EEELi0EEES6_E7sh_237  |   in|   16|     ap_none|  p_ZZ3firRN3hls6streamINS_4axisI6ap_intILi32EELm0ELm0ELm0ELh56ELb0EEELi0EEES6_E7sh_237|        scalar|
|p_ZZ3firRN3hls6streamINS_4axisI6ap_intILi32EELm0ELm0ELm0ELh56ELb0EEELi0EEES6_E7sh_238  |   in|   16|     ap_none|  p_ZZ3firRN3hls6streamINS_4axisI6ap_intILi32EELm0ELm0ELm0ELh56ELb0EEELi0EEES6_E7sh_238|        scalar|
|p_ZZ3firRN3hls6streamINS_4axisI6ap_intILi32EELm0ELm0ELm0ELh56ELb0EEELi0EEES6_E7sh_239  |   in|   16|     ap_none|  p_ZZ3firRN3hls6streamINS_4axisI6ap_intILi32EELm0ELm0ELm0ELh56ELb0EEELi0EEES6_E7sh_239|        scalar|
|p_ZZ3firRN3hls6streamINS_4axisI6ap_intILi32EELm0ELm0ELm0ELh56ELb0EEELi0EEES6_E7sh_240  |   in|   16|     ap_none|  p_ZZ3firRN3hls6streamINS_4axisI6ap_intILi32EELm0ELm0ELm0ELh56ELb0EEELi0EEES6_E7sh_240|        scalar|
|p_ZZ3firRN3hls6streamINS_4axisI6ap_intILi32EELm0ELm0ELm0ELh56ELb0EEELi0EEES6_E7sh_241  |   in|   16|     ap_none|  p_ZZ3firRN3hls6streamINS_4axisI6ap_intILi32EELm0ELm0ELm0ELh56ELb0EEELi0EEES6_E7sh_241|        scalar|
|p_ZZ3firRN3hls6streamINS_4axisI6ap_intILi32EELm0ELm0ELm0ELh56ELb0EEELi0EEES6_E7sh_242  |   in|   16|     ap_none|  p_ZZ3firRN3hls6streamINS_4axisI6ap_intILi32EELm0ELm0ELm0ELh56ELb0EEELi0EEES6_E7sh_242|        scalar|
|p_ZZ3firRN3hls6streamINS_4axisI6ap_intILi32EELm0ELm0ELm0ELh56ELb0EEELi0EEES6_E7sh_243  |   in|   16|     ap_none|  p_ZZ3firRN3hls6streamINS_4axisI6ap_intILi32EELm0ELm0ELm0ELh56ELb0EEELi0EEES6_E7sh_243|        scalar|
|p_ZZ3firRN3hls6streamINS_4axisI6ap_intILi32EELm0ELm0ELm0ELh56ELb0EEELi0EEES6_E7sh_244  |   in|   16|     ap_none|  p_ZZ3firRN3hls6streamINS_4axisI6ap_intILi32EELm0ELm0ELm0ELh56ELb0EEELi0EEES6_E7sh_244|        scalar|
|p_ZZ3firRN3hls6streamINS_4axisI6ap_intILi32EELm0ELm0ELm0ELh56ELb0EEELi0EEES6_E7sh_245  |   in|   16|     ap_none|  p_ZZ3firRN3hls6streamINS_4axisI6ap_intILi32EELm0ELm0ELm0ELh56ELb0EEELi0EEES6_E7sh_245|        scalar|
|p_ZZ3firRN3hls6streamINS_4axisI6ap_intILi32EELm0ELm0ELm0ELh56ELb0EEELi0EEES6_E7sh_246  |   in|   16|     ap_none|  p_ZZ3firRN3hls6streamINS_4axisI6ap_intILi32EELm0ELm0ELm0ELh56ELb0EEELi0EEES6_E7sh_246|        scalar|
|p_ZZ3firRN3hls6streamINS_4axisI6ap_intILi32EELm0ELm0ELm0ELh56ELb0EEELi0EEES6_E7sh_247  |   in|   16|     ap_none|  p_ZZ3firRN3hls6streamINS_4axisI6ap_intILi32EELm0ELm0ELm0ELh56ELb0EEELi0EEES6_E7sh_247|        scalar|
|p_ZZ3firRN3hls6streamINS_4axisI6ap_intILi32EELm0ELm0ELm0ELh56ELb0EEELi0EEES6_E7sh_248  |   in|   16|     ap_none|  p_ZZ3firRN3hls6streamINS_4axisI6ap_intILi32EELm0ELm0ELm0ELh56ELb0EEELi0EEES6_E7sh_248|        scalar|
|p_ZZ3firRN3hls6streamINS_4axisI6ap_intILi32EELm0ELm0ELm0ELh56ELb0EEELi0EEES6_E7sh_249  |   in|   16|     ap_none|  p_ZZ3firRN3hls6streamINS_4axisI6ap_intILi32EELm0ELm0ELm0ELh56ELb0EEELi0EEES6_E7sh_249|        scalar|
|p_ZZ3firRN3hls6streamINS_4axisI6ap_intILi32EELm0ELm0ELm0ELh56ELb0EEELi0EEES6_E7sh_250  |   in|   16|     ap_none|  p_ZZ3firRN3hls6streamINS_4axisI6ap_intILi32EELm0ELm0ELm0ELh56ELb0EEELi0EEES6_E7sh_250|        scalar|
|p_ZZ3firRN3hls6streamINS_4axisI6ap_intILi32EELm0ELm0ELm0ELh56ELb0EEELi0EEES6_E7sh_251  |   in|   16|     ap_none|  p_ZZ3firRN3hls6streamINS_4axisI6ap_intILi32EELm0ELm0ELm0ELh56ELb0EEELi0EEES6_E7sh_251|        scalar|
|p_ZZ3firRN3hls6streamINS_4axisI6ap_intILi32EELm0ELm0ELm0ELh56ELb0EEELi0EEES6_E7sh_252  |   in|   16|     ap_none|  p_ZZ3firRN3hls6streamINS_4axisI6ap_intILi32EELm0ELm0ELm0ELh56ELb0EEELi0EEES6_E7sh_252|        scalar|
|p_ZZ3firRN3hls6streamINS_4axisI6ap_intILi32EELm0ELm0ELm0ELh56ELb0EEELi0EEES6_E7sh_253  |   in|   16|     ap_none|  p_ZZ3firRN3hls6streamINS_4axisI6ap_intILi32EELm0ELm0ELm0ELh56ELb0EEELi0EEES6_E7sh_253|        scalar|
|p_ZZ3firRN3hls6streamINS_4axisI6ap_intILi32EELm0ELm0ELm0ELh56ELb0EEELi0EEES6_E7sh_254  |   in|   16|     ap_none|  p_ZZ3firRN3hls6streamINS_4axisI6ap_intILi32EELm0ELm0ELm0ELh56ELb0EEELi0EEES6_E7sh_254|        scalar|
|p_ZZ3firRN3hls6streamINS_4axisI6ap_intILi32EELm0ELm0ELm0ELh56ELb0EEELi0EEES6_E7sh_255  |   in|   16|     ap_none|  p_ZZ3firRN3hls6streamINS_4axisI6ap_intILi32EELm0ELm0ELm0ELh56ELb0EEELi0EEES6_E7sh_255|        scalar|
|p_ZZ3firRN3hls6streamINS_4axisI6ap_intILi32EELm0ELm0ELm0ELh56ELb0EEELi0EEES6_E7sh_256  |   in|   16|     ap_none|  p_ZZ3firRN3hls6streamINS_4axisI6ap_intILi32EELm0ELm0ELm0ELh56ELb0EEELi0EEES6_E7sh_256|        scalar|
|p_ZZ3firRN3hls6streamINS_4axisI6ap_intILi32EELm0ELm0ELm0ELh56ELb0EEELi0EEES6_E7sh_257  |   in|   16|     ap_none|  p_ZZ3firRN3hls6streamINS_4axisI6ap_intILi32EELm0ELm0ELm0ELh56ELb0EEELi0EEES6_E7sh_257|        scalar|
|p_ZZ3firRN3hls6streamINS_4axisI6ap_intILi32EELm0ELm0ELm0ELh56ELb0EEELi0EEES6_E7sh_258  |   in|   16|     ap_none|  p_ZZ3firRN3hls6streamINS_4axisI6ap_intILi32EELm0ELm0ELm0ELh56ELb0EEELi0EEES6_E7sh_258|        scalar|
|p_ZZ3firRN3hls6streamINS_4axisI6ap_intILi32EELm0ELm0ELm0ELh56ELb0EEELi0EEES6_E7sh_259  |   in|   16|     ap_none|  p_ZZ3firRN3hls6streamINS_4axisI6ap_intILi32EELm0ELm0ELm0ELh56ELb0EEELi0EEES6_E7sh_259|        scalar|
|p_ZZ3firRN3hls6streamINS_4axisI6ap_intILi32EELm0ELm0ELm0ELh56ELb0EEELi0EEES6_E7sh_260  |   in|   16|     ap_none|  p_ZZ3firRN3hls6streamINS_4axisI6ap_intILi32EELm0ELm0ELm0ELh56ELb0EEELi0EEES6_E7sh_260|        scalar|
|p_ZZ3firRN3hls6streamINS_4axisI6ap_intILi32EELm0ELm0ELm0ELh56ELb0EEELi0EEES6_E7sh_261  |   in|   16|     ap_none|  p_ZZ3firRN3hls6streamINS_4axisI6ap_intILi32EELm0ELm0ELm0ELh56ELb0EEELi0EEES6_E7sh_261|        scalar|
|p_ZZ3firRN3hls6streamINS_4axisI6ap_intILi32EELm0ELm0ELm0ELh56ELb0EEELi0EEES6_E7sh_262  |   in|   16|     ap_none|  p_ZZ3firRN3hls6streamINS_4axisI6ap_intILi32EELm0ELm0ELm0ELh56ELb0EEELi0EEES6_E7sh_262|        scalar|
|p_ZZ3firRN3hls6streamINS_4axisI6ap_intILi32EELm0ELm0ELm0ELh56ELb0EEELi0EEES6_E7sh_263  |   in|   16|     ap_none|  p_ZZ3firRN3hls6streamINS_4axisI6ap_intILi32EELm0ELm0ELm0ELh56ELb0EEELi0EEES6_E7sh_263|        scalar|
|p_ZZ3firRN3hls6streamINS_4axisI6ap_intILi32EELm0ELm0ELm0ELh56ELb0EEELi0EEES6_E7sh_264  |   in|   16|     ap_none|  p_ZZ3firRN3hls6streamINS_4axisI6ap_intILi32EELm0ELm0ELm0ELh56ELb0EEELi0EEES6_E7sh_264|        scalar|
|p_ZZ3firRN3hls6streamINS_4axisI6ap_intILi32EELm0ELm0ELm0ELh56ELb0EEELi0EEES6_E7sh_265  |   in|   16|     ap_none|  p_ZZ3firRN3hls6streamINS_4axisI6ap_intILi32EELm0ELm0ELm0ELh56ELb0EEELi0EEES6_E7sh_265|        scalar|
|p_ZZ3firRN3hls6streamINS_4axisI6ap_intILi32EELm0ELm0ELm0ELh56ELb0EEELi0EEES6_E7sh_266  |   in|   16|     ap_none|  p_ZZ3firRN3hls6streamINS_4axisI6ap_intILi32EELm0ELm0ELm0ELh56ELb0EEELi0EEES6_E7sh_266|        scalar|
|p_ZZ3firRN3hls6streamINS_4axisI6ap_intILi32EELm0ELm0ELm0ELh56ELb0EEELi0EEES6_E7sh_267  |   in|   16|     ap_none|  p_ZZ3firRN3hls6streamINS_4axisI6ap_intILi32EELm0ELm0ELm0ELh56ELb0EEELi0EEES6_E7sh_267|        scalar|
|p_ZZ3firRN3hls6streamINS_4axisI6ap_intILi32EELm0ELm0ELm0ELh56ELb0EEELi0EEES6_E7sh_268  |   in|   16|     ap_none|  p_ZZ3firRN3hls6streamINS_4axisI6ap_intILi32EELm0ELm0ELm0ELh56ELb0EEELi0EEES6_E7sh_268|        scalar|
|p_ZZ3firRN3hls6streamINS_4axisI6ap_intILi32EELm0ELm0ELm0ELh56ELb0EEELi0EEES6_E7sh_269  |   in|   16|     ap_none|  p_ZZ3firRN3hls6streamINS_4axisI6ap_intILi32EELm0ELm0ELm0ELh56ELb0EEELi0EEES6_E7sh_269|        scalar|
|p_ZZ3firRN3hls6streamINS_4axisI6ap_intILi32EELm0ELm0ELm0ELh56ELb0EEELi0EEES6_E7sh_270  |   in|   16|     ap_none|  p_ZZ3firRN3hls6streamINS_4axisI6ap_intILi32EELm0ELm0ELm0ELh56ELb0EEELi0EEES6_E7sh_270|        scalar|
|p_ZZ3firRN3hls6streamINS_4axisI6ap_intILi32EELm0ELm0ELm0ELh56ELb0EEELi0EEES6_E7sh_271  |   in|   16|     ap_none|  p_ZZ3firRN3hls6streamINS_4axisI6ap_intILi32EELm0ELm0ELm0ELh56ELb0EEELi0EEES6_E7sh_271|        scalar|
|p_ZZ3firRN3hls6streamINS_4axisI6ap_intILi32EELm0ELm0ELm0ELh56ELb0EEELi0EEES6_E7sh_272  |   in|   16|     ap_none|  p_ZZ3firRN3hls6streamINS_4axisI6ap_intILi32EELm0ELm0ELm0ELh56ELb0EEELi0EEES6_E7sh_272|        scalar|
|p_ZZ3firRN3hls6streamINS_4axisI6ap_intILi32EELm0ELm0ELm0ELh56ELb0EEELi0EEES6_E7sh_273  |   in|   16|     ap_none|  p_ZZ3firRN3hls6streamINS_4axisI6ap_intILi32EELm0ELm0ELm0ELh56ELb0EEELi0EEES6_E7sh_273|        scalar|
|p_ZZ3firRN3hls6streamINS_4axisI6ap_intILi32EELm0ELm0ELm0ELh56ELb0EEELi0EEES6_E7sh_274  |   in|   16|     ap_none|  p_ZZ3firRN3hls6streamINS_4axisI6ap_intILi32EELm0ELm0ELm0ELh56ELb0EEELi0EEES6_E7sh_274|        scalar|
|p_ZZ3firRN3hls6streamINS_4axisI6ap_intILi32EELm0ELm0ELm0ELh56ELb0EEELi0EEES6_E7sh_275  |   in|   16|     ap_none|  p_ZZ3firRN3hls6streamINS_4axisI6ap_intILi32EELm0ELm0ELm0ELh56ELb0EEELi0EEES6_E7sh_275|        scalar|
|p_ZZ3firRN3hls6streamINS_4axisI6ap_intILi32EELm0ELm0ELm0ELh56ELb0EEELi0EEES6_E7sh_276  |   in|   16|     ap_none|  p_ZZ3firRN3hls6streamINS_4axisI6ap_intILi32EELm0ELm0ELm0ELh56ELb0EEELi0EEES6_E7sh_276|        scalar|
|p_ZZ3firRN3hls6streamINS_4axisI6ap_intILi32EELm0ELm0ELm0ELh56ELb0EEELi0EEES6_E7sh_277  |   in|   16|     ap_none|  p_ZZ3firRN3hls6streamINS_4axisI6ap_intILi32EELm0ELm0ELm0ELh56ELb0EEELi0EEES6_E7sh_277|        scalar|
|p_ZZ3firRN3hls6streamINS_4axisI6ap_intILi32EELm0ELm0ELm0ELh56ELb0EEELi0EEES6_E7sh_278  |   in|   16|     ap_none|  p_ZZ3firRN3hls6streamINS_4axisI6ap_intILi32EELm0ELm0ELm0ELh56ELb0EEELi0EEES6_E7sh_278|        scalar|
|p_ZZ3firRN3hls6streamINS_4axisI6ap_intILi32EELm0ELm0ELm0ELh56ELb0EEELi0EEES6_E7sh_279  |   in|   16|     ap_none|  p_ZZ3firRN3hls6streamINS_4axisI6ap_intILi32EELm0ELm0ELm0ELh56ELb0EEELi0EEES6_E7sh_279|        scalar|
|p_ZZ3firRN3hls6streamINS_4axisI6ap_intILi32EELm0ELm0ELm0ELh56ELb0EEELi0EEES6_E7sh_280  |   in|   16|     ap_none|  p_ZZ3firRN3hls6streamINS_4axisI6ap_intILi32EELm0ELm0ELm0ELh56ELb0EEELi0EEES6_E7sh_280|        scalar|
|p_ZZ3firRN3hls6streamINS_4axisI6ap_intILi32EELm0ELm0ELm0ELh56ELb0EEELi0EEES6_E7sh_281  |   in|   16|     ap_none|  p_ZZ3firRN3hls6streamINS_4axisI6ap_intILi32EELm0ELm0ELm0ELh56ELb0EEELi0EEES6_E7sh_281|        scalar|
|p_ZZ3firRN3hls6streamINS_4axisI6ap_intILi32EELm0ELm0ELm0ELh56ELb0EEELi0EEES6_E7sh_282  |   in|   16|     ap_none|  p_ZZ3firRN3hls6streamINS_4axisI6ap_intILi32EELm0ELm0ELm0ELh56ELb0EEELi0EEES6_E7sh_282|        scalar|
|p_ZZ3firRN3hls6streamINS_4axisI6ap_intILi32EELm0ELm0ELm0ELh56ELb0EEELi0EEES6_E7sh_283  |   in|   16|     ap_none|  p_ZZ3firRN3hls6streamINS_4axisI6ap_intILi32EELm0ELm0ELm0ELh56ELb0EEELi0EEES6_E7sh_283|        scalar|
|p_ZZ3firRN3hls6streamINS_4axisI6ap_intILi32EELm0ELm0ELm0ELh56ELb0EEELi0EEES6_E7sh_284  |   in|   16|     ap_none|  p_ZZ3firRN3hls6streamINS_4axisI6ap_intILi32EELm0ELm0ELm0ELh56ELb0EEELi0EEES6_E7sh_284|        scalar|
|p_ZZ3firRN3hls6streamINS_4axisI6ap_intILi32EELm0ELm0ELm0ELh56ELb0EEELi0EEES6_E7sh_285  |   in|   16|     ap_none|  p_ZZ3firRN3hls6streamINS_4axisI6ap_intILi32EELm0ELm0ELm0ELh56ELb0EEELi0EEES6_E7sh_285|        scalar|
|p_ZZ3firRN3hls6streamINS_4axisI6ap_intILi32EELm0ELm0ELm0ELh56ELb0EEELi0EEES6_E7sh_286  |   in|   16|     ap_none|  p_ZZ3firRN3hls6streamINS_4axisI6ap_intILi32EELm0ELm0ELm0ELh56ELb0EEELi0EEES6_E7sh_286|        scalar|
|p_ZZ3firRN3hls6streamINS_4axisI6ap_intILi32EELm0ELm0ELm0ELh56ELb0EEELi0EEES6_E7sh_287  |   in|   16|     ap_none|  p_ZZ3firRN3hls6streamINS_4axisI6ap_intILi32EELm0ELm0ELm0ELh56ELb0EEELi0EEES6_E7sh_287|        scalar|
|p_ZZ3firRN3hls6streamINS_4axisI6ap_intILi32EELm0ELm0ELm0ELh56ELb0EEELi0EEES6_E7sh_288  |   in|   16|     ap_none|  p_ZZ3firRN3hls6streamINS_4axisI6ap_intILi32EELm0ELm0ELm0ELh56ELb0EEELi0EEES6_E7sh_288|        scalar|
|p_ZZ3firRN3hls6streamINS_4axisI6ap_intILi32EELm0ELm0ELm0ELh56ELb0EEELi0EEES6_E7sh_289  |   in|   16|     ap_none|  p_ZZ3firRN3hls6streamINS_4axisI6ap_intILi32EELm0ELm0ELm0ELh56ELb0EEELi0EEES6_E7sh_289|        scalar|
|p_ZZ3firRN3hls6streamINS_4axisI6ap_intILi32EELm0ELm0ELm0ELh56ELb0EEELi0EEES6_E7sh_290  |   in|   16|     ap_none|  p_ZZ3firRN3hls6streamINS_4axisI6ap_intILi32EELm0ELm0ELm0ELh56ELb0EEELi0EEES6_E7sh_290|        scalar|
|p_ZZ3firRN3hls6streamINS_4axisI6ap_intILi32EELm0ELm0ELm0ELh56ELb0EEELi0EEES6_E7sh_291  |   in|   16|     ap_none|  p_ZZ3firRN3hls6streamINS_4axisI6ap_intILi32EELm0ELm0ELm0ELh56ELb0EEELi0EEES6_E7sh_291|        scalar|
|p_ZZ3firRN3hls6streamINS_4axisI6ap_intILi32EELm0ELm0ELm0ELh56ELb0EEELi0EEES6_E7sh_292  |   in|   16|     ap_none|  p_ZZ3firRN3hls6streamINS_4axisI6ap_intILi32EELm0ELm0ELm0ELh56ELb0EEELi0EEES6_E7sh_292|        scalar|
|p_ZZ3firRN3hls6streamINS_4axisI6ap_intILi32EELm0ELm0ELm0ELh56ELb0EEELi0EEES6_E7sh_293  |   in|   16|     ap_none|  p_ZZ3firRN3hls6streamINS_4axisI6ap_intILi32EELm0ELm0ELm0ELh56ELb0EEELi0EEES6_E7sh_293|        scalar|
|p_ZZ3firRN3hls6streamINS_4axisI6ap_intILi32EELm0ELm0ELm0ELh56ELb0EEELi0EEES6_E7sh_294  |   in|   16|     ap_none|  p_ZZ3firRN3hls6streamINS_4axisI6ap_intILi32EELm0ELm0ELm0ELh56ELb0EEELi0EEES6_E7sh_294|        scalar|
|p_ZZ3firRN3hls6streamINS_4axisI6ap_intILi32EELm0ELm0ELm0ELh56ELb0EEELi0EEES6_E7sh_295  |   in|   16|     ap_none|  p_ZZ3firRN3hls6streamINS_4axisI6ap_intILi32EELm0ELm0ELm0ELh56ELb0EEELi0EEES6_E7sh_295|        scalar|
|p_ZZ3firRN3hls6streamINS_4axisI6ap_intILi32EELm0ELm0ELm0ELh56ELb0EEELi0EEES6_E7sh_296  |   in|   16|     ap_none|  p_ZZ3firRN3hls6streamINS_4axisI6ap_intILi32EELm0ELm0ELm0ELh56ELb0EEELi0EEES6_E7sh_296|        scalar|
|p_ZZ3firRN3hls6streamINS_4axisI6ap_intILi32EELm0ELm0ELm0ELh56ELb0EEELi0EEES6_E7sh_297  |   in|   16|     ap_none|  p_ZZ3firRN3hls6streamINS_4axisI6ap_intILi32EELm0ELm0ELm0ELh56ELb0EEELi0EEES6_E7sh_297|        scalar|
|p_ZZ3firRN3hls6streamINS_4axisI6ap_intILi32EELm0ELm0ELm0ELh56ELb0EEELi0EEES6_E7sh_298  |   in|   16|     ap_none|  p_ZZ3firRN3hls6streamINS_4axisI6ap_intILi32EELm0ELm0ELm0ELh56ELb0EEELi0EEES6_E7sh_298|        scalar|
|p_ZZ3firRN3hls6streamINS_4axisI6ap_intILi32EELm0ELm0ELm0ELh56ELb0EEELi0EEES6_E7sh_299  |   in|   16|     ap_none|  p_ZZ3firRN3hls6streamINS_4axisI6ap_intILi32EELm0ELm0ELm0ELh56ELb0EEELi0EEES6_E7sh_299|        scalar|
|p_ZZ3firRN3hls6streamINS_4axisI6ap_intILi32EELm0ELm0ELm0ELh56ELb0EEELi0EEES6_E7sh_300  |   in|   16|     ap_none|  p_ZZ3firRN3hls6streamINS_4axisI6ap_intILi32EELm0ELm0ELm0ELh56ELb0EEELi0EEES6_E7sh_300|        scalar|
|p_ZZ3firRN3hls6streamINS_4axisI6ap_intILi32EELm0ELm0ELm0ELh56ELb0EEELi0EEES6_E7sh_301  |   in|   16|     ap_none|  p_ZZ3firRN3hls6streamINS_4axisI6ap_intILi32EELm0ELm0ELm0ELh56ELb0EEELi0EEES6_E7sh_301|        scalar|
|p_ZZ3firRN3hls6streamINS_4axisI6ap_intILi32EELm0ELm0ELm0ELh56ELb0EEELi0EEES6_E7sh_302  |   in|   16|     ap_none|  p_ZZ3firRN3hls6streamINS_4axisI6ap_intILi32EELm0ELm0ELm0ELh56ELb0EEELi0EEES6_E7sh_302|        scalar|
|p_ZZ3firRN3hls6streamINS_4axisI6ap_intILi32EELm0ELm0ELm0ELh56ELb0EEELi0EEES6_E7sh_303  |   in|   16|     ap_none|  p_ZZ3firRN3hls6streamINS_4axisI6ap_intILi32EELm0ELm0ELm0ELh56ELb0EEELi0EEES6_E7sh_303|        scalar|
|p_ZZ3firRN3hls6streamINS_4axisI6ap_intILi32EELm0ELm0ELm0ELh56ELb0EEELi0EEES6_E7sh_304  |   in|   16|     ap_none|  p_ZZ3firRN3hls6streamINS_4axisI6ap_intILi32EELm0ELm0ELm0ELh56ELb0EEELi0EEES6_E7sh_304|        scalar|
|p_ZZ3firRN3hls6streamINS_4axisI6ap_intILi32EELm0ELm0ELm0ELh56ELb0EEELi0EEES6_E7sh_305  |   in|   16|     ap_none|  p_ZZ3firRN3hls6streamINS_4axisI6ap_intILi32EELm0ELm0ELm0ELh56ELb0EEELi0EEES6_E7sh_305|        scalar|
|p_ZZ3firRN3hls6streamINS_4axisI6ap_intILi32EELm0ELm0ELm0ELh56ELb0EEELi0EEES6_E7sh_306  |   in|   16|     ap_none|  p_ZZ3firRN3hls6streamINS_4axisI6ap_intILi32EELm0ELm0ELm0ELh56ELb0EEELi0EEES6_E7sh_306|        scalar|
|p_ZZ3firRN3hls6streamINS_4axisI6ap_intILi32EELm0ELm0ELm0ELh56ELb0EEELi0EEES6_E7sh_307  |   in|   16|     ap_none|  p_ZZ3firRN3hls6streamINS_4axisI6ap_intILi32EELm0ELm0ELm0ELh56ELb0EEELi0EEES6_E7sh_307|        scalar|
|p_ZZ3firRN3hls6streamINS_4axisI6ap_intILi32EELm0ELm0ELm0ELh56ELb0EEELi0EEES6_E7sh_308  |   in|   16|     ap_none|  p_ZZ3firRN3hls6streamINS_4axisI6ap_intILi32EELm0ELm0ELm0ELh56ELb0EEELi0EEES6_E7sh_308|        scalar|
|p_ZZ3firRN3hls6streamINS_4axisI6ap_intILi32EELm0ELm0ELm0ELh56ELb0EEELi0EEES6_E7sh_309  |   in|   16|     ap_none|  p_ZZ3firRN3hls6streamINS_4axisI6ap_intILi32EELm0ELm0ELm0ELh56ELb0EEELi0EEES6_E7sh_309|        scalar|
|p_ZZ3firRN3hls6streamINS_4axisI6ap_intILi32EELm0ELm0ELm0ELh56ELb0EEELi0EEES6_E7sh_310  |   in|   16|     ap_none|  p_ZZ3firRN3hls6streamINS_4axisI6ap_intILi32EELm0ELm0ELm0ELh56ELb0EEELi0EEES6_E7sh_310|        scalar|
|p_ZZ3firRN3hls6streamINS_4axisI6ap_intILi32EELm0ELm0ELm0ELh56ELb0EEELi0EEES6_E7sh_311  |   in|   16|     ap_none|  p_ZZ3firRN3hls6streamINS_4axisI6ap_intILi32EELm0ELm0ELm0ELh56ELb0EEELi0EEES6_E7sh_311|        scalar|
|p_ZZ3firRN3hls6streamINS_4axisI6ap_intILi32EELm0ELm0ELm0ELh56ELb0EEELi0EEES6_E7sh_312  |   in|   16|     ap_none|  p_ZZ3firRN3hls6streamINS_4axisI6ap_intILi32EELm0ELm0ELm0ELh56ELb0EEELi0EEES6_E7sh_312|        scalar|
|p_ZZ3firRN3hls6streamINS_4axisI6ap_intILi32EELm0ELm0ELm0ELh56ELb0EEELi0EEES6_E7sh_313  |   in|   16|     ap_none|  p_ZZ3firRN3hls6streamINS_4axisI6ap_intILi32EELm0ELm0ELm0ELh56ELb0EEELi0EEES6_E7sh_313|        scalar|
|p_ZZ3firRN3hls6streamINS_4axisI6ap_intILi32EELm0ELm0ELm0ELh56ELb0EEELi0EEES6_E7sh_314  |   in|   16|     ap_none|  p_ZZ3firRN3hls6streamINS_4axisI6ap_intILi32EELm0ELm0ELm0ELh56ELb0EEELi0EEES6_E7sh_314|        scalar|
|p_ZZ3firRN3hls6streamINS_4axisI6ap_intILi32EELm0ELm0ELm0ELh56ELb0EEELi0EEES6_E7sh_315  |   in|   16|     ap_none|  p_ZZ3firRN3hls6streamINS_4axisI6ap_intILi32EELm0ELm0ELm0ELh56ELb0EEELi0EEES6_E7sh_315|        scalar|
|p_ZZ3firRN3hls6streamINS_4axisI6ap_intILi32EELm0ELm0ELm0ELh56ELb0EEELi0EEES6_E7sh_316  |   in|   16|     ap_none|  p_ZZ3firRN3hls6streamINS_4axisI6ap_intILi32EELm0ELm0ELm0ELh56ELb0EEELi0EEES6_E7sh_316|        scalar|
|p_ZZ3firRN3hls6streamINS_4axisI6ap_intILi32EELm0ELm0ELm0ELh56ELb0EEELi0EEES6_E7sh_317  |   in|   16|     ap_none|  p_ZZ3firRN3hls6streamINS_4axisI6ap_intILi32EELm0ELm0ELm0ELh56ELb0EEELi0EEES6_E7sh_317|        scalar|
|p_ZZ3firRN3hls6streamINS_4axisI6ap_intILi32EELm0ELm0ELm0ELh56ELb0EEELi0EEES6_E7sh_318  |   in|   16|     ap_none|  p_ZZ3firRN3hls6streamINS_4axisI6ap_intILi32EELm0ELm0ELm0ELh56ELb0EEELi0EEES6_E7sh_318|        scalar|
|p_ZZ3firRN3hls6streamINS_4axisI6ap_intILi32EELm0ELm0ELm0ELh56ELb0EEELi0EEES6_E7sh_319  |   in|   16|     ap_none|  p_ZZ3firRN3hls6streamINS_4axisI6ap_intILi32EELm0ELm0ELm0ELh56ELb0EEELi0EEES6_E7sh_319|        scalar|
|p_ZZ3firRN3hls6streamINS_4axisI6ap_intILi32EELm0ELm0ELm0ELh56ELb0EEELi0EEES6_E7sh_320  |   in|   16|     ap_none|  p_ZZ3firRN3hls6streamINS_4axisI6ap_intILi32EELm0ELm0ELm0ELh56ELb0EEELi0EEES6_E7sh_320|        scalar|
|p_ZZ3firRN3hls6streamINS_4axisI6ap_intILi32EELm0ELm0ELm0ELh56ELb0EEELi0EEES6_E7sh_321  |   in|   16|     ap_none|  p_ZZ3firRN3hls6streamINS_4axisI6ap_intILi32EELm0ELm0ELm0ELh56ELb0EEELi0EEES6_E7sh_321|        scalar|
|p_ZZ3firRN3hls6streamINS_4axisI6ap_intILi32EELm0ELm0ELm0ELh56ELb0EEELi0EEES6_E7sh_322  |   in|   16|     ap_none|  p_ZZ3firRN3hls6streamINS_4axisI6ap_intILi32EELm0ELm0ELm0ELh56ELb0EEELi0EEES6_E7sh_322|        scalar|
|p_ZZ3firRN3hls6streamINS_4axisI6ap_intILi32EELm0ELm0ELm0ELh56ELb0EEELi0EEES6_E7sh_323  |   in|   16|     ap_none|  p_ZZ3firRN3hls6streamINS_4axisI6ap_intILi32EELm0ELm0ELm0ELh56ELb0EEELi0EEES6_E7sh_323|        scalar|
|p_ZZ3firRN3hls6streamINS_4axisI6ap_intILi32EELm0ELm0ELm0ELh56ELb0EEELi0EEES6_E7sh_324  |   in|   16|     ap_none|  p_ZZ3firRN3hls6streamINS_4axisI6ap_intILi32EELm0ELm0ELm0ELh56ELb0EEELi0EEES6_E7sh_324|        scalar|
|p_ZZ3firRN3hls6streamINS_4axisI6ap_intILi32EELm0ELm0ELm0ELh56ELb0EEELi0EEES6_E7sh_325  |   in|   16|     ap_none|  p_ZZ3firRN3hls6streamINS_4axisI6ap_intILi32EELm0ELm0ELm0ELh56ELb0EEELi0EEES6_E7sh_325|        scalar|
|p_ZZ3firRN3hls6streamINS_4axisI6ap_intILi32EELm0ELm0ELm0ELh56ELb0EEELi0EEES6_E7sh_326  |   in|   16|     ap_none|  p_ZZ3firRN3hls6streamINS_4axisI6ap_intILi32EELm0ELm0ELm0ELh56ELb0EEELi0EEES6_E7sh_326|        scalar|
|p_ZZ3firRN3hls6streamINS_4axisI6ap_intILi32EELm0ELm0ELm0ELh56ELb0EEELi0EEES6_E7sh_327  |   in|   16|     ap_none|  p_ZZ3firRN3hls6streamINS_4axisI6ap_intILi32EELm0ELm0ELm0ELh56ELb0EEELi0EEES6_E7sh_327|        scalar|
|p_ZZ3firRN3hls6streamINS_4axisI6ap_intILi32EELm0ELm0ELm0ELh56ELb0EEELi0EEES6_E7sh_328  |   in|   16|     ap_none|  p_ZZ3firRN3hls6streamINS_4axisI6ap_intILi32EELm0ELm0ELm0ELh56ELb0EEELi0EEES6_E7sh_328|        scalar|
|p_ZZ3firRN3hls6streamINS_4axisI6ap_intILi32EELm0ELm0ELm0ELh56ELb0EEELi0EEES6_E7sh_329  |   in|   16|     ap_none|  p_ZZ3firRN3hls6streamINS_4axisI6ap_intILi32EELm0ELm0ELm0ELh56ELb0EEELi0EEES6_E7sh_329|        scalar|
|p_ZZ3firRN3hls6streamINS_4axisI6ap_intILi32EELm0ELm0ELm0ELh56ELb0EEELi0EEES6_E7sh_330  |   in|   16|     ap_none|  p_ZZ3firRN3hls6streamINS_4axisI6ap_intILi32EELm0ELm0ELm0ELh56ELb0EEELi0EEES6_E7sh_330|        scalar|
|p_ZZ3firRN3hls6streamINS_4axisI6ap_intILi32EELm0ELm0ELm0ELh56ELb0EEELi0EEES6_E7sh_331  |   in|   16|     ap_none|  p_ZZ3firRN3hls6streamINS_4axisI6ap_intILi32EELm0ELm0ELm0ELh56ELb0EEELi0EEES6_E7sh_331|        scalar|
|p_ZZ3firRN3hls6streamINS_4axisI6ap_intILi32EELm0ELm0ELm0ELh56ELb0EEELi0EEES6_E7sh_332  |   in|   16|     ap_none|  p_ZZ3firRN3hls6streamINS_4axisI6ap_intILi32EELm0ELm0ELm0ELh56ELb0EEELi0EEES6_E7sh_332|        scalar|
|p_ZZ3firRN3hls6streamINS_4axisI6ap_intILi32EELm0ELm0ELm0ELh56ELb0EEELi0EEES6_E7sh_333  |   in|   16|     ap_none|  p_ZZ3firRN3hls6streamINS_4axisI6ap_intILi32EELm0ELm0ELm0ELh56ELb0EEELi0EEES6_E7sh_333|        scalar|
|p_ZZ3firRN3hls6streamINS_4axisI6ap_intILi32EELm0ELm0ELm0ELh56ELb0EEELi0EEES6_E7sh_334  |   in|   16|     ap_none|  p_ZZ3firRN3hls6streamINS_4axisI6ap_intILi32EELm0ELm0ELm0ELh56ELb0EEELi0EEES6_E7sh_334|        scalar|
|p_ZZ3firRN3hls6streamINS_4axisI6ap_intILi32EELm0ELm0ELm0ELh56ELb0EEELi0EEES6_E7sh_335  |   in|   16|     ap_none|  p_ZZ3firRN3hls6streamINS_4axisI6ap_intILi32EELm0ELm0ELm0ELh56ELb0EEELi0EEES6_E7sh_335|        scalar|
|p_ZZ3firRN3hls6streamINS_4axisI6ap_intILi32EELm0ELm0ELm0ELh56ELb0EEELi0EEES6_E7sh_336  |   in|   16|     ap_none|  p_ZZ3firRN3hls6streamINS_4axisI6ap_intILi32EELm0ELm0ELm0ELh56ELb0EEELi0EEES6_E7sh_336|        scalar|
|p_ZZ3firRN3hls6streamINS_4axisI6ap_intILi32EELm0ELm0ELm0ELh56ELb0EEELi0EEES6_E7sh_337  |   in|   16|     ap_none|  p_ZZ3firRN3hls6streamINS_4axisI6ap_intILi32EELm0ELm0ELm0ELh56ELb0EEELi0EEES6_E7sh_337|        scalar|
|p_ZZ3firRN3hls6streamINS_4axisI6ap_intILi32EELm0ELm0ELm0ELh56ELb0EEELi0EEES6_E7sh_338  |   in|   16|     ap_none|  p_ZZ3firRN3hls6streamINS_4axisI6ap_intILi32EELm0ELm0ELm0ELh56ELb0EEELi0EEES6_E7sh_338|        scalar|
|p_ZZ3firRN3hls6streamINS_4axisI6ap_intILi32EELm0ELm0ELm0ELh56ELb0EEELi0EEES6_E7sh_339  |   in|   16|     ap_none|  p_ZZ3firRN3hls6streamINS_4axisI6ap_intILi32EELm0ELm0ELm0ELh56ELb0EEELi0EEES6_E7sh_339|        scalar|
|p_ZZ3firRN3hls6streamINS_4axisI6ap_intILi32EELm0ELm0ELm0ELh56ELb0EEELi0EEES6_E7sh_340  |   in|   16|     ap_none|  p_ZZ3firRN3hls6streamINS_4axisI6ap_intILi32EELm0ELm0ELm0ELh56ELb0EEELi0EEES6_E7sh_340|        scalar|
|p_ZZ3firRN3hls6streamINS_4axisI6ap_intILi32EELm0ELm0ELm0ELh56ELb0EEELi0EEES6_E7sh_341  |   in|   16|     ap_none|  p_ZZ3firRN3hls6streamINS_4axisI6ap_intILi32EELm0ELm0ELm0ELh56ELb0EEELi0EEES6_E7sh_341|        scalar|
|p_ZZ3firRN3hls6streamINS_4axisI6ap_intILi32EELm0ELm0ELm0ELh56ELb0EEELi0EEES6_E7sh_342  |   in|   16|     ap_none|  p_ZZ3firRN3hls6streamINS_4axisI6ap_intILi32EELm0ELm0ELm0ELh56ELb0EEELi0EEES6_E7sh_342|        scalar|
|p_ZZ3firRN3hls6streamINS_4axisI6ap_intILi32EELm0ELm0ELm0ELh56ELb0EEELi0EEES6_E7sh_343  |   in|   16|     ap_none|  p_ZZ3firRN3hls6streamINS_4axisI6ap_intILi32EELm0ELm0ELm0ELh56ELb0EEELi0EEES6_E7sh_343|        scalar|
|p_ZZ3firRN3hls6streamINS_4axisI6ap_intILi32EELm0ELm0ELm0ELh56ELb0EEELi0EEES6_E7sh_344  |   in|   16|     ap_none|  p_ZZ3firRN3hls6streamINS_4axisI6ap_intILi32EELm0ELm0ELm0ELh56ELb0EEELi0EEES6_E7sh_344|        scalar|
|p_ZZ3firRN3hls6streamINS_4axisI6ap_intILi32EELm0ELm0ELm0ELh56ELb0EEELi0EEES6_E7sh_345  |   in|   16|     ap_none|  p_ZZ3firRN3hls6streamINS_4axisI6ap_intILi32EELm0ELm0ELm0ELh56ELb0EEELi0EEES6_E7sh_345|        scalar|
|p_ZZ3firRN3hls6streamINS_4axisI6ap_intILi32EELm0ELm0ELm0ELh56ELb0EEELi0EEES6_E7sh_346  |   in|   16|     ap_none|  p_ZZ3firRN3hls6streamINS_4axisI6ap_intILi32EELm0ELm0ELm0ELh56ELb0EEELi0EEES6_E7sh_346|        scalar|
|p_ZZ3firRN3hls6streamINS_4axisI6ap_intILi32EELm0ELm0ELm0ELh56ELb0EEELi0EEES6_E7sh_347  |   in|   16|     ap_none|  p_ZZ3firRN3hls6streamINS_4axisI6ap_intILi32EELm0ELm0ELm0ELh56ELb0EEELi0EEES6_E7sh_347|        scalar|
|p_ZZ3firRN3hls6streamINS_4axisI6ap_intILi32EELm0ELm0ELm0ELh56ELb0EEELi0EEES6_E7sh_348  |   in|   16|     ap_none|  p_ZZ3firRN3hls6streamINS_4axisI6ap_intILi32EELm0ELm0ELm0ELh56ELb0EEELi0EEES6_E7sh_348|        scalar|
|p_ZZ3firRN3hls6streamINS_4axisI6ap_intILi32EELm0ELm0ELm0ELh56ELb0EEELi0EEES6_E7sh_349  |   in|   16|     ap_none|  p_ZZ3firRN3hls6streamINS_4axisI6ap_intILi32EELm0ELm0ELm0ELh56ELb0EEELi0EEES6_E7sh_349|        scalar|
|p_ZZ3firRN3hls6streamINS_4axisI6ap_intILi32EELm0ELm0ELm0ELh56ELb0EEELi0EEES6_E7sh_350  |   in|   16|     ap_none|  p_ZZ3firRN3hls6streamINS_4axisI6ap_intILi32EELm0ELm0ELm0ELh56ELb0EEELi0EEES6_E7sh_350|        scalar|
|p_ZZ3firRN3hls6streamINS_4axisI6ap_intILi32EELm0ELm0ELm0ELh56ELb0EEELi0EEES6_E7sh_351  |   in|   16|     ap_none|  p_ZZ3firRN3hls6streamINS_4axisI6ap_intILi32EELm0ELm0ELm0ELh56ELb0EEELi0EEES6_E7sh_351|        scalar|
|p_ZZ3firRN3hls6streamINS_4axisI6ap_intILi32EELm0ELm0ELm0ELh56ELb0EEELi0EEES6_E7sh_352  |   in|   16|     ap_none|  p_ZZ3firRN3hls6streamINS_4axisI6ap_intILi32EELm0ELm0ELm0ELh56ELb0EEELi0EEES6_E7sh_352|        scalar|
|p_ZZ3firRN3hls6streamINS_4axisI6ap_intILi32EELm0ELm0ELm0ELh56ELb0EEELi0EEES6_E7sh_353  |   in|   16|     ap_none|  p_ZZ3firRN3hls6streamINS_4axisI6ap_intILi32EELm0ELm0ELm0ELh56ELb0EEELi0EEES6_E7sh_353|        scalar|
|fir_stream_stream_axis_0_shift_q_9_load                                                |   in|   16|     ap_none|                                                fir_stream_stream_axis_0_shift_q_9_load|        scalar|
|fir_stream_stream_axis_0_shift_q_8_load                                                |   in|   16|     ap_none|                                                fir_stream_stream_axis_0_shift_q_8_load|        scalar|
|fir_stream_stream_axis_0_shift_q_7_load                                                |   in|   16|     ap_none|                                                fir_stream_stream_axis_0_shift_q_7_load|        scalar|
|fir_stream_stream_axis_0_shift_q_6_load                                                |   in|   16|     ap_none|                                                fir_stream_stream_axis_0_shift_q_6_load|        scalar|
|fir_stream_stream_axis_0_shift_q_5_load                                                |   in|   16|     ap_none|                                                fir_stream_stream_axis_0_shift_q_5_load|        scalar|
|fir_stream_stream_axis_0_shift_q_4_load                                                |   in|   16|     ap_none|                                                fir_stream_stream_axis_0_shift_q_4_load|        scalar|
|fir_stream_stream_axis_0_shift_q_3_load                                                |   in|   16|     ap_none|                                                fir_stream_stream_axis_0_shift_q_3_load|        scalar|
|fir_stream_stream_axis_0_shift_q_2_load                                                |   in|   16|     ap_none|                                                fir_stream_stream_axis_0_shift_q_2_load|        scalar|
|fir_stream_stream_axis_0_shift_q_1_load                                                |   in|   16|     ap_none|                                                fir_stream_stream_axis_0_shift_q_1_load|        scalar|
|fir_stream_stream_axis_0_shift_q_load                                                  |   in|   16|     ap_none|                                                  fir_stream_stream_axis_0_shift_q_load|        scalar|
|p_ZZ3firRN3hls6streamINS_4axisI6ap_intILi32EELm0ELm0ELm0ELh56ELb0EEELi0EEES6_E7sh_354  |   in|   16|     ap_none|  p_ZZ3firRN3hls6streamINS_4axisI6ap_intILi32EELm0ELm0ELm0ELh56ELb0EEELi0EEES6_E7sh_354|        scalar|
|p_ZZ3firRN3hls6streamINS_4axisI6ap_intILi32EELm0ELm0ELm0ELh56ELb0EEELi0EEES6_E7sh_355  |   in|   16|     ap_none|  p_ZZ3firRN3hls6streamINS_4axisI6ap_intILi32EELm0ELm0ELm0ELh56ELb0EEELi0EEES6_E7sh_355|        scalar|
|p_ZZ3firRN3hls6streamINS_4axisI6ap_intILi32EELm0ELm0ELm0ELh56ELb0EEELi0EEES6_E7sh_356  |   in|   16|     ap_none|  p_ZZ3firRN3hls6streamINS_4axisI6ap_intILi32EELm0ELm0ELm0ELh56ELb0EEELi0EEES6_E7sh_356|        scalar|
|p_ZZ3firRN3hls6streamINS_4axisI6ap_intILi32EELm0ELm0ELm0ELh56ELb0EEELi0EEES6_E7sh_357  |   in|   16|     ap_none|  p_ZZ3firRN3hls6streamINS_4axisI6ap_intILi32EELm0ELm0ELm0ELh56ELb0EEELi0EEES6_E7sh_357|        scalar|
|p_ZZ3firRN3hls6streamINS_4axisI6ap_intILi32EELm0ELm0ELm0ELh56ELb0EEELi0EEES6_E7sh_358  |   in|   16|     ap_none|  p_ZZ3firRN3hls6streamINS_4axisI6ap_intILi32EELm0ELm0ELm0ELh56ELb0EEELi0EEES6_E7sh_358|        scalar|
|p_ZZ3firRN3hls6streamINS_4axisI6ap_intILi32EELm0ELm0ELm0ELh56ELb0EEELi0EEES6_E7sh_359  |   in|   16|     ap_none|  p_ZZ3firRN3hls6streamINS_4axisI6ap_intILi32EELm0ELm0ELm0ELh56ELb0EEELi0EEES6_E7sh_359|        scalar|
|p_ZZ3firRN3hls6streamINS_4axisI6ap_intILi32EELm0ELm0ELm0ELh56ELb0EEELi0EEES6_E7sh_360  |   in|   16|     ap_none|  p_ZZ3firRN3hls6streamINS_4axisI6ap_intILi32EELm0ELm0ELm0ELh56ELb0EEELi0EEES6_E7sh_360|        scalar|
|p_ZZ3firRN3hls6streamINS_4axisI6ap_intILi32EELm0ELm0ELm0ELh56ELb0EEELi0EEES6_E7sh_361  |   in|   16|     ap_none|  p_ZZ3firRN3hls6streamINS_4axisI6ap_intILi32EELm0ELm0ELm0ELh56ELb0EEELi0EEES6_E7sh_361|        scalar|
|p_ZZ3firRN3hls6streamINS_4axisI6ap_intILi32EELm0ELm0ELm0ELh56ELb0EEELi0EEES6_E7sh_362  |   in|   16|     ap_none|  p_ZZ3firRN3hls6streamINS_4axisI6ap_intILi32EELm0ELm0ELm0ELh56ELb0EEELi0EEES6_E7sh_362|        scalar|
|p_ZZ3firRN3hls6streamINS_4axisI6ap_intILi32EELm0ELm0ELm0ELh56ELb0EEELi0EEES6_E7sh_363  |   in|   16|     ap_none|  p_ZZ3firRN3hls6streamINS_4axisI6ap_intILi32EELm0ELm0ELm0ELh56ELb0EEELi0EEES6_E7sh_363|        scalar|
|p_ZZ3firRN3hls6streamINS_4axisI6ap_intILi32EELm0ELm0ELm0ELh56ELb0EEELi0EEES6_E7sh_364  |   in|   16|     ap_none|  p_ZZ3firRN3hls6streamINS_4axisI6ap_intILi32EELm0ELm0ELm0ELh56ELb0EEELi0EEES6_E7sh_364|        scalar|
|p_ZZ3firRN3hls6streamINS_4axisI6ap_intILi32EELm0ELm0ELm0ELh56ELb0EEELi0EEES6_E7sh_365  |   in|   16|     ap_none|  p_ZZ3firRN3hls6streamINS_4axisI6ap_intILi32EELm0ELm0ELm0ELh56ELb0EEELi0EEES6_E7sh_365|        scalar|
|p_ZZ3firRN3hls6streamINS_4axisI6ap_intILi32EELm0ELm0ELm0ELh56ELb0EEELi0EEES6_E7sh_366  |   in|   16|     ap_none|  p_ZZ3firRN3hls6streamINS_4axisI6ap_intILi32EELm0ELm0ELm0ELh56ELb0EEELi0EEES6_E7sh_366|        scalar|
|p_ZZ3firRN3hls6streamINS_4axisI6ap_intILi32EELm0ELm0ELm0ELh56ELb0EEELi0EEES6_E7sh_367  |   in|   16|     ap_none|  p_ZZ3firRN3hls6streamINS_4axisI6ap_intILi32EELm0ELm0ELm0ELh56ELb0EEELi0EEES6_E7sh_367|        scalar|
|p_ZZ3firRN3hls6streamINS_4axisI6ap_intILi32EELm0ELm0ELm0ELh56ELb0EEELi0EEES6_E7sh_368  |   in|   16|     ap_none|  p_ZZ3firRN3hls6streamINS_4axisI6ap_intILi32EELm0ELm0ELm0ELh56ELb0EEELi0EEES6_E7sh_368|        scalar|
|p_ZZ3firRN3hls6streamINS_4axisI6ap_intILi32EELm0ELm0ELm0ELh56ELb0EEELi0EEES6_E7sh_369  |   in|   16|     ap_none|  p_ZZ3firRN3hls6streamINS_4axisI6ap_intILi32EELm0ELm0ELm0ELh56ELb0EEELi0EEES6_E7sh_369|        scalar|
|p_ZZ3firRN3hls6streamINS_4axisI6ap_intILi32EELm0ELm0ELm0ELh56ELb0EEELi0EEES6_E7sh_370  |   in|   16|     ap_none|  p_ZZ3firRN3hls6streamINS_4axisI6ap_intILi32EELm0ELm0ELm0ELh56ELb0EEELi0EEES6_E7sh_370|        scalar|
|p_ZZ3firRN3hls6streamINS_4axisI6ap_intILi32EELm0ELm0ELm0ELh56ELb0EEELi0EEES6_E7sh_371  |   in|   16|     ap_none|  p_ZZ3firRN3hls6streamINS_4axisI6ap_intILi32EELm0ELm0ELm0ELh56ELb0EEELi0EEES6_E7sh_371|        scalar|
|p_ZZ3firRN3hls6streamINS_4axisI6ap_intILi32EELm0ELm0ELm0ELh56ELb0EEELi0EEES6_E7sh_372  |   in|   16|     ap_none|  p_ZZ3firRN3hls6streamINS_4axisI6ap_intILi32EELm0ELm0ELm0ELh56ELb0EEELi0EEES6_E7sh_372|        scalar|
|p_ZZ3firRN3hls6streamINS_4axisI6ap_intILi32EELm0ELm0ELm0ELh56ELb0EEELi0EEES6_E7sh_373  |   in|   16|     ap_none|  p_ZZ3firRN3hls6streamINS_4axisI6ap_intILi32EELm0ELm0ELm0ELh56ELb0EEELi0EEES6_E7sh_373|        scalar|
|p_ZZ3firRN3hls6streamINS_4axisI6ap_intILi32EELm0ELm0ELm0ELh56ELb0EEELi0EEES6_E7sh_374  |   in|   16|     ap_none|  p_ZZ3firRN3hls6streamINS_4axisI6ap_intILi32EELm0ELm0ELm0ELh56ELb0EEELi0EEES6_E7sh_374|        scalar|
|p_ZZ3firRN3hls6streamINS_4axisI6ap_intILi32EELm0ELm0ELm0ELh56ELb0EEELi0EEES6_E7sh_375  |   in|   16|     ap_none|  p_ZZ3firRN3hls6streamINS_4axisI6ap_intILi32EELm0ELm0ELm0ELh56ELb0EEELi0EEES6_E7sh_375|        scalar|
|p_ZZ3firRN3hls6streamINS_4axisI6ap_intILi32EELm0ELm0ELm0ELh56ELb0EEELi0EEES6_E7sh_376  |   in|   16|     ap_none|  p_ZZ3firRN3hls6streamINS_4axisI6ap_intILi32EELm0ELm0ELm0ELh56ELb0EEELi0EEES6_E7sh_376|        scalar|
|p_ZZ3firRN3hls6streamINS_4axisI6ap_intILi32EELm0ELm0ELm0ELh56ELb0EEELi0EEES6_E7sh_377  |   in|   16|     ap_none|  p_ZZ3firRN3hls6streamINS_4axisI6ap_intILi32EELm0ELm0ELm0ELh56ELb0EEELi0EEES6_E7sh_377|        scalar|
|p_ZZ3firRN3hls6streamINS_4axisI6ap_intILi32EELm0ELm0ELm0ELh56ELb0EEELi0EEES6_E7sh_378  |   in|   16|     ap_none|  p_ZZ3firRN3hls6streamINS_4axisI6ap_intILi32EELm0ELm0ELm0ELh56ELb0EEELi0EEES6_E7sh_378|        scalar|
|p_ZZ3firRN3hls6streamINS_4axisI6ap_intILi32EELm0ELm0ELm0ELh56ELb0EEELi0EEES6_E7sh_379  |   in|   16|     ap_none|  p_ZZ3firRN3hls6streamINS_4axisI6ap_intILi32EELm0ELm0ELm0ELh56ELb0EEELi0EEES6_E7sh_379|        scalar|
|p_ZZ3firRN3hls6streamINS_4axisI6ap_intILi32EELm0ELm0ELm0ELh56ELb0EEELi0EEES6_E7sh_380  |   in|   16|     ap_none|  p_ZZ3firRN3hls6streamINS_4axisI6ap_intILi32EELm0ELm0ELm0ELh56ELb0EEELi0EEES6_E7sh_380|        scalar|
|p_ZZ3firRN3hls6streamINS_4axisI6ap_intILi32EELm0ELm0ELm0ELh56ELb0EEELi0EEES6_E7sh_381  |   in|   16|     ap_none|  p_ZZ3firRN3hls6streamINS_4axisI6ap_intILi32EELm0ELm0ELm0ELh56ELb0EEELi0EEES6_E7sh_381|        scalar|
|p_ZZ3firRN3hls6streamINS_4axisI6ap_intILi32EELm0ELm0ELm0ELh56ELb0EEELi0EEES6_E7sh_382  |   in|   16|     ap_none|  p_ZZ3firRN3hls6streamINS_4axisI6ap_intILi32EELm0ELm0ELm0ELh56ELb0EEELi0EEES6_E7sh_382|        scalar|
|p_ZZ3firRN3hls6streamINS_4axisI6ap_intILi32EELm0ELm0ELm0ELh56ELb0EEELi0EEES6_E7sh_383  |   in|   16|     ap_none|  p_ZZ3firRN3hls6streamINS_4axisI6ap_intILi32EELm0ELm0ELm0ELh56ELb0EEELi0EEES6_E7sh_383|        scalar|
|p_ZZ3firRN3hls6streamINS_4axisI6ap_intILi32EELm0ELm0ELm0ELh56ELb0EEELi0EEES6_E7sh_384  |   in|   16|     ap_none|  p_ZZ3firRN3hls6streamINS_4axisI6ap_intILi32EELm0ELm0ELm0ELh56ELb0EEELi0EEES6_E7sh_384|        scalar|
|p_ZZ3firRN3hls6streamINS_4axisI6ap_intILi32EELm0ELm0ELm0ELh56ELb0EEELi0EEES6_E7sh_385  |   in|   16|     ap_none|  p_ZZ3firRN3hls6streamINS_4axisI6ap_intILi32EELm0ELm0ELm0ELh56ELb0EEELi0EEES6_E7sh_385|        scalar|
|p_ZZ3firRN3hls6streamINS_4axisI6ap_intILi32EELm0ELm0ELm0ELh56ELb0EEELi0EEES6_E7sh_386  |   in|   16|     ap_none|  p_ZZ3firRN3hls6streamINS_4axisI6ap_intILi32EELm0ELm0ELm0ELh56ELb0EEELi0EEES6_E7sh_386|        scalar|
|p_ZZ3firRN3hls6streamINS_4axisI6ap_intILi32EELm0ELm0ELm0ELh56ELb0EEELi0EEES6_E7sh_387  |   in|   16|     ap_none|  p_ZZ3firRN3hls6streamINS_4axisI6ap_intILi32EELm0ELm0ELm0ELh56ELb0EEELi0EEES6_E7sh_387|        scalar|
|p_ZZ3firRN3hls6streamINS_4axisI6ap_intILi32EELm0ELm0ELm0ELh56ELb0EEELi0EEES6_E7sh_388  |   in|   16|     ap_none|  p_ZZ3firRN3hls6streamINS_4axisI6ap_intILi32EELm0ELm0ELm0ELh56ELb0EEELi0EEES6_E7sh_388|        scalar|
|p_ZZ3firRN3hls6streamINS_4axisI6ap_intILi32EELm0ELm0ELm0ELh56ELb0EEELi0EEES6_E7sh_389  |   in|   16|     ap_none|  p_ZZ3firRN3hls6streamINS_4axisI6ap_intILi32EELm0ELm0ELm0ELh56ELb0EEELi0EEES6_E7sh_389|        scalar|
|p_ZZ3firRN3hls6streamINS_4axisI6ap_intILi32EELm0ELm0ELm0ELh56ELb0EEELi0EEES6_E7sh_390  |   in|   16|     ap_none|  p_ZZ3firRN3hls6streamINS_4axisI6ap_intILi32EELm0ELm0ELm0ELh56ELb0EEELi0EEES6_E7sh_390|        scalar|
|p_ZZ3firRN3hls6streamINS_4axisI6ap_intILi32EELm0ELm0ELm0ELh56ELb0EEELi0EEES6_E7sh_391  |   in|   16|     ap_none|  p_ZZ3firRN3hls6streamINS_4axisI6ap_intILi32EELm0ELm0ELm0ELh56ELb0EEELi0EEES6_E7sh_391|        scalar|
|p_ZZ3firRN3hls6streamINS_4axisI6ap_intILi32EELm0ELm0ELm0ELh56ELb0EEELi0EEES6_E7sh_392  |   in|   16|     ap_none|  p_ZZ3firRN3hls6streamINS_4axisI6ap_intILi32EELm0ELm0ELm0ELh56ELb0EEELi0EEES6_E7sh_392|        scalar|
|p_ZZ3firRN3hls6streamINS_4axisI6ap_intILi32EELm0ELm0ELm0ELh56ELb0EEELi0EEES6_E7sh_393  |   in|   16|     ap_none|  p_ZZ3firRN3hls6streamINS_4axisI6ap_intILi32EELm0ELm0ELm0ELh56ELb0EEELi0EEES6_E7sh_393|        scalar|
|p_ZZ3firRN3hls6streamINS_4axisI6ap_intILi32EELm0ELm0ELm0ELh56ELb0EEELi0EEES6_E7sh_394  |   in|   16|     ap_none|  p_ZZ3firRN3hls6streamINS_4axisI6ap_intILi32EELm0ELm0ELm0ELh56ELb0EEELi0EEES6_E7sh_394|        scalar|
|p_ZZ3firRN3hls6streamINS_4axisI6ap_intILi32EELm0ELm0ELm0ELh56ELb0EEELi0EEES6_E7sh_395  |   in|   16|     ap_none|  p_ZZ3firRN3hls6streamINS_4axisI6ap_intILi32EELm0ELm0ELm0ELh56ELb0EEELi0EEES6_E7sh_395|        scalar|
|p_ZZ3firRN3hls6streamINS_4axisI6ap_intILi32EELm0ELm0ELm0ELh56ELb0EEELi0EEES6_E7sh_396  |   in|   16|     ap_none|  p_ZZ3firRN3hls6streamINS_4axisI6ap_intILi32EELm0ELm0ELm0ELh56ELb0EEELi0EEES6_E7sh_396|        scalar|
|p_ZZ3firRN3hls6streamINS_4axisI6ap_intILi32EELm0ELm0ELm0ELh56ELb0EEELi0EEES6_E7sh_397  |   in|   16|     ap_none|  p_ZZ3firRN3hls6streamINS_4axisI6ap_intILi32EELm0ELm0ELm0ELh56ELb0EEELi0EEES6_E7sh_397|        scalar|
|p_ZZ3firRN3hls6streamINS_4axisI6ap_intILi32EELm0ELm0ELm0ELh56ELb0EEELi0EEES6_E7sh_398  |   in|   16|     ap_none|  p_ZZ3firRN3hls6streamINS_4axisI6ap_intILi32EELm0ELm0ELm0ELh56ELb0EEELi0EEES6_E7sh_398|        scalar|
|p_ZZ3firRN3hls6streamINS_4axisI6ap_intILi32EELm0ELm0ELm0ELh56ELb0EEELi0EEES6_E7sh_399  |   in|   16|     ap_none|  p_ZZ3firRN3hls6streamINS_4axisI6ap_intILi32EELm0ELm0ELm0ELh56ELb0EEELi0EEES6_E7sh_399|        scalar|
|p_ZZ3firRN3hls6streamINS_4axisI6ap_intILi32EELm0ELm0ELm0ELh56ELb0EEELi0EEES6_E7sh_400  |   in|   16|     ap_none|  p_ZZ3firRN3hls6streamINS_4axisI6ap_intILi32EELm0ELm0ELm0ELh56ELb0EEELi0EEES6_E7sh_400|        scalar|
|p_ZZ3firRN3hls6streamINS_4axisI6ap_intILi32EELm0ELm0ELm0ELh56ELb0EEELi0EEES6_E7sh_401  |   in|   16|     ap_none|  p_ZZ3firRN3hls6streamINS_4axisI6ap_intILi32EELm0ELm0ELm0ELh56ELb0EEELi0EEES6_E7sh_401|        scalar|
|p_ZZ3firRN3hls6streamINS_4axisI6ap_intILi32EELm0ELm0ELm0ELh56ELb0EEELi0EEES6_E7sh_402  |   in|   16|     ap_none|  p_ZZ3firRN3hls6streamINS_4axisI6ap_intILi32EELm0ELm0ELm0ELh56ELb0EEELi0EEES6_E7sh_402|        scalar|
|p_ZZ3firRN3hls6streamINS_4axisI6ap_intILi32EELm0ELm0ELm0ELh56ELb0EEELi0EEES6_E7sh_403  |   in|   16|     ap_none|  p_ZZ3firRN3hls6streamINS_4axisI6ap_intILi32EELm0ELm0ELm0ELh56ELb0EEELi0EEES6_E7sh_403|        scalar|
|p_ZZ3firRN3hls6streamINS_4axisI6ap_intILi32EELm0ELm0ELm0ELh56ELb0EEELi0EEES6_E7sh_404  |   in|   16|     ap_none|  p_ZZ3firRN3hls6streamINS_4axisI6ap_intILi32EELm0ELm0ELm0ELh56ELb0EEELi0EEES6_E7sh_404|        scalar|
|p_ZZ3firRN3hls6streamINS_4axisI6ap_intILi32EELm0ELm0ELm0ELh56ELb0EEELi0EEES6_E7sh_405  |   in|   16|     ap_none|  p_ZZ3firRN3hls6streamINS_4axisI6ap_intILi32EELm0ELm0ELm0ELh56ELb0EEELi0EEES6_E7sh_405|        scalar|
|p_ZZ3firRN3hls6streamINS_4axisI6ap_intILi32EELm0ELm0ELm0ELh56ELb0EEELi0EEES6_E7sh_406  |   in|   16|     ap_none|  p_ZZ3firRN3hls6streamINS_4axisI6ap_intILi32EELm0ELm0ELm0ELh56ELb0EEELi0EEES6_E7sh_406|        scalar|
|p_ZZ3firRN3hls6streamINS_4axisI6ap_intILi32EELm0ELm0ELm0ELh56ELb0EEELi0EEES6_E7sh_407  |   in|   16|     ap_none|  p_ZZ3firRN3hls6streamINS_4axisI6ap_intILi32EELm0ELm0ELm0ELh56ELb0EEELi0EEES6_E7sh_407|        scalar|
|p_ZZ3firRN3hls6streamINS_4axisI6ap_intILi32EELm0ELm0ELm0ELh56ELb0EEELi0EEES6_E7sh_408  |   in|   16|     ap_none|  p_ZZ3firRN3hls6streamINS_4axisI6ap_intILi32EELm0ELm0ELm0ELh56ELb0EEELi0EEES6_E7sh_408|        scalar|
|p_ZZ3firRN3hls6streamINS_4axisI6ap_intILi32EELm0ELm0ELm0ELh56ELb0EEELi0EEES6_E7sh_409  |   in|   16|     ap_none|  p_ZZ3firRN3hls6streamINS_4axisI6ap_intILi32EELm0ELm0ELm0ELh56ELb0EEELi0EEES6_E7sh_409|        scalar|
|p_ZZ3firRN3hls6streamINS_4axisI6ap_intILi32EELm0ELm0ELm0ELh56ELb0EEELi0EEES6_E7sh_410  |   in|   16|     ap_none|  p_ZZ3firRN3hls6streamINS_4axisI6ap_intILi32EELm0ELm0ELm0ELh56ELb0EEELi0EEES6_E7sh_410|        scalar|
|p_ZZ3firRN3hls6streamINS_4axisI6ap_intILi32EELm0ELm0ELm0ELh56ELb0EEELi0EEES6_E7sh_411  |   in|   16|     ap_none|  p_ZZ3firRN3hls6streamINS_4axisI6ap_intILi32EELm0ELm0ELm0ELh56ELb0EEELi0EEES6_E7sh_411|        scalar|
|p_ZZ3firRN3hls6streamINS_4axisI6ap_intILi32EELm0ELm0ELm0ELh56ELb0EEELi0EEES6_E7sh_412  |   in|   16|     ap_none|  p_ZZ3firRN3hls6streamINS_4axisI6ap_intILi32EELm0ELm0ELm0ELh56ELb0EEELi0EEES6_E7sh_412|        scalar|
|p_ZZ3firRN3hls6streamINS_4axisI6ap_intILi32EELm0ELm0ELm0ELh56ELb0EEELi0EEES6_E7sh_413  |   in|   16|     ap_none|  p_ZZ3firRN3hls6streamINS_4axisI6ap_intILi32EELm0ELm0ELm0ELh56ELb0EEELi0EEES6_E7sh_413|        scalar|
|p_ZZ3firRN3hls6streamINS_4axisI6ap_intILi32EELm0ELm0ELm0ELh56ELb0EEELi0EEES6_E7sh_414  |   in|   16|     ap_none|  p_ZZ3firRN3hls6streamINS_4axisI6ap_intILi32EELm0ELm0ELm0ELh56ELb0EEELi0EEES6_E7sh_414|        scalar|
|p_ZZ3firRN3hls6streamINS_4axisI6ap_intILi32EELm0ELm0ELm0ELh56ELb0EEELi0EEES6_E7sh_415  |   in|   16|     ap_none|  p_ZZ3firRN3hls6streamINS_4axisI6ap_intILi32EELm0ELm0ELm0ELh56ELb0EEELi0EEES6_E7sh_415|        scalar|
|p_ZZ3firRN3hls6streamINS_4axisI6ap_intILi32EELm0ELm0ELm0ELh56ELb0EEELi0EEES6_E7sh_416  |   in|   16|     ap_none|  p_ZZ3firRN3hls6streamINS_4axisI6ap_intILi32EELm0ELm0ELm0ELh56ELb0EEELi0EEES6_E7sh_416|        scalar|
|p_ZZ3firRN3hls6streamINS_4axisI6ap_intILi32EELm0ELm0ELm0ELh56ELb0EEELi0EEES6_E7sh_417  |   in|   16|     ap_none|  p_ZZ3firRN3hls6streamINS_4axisI6ap_intILi32EELm0ELm0ELm0ELh56ELb0EEELi0EEES6_E7sh_417|        scalar|
|p_ZZ3firRN3hls6streamINS_4axisI6ap_intILi32EELm0ELm0ELm0ELh56ELb0EEELi0EEES6_E7sh_418  |   in|   16|     ap_none|  p_ZZ3firRN3hls6streamINS_4axisI6ap_intILi32EELm0ELm0ELm0ELh56ELb0EEELi0EEES6_E7sh_418|        scalar|
|p_ZZ3firRN3hls6streamINS_4axisI6ap_intILi32EELm0ELm0ELm0ELh56ELb0EEELi0EEES6_E7sh_419  |   in|   16|     ap_none|  p_ZZ3firRN3hls6streamINS_4axisI6ap_intILi32EELm0ELm0ELm0ELh56ELb0EEELi0EEES6_E7sh_419|        scalar|
|p_ZZ3firRN3hls6streamINS_4axisI6ap_intILi32EELm0ELm0ELm0ELh56ELb0EEELi0EEES6_E7sh_420  |   in|   16|     ap_none|  p_ZZ3firRN3hls6streamINS_4axisI6ap_intILi32EELm0ELm0ELm0ELh56ELb0EEELi0EEES6_E7sh_420|        scalar|
|p_ZZ3firRN3hls6streamINS_4axisI6ap_intILi32EELm0ELm0ELm0ELh56ELb0EEELi0EEES6_E7sh_421  |   in|   16|     ap_none|  p_ZZ3firRN3hls6streamINS_4axisI6ap_intILi32EELm0ELm0ELm0ELh56ELb0EEELi0EEES6_E7sh_421|        scalar|
|p_ZZ3firRN3hls6streamINS_4axisI6ap_intILi32EELm0ELm0ELm0ELh56ELb0EEELi0EEES6_E7sh_422  |   in|   16|     ap_none|  p_ZZ3firRN3hls6streamINS_4axisI6ap_intILi32EELm0ELm0ELm0ELh56ELb0EEELi0EEES6_E7sh_422|        scalar|
|p_ZZ3firRN3hls6streamINS_4axisI6ap_intILi32EELm0ELm0ELm0ELh56ELb0EEELi0EEES6_E7sh_423  |   in|   16|     ap_none|  p_ZZ3firRN3hls6streamINS_4axisI6ap_intILi32EELm0ELm0ELm0ELh56ELb0EEELi0EEES6_E7sh_423|        scalar|
|p_ZZ3firRN3hls6streamINS_4axisI6ap_intILi32EELm0ELm0ELm0ELh56ELb0EEELi0EEES6_E7sh_424  |   in|   16|     ap_none|  p_ZZ3firRN3hls6streamINS_4axisI6ap_intILi32EELm0ELm0ELm0ELh56ELb0EEELi0EEES6_E7sh_424|        scalar|
|p_ZZ3firRN3hls6streamINS_4axisI6ap_intILi32EELm0ELm0ELm0ELh56ELb0EEELi0EEES6_E7sh_425  |   in|   16|     ap_none|  p_ZZ3firRN3hls6streamINS_4axisI6ap_intILi32EELm0ELm0ELm0ELh56ELb0EEELi0EEES6_E7sh_425|        scalar|
|p_ZZ3firRN3hls6streamINS_4axisI6ap_intILi32EELm0ELm0ELm0ELh56ELb0EEELi0EEES6_E7sh_426  |   in|   16|     ap_none|  p_ZZ3firRN3hls6streamINS_4axisI6ap_intILi32EELm0ELm0ELm0ELh56ELb0EEELi0EEES6_E7sh_426|        scalar|
|p_ZZ3firRN3hls6streamINS_4axisI6ap_intILi32EELm0ELm0ELm0ELh56ELb0EEELi0EEES6_E7sh_427  |   in|   16|     ap_none|  p_ZZ3firRN3hls6streamINS_4axisI6ap_intILi32EELm0ELm0ELm0ELh56ELb0EEELi0EEES6_E7sh_427|        scalar|
|p_ZZ3firRN3hls6streamINS_4axisI6ap_intILi32EELm0ELm0ELm0ELh56ELb0EEELi0EEES6_E7sh_428  |   in|   16|     ap_none|  p_ZZ3firRN3hls6streamINS_4axisI6ap_intILi32EELm0ELm0ELm0ELh56ELb0EEELi0EEES6_E7sh_428|        scalar|
|p_ZZ3firRN3hls6streamINS_4axisI6ap_intILi32EELm0ELm0ELm0ELh56ELb0EEELi0EEES6_E7sh_429  |   in|   16|     ap_none|  p_ZZ3firRN3hls6streamINS_4axisI6ap_intILi32EELm0ELm0ELm0ELh56ELb0EEELi0EEES6_E7sh_429|        scalar|
|p_ZZ3firRN3hls6streamINS_4axisI6ap_intILi32EELm0ELm0ELm0ELh56ELb0EEELi0EEES6_E7sh_430  |   in|   16|     ap_none|  p_ZZ3firRN3hls6streamINS_4axisI6ap_intILi32EELm0ELm0ELm0ELh56ELb0EEELi0EEES6_E7sh_430|        scalar|
|p_ZZ3firRN3hls6streamINS_4axisI6ap_intILi32EELm0ELm0ELm0ELh56ELb0EEELi0EEES6_E7sh_431  |   in|   16|     ap_none|  p_ZZ3firRN3hls6streamINS_4axisI6ap_intILi32EELm0ELm0ELm0ELh56ELb0EEELi0EEES6_E7sh_431|        scalar|
|p_ZZ3firRN3hls6streamINS_4axisI6ap_intILi32EELm0ELm0ELm0ELh56ELb0EEELi0EEES6_E7sh_432  |   in|   16|     ap_none|  p_ZZ3firRN3hls6streamINS_4axisI6ap_intILi32EELm0ELm0ELm0ELh56ELb0EEELi0EEES6_E7sh_432|        scalar|
|p_ZZ3firRN3hls6streamINS_4axisI6ap_intILi32EELm0ELm0ELm0ELh56ELb0EEELi0EEES6_E7sh_433  |   in|   16|     ap_none|  p_ZZ3firRN3hls6streamINS_4axisI6ap_intILi32EELm0ELm0ELm0ELh56ELb0EEELi0EEES6_E7sh_433|        scalar|
|p_ZZ3firRN3hls6streamINS_4axisI6ap_intILi32EELm0ELm0ELm0ELh56ELb0EEELi0EEES6_E7sh_434  |   in|   16|     ap_none|  p_ZZ3firRN3hls6streamINS_4axisI6ap_intILi32EELm0ELm0ELm0ELh56ELb0EEELi0EEES6_E7sh_434|        scalar|
|p_ZZ3firRN3hls6streamINS_4axisI6ap_intILi32EELm0ELm0ELm0ELh56ELb0EEELi0EEES6_E7sh_435  |   in|   16|     ap_none|  p_ZZ3firRN3hls6streamINS_4axisI6ap_intILi32EELm0ELm0ELm0ELh56ELb0EEELi0EEES6_E7sh_435|        scalar|
|p_ZZ3firRN3hls6streamINS_4axisI6ap_intILi32EELm0ELm0ELm0ELh56ELb0EEELi0EEES6_E7sh_436  |   in|   16|     ap_none|  p_ZZ3firRN3hls6streamINS_4axisI6ap_intILi32EELm0ELm0ELm0ELh56ELb0EEELi0EEES6_E7sh_436|        scalar|
|p_ZZ3firRN3hls6streamINS_4axisI6ap_intILi32EELm0ELm0ELm0ELh56ELb0EEELi0EEES6_E7sh_437  |   in|   16|     ap_none|  p_ZZ3firRN3hls6streamINS_4axisI6ap_intILi32EELm0ELm0ELm0ELh56ELb0EEELi0EEES6_E7sh_437|        scalar|
|p_ZZ3firRN3hls6streamINS_4axisI6ap_intILi32EELm0ELm0ELm0ELh56ELb0EEELi0EEES6_E7sh_438  |   in|   16|     ap_none|  p_ZZ3firRN3hls6streamINS_4axisI6ap_intILi32EELm0ELm0ELm0ELh56ELb0EEELi0EEES6_E7sh_438|        scalar|
|p_ZZ3firRN3hls6streamINS_4axisI6ap_intILi32EELm0ELm0ELm0ELh56ELb0EEELi0EEES6_E7sh_439  |   in|   16|     ap_none|  p_ZZ3firRN3hls6streamINS_4axisI6ap_intILi32EELm0ELm0ELm0ELh56ELb0EEELi0EEES6_E7sh_439|        scalar|
|p_ZZ3firRN3hls6streamINS_4axisI6ap_intILi32EELm0ELm0ELm0ELh56ELb0EEELi0EEES6_E7sh_440  |   in|   16|     ap_none|  p_ZZ3firRN3hls6streamINS_4axisI6ap_intILi32EELm0ELm0ELm0ELh56ELb0EEELi0EEES6_E7sh_440|        scalar|
|p_ZZ3firRN3hls6streamINS_4axisI6ap_intILi32EELm0ELm0ELm0ELh56ELb0EEELi0EEES6_E7sh_441  |   in|   16|     ap_none|  p_ZZ3firRN3hls6streamINS_4axisI6ap_intILi32EELm0ELm0ELm0ELh56ELb0EEELi0EEES6_E7sh_441|        scalar|
|p_ZZ3firRN3hls6streamINS_4axisI6ap_intILi32EELm0ELm0ELm0ELh56ELb0EEELi0EEES6_E7sh_442  |   in|   16|     ap_none|  p_ZZ3firRN3hls6streamINS_4axisI6ap_intILi32EELm0ELm0ELm0ELh56ELb0EEELi0EEES6_E7sh_442|        scalar|
|p_ZZ3firRN3hls6streamINS_4axisI6ap_intILi32EELm0ELm0ELm0ELh56ELb0EEELi0EEES6_E7sh_443  |   in|   16|     ap_none|  p_ZZ3firRN3hls6streamINS_4axisI6ap_intILi32EELm0ELm0ELm0ELh56ELb0EEELi0EEES6_E7sh_443|        scalar|
|p_ZZ3firRN3hls6streamINS_4axisI6ap_intILi32EELm0ELm0ELm0ELh56ELb0EEELi0EEES6_E7sh_444  |   in|   16|     ap_none|  p_ZZ3firRN3hls6streamINS_4axisI6ap_intILi32EELm0ELm0ELm0ELh56ELb0EEELi0EEES6_E7sh_444|        scalar|
|p_ZZ3firRN3hls6streamINS_4axisI6ap_intILi32EELm0ELm0ELm0ELh56ELb0EEELi0EEES6_E7sh_445  |   in|   16|     ap_none|  p_ZZ3firRN3hls6streamINS_4axisI6ap_intILi32EELm0ELm0ELm0ELh56ELb0EEELi0EEES6_E7sh_445|        scalar|
|p_ZZ3firRN3hls6streamINS_4axisI6ap_intILi32EELm0ELm0ELm0ELh56ELb0EEELi0EEES6_E7sh_446  |   in|   16|     ap_none|  p_ZZ3firRN3hls6streamINS_4axisI6ap_intILi32EELm0ELm0ELm0ELh56ELb0EEELi0EEES6_E7sh_446|        scalar|
|p_ZZ3firRN3hls6streamINS_4axisI6ap_intILi32EELm0ELm0ELm0ELh56ELb0EEELi0EEES6_E7sh_447  |   in|   16|     ap_none|  p_ZZ3firRN3hls6streamINS_4axisI6ap_intILi32EELm0ELm0ELm0ELh56ELb0EEELi0EEES6_E7sh_447|        scalar|
|p_ZZ3firRN3hls6streamINS_4axisI6ap_intILi32EELm0ELm0ELm0ELh56ELb0EEELi0EEES6_E7sh_448  |   in|   16|     ap_none|  p_ZZ3firRN3hls6streamINS_4axisI6ap_intILi32EELm0ELm0ELm0ELh56ELb0EEELi0EEES6_E7sh_448|        scalar|
|p_ZZ3firRN3hls6streamINS_4axisI6ap_intILi32EELm0ELm0ELm0ELh56ELb0EEELi0EEES6_E7sh_449  |   in|   16|     ap_none|  p_ZZ3firRN3hls6streamINS_4axisI6ap_intILi32EELm0ELm0ELm0ELh56ELb0EEELi0EEES6_E7sh_449|        scalar|
|p_ZZ3firRN3hls6streamINS_4axisI6ap_intILi32EELm0ELm0ELm0ELh56ELb0EEELi0EEES6_E7sh_450  |   in|   16|     ap_none|  p_ZZ3firRN3hls6streamINS_4axisI6ap_intILi32EELm0ELm0ELm0ELh56ELb0EEELi0EEES6_E7sh_450|        scalar|
|p_ZZ3firRN3hls6streamINS_4axisI6ap_intILi32EELm0ELm0ELm0ELh56ELb0EEELi0EEES6_E7sh_451  |   in|   16|     ap_none|  p_ZZ3firRN3hls6streamINS_4axisI6ap_intILi32EELm0ELm0ELm0ELh56ELb0EEELi0EEES6_E7sh_451|        scalar|
|p_ZZ3firRN3hls6streamINS_4axisI6ap_intILi32EELm0ELm0ELm0ELh56ELb0EEELi0EEES6_E7sh_452  |   in|   16|     ap_none|  p_ZZ3firRN3hls6streamINS_4axisI6ap_intILi32EELm0ELm0ELm0ELh56ELb0EEELi0EEES6_E7sh_452|        scalar|
|p_ZZ3firRN3hls6streamINS_4axisI6ap_intILi32EELm0ELm0ELm0ELh56ELb0EEELi0EEES6_E7sh_453  |   in|   16|     ap_none|  p_ZZ3firRN3hls6streamINS_4axisI6ap_intILi32EELm0ELm0ELm0ELh56ELb0EEELi0EEES6_E7sh_453|        scalar|
|p_ZZ3firRN3hls6streamINS_4axisI6ap_intILi32EELm0ELm0ELm0ELh56ELb0EEELi0EEES6_E7sh_454  |   in|   16|     ap_none|  p_ZZ3firRN3hls6streamINS_4axisI6ap_intILi32EELm0ELm0ELm0ELh56ELb0EEELi0EEES6_E7sh_454|        scalar|
|p_ZZ3firRN3hls6streamINS_4axisI6ap_intILi32EELm0ELm0ELm0ELh56ELb0EEELi0EEES6_E7sh_455  |   in|   16|     ap_none|  p_ZZ3firRN3hls6streamINS_4axisI6ap_intILi32EELm0ELm0ELm0ELh56ELb0EEELi0EEES6_E7sh_455|        scalar|
|p_ZZ3firRN3hls6streamINS_4axisI6ap_intILi32EELm0ELm0ELm0ELh56ELb0EEELi0EEES6_E7sh_456  |   in|   16|     ap_none|  p_ZZ3firRN3hls6streamINS_4axisI6ap_intILi32EELm0ELm0ELm0ELh56ELb0EEELi0EEES6_E7sh_456|        scalar|
|p_ZZ3firRN3hls6streamINS_4axisI6ap_intILi32EELm0ELm0ELm0ELh56ELb0EEELi0EEES6_E7sh_457  |   in|   16|     ap_none|  p_ZZ3firRN3hls6streamINS_4axisI6ap_intILi32EELm0ELm0ELm0ELh56ELb0EEELi0EEES6_E7sh_457|        scalar|
|p_ZZ3firRN3hls6streamINS_4axisI6ap_intILi32EELm0ELm0ELm0ELh56ELb0EEELi0EEES6_E7sh_458  |   in|   16|     ap_none|  p_ZZ3firRN3hls6streamINS_4axisI6ap_intILi32EELm0ELm0ELm0ELh56ELb0EEELi0EEES6_E7sh_458|        scalar|
|p_ZZ3firRN3hls6streamINS_4axisI6ap_intILi32EELm0ELm0ELm0ELh56ELb0EEELi0EEES6_E7sh_459  |   in|   16|     ap_none|  p_ZZ3firRN3hls6streamINS_4axisI6ap_intILi32EELm0ELm0ELm0ELh56ELb0EEELi0EEES6_E7sh_459|        scalar|
|p_ZZ3firRN3hls6streamINS_4axisI6ap_intILi32EELm0ELm0ELm0ELh56ELb0EEELi0EEES6_E7sh_460  |   in|   16|     ap_none|  p_ZZ3firRN3hls6streamINS_4axisI6ap_intILi32EELm0ELm0ELm0ELh56ELb0EEELi0EEES6_E7sh_460|        scalar|
|p_ZZ3firRN3hls6streamINS_4axisI6ap_intILi32EELm0ELm0ELm0ELh56ELb0EEELi0EEES6_E7sh_461  |   in|   16|     ap_none|  p_ZZ3firRN3hls6streamINS_4axisI6ap_intILi32EELm0ELm0ELm0ELh56ELb0EEELi0EEES6_E7sh_461|        scalar|
|p_ZZ3firRN3hls6streamINS_4axisI6ap_intILi32EELm0ELm0ELm0ELh56ELb0EEELi0EEES6_E7sh_462  |   in|   16|     ap_none|  p_ZZ3firRN3hls6streamINS_4axisI6ap_intILi32EELm0ELm0ELm0ELh56ELb0EEELi0EEES6_E7sh_462|        scalar|
|p_ZZ3firRN3hls6streamINS_4axisI6ap_intILi32EELm0ELm0ELm0ELh56ELb0EEELi0EEES6_E7sh_463  |   in|   16|     ap_none|  p_ZZ3firRN3hls6streamINS_4axisI6ap_intILi32EELm0ELm0ELm0ELh56ELb0EEELi0EEES6_E7sh_463|        scalar|
|p_ZZ3firRN3hls6streamINS_4axisI6ap_intILi32EELm0ELm0ELm0ELh56ELb0EEELi0EEES6_E7sh_464  |   in|   16|     ap_none|  p_ZZ3firRN3hls6streamINS_4axisI6ap_intILi32EELm0ELm0ELm0ELh56ELb0EEELi0EEES6_E7sh_464|        scalar|
|p_ZZ3firRN3hls6streamINS_4axisI6ap_intILi32EELm0ELm0ELm0ELh56ELb0EEELi0EEES6_E7sh_465  |   in|   16|     ap_none|  p_ZZ3firRN3hls6streamINS_4axisI6ap_intILi32EELm0ELm0ELm0ELh56ELb0EEELi0EEES6_E7sh_465|        scalar|
|p_ZZ3firRN3hls6streamINS_4axisI6ap_intILi32EELm0ELm0ELm0ELh56ELb0EEELi0EEES6_E7sh_466  |   in|   16|     ap_none|  p_ZZ3firRN3hls6streamINS_4axisI6ap_intILi32EELm0ELm0ELm0ELh56ELb0EEELi0EEES6_E7sh_466|        scalar|
|p_ZZ3firRN3hls6streamINS_4axisI6ap_intILi32EELm0ELm0ELm0ELh56ELb0EEELi0EEES6_E7sh_467  |   in|   16|     ap_none|  p_ZZ3firRN3hls6streamINS_4axisI6ap_intILi32EELm0ELm0ELm0ELh56ELb0EEELi0EEES6_E7sh_467|        scalar|
|p_ZZ3firRN3hls6streamINS_4axisI6ap_intILi32EELm0ELm0ELm0ELh56ELb0EEELi0EEES6_E7sh_468  |   in|   16|     ap_none|  p_ZZ3firRN3hls6streamINS_4axisI6ap_intILi32EELm0ELm0ELm0ELh56ELb0EEELi0EEES6_E7sh_468|        scalar|
|p_ZZ3firRN3hls6streamINS_4axisI6ap_intILi32EELm0ELm0ELm0ELh56ELb0EEELi0EEES6_E7sh_469  |   in|   16|     ap_none|  p_ZZ3firRN3hls6streamINS_4axisI6ap_intILi32EELm0ELm0ELm0ELh56ELb0EEELi0EEES6_E7sh_469|        scalar|
|p_ZZ3firRN3hls6streamINS_4axisI6ap_intILi32EELm0ELm0ELm0ELh56ELb0EEELi0EEES6_E7sh_470  |   in|   16|     ap_none|  p_ZZ3firRN3hls6streamINS_4axisI6ap_intILi32EELm0ELm0ELm0ELh56ELb0EEELi0EEES6_E7sh_470|        scalar|
|p_ZZ3firRN3hls6streamINS_4axisI6ap_intILi32EELm0ELm0ELm0ELh56ELb0EEELi0EEES6_E7sh_471  |   in|   16|     ap_none|  p_ZZ3firRN3hls6streamINS_4axisI6ap_intILi32EELm0ELm0ELm0ELh56ELb0EEELi0EEES6_E7sh_471|        scalar|
|acc_q_out                                                                              |  out|   16|      ap_vld|                                                                              acc_q_out|       pointer|
|acc_q_out_ap_vld                                                                       |  out|    1|      ap_vld|                                                                              acc_q_out|       pointer|
|acc_i_out                                                                              |  out|   16|      ap_vld|                                                                              acc_i_out|       pointer|
|acc_i_out_ap_vld                                                                       |  out|    1|      ap_vld|                                                                              acc_i_out|       pointer|
+---------------------------------------------------------------------------------------+-----+-----+------------+---------------------------------------------------------------------------------------+--------------+

